[20-Jan-2020 16:26:05 UTC] PHP Fatal error:  Uncaught Error: Call to undefined function rcl_slavia_get_crypto_price() in /home/a/a99953zd/slv/public_html/wp-content/themes/slavia_template/header.php:131
Stack trace:
#0 /home/a/a99953zd/slv/public_html/wp-includes/template.php(722): require_once()
#1 /home/a/a99953zd/slv/public_html/wp-includes/template.php(671): load_template('/home/a/a99953z...', true)
#2 /home/a/a99953zd/slv/public_html/wp-includes/general-template.php(41): locate_template(Array, true)
#3 /home/a/a99953zd/slv/public_html/wp-content/themes/slavia_template/profile-template.php(2): get_header()
#4 /home/a/a99953zd/slv/public_html/wp-includes/template-loader.php(98): include('/home/a/a99953z...')
#5 /home/a/a99953zd/slv/public_html/wp-blog-header.php(19): require_once('/home/a/a99953z...')
#6 /home/a/a99953zd/slv/public_html/index.php(17): require('/home/a/a99953z...')
#7 {main}
  thrown in /home/a/a99953zd/slv/public_html/wp-content/themes/slavia_template/header.php on line 131
[20-Jan-2020 16:26:07 UTC] PHP Fatal error:  Uncaught Error: Call to undefined function rcl_slavia_get_crypto_price() in /home/a/a99953zd/slv/public_html/wp-content/themes/slavia_template/header.php:131
Stack trace:
#0 /home/a/a99953zd/slv/public_html/wp-includes/template.php(722): require_once()
#1 /home/a/a99953zd/slv/public_html/wp-includes/template.php(671): load_template('/home/a/a99953z...', true)
#2 /home/a/a99953zd/slv/public_html/wp-includes/general-template.php(41): locate_template(Array, true)
#3 /home/a/a99953zd/slv/public_html/wp-content/themes/slavia_template/404.php(10): get_header()
#4 /home/a/a99953zd/slv/public_html/wp-includes/template-loader.php(98): include('/home/a/a99953z...')
#5 /home/a/a99953zd/slv/public_html/wp-blog-header.php(19): require_once('/home/a/a99953z...')
#6 /home/a/a99953zd/slv/public_html/index.php(17): require('/home/a/a99953z...')
#7 {main}
  thrown in /home/a/a99953zd/slv/public_html/wp-content/themes/slavia_template/header.php on line 131
[20-Jan-2020 16:26:37 UTC] PHP Fatal error:  Uncaught Error: Call to undefined function rcl_slavia_get_crypto_price() in /home/a/a99953zd/slv/public_html/wp-content/themes/slavia_template/header.php:131
Stack trace:
#0 /home/a/a99953zd/slv/public_html/wp-includes/template.php(722): require_once()
#1 /home/a/a99953zd/slv/public_html/wp-includes/template.php(671): load_template('/home/a/a99953z...', true)
#2 /home/a/a99953zd/slv/public_html/wp-includes/general-template.php(41): locate_template(Array, true)
#3 /home/a/a99953zd/slv/public_html/wp-content/themes/slavia_template/profile-template.php(2): get_header()
#4 /home/a/a99953zd/slv/public_html/wp-includes/template-loader.php(98): include('/home/a/a99953z...')
#5 /home/a/a99953zd/slv/public_html/wp-blog-header.php(19): require_once('/home/a/a99953z...')
#6 /home/a/a99953zd/slv/public_html/index.php(17): require('/home/a/a99953z...')
#7 {main}
  thrown in /home/a/a99953zd/slv/public_html/wp-content/themes/slavia_template/header.php on line 131
[20-Jan-2020 16:26:39 UTC] PHP Fatal error:  Uncaught Error: Call to undefined function rcl_slavia_get_crypto_price() in /home/a/a99953zd/slv/public_html/wp-content/themes/slavia_template/header.php:131
Stack trace:
#0 /home/a/a99953zd/slv/public_html/wp-includes/template.php(722): require_once()
#1 /home/a/a99953zd/slv/public_html/wp-includes/template.php(671): load_template('/home/a/a99953z...', true)
#2 /home/a/a99953zd/slv/public_html/wp-includes/general-template.php(41): locate_template(Array, true)
#3 /home/a/a99953zd/slv/public_html/wp-content/themes/slavia_template/404.php(10): get_header()
#4 /home/a/a99953zd/slv/public_html/wp-includes/template-loader.php(98): include('/home/a/a99953z...')
#5 /home/a/a99953zd/slv/public_html/wp-blog-header.php(19): require_once('/home/a/a99953z...')
#6 /home/a/a99953zd/slv/public_html/index.php(17): require('/home/a/a99953z...')
#7 {main}
  thrown in /home/a/a99953zd/slv/public_html/wp-content/themes/slavia_template/header.php on line 131
[20-Jan-2020 16:26:40 UTC] PHP Fatal error:  Uncaught Error: Call to undefined function rcl_slavia_get_crypto_price() in /home/a/a99953zd/slv/public_html/wp-content/themes/slavia_template/header.php:131
Stack trace:
#0 /home/a/a99953zd/slv/public_html/wp-includes/template.php(722): require_once()
#1 /home/a/a99953zd/slv/public_html/wp-includes/template.php(671): load_template('/home/a/a99953z...', true)
#2 /home/a/a99953zd/slv/public_html/wp-includes/general-template.php(41): locate_template(Array, true)
#3 /home/a/a99953zd/slv/public_html/wp-content/themes/slavia_template/profile-template.php(2): get_header()
#4 /home/a/a99953zd/slv/public_html/wp-includes/template-loader.php(98): include('/home/a/a99953z...')
#5 /home/a/a99953zd/slv/public_html/wp-blog-header.php(19): require_once('/home/a/a99953z...')
#6 /home/a/a99953zd/slv/public_html/index.php(17): require('/home/a/a99953z...')
#7 {main}
  thrown in /home/a/a99953zd/slv/public_html/wp-content/themes/slavia_template/header.php on line 131
[20-Jan-2020 16:26:41 UTC] PHP Fatal error:  Uncaught Error: Call to undefined function rcl_slavia_get_crypto_price() in /home/a/a99953zd/slv/public_html/wp-content/themes/slavia_template/header.php:131
Stack trace:
#0 /home/a/a99953zd/slv/public_html/wp-includes/template.php(722): require_once()
#1 /home/a/a99953zd/slv/public_html/wp-includes/template.php(671): load_template('/home/a/a99953z...', true)
#2 /home/a/a99953zd/slv/public_html/wp-includes/general-template.php(41): locate_template(Array, true)
#3 /home/a/a99953zd/slv/public_html/wp-content/themes/slavia_template/404.php(10): get_header()
#4 /home/a/a99953zd/slv/public_html/wp-includes/template-loader.php(98): include('/home/a/a99953z...')
#5 /home/a/a99953zd/slv/public_html/wp-blog-header.php(19): require_once('/home/a/a99953z...')
#6 /home/a/a99953zd/slv/public_html/index.php(17): require('/home/a/a99953z...')
#7 {main}
  thrown in /home/a/a99953zd/slv/public_html/wp-content/themes/slavia_template/header.php on line 131
[20-Jan-2020 16:27:29 UTC] PHP Fatal error:  Uncaught Error: Call to undefined function rcl_slavia_get_crypto_price() in /home/a/a99953zd/slv/public_html/wp-content/plugins/wp-recall/functions/frontend.php:28
Stack trace:
#0 /home/a/a99953zd/slv/public_html/wp-includes/class-wp-hook.php(288): rcl_apply_filters_area_menu('')
#1 /home/a/a99953zd/slv/public_html/wp-includes/class-wp-hook.php(312): WP_Hook->apply_filters('', Array)
#2 /home/a/a99953zd/slv/public_html/wp-includes/plugin.php(478): WP_Hook->do_action(Array)
#3 /home/a/a99953zd/slv/public_html/wp-content/plugins/wp-recall/add-on/theme-sunshine/templates/office.php(39): do_action('rcl_area_menu')
#4 /home/a/a99953zd/slv/public_html/wp-content/plugins/wp-recall/functions/files.php(35): include('/home/a/a99953z...')
#5 /home/a/a99953zd/slv/public_html/wp-content/plugins/wp-recall/functions/addons.php(295): rcl_include_template('office.php', '/home/a/a99953z...')
#6 /home/a/a99953zd/slv/public_html/wp-content/plugins/wp-recall/wp-recall.php(500): rcl_include_template_office()
#7 /home/a/a99953zd/sl in /home/a/a99953zd/slv/public_html/wp-content/plugins/wp-recall/functions/frontend.php on line 28
[20-Jan-2020 16:30:09 UTC] PHP Notice:  Undefined index: sizefile in /home/a/a99953zd/slv/public_html/wp-content/plugins/wp-recall/classes/class-rcl-custom-fields.php on line 200
[20-Jan-2020 16:30:09 UTC] PHP Notice:  Undefined index: sizefile in /home/a/a99953zd/slv/public_html/wp-content/plugins/wp-recall/classes/class-rcl-custom-fields.php on line 200
[20-Jan-2020 16:30:09 UTC] PHP Notice:  Undefined index: sizefile in /home/a/a99953zd/slv/public_html/wp-content/plugins/wp-recall/classes/class-rcl-custom-fields.php on line 200
