asset_rate: 807765
doc_1: Array
(
    [date] => 14.06.20 10:02:58
    [filename] => -внесение-целевого-взносаСтандарт-плутониевого-металла-Пайщик-№42-Ирина-Бодункова-Ярославна-14-06-10-02.pdf
    [url] => http://vnuk2.ev88.fvds.ru/wp-content/uploads/2020/06/Акт-внесение-целевого-взносаСтандарт-плутониевого-металла-Пайщик-№42-Ирина-Бодункова-Ярославна-14-06-10-02.pdf
)

email: shar.leto88@gmail.com; text: 
    <p>Вы или кто то другой зарегистрировались на сайте "МПК СЛАВИЯ" со следующими данными:</p>
    <p>Логин: zima</p>
    <p>Пароль: dead9816</p><p>Если это были вы, то подтвердите свою регистрацию перейдя по ссылке ниже:</p>
        <p><a href="http://vnuk2.ev88.fvds.ru/profile/?rcl-confirmdata=WyJ6aW1hIiwiMjY2NTdkNWZmOTAyMGQyYWJlZmU1NTg3OTZiOTk1ODQiXQ%3D%3D">http://vnuk2.ev88.fvds.ru/profile/?rcl-confirmdata=WyJ6aW1hIiwiMjY2NTdkNWZmOTAyMGQyYWJlZmU1NTg3OTZiOTk1ODQiXQ%3D%3D</a></p>
        <p>Не получается активировать аккаунт?</p>
        <p>Скопируйте текст ссылки ниже, вставьте его в адресную строку браузера и нажмите Enter</p><p>Если это были не вы, то просто проигнорируйте это письмо</p><p><small>-----------------------------------------------------<br/>
    Это сообщение было сформировано автоматически, не надо отвечать на него.<br/>
    "МПК СЛАВИЯ"</small></p>; headers: From: МПК СЛАВИЯ <cms.pkslav@gmail.com>
Reply-To: МПК СЛАВИЯ <cms.pkslav@gmail.com>
Return-Path: МПК СЛАВИЯ <cms.pkslav@gmail.com>

email: shar.leto88@gmail.com; text: 
    <p>Вы или кто то другой зарегистрировались на сайте "МПК СЛАВИЯ" со следующими данными:</p>
    <p>Логин: zima</p>
    <p>Пароль: dead9816</p><p>Если это были вы, то подтвердите свою регистрацию перейдя по ссылке ниже:</p>
        <p><a href="http://vnuk2.ev88.fvds.ru/profile/?rcl-confirmdata=WyJ6aW1hIiwiZTJlZjUyNGZiZjNkOWZlNjExZDVhOGU5MGZlZmRjOWMiXQ%3D%3D">http://vnuk2.ev88.fvds.ru/profile/?rcl-confirmdata=WyJ6aW1hIiwiZTJlZjUyNGZiZjNkOWZlNjExZDVhOGU5MGZlZmRjOWMiXQ%3D%3D</a></p>
        <p>Не получается активировать аккаунт?</p>
        <p>Скопируйте текст ссылки ниже, вставьте его в адресную строку браузера и нажмите Enter</p><p>Если это были не вы, то просто проигнорируйте это письмо</p><p><small>-----------------------------------------------------<br/>
    Это сообщение было сформировано автоматически, не надо отвечать на него.<br/>
    "МПК СЛАВИЯ"</small></p>; headers: From: МПК СЛАВИЯ <cms.pkslav@gmail.com>
Reply-To: МПК СЛАВИЯ <cms.pkslav@gmail.com>
Return-Path: МПК СЛАВИЯ <cms.pkslav@gmail.com>

email: shar.leto88@gmail.com; text: 
    <p>Вы или кто то другой зарегистрировались на сайте "МПК СЛАВИЯ" со следующими данными:</p>
    <p>Логин: zima</p>
    <p>Пароль: 12345</p><p>Если это были вы, то подтвердите свою регистрацию перейдя по ссылке ниже:</p>
        <p><a href="http://vnuk2.ev88.fvds.ru/profile/?rcl-confirmdata=WyJ6aW1hIiwiZWQzZDJjMjE5OTFlM2JlZjVlMDY5NzEzYWY5ZmE2Y2EiXQ%3D%3D">http://vnuk2.ev88.fvds.ru/profile/?rcl-confirmdata=WyJ6aW1hIiwiZWQzZDJjMjE5OTFlM2JlZjVlMDY5NzEzYWY5ZmE2Y2EiXQ%3D%3D</a></p>
        <p>Не получается активировать аккаунт?</p>
        <p>Скопируйте текст ссылки ниже, вставьте его в адресную строку браузера и нажмите Enter</p><p>Если это были не вы, то просто проигнорируйте это письмо</p><p><small>-----------------------------------------------------<br/>
    Это сообщение было сформировано автоматически, не надо отвечать на него.<br/>
    "МПК СЛАВИЯ"</small></p>; headers: From: МПК СЛАВИЯ <cms.pkslav@gmail.com>
Reply-To: МПК СЛАВИЯ <cms.pkslav@gmail.com>
Return-Path: МПК СЛАВИЯ <cms.pkslav@gmail.com>

email: shar.leto88@gmail.com; text: <p>Ваш профиль был успешно верифицирован и теперь вы сможете совершать операции по обмену.</p><p>Перейдите на сайт vnuk2.ev88.fvds.ru, чтобы начать совершать операции.</p><p><small>-----------------------------------------------------<br/>
    Это сообщение было сформировано автоматически, не надо отвечать на него.<br/>
    "МПК СЛАВИЯ"</small></p>; headers: From: МПК СЛАВИЯ <cms.pkslav@gmail.com>
Reply-To: МПК СЛАВИЯ <cms.pkslav@gmail.com>
Return-Path: МПК СЛАВИЯ <cms.pkslav@gmail.com>

email: shar.leto88@gmail.com; text: <p>Ваш профиль был успешно верифицирован и теперь вы сможете совершать операции по обмену.</p><p>Перейдите на сайт vnuk2.ev88.fvds.ru, чтобы начать совершать операции.</p><p><small>-----------------------------------------------------<br/>
    Это сообщение было сформировано автоматически, не надо отвечать на него.<br/>
    "МПК СЛАВИЯ"</small></p>; headers: From: МПК СЛАВИЯ <cms.pkslav@gmail.com>
Reply-To: МПК СЛАВИЯ <cms.pkslav@gmail.com>
Return-Path: МПК СЛАВИЯ <cms.pkslav@gmail.com>

