email: shar.leto88@gmail.com; text: 
    <p>Вы или кто то другой зарегистрировались на сайте "МПК СЛАВИЯ" со следующими данными:</p>
    <p>Логин: zima</p>
    <p>Пароль: dead9816</p><p>Если это были вы, то подтвердите свою регистрацию перейдя по ссылке ниже:</p>
        <p><a href="http://vnuk2.ev88.fvds.ru/profile/?rcl-confirmdata=WyJ6aW1hIiwiZDA5YmY0MTU0NGEzMzY1YTQ2YzkwNzdlYmI1ZTM1YzMiXQ%3D%3D">http://vnuk2.ev88.fvds.ru/profile/?rcl-confirmdata=WyJ6aW1hIiwiZDA5YmY0MTU0NGEzMzY1YTQ2YzkwNzdlYmI1ZTM1YzMiXQ%3D%3D</a></p>
        <p>Не получается активировать аккаунт?</p>
        <p>Скопируйте текст ссылки ниже, вставьте его в адресную строку браузера и нажмите Enter</p><p>Если это были не вы, то просто проигнорируйте это письмо</p><p><small>-----------------------------------------------------<br/>
    Это сообщение было сформировано автоматически, не надо отвечать на него.<br/>
    "МПК СЛАВИЯ"</small></p>; headers: From: МПК СЛАВИЯ <cms.pkslav@gmail.com>
Reply-To: МПК СЛАВИЯ <cms.pkslav@gmail.com>
Return-Path: МПК СЛАВИЯ <cms.pkslav@gmail.com>

sberbank_digest:384B223A6E0FA55F716C013B90C25ADCB37472F35B097FCF2AEA10D1E8A2D53A
hmac_sha256 hash: 384B223A6E0FA55F716C013B90C25ADCB37472F35B097FCF2AEA10D1E8A2D53A
checksum is equal
_________________________________
filename:Акт приема RUB-53-04-18-17-54.pdf
filename:Акт возврата паевого взноса -53-04-18-17-54.pdf
filename:Акт приема RUB-53-04-18-17-54.pdf
filename:Акт возврата паевого взноса -53-04-18-17-54.pdf
sberbank_digest:1EF38BA648F271F0E73602D269CC910988FC15B97F856958D98E5BA17ECFFB30
hmac_sha256 hash: 1EF38BA648F271F0E73602D269CC910988FC15B97F856958D98E5BA17ECFFB30
checksum is equal
_________________________________
filename:Акт приема RUB-53-04-18-18-01.pdf
filename:Акт возврата паевого взноса -53-04-18-18-01.pdf
filename:Акт приема RUB-53-04-18-18-01.pdf
filename:Акт возврата паевого взноса -53-04-18-18-01.pdf
