is date in range: false:
is date in range: false:
is date in range: false:
is date in range: false:
is date in range: false:
is date in range: false:
is date in range: false:
is date in range: false:
is date in range: false:
is date in range: false:
is date in range: false:
is date in range: false:
is date in range: false:
is date in range: false:
is date in range: false:
is date in range: false:
is date in range: false:
is date in range: false:
is date in range: false:
is date in range: false:
is date in range: false:
is date in range: false:
is date in range: false:
is date in range: true:
request value: Array
(
    [input_sum] => 5
    [input_currency] => Блоки Bonolit d500
    [output_sum] => 2916.67
    [output_currency] => Prizm
    [bank] => 
    [card_num] => 
    [card_name] => 
    [requisites] => 3PAM1XRQG4cpvh15evZenJWvXBAcTcC2jjt
    [date] => 02.09.20 00:19:07
    [status] => completed
)

is date in range: true:
request value: Array
(
    [input_currency] => SLAV
    [output_currency] => RUB
    [input_sum] => 25
    [output_sum] => 21.88
    [bank] => bank3
    [card_num] => 466435
    [card_name] => gfdgfdghgfh
    [date] => 02.09.20 00:19:40
    [status] => completed
)

is date in range: false:
is date in range: false:
is date in range: false:
is date in range: false:
is date in range: false:
is date in range: false:
is date in range: false:
is date in range: false:
is date in range: false:
is date in range: false:
is date in range: false:
is date in range: false:
is date in range: false:
is date in range: false:
is date in range: false:
is date in range: false:
is date in range: false:
is date in range: false:
is date in range: false:
is date in range: false:
is date in range: false:
is date in range: false:
is date in range: false:
is date in range: true:
request value: Array
(
    [input_sum] => 5
    [input_currency] => Блоки Bonolit d500
    [output_sum] => 2916.67
    [output_currency] => Prizm
    [bank] => 
    [card_num] => 
    [card_name] => 
    [requisites] => 3PAM1XRQG4cpvh15evZenJWvXBAcTcC2jjt
    [date] => 02.09.20 00:19:07
    [status] => completed
)

is date in range: true:
request value: Array
(
    [input_currency] => SLAV
    [output_currency] => RUB
    [input_sum] => 25
    [output_sum] => 21.88
    [bank] => bank3
    [card_num] => 466435
    [card_name] => gfdgfdghgfh
    [date] => 02.09.20 00:19:40
    [status] => completed
)

email: rachel@alpineroofing.com; text: 
    <p>Вы или кто то другой зарегистрировались на сайте "МПК СЛАВИЯ" со следующими данными:</p>
    <p>Логин: carley wu</p>
    <p>Пароль: carley wu</p><p>Если это были вы, то подтвердите свою регистрацию перейдя по ссылке ниже:</p>
        <p><a href="http://vnuk2.ev88.fvds.ru/profile/?rcl-confirmdata=WyJjYXJsZXkgd3UiLCIwNDUxMTdiMGUwYTExYTI0MmI5NzY1ZTc5Y2JmMTEzZiJd">http://vnuk2.ev88.fvds.ru/profile/?rcl-confirmdata=WyJjYXJsZXkgd3UiLCIwNDUxMTdiMGUwYTExYTI0MmI5NzY1ZTc5Y2JmMTEzZiJd</a></p>
        <p>Не получается активировать аккаунт?</p>
        <p>Скопируйте текст ссылки ниже, вставьте его в адресную строку браузера и нажмите Enter</p><p>Если это были не вы, то просто проигнорируйте это письмо</p><p><small>-----------------------------------------------------<br/>
    Это сообщение было сформировано автоматически, не надо отвечать на него.<br/>
    "МПК СЛАВИЯ"</small></p>; headers: From: МПК СЛАВИЯ <cms.pkslav@gmail.com>
Reply-To: МПК СЛАВИЯ <cms.pkslav@gmail.com>
Return-Path: МПК СЛАВИЯ <cms.pkslav@gmail.com>

email: ctimbe5314@aol.com; text: 
    <p>Вы или кто то другой зарегистрировались на сайте "МПК СЛАВИЯ" со следующими данными:</p>
    <p>Логин: maritza elliott</p>
    <p>Пароль: maritza elliott</p><p>Если это были вы, то подтвердите свою регистрацию перейдя по ссылке ниже:</p>
        <p><a href="http://vnuk2.ev88.fvds.ru/profile/?rcl-confirmdata=WyJtYXJpdHphIGVsbGlvdHQiLCJmYzIyMTMwOTc0NjAxM2FjNTU0NTcxZmJkMTgwZTFjOCJd">http://vnuk2.ev88.fvds.ru/profile/?rcl-confirmdata=WyJtYXJpdHphIGVsbGlvdHQiLCJmYzIyMTMwOTc0NjAxM2FjNTU0NTcxZmJkMTgwZTFjOCJd</a></p>
        <p>Не получается активировать аккаунт?</p>
        <p>Скопируйте текст ссылки ниже, вставьте его в адресную строку браузера и нажмите Enter</p><p>Если это были не вы, то просто проигнорируйте это письмо</p><p><small>-----------------------------------------------------<br/>
    Это сообщение было сформировано автоматически, не надо отвечать на него.<br/>
    "МПК СЛАВИЯ"</small></p>; headers: From: МПК СЛАВИЯ <cms.pkslav@gmail.com>
Reply-To: МПК СЛАВИЯ <cms.pkslav@gmail.com>
Return-Path: МПК СЛАВИЯ <cms.pkslav@gmail.com>

is date in range: false:
is date in range: false:
is date in range: false:
is date in range: false:
is date in range: false:
is date in range: false:
is date in range: false:
is date in range: false:
is date in range: false:
is date in range: false:
is date in range: false:
is date in range: false:
is date in range: false:
is date in range: false:
is date in range: false:
is date in range: false:
is date in range: false:
is date in range: false:
is date in range: false:
is date in range: false:
is date in range: false:
is date in range: false:
is date in range: false:
is date in range: true:
request value: Array
(
    [input_sum] => 5
    [input_currency] => Блоки Bonolit d500
    [output_sum] => 2916.67
    [output_currency] => Prizm
    [bank] => 
    [card_num] => 
    [card_name] => 
    [requisites] => 3PAM1XRQG4cpvh15evZenJWvXBAcTcC2jjt
    [date] => 02.09.20 00:19:07
    [status] => completed
)

is date in range: true:
request value: Array
(
    [input_currency] => SLAV
    [output_currency] => RUB
    [input_sum] => 25
    [output_sum] => 21.88
    [bank] => bank3
    [card_num] => 466435
    [card_name] => gfdgfdghgfh
    [date] => 02.09.20 00:19:40
    [status] => completed
)

email: garcia2366@att.net; text: 
    <p>Вы или кто то другой зарегистрировались на сайте "МПК СЛАВИЯ" со следующими данными:</p>
    <p>Логин: karissa savage</p>
    <p>Пароль: karissa savage</p><p>Если это были вы, то подтвердите свою регистрацию перейдя по ссылке ниже:</p>
        <p><a href="http://vnuk2.ev88.fvds.ru/profile/?rcl-confirmdata=WyJrYXJpc3NhIHNhdmFnZSIsIjRjNWJkZTc0YThmMTEwNjU2ODc0OTAyZjA3Mzc4MDA5Il0%3D">http://vnuk2.ev88.fvds.ru/profile/?rcl-confirmdata=WyJrYXJpc3NhIHNhdmFnZSIsIjRjNWJkZTc0YThmMTEwNjU2ODc0OTAyZjA3Mzc4MDA5Il0%3D</a></p>
        <p>Не получается активировать аккаунт?</p>
        <p>Скопируйте текст ссылки ниже, вставьте его в адресную строку браузера и нажмите Enter</p><p>Если это были не вы, то просто проигнорируйте это письмо</p><p><small>-----------------------------------------------------<br/>
    Это сообщение было сформировано автоматически, не надо отвечать на него.<br/>
    "МПК СЛАВИЯ"</small></p>; headers: From: МПК СЛАВИЯ <cms.pkslav@gmail.com>
Reply-To: МПК СЛАВИЯ <cms.pkslav@gmail.com>
Return-Path: МПК СЛАВИЯ <cms.pkslav@gmail.com>

email: lcasale2151@gmail.com; text: 
    <p>Вы или кто то другой зарегистрировались на сайте "МПК СЛАВИЯ" со следующими данными:</p>
    <p>Логин: esme michael</p>
    <p>Пароль: esme michael</p><p>Если это были вы, то подтвердите свою регистрацию перейдя по ссылке ниже:</p>
        <p><a href="http://vnuk2.ev88.fvds.ru/profile/?rcl-confirmdata=WyJlc21lIG1pY2hhZWwiLCJjZWRlYmI2ZTg3MmY1MzliZWY4YzNmOTE5ODc0ZTlkNyJd">http://vnuk2.ev88.fvds.ru/profile/?rcl-confirmdata=WyJlc21lIG1pY2hhZWwiLCJjZWRlYmI2ZTg3MmY1MzliZWY4YzNmOTE5ODc0ZTlkNyJd</a></p>
        <p>Не получается активировать аккаунт?</p>
        <p>Скопируйте текст ссылки ниже, вставьте его в адресную строку браузера и нажмите Enter</p><p>Если это были не вы, то просто проигнорируйте это письмо</p><p><small>-----------------------------------------------------<br/>
    Это сообщение было сформировано автоматически, не надо отвечать на него.<br/>
    "МПК СЛАВИЯ"</small></p>; headers: From: МПК СЛАВИЯ <cms.pkslav@gmail.com>
Reply-To: МПК СЛАВИЯ <cms.pkslav@gmail.com>
Return-Path: МПК СЛАВИЯ <cms.pkslav@gmail.com>

email: lindahowell68@gmail.com; text: 
    <p>Вы или кто то другой зарегистрировались на сайте "МПК СЛАВИЯ" со следующими данными:</p>
    <p>Логин: elsa james</p>
    <p>Пароль: elsa james</p><p>Если это были вы, то подтвердите свою регистрацию перейдя по ссылке ниже:</p>
        <p><a href="http://vnuk2.ev88.fvds.ru/profile/?rcl-confirmdata=WyJlbHNhIGphbWVzIiwiNmNkZDYwZWEwMDQ1ZWI3YTZlYzQ0YzU0ZDI5ZWQ0MDIiXQ%3D%3D">http://vnuk2.ev88.fvds.ru/profile/?rcl-confirmdata=WyJlbHNhIGphbWVzIiwiNmNkZDYwZWEwMDQ1ZWI3YTZlYzQ0YzU0ZDI5ZWQ0MDIiXQ%3D%3D</a></p>
        <p>Не получается активировать аккаунт?</p>
        <p>Скопируйте текст ссылки ниже, вставьте его в адресную строку браузера и нажмите Enter</p><p>Если это были не вы, то просто проигнорируйте это письмо</p><p><small>-----------------------------------------------------<br/>
    Это сообщение было сформировано автоматически, не надо отвечать на него.<br/>
    "МПК СЛАВИЯ"</small></p>; headers: From: МПК СЛАВИЯ <cms.pkslav@gmail.com>
Reply-To: МПК СЛАВИЯ <cms.pkslav@gmail.com>
Return-Path: МПК СЛАВИЯ <cms.pkslav@gmail.com>

