exchange 1:Array
(
    [6] => Array
        (
            [0] => Array
                (
                    [input_currency] => RUB
                    [output_currency] => PRIZM
                    [input_sum] => 16.74
                    [output_sum] => 1.68
                    [bank] => bank2
                    [date] => 20.03.20
                    [status] => awaiting_payment
                )

            [1] => Array
                (
                    [0] => Array
                        (
                            [input_currency] => PRIZM
                            [output_currency] => RUB
                            [input_sum] => 5
                            [output_sum] => 27.79
                            [bank] => bank1
                            [date] => 20.03.20
                            [status] => awaiting_payment
                        )

                )

            [2] => Array
                (
                    [input_currency] => RUB
                    [output_currency] => PRIZM
                    [input_sum] => 5
                    [output_sum] => 0.44
                    [bank] => bank1
                    [date] => 20.03.20
                    [status] => awaiting_payment
                )

        )

)

exchange 1:Array
(
    [6] => Array
        (
            [0] => Array
                (
                    [input_currency] => RUB
                    [output_currency] => PRIZM
                    [input_sum] => 27.61
                    [output_sum] => 2.8
                    [bank] => bank2
                    [date] => 20.03.20
                    [status] => awaiting_payment
                )

        )

)

exchange 1:Array
(
    [6] => Array
        (
            [0] => Array
                (
                    [input_currency] => RUB
                    [output_currency] => PRIZM
                    [input_sum] => 27.61
                    [output_sum] => 2.8
                    [bank] => bank2
                    [date] => 20.03.20
                    [status] => awaiting_payment
                )

            [1] => Array
                (
                    [input_currency] => PRIZM
                    [output_currency] => RUB
                    [input_sum] => 7
                    [output_sum] => 38.71
                    [bank] => bank1
                    [date] => 20.03.20
                    [status] => awaiting_payment
                )

        )

)

exchange 1:Array
(
    [6] => Array
        (
            [1] => Array
                (
                    [input_currency] => PRIZM
                    [output_currency] => RUB
                    [input_sum] => 7
                    [output_sum] => 38.71
                    [bank] => bank1
                    [date] => 20.03.20
                    [status] => awaiting_payment
                )

            [2] => Array
                (
                    [input_currency] => SLAV
                    [output_currency] => RUB
                    [input_sum] => 5
                    [output_sum] => 284.2
                    [bank] => bank1
                    [date] => 20.03.20
                    [status] => awaiting_payment
                )

        )

)

exchange 1:Array
(
    [6] => Array
        (
            [1] => Array
                (
                    [input_currency] => PRIZM
                    [output_currency] => RUB
                    [input_sum] => 7
                    [output_sum] => 38.71
                    [bank] => bank1
                    [date] => 20.03.20
                    [status] => awaiting_payment
                )

            [2] => Array
                (
                    [input_currency] => SLAV
                    [output_currency] => RUB
                    [input_sum] => 5
                    [output_sum] => 284.2
                    [bank] => bank1
                    [date] => 20.03.20
                    [status] => awaiting_payment
                )

        )

    [31] => Array
        (
            [0] => Array
                (
                    [input_currency] => RUB
                    [output_currency] => SLAV
                    [input_sum] => 55
                    [output_sum] => 0.47
                    [bank] => bank1
                    [date] => 20.03.20
                    [status] => awaiting_payment
                )

        )

)

exchange 1:Array
(
    [6] => Array
        (
            [1] => Array
                (
                    [input_currency] => PRIZM
                    [output_currency] => RUB
                    [input_sum] => 7
                    [output_sum] => 38.71
                    [bank] => bank1
                    [date] => 20.03.20
                    [status] => awaiting_payment
                )

            [2] => Array
                (
                    [input_currency] => SLAV
                    [output_currency] => RUB
                    [input_sum] => 5
                    [output_sum] => 284.2
                    [bank] => bank1
                    [date] => 20.03.20
                    [status] => awaiting_payment
                )

        )

    [31] => Array
        (
            [0] => Array
                (
                    [input_currency] => RUB
                    [output_currency] => SLAV
                    [input_sum] => 55
                    [output_sum] => 0.47
                    [bank] => bank1
                    [date] => 20.03.20
                    [status] => awaiting_payment
                )

            [1] => Array
                (
                    [input_currency] => RUB
                    [output_currency] => PRIZM
                    [input_sum] => 5
                    [output_sum] => 0.44
                    [bank] => bank1
                    [date] => 20.03.20
                    [status] => awaiting_payment
                )

        )

)

exchange 1:Array
(
    [6] => Array
        (
            [0] => Array
                (
                    [0] => Array
                        (
                            [input_currency] => RUB
                            [output_currency] => PRIZM
                            [input_sum] => 27.76
                            [output_sum] => 2.8
                            [bank] => bank2
                            [date] => 20.03.20
                            [status] => awaiting_payment
                        )

                )

        )

    [31] => Array
        (
            [0] => Array
                (
                    [input_currency] => RUB
                    [output_currency] => SLAV
                    [input_sum] => 55
                    [output_sum] => 0.47
                    [bank] => bank1
                    [date] => 20.03.20
                    [status] => awaiting_payment
                )

            [1] => Array
                (
                    [input_currency] => RUB
                    [output_currency] => PRIZM
                    [input_sum] => 5
                    [output_sum] => 0.44
                    [bank] => bank1
                    [date] => 20.03.20
                    [status] => awaiting_payment
                )

        )

)

exchange 1:Array
(
    [6] => Array
        (
            [0] => Array
                (
                    [0] => Array
                        (
                            [input_currency] => RUB
                            [output_currency] => PRIZM
                            [input_sum] => 27.76
                            [output_sum] => 2.8
                            [bank] => bank2
                            [date] => 20.03.20
                            [status] => awaiting_payment
                        )

                )

            [1] => Array
                (
                    [input_currency] => RUB
                    [output_currency] => PRIZM
                    [input_sum] => 5
                    [output_sum] => 0.44
                    [bank] => bank1
                    [date] => 20.03.20
                    [status] => awaiting_payment
                )

        )

    [31] => Array
        (
            [0] => Array
                (
                    [input_currency] => RUB
                    [output_currency] => SLAV
                    [input_sum] => 55
                    [output_sum] => 0.47
                    [bank] => bank1
                    [date] => 20.03.20
                    [status] => awaiting_payment
                )

            [1] => Array
                (
                    [input_currency] => RUB
                    [output_currency] => PRIZM
                    [input_sum] => 5
                    [output_sum] => 0.44
                    [bank] => bank1
                    [date] => 20.03.20
                    [status] => awaiting_payment
                )

        )

)

exchange 1:Array
(
    [6] => Array
        (
            [0] => Array
                (
                    [input_currency] => PRIZM
                    [output_currency] => RUB
                    [input_sum] => 7
                    [output_sum] => 38.76
                    [bank] => bank1
                    [date] => 20.03.20
                    [status] => awaiting_payment
                )

        )

)

exchange 1:Array
(
    [6] => Array
        (
            [0] => Array
                (
                    [input_currency] => PRIZM
                    [output_currency] => RUB
                    [input_sum] => 5
                    [output_sum] => 27.68
                    [bank] => bank1
                    [date] => 20.03.20
                    [status] => awaiting_payment
                )

        )

)

exchange 1:Array
(
    [6] => Array
        (
            [0] => Array
                (
                    [input_currency] => PRIZM
                    [output_currency] => RUB
                    [input_sum] => 5
                    [output_sum] => 27.68
                    [bank] => bank1
                    [date] => 20.03.20
                    [status] => awaiting_payment
                )

            [1] => Array
                (
                    [input_currency] => RUB
                    [output_currency] => PRIZM
                    [input_sum] => 55
                    [output_sum] => 4.87
                    [bank] => bank1
                    [date] => 20.03.20
                    [status] => awaiting_payment
                )

        )

)

