email: snuffles902@gmail.com; text: 
    <p>Вы или кто то другой зарегистрировались на сайте "МПК СЛАВИЯ" со следующими данными:</p>
    <p>Логин: mary bruce</p>
    <p>Пароль: mary bruce</p><p>Если это были вы, то подтвердите свою регистрацию перейдя по ссылке ниже:</p>
        <p><a href="http://vnuk2.ev88.fvds.ru/profile/?rcl-confirmdata=WyJtYXJ5IGJydWNlIiwiOTAzY2U5MjI1ZmNhM2U5ODhjMmFmMjE1ZDRlNTQ0ZDMiXQ%3D%3D">http://vnuk2.ev88.fvds.ru/profile/?rcl-confirmdata=WyJtYXJ5IGJydWNlIiwiOTAzY2U5MjI1ZmNhM2U5ODhjMmFmMjE1ZDRlNTQ0ZDMiXQ%3D%3D</a></p>
        <p>Не получается активировать аккаунт?</p>
        <p>Скопируйте текст ссылки ниже, вставьте его в адресную строку браузера и нажмите Enter</p><p>Если это были не вы, то просто проигнорируйте это письмо</p><p><small>-----------------------------------------------------<br/>
    Это сообщение было сформировано автоматически, не надо отвечать на него.<br/>
    "МПК СЛАВИЯ"</small></p>; headers: From: МПК СЛАВИЯ <cms.pkslav@gmail.com>
Reply-To: МПК СЛАВИЯ <cms.pkslav@gmail.com>
Return-Path: МПК СЛАВИЯ <cms.pkslav@gmail.com>

email: stittle@live.com; text: 
    <p>Вы или кто то другой зарегистрировались на сайте "МПК СЛАВИЯ" со следующими данными:</p>
    <p>Логин: reagan jordan</p>
    <p>Пароль: reagan jordan</p><p>Если это были вы, то подтвердите свою регистрацию перейдя по ссылке ниже:</p>
        <p><a href="http://vnuk2.ev88.fvds.ru/profile/?rcl-confirmdata=WyJyZWFnYW4gam9yZGFuIiwiMGEwOWM4ODQ0YmE4ZjA5MzZjMjBiZDc5MTEzMGQ2YjYiXQ%3D%3D">http://vnuk2.ev88.fvds.ru/profile/?rcl-confirmdata=WyJyZWFnYW4gam9yZGFuIiwiMGEwOWM4ODQ0YmE4ZjA5MzZjMjBiZDc5MTEzMGQ2YjYiXQ%3D%3D</a></p>
        <p>Не получается активировать аккаунт?</p>
        <p>Скопируйте текст ссылки ниже, вставьте его в адресную строку браузера и нажмите Enter</p><p>Если это были не вы, то просто проигнорируйте это письмо</p><p><small>-----------------------------------------------------<br/>
    Это сообщение было сформировано автоматически, не надо отвечать на него.<br/>
    "МПК СЛАВИЯ"</small></p>; headers: From: МПК СЛАВИЯ <cms.pkslav@gmail.com>
Reply-To: МПК СЛАВИЯ <cms.pkslav@gmail.com>
Return-Path: МПК СЛАВИЯ <cms.pkslav@gmail.com>

email: brickboyked@gmail.com; text: 
    <p>Вы или кто то другой зарегистрировались на сайте "МПК СЛАВИЯ" со следующими данными:</p>
    <p>Логин: jaylene michael</p>
    <p>Пароль: jaylene michael</p><p>Если это были вы, то подтвердите свою регистрацию перейдя по ссылке ниже:</p>
        <p><a href="http://vnuk2.ev88.fvds.ru/profile/?rcl-confirmdata=WyJqYXlsZW5lIG1pY2hhZWwiLCIyYjI0ZDQ5NTA1MmE4Y2U2NjM1OGViNTc2Yjg5MTJjOCJd">http://vnuk2.ev88.fvds.ru/profile/?rcl-confirmdata=WyJqYXlsZW5lIG1pY2hhZWwiLCIyYjI0ZDQ5NTA1MmE4Y2U2NjM1OGViNTc2Yjg5MTJjOCJd</a></p>
        <p>Не получается активировать аккаунт?</p>
        <p>Скопируйте текст ссылки ниже, вставьте его в адресную строку браузера и нажмите Enter</p><p>Если это были не вы, то просто проигнорируйте это письмо</p><p><small>-----------------------------------------------------<br/>
    Это сообщение было сформировано автоматически, не надо отвечать на него.<br/>
    "МПК СЛАВИЯ"</small></p>; headers: From: МПК СЛАВИЯ <cms.pkslav@gmail.com>
Reply-To: МПК СЛАВИЯ <cms.pkslav@gmail.com>
Return-Path: МПК СЛАВИЯ <cms.pkslav@gmail.com>

email: sweet.tooth.318@gmail.com; text: 
    <p>Вы или кто то другой зарегистрировались на сайте "МПК СЛАВИЯ" со следующими данными:</p>
    <p>Логин: esme savage</p>
    <p>Пароль: esme savage</p><p>Если это были вы, то подтвердите свою регистрацию перейдя по ссылке ниже:</p>
        <p><a href="http://vnuk2.ev88.fvds.ru/profile/?rcl-confirmdata=WyJlc21lIHNhdmFnZSIsImE1ZTAwMTMyMzczYTcwMzEwMDBmZDk4N2EzYzlmODdiIl0%3D">http://vnuk2.ev88.fvds.ru/profile/?rcl-confirmdata=WyJlc21lIHNhdmFnZSIsImE1ZTAwMTMyMzczYTcwMzEwMDBmZDk4N2EzYzlmODdiIl0%3D</a></p>
        <p>Не получается активировать аккаунт?</p>
        <p>Скопируйте текст ссылки ниже, вставьте его в адресную строку браузера и нажмите Enter</p><p>Если это были не вы, то просто проигнорируйте это письмо</p><p><small>-----------------------------------------------------<br/>
    Это сообщение было сформировано автоматически, не надо отвечать на него.<br/>
    "МПК СЛАВИЯ"</small></p>; headers: From: МПК СЛАВИЯ <cms.pkslav@gmail.com>
Reply-To: МПК СЛАВИЯ <cms.pkslav@gmail.com>
Return-Path: МПК СЛАВИЯ <cms.pkslav@gmail.com>

email: charmellamoore68@gmail.com; text: 
    <p>Вы или кто то другой зарегистрировались на сайте "МПК СЛАВИЯ" со следующими данными:</p>
    <p>Логин: hudson bruce</p>
    <p>Пароль: hudson bruce</p><p>Если это были вы, то подтвердите свою регистрацию перейдя по ссылке ниже:</p>
        <p><a href="http://vnuk2.ev88.fvds.ru/profile/?rcl-confirmdata=WyJodWRzb24gYnJ1Y2UiLCI4ZDVlOTU3ZjI5Nzg5MzQ4N2JkOThmYTgzMGZhNjQxMyJd">http://vnuk2.ev88.fvds.ru/profile/?rcl-confirmdata=WyJodWRzb24gYnJ1Y2UiLCI4ZDVlOTU3ZjI5Nzg5MzQ4N2JkOThmYTgzMGZhNjQxMyJd</a></p>
        <p>Не получается активировать аккаунт?</p>
        <p>Скопируйте текст ссылки ниже, вставьте его в адресную строку браузера и нажмите Enter</p><p>Если это были не вы, то просто проигнорируйте это письмо</p><p><small>-----------------------------------------------------<br/>
    Это сообщение было сформировано автоматически, не надо отвечать на него.<br/>
    "МПК СЛАВИЯ"</small></p>; headers: From: МПК СЛАВИЯ <cms.pkslav@gmail.com>
Reply-To: МПК СЛАВИЯ <cms.pkslav@gmail.com>
Return-Path: МПК СЛАВИЯ <cms.pkslav@gmail.com>

email: lilearlsgirl@gmail.com; text: 
    <p>Вы или кто то другой зарегистрировались на сайте "МПК СЛАВИЯ" со следующими данными:</p>
    <p>Логин: leila hale</p>
    <p>Пароль: leila hale</p><p>Если это были вы, то подтвердите свою регистрацию перейдя по ссылке ниже:</p>
        <p><a href="http://vnuk2.ev88.fvds.ru/profile/?rcl-confirmdata=WyJsZWlsYSBoYWxlIiwiNDdkMWU5OTA1ODNjOWM2NzQyNGQzNjlmMzQxNDcyOGUiXQ%3D%3D">http://vnuk2.ev88.fvds.ru/profile/?rcl-confirmdata=WyJsZWlsYSBoYWxlIiwiNDdkMWU5OTA1ODNjOWM2NzQyNGQzNjlmMzQxNDcyOGUiXQ%3D%3D</a></p>
        <p>Не получается активировать аккаунт?</p>
        <p>Скопируйте текст ссылки ниже, вставьте его в адресную строку браузера и нажмите Enter</p><p>Если это были не вы, то просто проигнорируйте это письмо</p><p><small>-----------------------------------------------------<br/>
    Это сообщение было сформировано автоматически, не надо отвечать на него.<br/>
    "МПК СЛАВИЯ"</small></p>; headers: From: МПК СЛАВИЯ <cms.pkslav@gmail.com>
Reply-To: МПК СЛАВИЯ <cms.pkslav@gmail.com>
Return-Path: МПК СЛАВИЯ <cms.pkslav@gmail.com>

email: bribris100@gmail.com; text: 
    <p>Вы или кто то другой зарегистрировались на сайте "МПК СЛАВИЯ" со следующими данными:</p>
    <p>Логин: erin adkins</p>
    <p>Пароль: erin adkins</p><p>Если это были вы, то подтвердите свою регистрацию перейдя по ссылке ниже:</p>
        <p><a href="http://vnuk2.ev88.fvds.ru/profile/?rcl-confirmdata=WyJlcmluIGFka2lucyIsImYyMjE3MDYyZTlhMzk3YTFkY2E0MjllN2Q3MGJjNmNhIl0%3D">http://vnuk2.ev88.fvds.ru/profile/?rcl-confirmdata=WyJlcmluIGFka2lucyIsImYyMjE3MDYyZTlhMzk3YTFkY2E0MjllN2Q3MGJjNmNhIl0%3D</a></p>
        <p>Не получается активировать аккаунт?</p>
        <p>Скопируйте текст ссылки ниже, вставьте его в адресную строку браузера и нажмите Enter</p><p>Если это были не вы, то просто проигнорируйте это письмо</p><p><small>-----------------------------------------------------<br/>
    Это сообщение было сформировано автоматически, не надо отвечать на него.<br/>
    "МПК СЛАВИЯ"</small></p>; headers: From: МПК СЛАВИЯ <cms.pkslav@gmail.com>
Reply-To: МПК СЛАВИЯ <cms.pkslav@gmail.com>
Return-Path: МПК СЛАВИЯ <cms.pkslav@gmail.com>

email: jtekdigi@gmail.com; text: 
    <p>Вы или кто то другой зарегистрировались на сайте "МПК СЛАВИЯ" со следующими данными:</p>
    <p>Логин: deangelo villarreal</p>
    <p>Пароль: deangelo villarreal</p><p>Если это были вы, то подтвердите свою регистрацию перейдя по ссылке ниже:</p>
        <p><a href="http://vnuk2.ev88.fvds.ru/profile/?rcl-confirmdata=WyJkZWFuZ2VsbyB2aWxsYXJyZWFsIiwiN2VmNjA1ZmM4ZGJhNTQyNWQ2OTY1ZmJkNGM4ZmJlMWYiXQ%3D%3D">http://vnuk2.ev88.fvds.ru/profile/?rcl-confirmdata=WyJkZWFuZ2VsbyB2aWxsYXJyZWFsIiwiN2VmNjA1ZmM4ZGJhNTQyNWQ2OTY1ZmJkNGM4ZmJlMWYiXQ%3D%3D</a></p>
        <p>Не получается активировать аккаунт?</p>
        <p>Скопируйте текст ссылки ниже, вставьте его в адресную строку браузера и нажмите Enter</p><p>Если это были не вы, то просто проигнорируйте это письмо</p><p><small>-----------------------------------------------------<br/>
    Это сообщение было сформировано автоматически, не надо отвечать на него.<br/>
    "МПК СЛАВИЯ"</small></p>; headers: From: МПК СЛАВИЯ <cms.pkslav@gmail.com>
Reply-To: МПК СЛАВИЯ <cms.pkslav@gmail.com>
Return-Path: МПК СЛАВИЯ <cms.pkslav@gmail.com>

EXCHANGE: Array
(
    [input_currency] => RUB
    [input_sum] => 2000
    [output_currency] => 
    [output_sum] => 
    [card_num] => 
    [card_name] => 
    [requisites] => 07645934
)

sberbank_digest:1996999F297B684581F444261B1B59DBC110A74D490BB6824C38D11431EF60BA
hmac_sha256 hash: 1996999F297B684581F444261B1B59DBC110A74D490BB6824C38D11431EF60BA
checksum is equal
_________________________________
currency name:RUB
currency name:
input_currency: RUB
input_rate: 1
output_currency: 
output_rate: 
doc_1: Array
(
    [date] => 28.08.20 12:04:40
    [filename] => -приема-RUB-Пайщик-№3-Сергей-Сергеев-Андреевич-28-08-12-04.pdf
    [url] => http://vnuk2.ev88.fvds.ru/wp-content/uploads/2020/08/Акт-приема-RUB-Пайщик-№3-Сергей-Сергеев-Андреевич-28-08-12-04.pdf
)

EXCHANGE: Array
(
    [is_personal_deposit] => yes
    [section] => Продовольственные товары
    [input_amount] => 100
    [input_currency] => Молоко
    [rate] => 50
    [is_public] => on
)

asset_name: Цифровые единицы
asset_name: Сталь
asset_name: RUB
asset_name: нефть
asset_name: Блоки Bonolit d500
asset_name: Bitcoin
asset_name: Бетон-м450_м³
asset_name: Etherium
asset_name: Продовольственные товары
row selector: Array
new currency: 1
email: andreastanley08@yahoo.com; text: 
    <p>Вы или кто то другой зарегистрировались на сайте "МПК СЛАВИЯ" со следующими данными:</p>
    <p>Логин: cheyanne villarreal</p>
    <p>Пароль: cheyanne villarreal</p><p>Если это были вы, то подтвердите свою регистрацию перейдя по ссылке ниже:</p>
        <p><a href="http://vnuk2.ev88.fvds.ru/profile/?rcl-confirmdata=WyJjaGV5YW5uZSB2aWxsYXJyZWFsIiwiYThmMTVlZGE4MGM1MGFkYjBlNzE5NDNhZGM4MDE1Y2YiXQ%3D%3D">http://vnuk2.ev88.fvds.ru/profile/?rcl-confirmdata=WyJjaGV5YW5uZSB2aWxsYXJyZWFsIiwiYThmMTVlZGE4MGM1MGFkYjBlNzE5NDNhZGM4MDE1Y2YiXQ%3D%3D</a></p>
        <p>Не получается активировать аккаунт?</p>
        <p>Скопируйте текст ссылки ниже, вставьте его в адресную строку браузера и нажмите Enter</p><p>Если это были не вы, то просто проигнорируйте это письмо</p><p><small>-----------------------------------------------------<br/>
    Это сообщение было сформировано автоматически, не надо отвечать на него.<br/>
    "МПК СЛАВИЯ"</small></p>; headers: From: МПК СЛАВИЯ <cms.pkslav@gmail.com>
Reply-To: МПК СЛАВИЯ <cms.pkslav@gmail.com>
Return-Path: МПК СЛАВИЯ <cms.pkslav@gmail.com>

email: kindercrazed@comcast.net; text: 
    <p>Вы или кто то другой зарегистрировались на сайте "МПК СЛАВИЯ" со следующими данными:</p>
    <p>Логин: maritza wu</p>
    <p>Пароль: maritza wu</p><p>Если это были вы, то подтвердите свою регистрацию перейдя по ссылке ниже:</p>
        <p><a href="http://vnuk2.ev88.fvds.ru/profile/?rcl-confirmdata=WyJtYXJpdHphIHd1IiwiMzdhNzQ5ZDgwOGU0NjQ5NWE4ZGExZTUzNTJkMDNjYWUiXQ%3D%3D">http://vnuk2.ev88.fvds.ru/profile/?rcl-confirmdata=WyJtYXJpdHphIHd1IiwiMzdhNzQ5ZDgwOGU0NjQ5NWE4ZGExZTUzNTJkMDNjYWUiXQ%3D%3D</a></p>
        <p>Не получается активировать аккаунт?</p>
        <p>Скопируйте текст ссылки ниже, вставьте его в адресную строку браузера и нажмите Enter</p><p>Если это были не вы, то просто проигнорируйте это письмо</p><p><small>-----------------------------------------------------<br/>
    Это сообщение было сформировано автоматически, не надо отвечать на него.<br/>
    "МПК СЛАВИЯ"</small></p>; headers: From: МПК СЛАВИЯ <cms.pkslav@gmail.com>
Reply-To: МПК СЛАВИЯ <cms.pkslav@gmail.com>
Return-Path: МПК СЛАВИЯ <cms.pkslav@gmail.com>

email: alexisgomez15@hotmail.com; text: 
    <p>Вы или кто то другой зарегистрировались на сайте "МПК СЛАВИЯ" со следующими данными:</p>
    <p>Логин: raelynn lucero</p>
    <p>Пароль: raelynn lucero</p><p>Если это были вы, то подтвердите свою регистрацию перейдя по ссылке ниже:</p>
        <p><a href="http://vnuk2.ev88.fvds.ru/profile/?rcl-confirmdata=WyJyYWVseW5uIGx1Y2VybyIsImIzZTNlMzkzYzc3ZTM1YTRhM2YzY2JkMWU0MjliNWRjIl0%3D">http://vnuk2.ev88.fvds.ru/profile/?rcl-confirmdata=WyJyYWVseW5uIGx1Y2VybyIsImIzZTNlMzkzYzc3ZTM1YTRhM2YzY2JkMWU0MjliNWRjIl0%3D</a></p>
        <p>Не получается активировать аккаунт?</p>
        <p>Скопируйте текст ссылки ниже, вставьте его в адресную строку браузера и нажмите Enter</p><p>Если это были не вы, то просто проигнорируйте это письмо</p><p><small>-----------------------------------------------------<br/>
    Это сообщение было сформировано автоматически, не надо отвечать на него.<br/>
    "МПК СЛАВИЯ"</small></p>; headers: From: МПК СЛАВИЯ <cms.pkslav@gmail.com>
Reply-To: МПК СЛАВИЯ <cms.pkslav@gmail.com>
Return-Path: МПК СЛАВИЯ <cms.pkslav@gmail.com>

email: kayla.lynn1809@gmail.com; text: 
    <p>Вы или кто то другой зарегистрировались на сайте "МПК СЛАВИЯ" со следующими данными:</p>
    <p>Логин: kolten dixon</p>
    <p>Пароль: kolten dixon</p><p>Если это были вы, то подтвердите свою регистрацию перейдя по ссылке ниже:</p>
        <p><a href="http://vnuk2.ev88.fvds.ru/profile/?rcl-confirmdata=WyJrb2x0ZW4gZGl4b24iLCIxZDdmN2FiYzE4ZmNiNDM5NzUwNjUzOTliMGQxZTQ4ZSJd">http://vnuk2.ev88.fvds.ru/profile/?rcl-confirmdata=WyJrb2x0ZW4gZGl4b24iLCIxZDdmN2FiYzE4ZmNiNDM5NzUwNjUzOTliMGQxZTQ4ZSJd</a></p>
        <p>Не получается активировать аккаунт?</p>
        <p>Скопируйте текст ссылки ниже, вставьте его в адресную строку браузера и нажмите Enter</p><p>Если это были не вы, то просто проигнорируйте это письмо</p><p><small>-----------------------------------------------------<br/>
    Это сообщение было сформировано автоматически, не надо отвечать на него.<br/>
    "МПК СЛАВИЯ"</small></p>; headers: From: МПК СЛАВИЯ <cms.pkslav@gmail.com>
Reply-To: МПК СЛАВИЯ <cms.pkslav@gmail.com>
Return-Path: МПК СЛАВИЯ <cms.pkslav@gmail.com>

email: sammyksanderson@gmail.com; text: 
    <p>Вы или кто то другой зарегистрировались на сайте "МПК СЛАВИЯ" со следующими данными:</p>
    <p>Логин: amelie short</p>
    <p>Пароль: amelie short</p><p>Если это были вы, то подтвердите свою регистрацию перейдя по ссылке ниже:</p>
        <p><a href="http://vnuk2.ev88.fvds.ru/profile/?rcl-confirmdata=WyJhbWVsaWUgc2hvcnQiLCIyYTc5ZWEyN2MyNzllNDcxZjRkMTgwYjA4ZDYyYjAwYSJd">http://vnuk2.ev88.fvds.ru/profile/?rcl-confirmdata=WyJhbWVsaWUgc2hvcnQiLCIyYTc5ZWEyN2MyNzllNDcxZjRkMTgwYjA4ZDYyYjAwYSJd</a></p>
        <p>Не получается активировать аккаунт?</p>
        <p>Скопируйте текст ссылки ниже, вставьте его в адресную строку браузера и нажмите Enter</p><p>Если это были не вы, то просто проигнорируйте это письмо</p><p><small>-----------------------------------------------------<br/>
    Это сообщение было сформировано автоматически, не надо отвечать на него.<br/>
    "МПК СЛАВИЯ"</small></p>; headers: From: МПК СЛАВИЯ <cms.pkslav@gmail.com>
Reply-To: МПК СЛАВИЯ <cms.pkslav@gmail.com>
Return-Path: МПК СЛАВИЯ <cms.pkslav@gmail.com>

email: lauren.purpura@gmail.com; text: 
    <p>Вы или кто то другой зарегистрировались на сайте "МПК СЛАВИЯ" со следующими данными:</p>
    <p>Логин: gloria weber</p>
    <p>Пароль: gloria weber</p><p>Если это были вы, то подтвердите свою регистрацию перейдя по ссылке ниже:</p>
        <p><a href="http://vnuk2.ev88.fvds.ru/profile/?rcl-confirmdata=WyJnbG9yaWEgd2ViZXIiLCIxYzlhYzAxNTljOTRkOGQwY2JlZGM5NzM0NDVhZjJkYSJd">http://vnuk2.ev88.fvds.ru/profile/?rcl-confirmdata=WyJnbG9yaWEgd2ViZXIiLCIxYzlhYzAxNTljOTRkOGQwY2JlZGM5NzM0NDVhZjJkYSJd</a></p>
        <p>Не получается активировать аккаунт?</p>
        <p>Скопируйте текст ссылки ниже, вставьте его в адресную строку браузера и нажмите Enter</p><p>Если это были не вы, то просто проигнорируйте это письмо</p><p><small>-----------------------------------------------------<br/>
    Это сообщение было сформировано автоматически, не надо отвечать на него.<br/>
    "МПК СЛАВИЯ"</small></p>; headers: From: МПК СЛАВИЯ <cms.pkslav@gmail.com>
Reply-To: МПК СЛАВИЯ <cms.pkslav@gmail.com>
Return-Path: МПК СЛАВИЯ <cms.pkslav@gmail.com>

