Im here! 
Im here! 
ref_awards: Ref_Awards Object
(
)

ref_awards: Array
(
    [63] => Array
        (
            [0] => Array
                (
                    [date] => 06.05.20 00:51:45
                    [host_name] => aaa
                    [ref_name] => ccc
                    [award_sum] => 0
                    [award_currency] => PRIZM
                    [status] => processing
                )

        )

)

notification_data: Array
(
    [host_name] => aaa
    [ref_name] => ccc
    [award_sum] => 0
    [award_currency] => PRIZM
    [host_id] => 63
    [ref_id] => 76
)

email: sergeyandreevich88@yandex.ru; text: <p>Пользователь ccc с ID 76 только что совершил новую операцию.</p><p>Необходимо выплатить пригласившему его пользователю aaa с ID 63 вознаграждение в размере 0 PRIZM в соответствии с условиями реферальной программы.</p><p><small>-----------------------------------------------------<br/>
    Это сообщение было сформировано автоматически, не надо отвечать на него.<br/>
    "МПК СЛАВИЯ"</small></p>; headers: From: МПК СЛАВИЯ <cms.pkslav@gmail.com>
Reply-To: МПК СЛАВИЯ <cms.pkslav@gmail.com>
Return-Path: МПК СЛАВИЯ <cms.pkslav@gmail.com>

email: sivon59296@mailop7.com; text: <p>Пользователь ccc с ID 76 только что совершил новую операцию.</p><p>Необходимо выплатить пригласившему его пользователю aaa с ID 63 вознаграждение в размере 0 PRIZM в соответствии с условиями реферальной программы.</p><p><small>-----------------------------------------------------<br/>
    Это сообщение было сформировано автоматически, не надо отвечать на него.<br/>
    "МПК СЛАВИЯ"</small></p>; headers: From: МПК СЛАВИЯ <cms.pkslav@gmail.com>
Reply-To: МПК СЛАВИЯ <cms.pkslav@gmail.com>
Return-Path: МПК СЛАВИЯ <cms.pkslav@gmail.com>

email: blablba@mail.ru; text: <p>Пользователь ccc с ID 76 только что совершил новую операцию.</p><p>Необходимо выплатить пригласившему его пользователю aaa с ID 63 вознаграждение в размере 0 PRIZM в соответствии с условиями реферальной программы.</p><p><small>-----------------------------------------------------<br/>
    Это сообщение было сформировано автоматически, не надо отвечать на него.<br/>
    "МПК СЛАВИЯ"</small></p>; headers: From: МПК СЛАВИЯ <cms.pkslav@gmail.com>
Reply-To: МПК СЛАВИЯ <cms.pkslav@gmail.com>
Return-Path: МПК СЛАВИЯ <cms.pkslav@gmail.com>

email: aleksandr-zemyan@rambler.ru; text: <p>Приглашенный вами пользователь ccc только что совершил новую операцию.</p><p>Вам причитается вознаграждение в размере 0 PRIZM в соответствии с условиями реферальной программы.</p><p><small>-----------------------------------------------------<br/>
    Это сообщение было сформировано автоматически, не надо отвечать на него.<br/>
    "МПК СЛАВИЯ"</small></p>; headers: From: МПК СЛАВИЯ <cms.pkslav@gmail.com>
Reply-To: МПК СЛАВИЯ <cms.pkslav@gmail.com>
Return-Path: МПК СЛАВИЯ <cms.pkslav@gmail.com>

filename:Акт приема PRIZM-76-05-06-03-51.pdf
filename:Акт возврата паевого взноса RUB-76-05-06-03-51.pdf
