email: anmmoertl@walnutel.net; text: 
    <p>Вы или кто то другой зарегистрировались на сайте "МПК СЛАВИЯ" со следующими данными:</p>
    <p>Логин: jasper weber</p>
    <p>Пароль: jasper weber</p><p>Если это были вы, то подтвердите свою регистрацию перейдя по ссылке ниже:</p>
        <p><a href="http://vnuk2.ev88.fvds.ru/profile/?rcl-confirmdata=WyJqYXNwZXIgd2ViZXIiLCI0YzU2ZmY0Y2U0YWFmOTU3M2FhNWRmZjkxM2RmOTk3YSJd">http://vnuk2.ev88.fvds.ru/profile/?rcl-confirmdata=WyJqYXNwZXIgd2ViZXIiLCI0YzU2ZmY0Y2U0YWFmOTU3M2FhNWRmZjkxM2RmOTk3YSJd</a></p>
        <p>Не получается активировать аккаунт?</p>
        <p>Скопируйте текст ссылки ниже, вставьте его в адресную строку браузера и нажмите Enter</p><p>Если это были не вы, то просто проигнорируйте это письмо</p><p><small>-----------------------------------------------------<br/>
    Это сообщение было сформировано автоматически, не надо отвечать на него.<br/>
    "МПК СЛАВИЯ"</small></p>; headers: From: МПК СЛАВИЯ <cms.pkslav@gmail.com>
Reply-To: МПК СЛАВИЯ <cms.pkslav@gmail.com>
Return-Path: МПК СЛАВИЯ <cms.pkslav@gmail.com>

email: tekamosemb1972@bigmir.net; text: 
    <p>Вы или кто то другой зарегистрировались на сайте "МПК СЛАВИЯ" со следующими данными:</p>
    <p>Логин: KratosSys</p>
    <p>Пароль: 2js9^Lr5auN</p><p>Если это были вы, то подтвердите свою регистрацию перейдя по ссылке ниже:</p>
        <p><a href="http://vnuk2.ev88.fvds.ru/profile/?rcl-confirmdata=WyJLcmF0b3NTeXMiLCJhMGEwODBmNDJlNmYxM2IzYTJkZjEzM2YwNzMwOTVkZCJd">http://vnuk2.ev88.fvds.ru/profile/?rcl-confirmdata=WyJLcmF0b3NTeXMiLCJhMGEwODBmNDJlNmYxM2IzYTJkZjEzM2YwNzMwOTVkZCJd</a></p>
        <p>Не получается активировать аккаунт?</p>
        <p>Скопируйте текст ссылки ниже, вставьте его в адресную строку браузера и нажмите Enter</p><p>Если это были не вы, то просто проигнорируйте это письмо</p><p><small>-----------------------------------------------------<br/>
    Это сообщение было сформировано автоматически, не надо отвечать на него.<br/>
    "МПК СЛАВИЯ"</small></p>; headers: From: МПК СЛАВИЯ <cms.pkslav@gmail.com>
Reply-To: МПК СЛАВИЯ <cms.pkslav@gmail.com>
Return-Path: МПК СЛАВИЯ <cms.pkslav@gmail.com>

