email: aleksandr-zemyan@rambler.ru; text: <p>Здравствуйте, aaa. К сожалению, ваш запрос на верификацию был отклонен. Вы можете попробовать отправить новый запрос на верификацию в любой момент, либо связаться с нашим менеджером с помощью контактных данных, указанных на сайте.</p><p><small>-----------------------------------------------------<br/>
    Это сообщение было сформировано автоматически, не надо отвечать на него.<br/>
    "МПК СЛАВИЯ"</small></p>; headers: From: МПК СЛАВИЯ <cms.pkslav@gmail.com>
Reply-To: МПК СЛАВИЯ <cms.pkslav@gmail.com>
Return-Path: МПК СЛАВИЯ <cms.pkslav@gmail.com>

email: aleksandr-zemyan@rambler.ru; text: <p>Здравствуйте, aaa. К сожалению, ваш запрос на верификацию был отклонен. Вы можете попробовать отправить новый запрос на верификацию в любой момент, либо связаться с нашим менеджером с помощью контактных данных, указанных на сайте vnuk2.ev88.fvds.ru.</p><p><small>-----------------------------------------------------<br/>
    Это сообщение было сформировано автоматически, не надо отвечать на него.<br/>
    "МПК СЛАВИЯ"</small></p>; headers: From: МПК СЛАВИЯ <cms.pkslav@gmail.com>
Reply-To: МПК СЛАВИЯ <cms.pkslav@gmail.com>
Return-Path: МПК СЛАВИЯ <cms.pkslav@gmail.com>

email: aleksandr-zemyan@rambler.ru; text: <p>Здравствуйте, aaa. К сожалению, ваш запрос на верификацию был отклонен. Вы можете попробовать отправить новый запрос на верификацию в любой момент, либо связаться с нашим менеджером с помощью контактных данных, указанных на сайте vnuk2.ev88.fvds.ru.</p><p><small>-----------------------------------------------------<br/>
    Это сообщение было сформировано автоматически, не надо отвечать на него.<br/>
    "МПК СЛАВИЯ"</small></p>; headers: From: МПК СЛАВИЯ <cms.pkslav@gmail.com>
Reply-To: МПК СЛАВИЯ <cms.pkslav@gmail.com>
Return-Path: МПК СЛАВИЯ <cms.pkslav@gmail.com>

email: aleksandr-zemyan@rambler.ru; text: <p>Ваш профиль был успешно верифицирован и теперь вы сможете совершать операции по обмену.</p><p>Перейдите на сайт vnuk2.ev88.fvds.ru, чтобы начать совершать операции.</p><p><small>-----------------------------------------------------<br/>
    Это сообщение было сформировано автоматически, не надо отвечать на него.<br/>
    "МПК СЛАВИЯ"</small></p>; headers: From: МПК СЛАВИЯ <cms.pkslav@gmail.com>
Reply-To: МПК СЛАВИЯ <cms.pkslav@gmail.com>
Return-Path: МПК СЛАВИЯ <cms.pkslav@gmail.com>

email: wiwowe7267@ualmail.com; text: 
    <p>Вы или кто то другой зарегистрировались на сайте "МПК СЛАВИЯ" со следующими данными:</p>
    <p>Логин: bbb</p>
    <p>Пароль: bbb</p><p>Если это были вы, то подтвердите свою регистрацию перейдя по ссылке ниже:</p>
        <p><a href="http://vnuk2.ev88.fvds.ru/?rcl-confirmdata=WyJiYmIiLCJlYTVkMmYxYzQ2MDgyMzJlMDdkM2FhM2Q5OThlNTEzNSJd">http://vnuk2.ev88.fvds.ru/?rcl-confirmdata=WyJiYmIiLCJlYTVkMmYxYzQ2MDgyMzJlMDdkM2FhM2Q5OThlNTEzNSJd</a></p>
        <p>Не получается активировать аккаунт?</p>
        <p>Скопируйте текст ссылки ниже, вставьте его в адресную строку браузера и нажмите Enter</p><p>Если это были не вы, то просто проигнорируйте это письмо</p><p><small>-----------------------------------------------------<br/>
    Это сообщение было сформировано автоматически, не надо отвечать на него.<br/>
    "МПК СЛАВИЯ"</small></p>; headers: From: МПК СЛАВИЯ <cms.pkslav@gmail.com>
Reply-To: МПК СЛАВИЯ <cms.pkslav@gmail.com>
Return-Path: МПК СЛАВИЯ <cms.pkslav@gmail.com>

