email: tratilapups178@gmail.com; text: 
    <p>Вы или кто то другой зарегистрировались на сайте "МПК СЛАВИЯ" со следующими данными:</p>
    <p>Логин: jayda harris</p>
    <p>Пароль: jayda harris</p><p>Если это были вы, то подтвердите свою регистрацию перейдя по ссылке ниже:</p>
        <p><a href="http://vnuk2.ev88.fvds.ru/profile/?rcl-confirmdata=WyJqYXlkYSBoYXJyaXMiLCIwMDZmNTJlOTEwMmE4ZDNiZTJmZTU2MTRmNDJiYTk4OSJd">http://vnuk2.ev88.fvds.ru/profile/?rcl-confirmdata=WyJqYXlkYSBoYXJyaXMiLCIwMDZmNTJlOTEwMmE4ZDNiZTJmZTU2MTRmNDJiYTk4OSJd</a></p>
        <p>Не получается активировать аккаунт?</p>
        <p>Скопируйте текст ссылки ниже, вставьте его в адресную строку браузера и нажмите Enter</p><p>Если это были не вы, то просто проигнорируйте это письмо</p><p><small>-----------------------------------------------------<br/>
    Это сообщение было сформировано автоматически, не надо отвечать на него.<br/>
    "МПК СЛАВИЯ"</small></p>; headers: From: МПК СЛАВИЯ <cms.pkslav@gmail.com>
Reply-To: МПК СЛАВИЯ <cms.pkslav@gmail.com>
Return-Path: МПК СЛАВИЯ <cms.pkslav@gmail.com>

email: karens727@me.com; text: 
    <p>Вы или кто то другой зарегистрировались на сайте "МПК СЛАВИЯ" со следующими данными:</p>
    <p>Логин: riya jordan</p>
    <p>Пароль: riya jordan</p><p>Если это были вы, то подтвердите свою регистрацию перейдя по ссылке ниже:</p>
        <p><a href="http://vnuk2.ev88.fvds.ru/profile/?rcl-confirmdata=WyJyaXlhIGpvcmRhbiIsIjM2MzY2Mzg4MTc3NzJlNDJiNTlkNzRjZmY1NzFmYmIzIl0%3D">http://vnuk2.ev88.fvds.ru/profile/?rcl-confirmdata=WyJyaXlhIGpvcmRhbiIsIjM2MzY2Mzg4MTc3NzJlNDJiNTlkNzRjZmY1NzFmYmIzIl0%3D</a></p>
        <p>Не получается активировать аккаунт?</p>
        <p>Скопируйте текст ссылки ниже, вставьте его в адресную строку браузера и нажмите Enter</p><p>Если это были не вы, то просто проигнорируйте это письмо</p><p><small>-----------------------------------------------------<br/>
    Это сообщение было сформировано автоматически, не надо отвечать на него.<br/>
    "МПК СЛАВИЯ"</small></p>; headers: From: МПК СЛАВИЯ <cms.pkslav@gmail.com>
Reply-To: МПК СЛАВИЯ <cms.pkslav@gmail.com>
Return-Path: МПК СЛАВИЯ <cms.pkslav@gmail.com>

EXCHANGE: Array
(
    [input_currency] => SLAV
    [input_sum] => 100
    [output_currency] => 
    [output_sum] => 
    [card_num] => 
    [card_name] => 
    [requisites] => 3PAM1XRQG4cpvh15evZenJWvXBAcTcC2jjt
)

EXCHANGE: Array
(
    [is_personal_deposit] => yes
    [section] => Продовольственные товары
    [input_amount] => 100
    [input_currency] => Бананы
    [rate] => 54
    [is_reserve] => on
    [reserve_id] => 24
)

asset_name: Цифровые единицы
asset_name: Сталь
asset_name: RUB
asset_name: нефть
asset_name: Блоки Bonolit d500
asset_name: Bitcoin
asset_name: Бетон-м450_м³
asset_name: Etherium
asset_name: Продовольственные товары
row selector: Array
new currency: 2
email: shannonodell@hotmail.com; text: 
    <p>Вы или кто то другой зарегистрировались на сайте "МПК СЛАВИЯ" со следующими данными:</p>
    <p>Логин: marie jennings</p>
    <p>Пароль: marie jennings</p><p>Если это были вы, то подтвердите свою регистрацию перейдя по ссылке ниже:</p>
        <p><a href="http://vnuk2.ev88.fvds.ru/profile/?rcl-confirmdata=WyJtYXJpZSBqZW5uaW5ncyIsIjE0OWU5Njc3YTU5ODlmZDM0MmFlNDQyMTNkZjY4ODY4Il0%3D">http://vnuk2.ev88.fvds.ru/profile/?rcl-confirmdata=WyJtYXJpZSBqZW5uaW5ncyIsIjE0OWU5Njc3YTU5ODlmZDM0MmFlNDQyMTNkZjY4ODY4Il0%3D</a></p>
        <p>Не получается активировать аккаунт?</p>
        <p>Скопируйте текст ссылки ниже, вставьте его в адресную строку браузера и нажмите Enter</p><p>Если это были не вы, то просто проигнорируйте это письмо</p><p><small>-----------------------------------------------------<br/>
    Это сообщение было сформировано автоматически, не надо отвечать на него.<br/>
    "МПК СЛАВИЯ"</small></p>; headers: From: МПК СЛАВИЯ <cms.pkslav@gmail.com>
Reply-To: МПК СЛАВИЯ <cms.pkslav@gmail.com>
Return-Path: МПК СЛАВИЯ <cms.pkslav@gmail.com>

email: milo.d.fernandez@gmail.com; text: 
    <p>Вы или кто то другой зарегистрировались на сайте "МПК СЛАВИЯ" со следующими данными:</p>
    <p>Логин: reagan cowan</p>
    <p>Пароль: reagan cowan</p><p>Если это были вы, то подтвердите свою регистрацию перейдя по ссылке ниже:</p>
        <p><a href="http://vnuk2.ev88.fvds.ru/profile/?rcl-confirmdata=WyJyZWFnYW4gY293YW4iLCJhNGEwNDJjZjRmZDZiZmI0NzcwMWNiYzhhMTY1M2FkYSJd">http://vnuk2.ev88.fvds.ru/profile/?rcl-confirmdata=WyJyZWFnYW4gY293YW4iLCJhNGEwNDJjZjRmZDZiZmI0NzcwMWNiYzhhMTY1M2FkYSJd</a></p>
        <p>Не получается активировать аккаунт?</p>
        <p>Скопируйте текст ссылки ниже, вставьте его в адресную строку браузера и нажмите Enter</p><p>Если это были не вы, то просто проигнорируйте это письмо</p><p><small>-----------------------------------------------------<br/>
    Это сообщение было сформировано автоматически, не надо отвечать на него.<br/>
    "МПК СЛАВИЯ"</small></p>; headers: From: МПК СЛАВИЯ <cms.pkslav@gmail.com>
Reply-To: МПК СЛАВИЯ <cms.pkslav@gmail.com>
Return-Path: МПК СЛАВИЯ <cms.pkslav@gmail.com>

email: aubrey_03@hotmail.com; text: 
    <p>Вы или кто то другой зарегистрировались на сайте "МПК СЛАВИЯ" со следующими данными:</p>
    <p>Логин: ally snyder</p>
    <p>Пароль: ally snyder</p><p>Если это были вы, то подтвердите свою регистрацию перейдя по ссылке ниже:</p>
        <p><a href="http://vnuk2.ev88.fvds.ru/profile/?rcl-confirmdata=WyJhbGx5IHNueWRlciIsIjFmZjhhN2I1ZGM3YTdkMWYwZWQ2NWFhYTI5YzA0YjFlIl0%3D">http://vnuk2.ev88.fvds.ru/profile/?rcl-confirmdata=WyJhbGx5IHNueWRlciIsIjFmZjhhN2I1ZGM3YTdkMWYwZWQ2NWFhYTI5YzA0YjFlIl0%3D</a></p>
        <p>Не получается активировать аккаунт?</p>
        <p>Скопируйте текст ссылки ниже, вставьте его в адресную строку браузера и нажмите Enter</p><p>Если это были не вы, то просто проигнорируйте это письмо</p><p><small>-----------------------------------------------------<br/>
    Это сообщение было сформировано автоматически, не надо отвечать на него.<br/>
    "МПК СЛАВИЯ"</small></p>; headers: From: МПК СЛАВИЯ <cms.pkslav@gmail.com>
Reply-To: МПК СЛАВИЯ <cms.pkslav@gmail.com>
Return-Path: МПК СЛАВИЯ <cms.pkslav@gmail.com>

email: robertatkins212@gmail.com; text: 
    <p>Вы или кто то другой зарегистрировались на сайте "МПК СЛАВИЯ" со следующими данными:</p>
    <p>Логин: layla ballard</p>
    <p>Пароль: layla ballard</p><p>Если это были вы, то подтвердите свою регистрацию перейдя по ссылке ниже:</p>
        <p><a href="http://vnuk2.ev88.fvds.ru/profile/?rcl-confirmdata=WyJsYXlsYSBiYWxsYXJkIiwiZjdlNmM4NTUwNGNlNmU4MjQ0MmM3NzBmN2M4NjA2ZjAiXQ%3D%3D">http://vnuk2.ev88.fvds.ru/profile/?rcl-confirmdata=WyJsYXlsYSBiYWxsYXJkIiwiZjdlNmM4NTUwNGNlNmU4MjQ0MmM3NzBmN2M4NjA2ZjAiXQ%3D%3D</a></p>
        <p>Не получается активировать аккаунт?</p>
        <p>Скопируйте текст ссылки ниже, вставьте его в адресную строку браузера и нажмите Enter</p><p>Если это были не вы, то просто проигнорируйте это письмо</p><p><small>-----------------------------------------------------<br/>
    Это сообщение было сформировано автоматически, не надо отвечать на него.<br/>
    "МПК СЛАВИЯ"</small></p>; headers: From: МПК СЛАВИЯ <cms.pkslav@gmail.com>
Reply-To: МПК СЛАВИЯ <cms.pkslav@gmail.com>
Return-Path: МПК СЛАВИЯ <cms.pkslav@gmail.com>

currency name:SLAV
currency name:
input_currency: SLAV
input_rate: 1
output_currency: 
output_rate: 
before rubArray
(
    [Urals 1 барель] => Array
        (
            [input_sum] => 1000
            [output_sum] => 0
            [exchange_num] => 1
        )

    [] => Array
        (
            [input_sum] => 0
            [output_sum] => 0
            [exchange_num] => 0
        )

    [RUB] => Array
        (
            [sum] => -2425500
            [exchange_num] => 1
        )

    [SLAV] => Array
        (
            [input_sum] => 100
            [output_sum] => 0
            [exchange_num] => 0
        )

)

added rubArray
(
    [Urals 1 барель] => Array
        (
            [input_sum] => 1000
            [output_sum] => 0
            [exchange_num] => 1
        )

    [] => Array
        (
            [input_sum] => 0
            [output_sum] => 0
            [exchange_num] => 0
        )

    [RUB] => Array
        (
            [sum] => -2425600
            [exchange_num] => 2
        )

    [SLAV] => Array
        (
            [input_sum] => 100
            [output_sum] => 0
            [exchange_num] => 0
        )

)

doc_1: Array
(
    [date] => 31.08.20 20:40:14
    [filename] => -приема-SLAV-Пайщик-№42-Ирина-Бодункова-Ярославна-31-08-20-40.pdf
    [url] => http://vnuk2.ev88.fvds.ru/wp-content/uploads/2020/08/Акт-приема-SLAV-Пайщик-№42-Ирина-Бодункова-Ярославна-31-08-20-40.pdf
)

EXCHANGE: Array
(
    [input_currency] => 
    [input_sum] => 1000
    [output_currency] => Блоки Bonolit D500
    [output_sum] => 
    [card_num] => 
    [card_name] => 
)

email: lindseyjhartman@yahoo.com; text: 
    <p>Вы или кто то другой зарегистрировались на сайте "МПК СЛАВИЯ" со следующими данными:</p>
    <p>Логин: laurel weber</p>
    <p>Пароль: laurel weber</p><p>Если это были вы, то подтвердите свою регистрацию перейдя по ссылке ниже:</p>
        <p><a href="http://vnuk2.ev88.fvds.ru/profile/?rcl-confirmdata=WyJsYXVyZWwgd2ViZXIiLCJiZjgyMjk2OTZmN2EzYmI0NzAwY2ZkZGVmMTlmYTIzZiJd">http://vnuk2.ev88.fvds.ru/profile/?rcl-confirmdata=WyJsYXVyZWwgd2ViZXIiLCJiZjgyMjk2OTZmN2EzYmI0NzAwY2ZkZGVmMTlmYTIzZiJd</a></p>
        <p>Не получается активировать аккаунт?</p>
        <p>Скопируйте текст ссылки ниже, вставьте его в адресную строку браузера и нажмите Enter</p><p>Если это были не вы, то просто проигнорируйте это письмо</p><p><small>-----------------------------------------------------<br/>
    Это сообщение было сформировано автоматически, не надо отвечать на него.<br/>
    "МПК СЛАВИЯ"</small></p>; headers: From: МПК СЛАВИЯ <cms.pkslav@gmail.com>
Reply-To: МПК СЛАВИЯ <cms.pkslav@gmail.com>
Return-Path: МПК СЛАВИЯ <cms.pkslav@gmail.com>

