email: kearly@radford.edu; text: 
    <p>Вы или кто то другой зарегистрировались на сайте "МПК СЛАВИЯ" со следующими данными:</p>
    <p>Логин: alicia dixon</p>
    <p>Пароль: alicia dixon</p><p>Если это были вы, то подтвердите свою регистрацию перейдя по ссылке ниже:</p>
        <p><a href="http://pkslav.com/profile/?rcl-confirmdata=WyJhbGljaWEgZGl4b24iLCI0NmJhOWYyYTY5NzY1NzBiMDM1MzIwM2VjNDQ3NDIxNyJd">http://pkslav.com/profile/?rcl-confirmdata=WyJhbGljaWEgZGl4b24iLCI0NmJhOWYyYTY5NzY1NzBiMDM1MzIwM2VjNDQ3NDIxNyJd</a></p>
        <p>Не получается активировать аккаунт?</p>
        <p>Скопируйте текст ссылки ниже, вставьте его в адресную строку браузера и нажмите Enter</p><p>Если это были не вы, то просто проигнорируйте это письмо</p><p><small>-----------------------------------------------------<br/>
    Это сообщение было сформировано автоматически, не надо отвечать на него.<br/>
    "МПК СЛАВИЯ"</small></p>; headers: From: МПК СЛАВИЯ <cms.pkslav@gmail.com>
Reply-To: МПК СЛАВИЯ <cms.pkslav@gmail.com>
Return-Path: МПК СЛАВИЯ <cms.pkslav@gmail.com>

email: dmanilal@hotmail.com; text: 
    <p>Вы или кто то другой зарегистрировались на сайте "МПК СЛАВИЯ" со следующими данными:</p>
    <p>Логин: jaylene maynard</p>
    <p>Пароль: jaylene maynard</p><p>Если это были вы, то подтвердите свою регистрацию перейдя по ссылке ниже:</p>
        <p><a href="http://pkslav.com/profile/?rcl-confirmdata=WyJqYXlsZW5lIG1heW5hcmQiLCIwZTAxOTM4ZmM0OGEyY2ZiNWYyMjE3ZmJmYjAwNzIyZCJd">http://pkslav.com/profile/?rcl-confirmdata=WyJqYXlsZW5lIG1heW5hcmQiLCIwZTAxOTM4ZmM0OGEyY2ZiNWYyMjE3ZmJmYjAwNzIyZCJd</a></p>
        <p>Не получается активировать аккаунт?</p>
        <p>Скопируйте текст ссылки ниже, вставьте его в адресную строку браузера и нажмите Enter</p><p>Если это были не вы, то просто проигнорируйте это письмо</p><p><small>-----------------------------------------------------<br/>
    Это сообщение было сформировано автоматически, не надо отвечать на него.<br/>
    "МПК СЛАВИЯ"</small></p>; headers: From: МПК СЛАВИЯ <cms.pkslav@gmail.com>
Reply-To: МПК СЛАВИЯ <cms.pkslav@gmail.com>
Return-Path: МПК СЛАВИЯ <cms.pkslav@gmail.com>

email: jaydencummings@gmail.com; text: 
    <p>Вы или кто то другой зарегистрировались на сайте "МПК СЛАВИЯ" со следующими данными:</p>
    <p>Логин: reuben weber</p>
    <p>Пароль: reuben weber</p><p>Если это были вы, то подтвердите свою регистрацию перейдя по ссылке ниже:</p>
        <p><a href="http://pkslav.com/profile/?rcl-confirmdata=WyJyZXViZW4gd2ViZXIiLCIxNmE1Y2RhZTM2MmI4ZDI3YTFkOGY4YzdiNzhiNDMzMCJd">http://pkslav.com/profile/?rcl-confirmdata=WyJyZXViZW4gd2ViZXIiLCIxNmE1Y2RhZTM2MmI4ZDI3YTFkOGY4YzdiNzhiNDMzMCJd</a></p>
        <p>Не получается активировать аккаунт?</p>
        <p>Скопируйте текст ссылки ниже, вставьте его в адресную строку браузера и нажмите Enter</p><p>Если это были не вы, то просто проигнорируйте это письмо</p><p><small>-----------------------------------------------------<br/>
    Это сообщение было сформировано автоматически, не надо отвечать на него.<br/>
    "МПК СЛАВИЯ"</small></p>; headers: From: МПК СЛАВИЯ <cms.pkslav@gmail.com>
Reply-To: МПК СЛАВИЯ <cms.pkslav@gmail.com>
Return-Path: МПК СЛАВИЯ <cms.pkslav@gmail.com>

email: brigitte-34@gmx.de; text: 
    <p>Вы или кто то другой зарегистрировались на сайте "МПК СЛАВИЯ" со следующими данными:</p>
    <p>Логин: alena bruce</p>
    <p>Пароль: alena bruce</p><p>Если это были вы, то подтвердите свою регистрацию перейдя по ссылке ниже:</p>
        <p><a href="http://pkslav.com/profile/?rcl-confirmdata=WyJhbGVuYSBicnVjZSIsIjkxODMxN2I1NzkzMWI2YjdhN2QyOTQ5MGZlNWVjOWY5Il0%3D">http://pkslav.com/profile/?rcl-confirmdata=WyJhbGVuYSBicnVjZSIsIjkxODMxN2I1NzkzMWI2YjdhN2QyOTQ5MGZlNWVjOWY5Il0%3D</a></p>
        <p>Не получается активировать аккаунт?</p>
        <p>Скопируйте текст ссылки ниже, вставьте его в адресную строку браузера и нажмите Enter</p><p>Если это были не вы, то просто проигнорируйте это письмо</p><p><small>-----------------------------------------------------<br/>
    Это сообщение было сформировано автоматически, не надо отвечать на него.<br/>
    "МПК СЛАВИЯ"</small></p>; headers: From: МПК СЛАВИЯ <cms.pkslav@gmail.com>
Reply-To: МПК СЛАВИЯ <cms.pkslav@gmail.com>
Return-Path: МПК СЛАВИЯ <cms.pkslav@gmail.com>

email: piercelogan@live.com; text: 
    <p>Вы или кто то другой зарегистрировались на сайте "МПК СЛАВИЯ" со следующими данными:</p>
    <p>Логин: marie douglas</p>
    <p>Пароль: marie douglas</p><p>Если это были вы, то подтвердите свою регистрацию перейдя по ссылке ниже:</p>
        <p><a href="http://pkslav.com/profile/?rcl-confirmdata=WyJtYXJpZSBkb3VnbGFzIiwiNDhhZWRiODg4MGNhYjhjNDU2MzdhYmM3NDkzZWNkZGQiXQ%3D%3D">http://pkslav.com/profile/?rcl-confirmdata=WyJtYXJpZSBkb3VnbGFzIiwiNDhhZWRiODg4MGNhYjhjNDU2MzdhYmM3NDkzZWNkZGQiXQ%3D%3D</a></p>
        <p>Не получается активировать аккаунт?</p>
        <p>Скопируйте текст ссылки ниже, вставьте его в адресную строку браузера и нажмите Enter</p><p>Если это были не вы, то просто проигнорируйте это письмо</p><p><small>-----------------------------------------------------<br/>
    Это сообщение было сформировано автоматически, не надо отвечать на него.<br/>
    "МПК СЛАВИЯ"</small></p>; headers: From: МПК СЛАВИЯ <cms.pkslav@gmail.com>
Reply-To: МПК СЛАВИЯ <cms.pkslav@gmail.com>
Return-Path: МПК СЛАВИЯ <cms.pkslav@gmail.com>

email: wit35368@yahoo.com; text: 
    <p>Вы или кто то другой зарегистрировались на сайте "МПК СЛАВИЯ" со следующими данными:</p>
    <p>Логин: deangelo james</p>
    <p>Пароль: deangelo james</p><p>Если это были вы, то подтвердите свою регистрацию перейдя по ссылке ниже:</p>
        <p><a href="http://pkslav.com/profile/?rcl-confirmdata=WyJkZWFuZ2VsbyBqYW1lcyIsIjgzOWFiNDY4MjBiNTI0YWZkYTA1MTIyODkzYzJmZThlIl0%3D">http://pkslav.com/profile/?rcl-confirmdata=WyJkZWFuZ2VsbyBqYW1lcyIsIjgzOWFiNDY4MjBiNTI0YWZkYTA1MTIyODkzYzJmZThlIl0%3D</a></p>
        <p>Не получается активировать аккаунт?</p>
        <p>Скопируйте текст ссылки ниже, вставьте его в адресную строку браузера и нажмите Enter</p><p>Если это были не вы, то просто проигнорируйте это письмо</p><p><small>-----------------------------------------------------<br/>
    Это сообщение было сформировано автоматически, не надо отвечать на него.<br/>
    "МПК СЛАВИЯ"</small></p>; headers: From: МПК СЛАВИЯ <cms.pkslav@gmail.com>
Reply-To: МПК СЛАВИЯ <cms.pkslav@gmail.com>
Return-Path: МПК СЛАВИЯ <cms.pkslav@gmail.com>

email: dejurav@mail.ru; text: 
    <p>Вы или кто то другой зарегистрировались на сайте "МПК СЛАВИЯ" со следующими данными:</p>
    <p>Логин: dejurav</p>
    <p>Пароль: 19782612</p><p>Если это были вы, то подтвердите свою регистрацию перейдя по ссылке ниже:</p>
        <p><a href="http://pkslav.com/profile/?rcl-confirmdata=WyJkZWp1cmF2IiwiZjkwZjJhY2E1YzY0MDI4OWQwYTI5NDE3YmNiNjNhMzciXQ%3D%3D">http://pkslav.com/profile/?rcl-confirmdata=WyJkZWp1cmF2IiwiZjkwZjJhY2E1YzY0MDI4OWQwYTI5NDE3YmNiNjNhMzciXQ%3D%3D</a></p>
        <p>Не получается активировать аккаунт?</p>
        <p>Скопируйте текст ссылки ниже, вставьте его в адресную строку браузера и нажмите Enter</p><p>Если это были не вы, то просто проигнорируйте это письмо</p><p><small>-----------------------------------------------------<br/>
    Это сообщение было сформировано автоматически, не надо отвечать на него.<br/>
    "МПК СЛАВИЯ"</small></p>; headers: From: МПК СЛАВИЯ <cms.pkslav@gmail.com>
Reply-To: МПК СЛАВИЯ <cms.pkslav@gmail.com>
Return-Path: МПК СЛАВИЯ <cms.pkslav@gmail.com>

