host:vnuk2.ev88.fvds.ru
filename:Акт приема PRIZM-63-05-05-20-43.pdf
filename:Акт возврата паевого взноса RUB-63-05-05-20-43.pdf
filename:Акт приема PRIZM-6-05-05-20-44.pdf
filename:Акт возврата паевого взноса RUB-6-05-05-20-44.pdf
email: behoyo5566@tgres24.com; text: 
    <p>Вы или кто то другой зарегистрировались на сайте "МПК СЛАВИЯ" со следующими данными:</p>
    <p>Логин: ccc</p>
    <p>Пароль: ccc</p><p>Если это были вы, то подтвердите свою регистрацию перейдя по ссылке ниже:</p>
        <p><a href="http://vnuk2.ev88.fvds.ru/profile/?rcl-confirmdata=WyJjY2MiLCJmYmQ3OTM5ZDY3NDk5N2NkYjQ2OTJkMzRkZTg2MzNjNCJd">http://vnuk2.ev88.fvds.ru/profile/?rcl-confirmdata=WyJjY2MiLCJmYmQ3OTM5ZDY3NDk5N2NkYjQ2OTJkMzRkZTg2MzNjNCJd</a></p>
        <p>Не получается активировать аккаунт?</p>
        <p>Скопируйте текст ссылки ниже, вставьте его в адресную строку браузера и нажмите Enter</p><p>Если это были не вы, то просто проигнорируйте это письмо</p><p><small>-----------------------------------------------------<br/>
    Это сообщение было сформировано автоматически, не надо отвечать на него.<br/>
    "МПК СЛАВИЯ"</small></p>; headers: From: МПК СЛАВИЯ <cms.pkslav@gmail.com>
Reply-To: МПК СЛАВИЯ <cms.pkslav@gmail.com>
Return-Path: МПК СЛАВИЯ <cms.pkslav@gmail.com>

email: behoyo5566@tgres24.com; text: <p>Ваш профиль был успешно верифицирован и теперь вы сможете совершать операции по обмену.</p><p>Перейдите на сайт vnuk2.ev88.fvds.ru, чтобы начать совершать операции.</p><p><small>-----------------------------------------------------<br/>
    Это сообщение было сформировано автоматически, не надо отвечать на него.<br/>
    "МПК СЛАВИЯ"</small></p>; headers: From: МПК СЛАВИЯ <cms.pkslav@gmail.com>
Reply-To: МПК СЛАВИЯ <cms.pkslav@gmail.com>
Return-Path: МПК СЛАВИЯ <cms.pkslav@gmail.com>

ref_host: 63
ref_host: 63
