order:Array
(
    [paymentSystem] => VISA
    [merchantShortName] => slv
    [merchantLogin] => slv
    [approvalCode] => 123456
    [orderNumber] => 4022
    [backUrl] => https://3dsec.sberbank.ru/payment/docsite/finish_modal.html?orderId=96bb28c2-f98e-7242-b030-be6d5e2dc596&lang=ru
    [failUrl] => https://3dsec.sberbank.ru/payment/docsite/finish_modal.html?orderId=96bb28c2-f98e-7242-b030-be6d5e2dc596&lang=ru
    [terminalId] => 123456
    [orderDescription] => 
    [merchantFullName] => SLV
    [transDate] => 01.02.2020 13:28:08
    [digest] => F92E54C222DF1311AEC3A62C4147910920892FBF67319A2D7A0B9D92C018B4ED
    [currency] => 643
    [expiry] => 12/2024
    [formattedAmount] => 50.00
    [actionCodeDescription] => 
    [formattedFeeAmount] => 0.00
    [email] => lonan63988@hiwave.org
    [amount] => 5000
    [merchantCode] => 12345678
    [ip] => 188.242.105.111
    [panMasked] => 411111**1111
    [successUrl] => https://3dsec.sberbank.ru/payment/docsite/finish_modal.html?orderId=96bb28c2-f98e-7242-b030-be6d5e2dc596&lang=ru
    [processingErrorType] => Array
        (
            [value] => NO_ERROR
            [messageCode] => payment.errors.no_error
        )

    [panMasked4digits] => **** **** **** 1111
    [errorTypeName] => SUCCESS
    [feeAmount] => 0
    [orderExpired] => false
    [refNum] => 801180504264
    [finishPageLogin] => sbersafe
    [cardholderName] => CARD HOLDER
    [paymentDate] => 01.02.2020 13:28:14
    [merchantUrl] => http://slv.a99953zd.beget.tech/
    [status] => DEPOSITED
)

_________________________________
sberbank_digest:F92E54C222DF1311AEC3A62C4147910920892FBF67319A2D7A0B9D92C018B4ED
checksum_before_hashing:DEPOSITED50.006431234564022411111**111180118050426401.02.2020 13:28:140.00uaihtrgiuira6q765uh71222j8
hmac_sha256 hash: 9c1f05bb3763e1440223d69f871b23e726f5fae864be23fb242a052d5a86219d
usual sha256 hash: 1c780b80455c537298d09443e6306337479bc9a6242e145ca60fee221e73672e
_________________________________
field_before:Array
(
    [slug] => user_email
    [title] => E-mail
    [type] => email
    [required] => 1
)

field_after:Array
(
    [slug] => user_email
    [title] => E-mail
    [type] => email
    [required] => 1
)

field_before:Array
(
    [slug] => primary_pass
    [title] => Новый пароль
    [type] => password
    [required] => 0
    [notice] => Если вы хотите сменить пароль - введите новый
)

field_after:Array
(
    [slug] => primary_pass
    [title] => Новый пароль
    [type] => password
    [required] => 0
    [notice] => Если вы хотите сменить пароль - введите новый
)

field_before:Array
(
    [slug] => repeat_pass
    [title] => Повтор пароля
    [type] => password
    [required] => 0
    [notice] => Повтор нового пароля
)

field_after:Array
(
    [slug] => repeat_pass
    [title] => Повтор пароля
    [type] => password
    [required] => 0
    [notice] => Повтор нового пароля
)

field_before:Array
(
    [type] => tel
    [slug] => user_phone
    [title] => Телефон
)

field_after:Array
(
    [type] => tel
    [slug] => user_phone
    [title] => Телефон
)

field_before:Array
(
    [type] => url
    [slug] => user_ref_link
    [title] => Реферальная ссылка
)

field_after:Array
(
    [type] => url
    [slug] => user_ref_link
    [title] => Реферальная ссылка
)

field_before:Array
(
    [type] => text
    [slug] => client_num
    [title] => Номер пайщика
)

field_after:Array
(
    [type] => text
    [slug] => client_num
    [title] => Номер пайщика
)

field_before:Array
(
    [type] => text
    [slug] => prizm_address
    [title] => Адрес PRIZM
)

field_after:Array
(
    [type] => text
    [slug] => prizm_address
    [title] => Адрес PRIZM
)

field_before:Array
(
    [type] => text
    [slug] => prizm_public_key
    [title] => Публичный ключ
)

field_after:Array
(
    [type] => text
    [slug] => prizm_public_key
    [title] => Публичный ключ
)

field_before:Array
(
    [type] => text
    [slug] => waves_address
    [title] => Адрес Waves
)

field_after:Array
(
    [type] => text
    [slug] => waves_address
    [title] => Адрес Waves
)

field_before:Array
(
    [type] => text
    [slug] => is_verified
    [title] => Верификация профиля
)

field_after:Array
(
    [type] => text
    [slug] => is_verified
    [title] => Верификация профиля
)

field_before:Array
(
    [type] => custom
    [slug] => verification
    [title] => Данные верификации
    [content] => 
)

field_after:Array
(
    [type] => custom
    [slug] => verification
    [title] => Данные верификации
    [content] => 
)

field_before:Array
(
    [type] => custom
    [slug] => passport_photos
    [title] => Фото паспорта
    [content] => 
)

field_after:Array
(
    [type] => custom
    [slug] => passport_photos
    [title] => Фото паспорта
    [content] => 
)

field_before:Array
(
    [type] => custom
    [slug] => user_documents
    [title] => Документы пользователя
    [content] => 
)

field_after:Array
(
    [type] => custom
    [slug] => user_documents
    [title] => Документы пользователя
    [content] => 
)

host_user: WP_User Object
(
    [data] => stdClass Object
        (
            [ID] => 1
            [user_login] => admin
            [user_pass] => $P$BStwgUW/Ell/MLAUxlhHDVeau/lTEv0
            [user_nicename] => admin
            [user_email] => cms.pkslav@gmail.com
            [user_url] => 
            [user_registered] => 2019-12-23 16:51:45
            [user_activation_key] => 
            [user_status] => 0
            [display_name] => admin
        )

    [ID] => 1
    [caps] => Array
        (
            [administrator] => 1
            [edit_wplc_quick_response] => 1
            [edit_other_wplc_quick_response] => 1
            [publish_wplc_quick_response] => 1
            [read_wplc_quick_response] => 1
            [read_private_wplc_quick_response] => 1
            [delete_wplc_quick_response] => 1
        )

    [cap_key] => wp_capabilities
    [roles] => Array
        (
            [0] => administrator
        )

    [allcaps] => Array
        (
            [switch_themes] => 1
            [edit_themes] => 1
            [activate_plugins] => 1
            [edit_plugins] => 1
            [edit_users] => 1
            [edit_files] => 1
            [manage_options] => 1
            [moderate_comments] => 1
            [manage_categories] => 1
            [manage_links] => 1
            [upload_files] => 1
            [import] => 1
            [unfiltered_html] => 1
            [edit_posts] => 1
            [edit_others_posts] => 1
            [edit_published_posts] => 1
            [publish_posts] => 1
            [edit_pages] => 1
            [read] => 1
            [level_10] => 1
            [level_9] => 1
            [level_8] => 1
            [level_7] => 1
            [level_6] => 1
            [level_5] => 1
            [level_4] => 1
            [level_3] => 1
            [level_2] => 1
            [level_1] => 1
            [level_0] => 1
            [edit_others_pages] => 1
            [edit_published_pages] => 1
            [publish_pages] => 1
            [delete_pages] => 1
            [delete_others_pages] => 1
            [delete_published_pages] => 1
            [delete_posts] => 1
            [delete_others_posts] => 1
            [delete_published_posts] => 1
            [delete_private_posts] => 1
            [edit_private_posts] => 1
            [read_private_posts] => 1
            [delete_private_pages] => 1
            [edit_private_pages] => 1
            [read_private_pages] => 1
            [delete_users] => 1
            [create_users] => 1
            [unfiltered_upload] => 1
            [edit_dashboard] => 1
            [update_plugins] => 1
            [delete_plugins] => 1
            [install_plugins] => 1
            [update_themes] => 1
            [install_themes] => 1
            [update_core] => 1
            [list_users] => 1
            [remove_users] => 1
            [promote_users] => 1
            [edit_theme_options] => 1
            [delete_themes] => 1
            [export] => 1
            [manage_woocommerce] => 1
            [view_woocommerce_reports] => 1
            [edit_product] => 1
            [read_product] => 1
            [delete_product] => 1
            [edit_products] => 1
            [edit_others_products] => 1
            [publish_products] => 1
            [read_private_products] => 1
            [delete_products] => 1
            [delete_private_products] => 1
            [delete_published_products] => 1
            [delete_others_products] => 1
            [edit_private_products] => 1
            [edit_published_products] => 1
            [manage_product_terms] => 1
            [edit_product_terms] => 1
            [delete_product_terms] => 1
            [assign_product_terms] => 1
            [edit_shop_order] => 1
            [read_shop_order] => 1
            [delete_shop_order] => 1
            [edit_shop_orders] => 1
            [edit_others_shop_orders] => 1
            [publish_shop_orders] => 1
            [read_private_shop_orders] => 1
            [delete_shop_orders] => 1
            [delete_private_shop_orders] => 1
            [delete_published_shop_orders] => 1
            [delete_others_shop_orders] => 1
            [edit_private_shop_orders] => 1
            [edit_published_shop_orders] => 1
            [manage_shop_order_terms] => 1
            [edit_shop_order_terms] => 1
            [delete_shop_order_terms] => 1
            [assign_shop_order_terms] => 1
            [edit_shop_coupon] => 1
            [read_shop_coupon] => 1
            [delete_shop_coupon] => 1
            [edit_shop_coupons] => 1
            [edit_others_shop_coupons] => 1
            [publish_shop_coupons] => 1
            [read_private_shop_coupons] => 1
            [delete_shop_coupons] => 1
            [delete_private_shop_coupons] => 1
            [delete_published_shop_coupons] => 1
            [delete_others_shop_coupons] => 1
            [edit_private_shop_coupons] => 1
            [edit_published_shop_coupons] => 1
            [manage_shop_coupon_terms] => 1
            [edit_shop_coupon_terms] => 1
            [delete_shop_coupon_terms] => 1
            [assign_shop_coupon_terms] => 1
            [ure_edit_roles] => 1
            [ure_create_roles] => 1
            [ure_delete_roles] => 1
            [ure_create_capabilities] => 1
            [ure_delete_capabilities] => 1
            [ure_manage_options] => 1
            [ure_reset_roles] => 1
            [edit_wplc_quick_response] => 1
            [edit_other_wplc_quick_response] => 1
            [publish_wplc_quick_response] => 1
            [read_wplc_quick_response] => 1
            [read_private_wplc_quick_response] => 1
            [delete_wplc_quick_response] => 1
            [wplc_ma_agent] => 1
            [administrator] => 1
        )

    [filter] => 
    [site_id:WP_User:private] => 1
)

------------------------------------------
new_user: WP_User Object
(
    [data] => stdClass Object
        (
            [ID] => 18
            [user_login] => ccc
            [user_pass] => $P$BTo6Qc1JnrnuPAVdrZMvYLZHjJ1ZCm.
            [user_nicename] => ccc
            [user_email] => lonan63988@hiwave.org
            [user_url] => 
            [user_registered] => 2020-02-01 13:43:41
            [user_activation_key] => 
            [user_status] => 0
            [display_name] => ccc
        )

    [ID] => 18
    [caps] => Array
        (
            [need-confirm] => 1
        )

    [cap_key] => wp_capabilities
    [roles] => Array
        (
            [0] => need-confirm
        )

    [allcaps] => Array
        (
            [read] => 1
            [read_private_pages] => 1
            [read_private_posts] => 1
            [read_product] => 1
            [upload_files] => 1
            [need-confirm] => 1
        )

    [filter] => 
    [site_id:WP_User:private] => 1
)

host_user: WP_User Object
(
    [data] => stdClass Object
        (
            [ID] => 6
            [user_login] => dart1
            [user_pass] => $P$BtqXD.Ntsm7IOPOSIgnP1.RcFdgPcL/
            [user_nicename] => dart1
            [user_email] => wejer78026@sammail.ws
            [user_url] => 
            [user_registered] => 2020-01-07 15:01:01
            [user_activation_key] => 
            [user_status] => 0
            [display_name] => Петров Петр Петрович
        )

    [ID] => 6
    [caps] => Array
        (
            [author] => 1
            [manager] => 1
        )

    [cap_key] => wp_capabilities
    [roles] => Array
        (
            [1] => manager
        )

    [allcaps] => Array
        (
            [assign_product_terms] => 1
            [assign_shop_coupon_terms] => 1
            [assign_shop_order_terms] => 1
            [create_posts] => 1
            [delete_others_pages] => 1
            [delete_others_posts] => 1
            [delete_others_products] => 1
            [delete_others_shop_coupons] => 1
            [delete_others_shop_orders] => 1
            [delete_posts] => 1
            [delete_private_posts] => 1
            [delete_private_products] => 1
            [delete_private_shop_coupons] => 1
            [delete_private_shop_orders] => 1
            [delete_product] => 1
            [delete_product_terms] => 1
            [delete_products] => 1
            [delete_published_posts] => 1
            [delete_published_products] => 1
            [delete_published_shop_coupons] => 1
            [delete_published_shop_orders] => 1
            [delete_shop_coupon] => 1
            [delete_shop_coupon_terms] => 1
            [delete_shop_coupons] => 1
            [delete_shop_order] => 1
            [delete_shop_order_terms] => 1
            [delete_shop_orders] => 1
            [edit_others_posts] => 1
            [edit_others_products] => 1
            [edit_others_shop_coupons] => 1
            [edit_others_shop_orders] => 1
            [edit_posts] => 1
            [edit_private_posts] => 1
            [edit_private_products] => 1
            [edit_private_shop_coupons] => 1
            [edit_private_shop_orders] => 1
            [edit_product] => 1
            [edit_product_terms] => 1
            [edit_products] => 1
            [edit_published_posts] => 1
            [edit_published_products] => 1
            [edit_published_shop_coupons] => 1
            [edit_published_shop_orders] => 1
            [edit_shop_coupon] => 1
            [edit_shop_coupon_terms] => 1
            [edit_shop_coupons] => 1
            [edit_shop_order] => 1
            [edit_shop_order_terms] => 1
            [edit_shop_orders] => 1
            [export] => 1
            [import] => 1
            [level_0] => 1
            [level_1] => 1
            [level_2] => 1
            [level_3] => 1
            [level_4] => 1
            [level_5] => 1
            [level_6] => 1
            [level_7] => 1
            [level_8] => 1
            [level_9] => 1
            [list_users] => 1
            [manage_categories] => 1
            [manage_links] => 1
            [manage_product_terms] => 1
            [manage_shop_coupon_terms] => 1
            [manage_shop_order_terms] => 1
            [manage_woocommerce] => 1
            [moderate_comments] => 1
            [publish_posts] => 1
            [publish_products] => 1
            [publish_shop_coupons] => 1
            [publish_shop_orders] => 1
            [read_private_pages] => 1
            [read_private_posts] => 1
            [read_private_products] => 1
            [read_private_shop_coupons] => 1
            [read_private_shop_orders] => 1
            [read_product] => 1
            [read_shop_coupon] => 1
            [read_shop_order] => 1
            [upload_files] => 1
            [view_woocommerce_reports] => 1
            [author] => 1
            [manager] => 1
        )

    [filter] => 
    [site_id:WP_User:private] => 1
)

------------------------------------------
new_user: WP_User Object
(
    [data] => stdClass Object
        (
            [ID] => 19
            [user_login] => ccc
            [user_pass] => $P$BHJNPPSzNcEprZS2cTulk/9td0rSA60
            [user_nicename] => ccc
            [user_email] => lonan63988@hiwave.org
            [user_url] => 
            [user_registered] => 2020-02-01 14:01:27
            [user_activation_key] => 
            [user_status] => 0
            [display_name] => ccc
        )

    [ID] => 19
    [caps] => Array
        (
            [need-confirm] => 1
        )

    [cap_key] => wp_capabilities
    [roles] => Array
        (
            [0] => need-confirm
        )

    [allcaps] => Array
        (
            [read] => 1
            [read_private_pages] => 1
            [read_private_posts] => 1
            [read_product] => 1
            [upload_files] => 1
            [need-confirm] => 1
        )

    [filter] => 
    [site_id:WP_User:private] => 1
)

host_user: WP_User Object
(
    [data] => stdClass Object
        (
            [ID] => 6
            [user_login] => dart1
            [user_pass] => $P$BtqXD.Ntsm7IOPOSIgnP1.RcFdgPcL/
            [user_nicename] => dart1
            [user_email] => wejer78026@sammail.ws
            [user_url] => 
            [user_registered] => 2020-01-07 15:01:01
            [user_activation_key] => 
            [user_status] => 0
            [display_name] => Петров Петр Петрович
        )

    [ID] => 6
    [caps] => Array
        (
            [author] => 1
            [manager] => 1
        )

    [cap_key] => wp_capabilities
    [roles] => Array
        (
            [1] => manager
        )

    [allcaps] => Array
        (
            [assign_product_terms] => 1
            [assign_shop_coupon_terms] => 1
            [assign_shop_order_terms] => 1
            [create_posts] => 1
            [delete_others_pages] => 1
            [delete_others_posts] => 1
            [delete_others_products] => 1
            [delete_others_shop_coupons] => 1
            [delete_others_shop_orders] => 1
            [delete_posts] => 1
            [delete_private_posts] => 1
            [delete_private_products] => 1
            [delete_private_shop_coupons] => 1
            [delete_private_shop_orders] => 1
            [delete_product] => 1
            [delete_product_terms] => 1
            [delete_products] => 1
            [delete_published_posts] => 1
            [delete_published_products] => 1
            [delete_published_shop_coupons] => 1
            [delete_published_shop_orders] => 1
            [delete_shop_coupon] => 1
            [delete_shop_coupon_terms] => 1
            [delete_shop_coupons] => 1
            [delete_shop_order] => 1
            [delete_shop_order_terms] => 1
            [delete_shop_orders] => 1
            [edit_others_posts] => 1
            [edit_others_products] => 1
            [edit_others_shop_coupons] => 1
            [edit_others_shop_orders] => 1
            [edit_posts] => 1
            [edit_private_posts] => 1
            [edit_private_products] => 1
            [edit_private_shop_coupons] => 1
            [edit_private_shop_orders] => 1
            [edit_product] => 1
            [edit_product_terms] => 1
            [edit_products] => 1
            [edit_published_posts] => 1
            [edit_published_products] => 1
            [edit_published_shop_coupons] => 1
            [edit_published_shop_orders] => 1
            [edit_shop_coupon] => 1
            [edit_shop_coupon_terms] => 1
            [edit_shop_coupons] => 1
            [edit_shop_order] => 1
            [edit_shop_order_terms] => 1
            [edit_shop_orders] => 1
            [export] => 1
            [import] => 1
            [level_0] => 1
            [level_1] => 1
            [level_2] => 1
            [level_3] => 1
            [level_4] => 1
            [level_5] => 1
            [level_6] => 1
            [level_7] => 1
            [level_8] => 1
            [level_9] => 1
            [list_users] => 1
            [manage_categories] => 1
            [manage_links] => 1
            [manage_product_terms] => 1
            [manage_shop_coupon_terms] => 1
            [manage_shop_order_terms] => 1
            [manage_woocommerce] => 1
            [moderate_comments] => 1
            [publish_posts] => 1
            [publish_products] => 1
            [publish_shop_coupons] => 1
            [publish_shop_orders] => 1
            [read_private_pages] => 1
            [read_private_posts] => 1
            [read_private_products] => 1
            [read_private_shop_coupons] => 1
            [read_private_shop_orders] => 1
            [read_product] => 1
            [read_shop_coupon] => 1
            [read_shop_order] => 1
            [upload_files] => 1
            [view_woocommerce_reports] => 1
            [author] => 1
            [manager] => 1
        )

    [filter] => 
    [site_id:WP_User:private] => 1
)

------------------------------------------
new_user: WP_User Object
(
    [data] => stdClass Object
        (
            [ID] => 20
            [user_login] => ddd
            [user_pass] => $P$BjYbHwsYE2CYwLyl8WtI.VccGTXnrx/
            [user_nicename] => ddd
            [user_email] => garzazilma@enayu.com
            [user_url] => 
            [user_registered] => 2020-02-01 14:06:29
            [user_activation_key] => 
            [user_status] => 0
            [display_name] => ddd
        )

    [ID] => 20
    [caps] => Array
        (
            [need-confirm] => 1
        )

    [cap_key] => wp_capabilities
    [roles] => Array
        (
            [0] => need-confirm
        )

    [allcaps] => Array
        (
            [read] => 1
            [read_private_pages] => 1
            [read_private_posts] => 1
            [read_product] => 1
            [upload_files] => 1
            [need-confirm] => 1
        )

    [filter] => 
    [site_id:WP_User:private] => 1
)

order:Array
(
    [paymentSystem] => VISA
    [merchantShortName] => slv
    [merchantLogin] => slv
    [approvalCode] => 123456
    [orderNumber] => 4023
    [backUrl] => https://3dsec.sberbank.ru/payment/docsite/finish_modal.html?orderId=f04a9e2a-a32f-7941-ba3c-403d5e2dc596&lang=ru
    [failUrl] => https://3dsec.sberbank.ru/payment/docsite/finish_modal.html?orderId=f04a9e2a-a32f-7941-ba3c-403d5e2dc596&lang=ru
    [terminalId] => 123456
    [orderDescription] => 
    [merchantFullName] => SLV
    [transDate] => 01.02.2020 18:09:34
    [digest] => 63AFEFAF57C36E2C6C460AF868C265D7ED1290FCD5AE44747CFF1C73BCA8BE28
    [currency] => 643
    [expiry] => 12/2024
    [formattedAmount] => 50.00
    [actionCodeDescription] => 
    [formattedFeeAmount] => 0.00
    [email] => lonan63988@hiwave.org
    [amount] => 5000
    [merchantCode] => 12345678
    [ip] => 188.242.105.111
    [panMasked] => 411111**1111
    [successUrl] => https://3dsec.sberbank.ru/payment/docsite/finish_modal.html?orderId=f04a9e2a-a32f-7941-ba3c-403d5e2dc596&lang=ru
    [processingErrorType] => Array
        (
            [value] => NO_ERROR
            [messageCode] => payment.errors.no_error
        )

    [panMasked4digits] => **** **** **** 1111
    [errorTypeName] => SUCCESS
    [feeAmount] => 0
    [orderExpired] => false
    [refNum] => 862657507094
    [finishPageLogin] => sbersafe
    [cardholderName] => CARD HOLDER
    [paymentDate] => 01.02.2020 18:09:40
    [merchantUrl] => http://slv.a99953zd.beget.tech/
    [status] => DEPOSITED
)

_________________________________
sberbank_digest:63AFEFAF57C36E2C6C460AF868C265D7ED1290FCD5AE44747CFF1C73BCA8BE28
checksum_before_hashing:DEPOSITED50.006431234564023411111**111186265750709401.02.2020 18:09:400.00uaihtrgiuira6q765uh71222j8
hmac_sha256 hash: 5cb151604e0d04da780d5c7f850431374c88adf005b704360ddb756ee7b075e7
usual sha256 hash: 926bad29158b1b7580137723937ea73840448043468d9227ee47db55eeb47c10
_________________________________
order:Array
(
    [paymentSystem] => VISA
    [merchantShortName] => slv
    [merchantLogin] => slv
    [approvalCode] => 123456
    [orderNumber] => 4024
    [backUrl] => https://3dsec.sberbank.ru/payment/docsite/finish_modal.html?orderId=4752c2a5-6fd2-7db5-8e7d-d7265e2dc596&lang=ru
    [failUrl] => https://3dsec.sberbank.ru/payment/docsite/finish_modal.html?orderId=4752c2a5-6fd2-7db5-8e7d-d7265e2dc596&lang=ru
    [terminalId] => 123456
    [orderDescription] => 
    [merchantFullName] => SLV
    [transDate] => 01.02.2020 18:19:12
    [digest] => 662909F4F5D20526D7E84FFB5F53B56DED230535F2A1CCD94C11928FB68B2395
    [currency] => 643
    [expiry] => 12/2024
    [formattedAmount] => 50.00
    [actionCodeDescription] => 
    [formattedFeeAmount] => 0.00
    [email] => lonan63988@hiwave.org
    [amount] => 5000
    [merchantCode] => 12345678
    [ip] => 188.242.105.111
    [panMasked] => 411111**1111
    [successUrl] => https://3dsec.sberbank.ru/payment/docsite/finish_modal.html?orderId=4752c2a5-6fd2-7db5-8e7d-d7265e2dc596&lang=ru
    [processingErrorType] => Array
        (
            [value] => NO_ERROR
            [messageCode] => payment.errors.no_error
        )

    [panMasked4digits] => **** **** **** 1111
    [errorTypeName] => SUCCESS
    [feeAmount] => 0
    [orderExpired] => false
    [refNum] => 680967725299
    [finishPageLogin] => sbersafe
    [cardholderName] => CARD HOLDER
    [paymentDate] => 01.02.2020 18:19:18
    [merchantUrl] => http://slv.a99953zd.beget.tech/
    [status] => DEPOSITED
)

_________________________________
sberbank_digest:662909F4F5D20526D7E84FFB5F53B56DED230535F2A1CCD94C11928FB68B2395
checksum_before_hashing:DEPOSITED50.006431234564024411111**111168096772529901.02.2020 18:19:180.00uaihtrgiuira6q765uh71222j8
hmac_sha256 hash: bf5cd154b8cb1113d137b1a2979a2cba1eb6255b4009d73a77bfa1761fb8e0ff
usual sha256 hash: 209ec869a29fa71141bfff48e63e421a69db7d02ed0a05d50c84678b91bff4b7
_________________________________
