doc_1: Array
(
    [date] => 21.05.20 14:49:10
    [filename] => -приема-PRIZM-1-05-21-14-49.pdf
    [url] => http://vnuk2.ev88.fvds.ru/wp-content/uploads/2020/05/Акт-приема-PRIZM-1-05-21-14-49.pdf
)

doc_1: Array
(
    [date] => 21.05.20 14:52:50
    [filename] => -приема-RUB-1-05-21-14-52.pdf
    [url] => http://vnuk2.ev88.fvds.ru/wp-content/uploads/2020/05/Акт-приема-RUB-1-05-21-14-52.pdf
)

asset_rate: 2425.5
asset_rate: 9600
doc_1: Array
(
    [date] => 21.05.20 14:54:19
    [filename] => -приема-нефть-Urals-1барель-1-05-21-14-54.pdf
    [url] => http://vnuk2.ev88.fvds.ru/wp-content/uploads/2020/05/Акт-приема-нефть-Urals-1барель-1-05-21-14-54.pdf
)

asset_rate: 807765
doc_1: Array
(
    [date] => 21.05.20 14:55:34
    [filename] => -приема-Стандарт-плутониевого-металла-1-05-21-14-55.pdf
    [url] => http://vnuk2.ev88.fvds.ru/wp-content/uploads/2020/05/Акт-приема-Стандарт-плутониевого-металла-1-05-21-14-55.pdf
)

asset_rate: 2425.5
asset_rate: 4040.41
doc_1: Array
(
    [date] => 21.05.20 15:14:13
    [filename] => -приема-нефть-Urals-1барель-1-05-21-15-14.pdf
    [url] => http://vnuk2.ev88.fvds.ru/wp-content/uploads/2020/05/Акт-приема-нефть-Urals-1барель-1-05-21-15-14.pdf
)

asset_rate: 2425.5
asset_rate: 9600
doc_1: Array
(
    [date] => 21.05.20 15:18:00
    [filename] => -приема-нефть-Urals-1барель-63-05-21-15-18.pdf
    [url] => http://vnuk2.ev88.fvds.ru/wp-content/uploads/2020/05/Акт-приема-нефть-Urals-1барель-63-05-21-15-18.pdf
)

email: sergeyandreevich88@yandex.ru; text: <p>Пользователь ggg с ID 78 только что совершил новую операцию.</p><p>Необходимо выплатить пригласившему его пользователю ccc с ID 76 вознаграждение в размере 0.75 PRIZM в соответствии с условиями реферальной программы.</p><p><small>-----------------------------------------------------<br/>
    Это сообщение было сформировано автоматически, не надо отвечать на него.<br/>
    "МПК СЛАВИЯ"</small></p>; headers: From: МПК СЛАВИЯ <cms.pkslav@gmail.com>
Reply-To: МПК СЛАВИЯ <cms.pkslav@gmail.com>
Return-Path: МПК СЛАВИЯ <cms.pkslav@gmail.com>

email: sivon59296@mailop7.com; text: <p>Пользователь ggg с ID 78 только что совершил новую операцию.</p><p>Необходимо выплатить пригласившему его пользователю ccc с ID 76 вознаграждение в размере 0.75 PRIZM в соответствии с условиями реферальной программы.</p><p><small>-----------------------------------------------------<br/>
    Это сообщение было сформировано автоматически, не надо отвечать на него.<br/>
    "МПК СЛАВИЯ"</small></p>; headers: From: МПК СЛАВИЯ <cms.pkslav@gmail.com>
Reply-To: МПК СЛАВИЯ <cms.pkslav@gmail.com>
Return-Path: МПК СЛАВИЯ <cms.pkslav@gmail.com>

email: blablba@mail.ru; text: <p>Пользователь ggg с ID 78 только что совершил новую операцию.</p><p>Необходимо выплатить пригласившему его пользователю ccc с ID 76 вознаграждение в размере 0.75 PRIZM в соответствии с условиями реферальной программы.</p><p><small>-----------------------------------------------------<br/>
    Это сообщение было сформировано автоматически, не надо отвечать на него.<br/>
    "МПК СЛАВИЯ"</small></p>; headers: From: МПК СЛАВИЯ <cms.pkslav@gmail.com>
Reply-To: МПК СЛАВИЯ <cms.pkslav@gmail.com>
Return-Path: МПК СЛАВИЯ <cms.pkslav@gmail.com>

email: behoyo5566@tgres24.com; text: <p>Приглашенный вами пользователь ggg только что совершил новую операцию.</p><p>Вам причитается вознаграждение в размере 0.75 PRIZM в соответствии с условиями реферальной программы.</p><p><small>-----------------------------------------------------<br/>
    Это сообщение было сформировано автоматически, не надо отвечать на него.<br/>
    "МПК СЛАВИЯ"</small></p>; headers: From: МПК СЛАВИЯ <cms.pkslav@gmail.com>
Reply-To: МПК СЛАВИЯ <cms.pkslav@gmail.com>
Return-Path: МПК СЛАВИЯ <cms.pkslav@gmail.com>

doc_1: Array
(
    [date] => 21.05.20 15:22:38
    [filename] => -приема-PRIZM-78-05-21-15-22.pdf
    [url] => http://vnuk2.ev88.fvds.ru/wp-content/uploads/2020/05/Акт-приема-PRIZM-78-05-21-15-22.pdf
)

email: test@mail.ru; text: 
    <p>Вы или кто то другой зарегистрировались на сайте "МПК СЛАВИЯ" со следующими данными:</p>
    <p>Логин: jjj</p>
    <p>Пароль: jjj</p><p>Если это были вы, то подтвердите свою регистрацию перейдя по ссылке ниже:</p>
        <p><a href="http://vnuk2.ev88.fvds.ru/profile/?rcl-confirmdata=WyJqamoiLCI5Nzc4ZDVkMjE5YzUwODBiOWE2YTE3YmVmMDI5MzMxYyJd">http://vnuk2.ev88.fvds.ru/profile/?rcl-confirmdata=WyJqamoiLCI5Nzc4ZDVkMjE5YzUwODBiOWE2YTE3YmVmMDI5MzMxYyJd</a></p>
        <p>Не получается активировать аккаунт?</p>
        <p>Скопируйте текст ссылки ниже, вставьте его в адресную строку браузера и нажмите Enter</p><p>Если это были не вы, то просто проигнорируйте это письмо</p><p><small>-----------------------------------------------------<br/>
    Это сообщение было сформировано автоматически, не надо отвечать на него.<br/>
    "МПК СЛАВИЯ"</small></p>; headers: From: МПК СЛАВИЯ <cms.pkslav@gmail.com>
Reply-To: МПК СЛАВИЯ <cms.pkslav@gmail.com>
Return-Path: МПК СЛАВИЯ <cms.pkslav@gmail.com>

asset_input: Array
(
    [asset_name] => Сталь
    [asset_requisites] => 3PAM1XRQG4cpvh15evZenJWvXBAcTcC2jjt
    [asset_rate_rubles] => 150
)

asset_input: Array
(
    [asset_name] => Стандарт плутониевого металла
    [asset_requisites] => 3PAM1XRQG4cpvh15evZenJWvXBAcTcC2jjt
    [asset_rate_rubles] => 807765
)

asset_input: Array
(
    [asset_name] => RUB
    [asset_requisites] => 07645934
    [asset_rate_rubles] => 1
)

asset_input: Array
(
    [asset_name] => нефть Urals 1"барель"
    [asset_requisites] => 56475456
    [asset_rate_rubles] => 2425.5
)

asset_input: Array
(
    [asset_name] => Космическая станция "Яркий" класса "Планетарный Потрошитель" К/С. "Яркий" 559-889-222/77
    [asset_requisites] => 3PAM1XRQG4cpvh15evZenJWvXBAcTcC2jjt
    [asset_rate_rubles] => 569889231401
)

asset_input: Array
(
    [asset_name] => Блоки Bonolit d500
    [asset_requisites] => 3PAM1XRQG4cpvh15evZenJWvXBAcTcC2jjt
    [asset_rate_rubles] => 350
)

asset_input: Array
(
    [asset_name] => Bitcoin
    [asset_requisites] => 3PAM1XRQG4cpvh15evZenJWvXBAcTcC2jjt
    [asset_rate_rubles] => 8900
)

asset_input: Array
(
    [asset_name] => "Бетон-м450"_[м³]
    [asset_requisites] => 3PAM1XRQG4cpvh15evZenJWvXBAcTcC2jjt
    [asset_rate_rubles] => 4600
)

asset_input: Array
(
    [asset_name] => 
    [asset_requisites] => 
    [asset_rate_rubles] => 
)

asset_input: Array
(
    [asset_name] => Prizm
    [asset_requisites] => 
    [asset_rate_rubles] => 
)

