email: shar.leto88@gmail.com; text: <p>Здравствуйте, Андрей Андреев Андреевич. К сожалению, ваш запрос на верификацию был отклонен. Вы можете попробовать отправить новый запрос на верификацию в любой момент, либо связаться с нашим менеджером с помощью контактных данных, указанных на сайте vnuk2.ev88.fvds.ru.</p><p><small>-----------------------------------------------------<br/>
    Это сообщение было сформировано автоматически, не надо отвечать на него.<br/>
    "МПК СЛАВИЯ"</small></p>; headers: From: МПК СЛАВИЯ <cms.pkslav@gmail.com>
Reply-To: МПК СЛАВИЯ <cms.pkslav@gmail.com>
Return-Path: МПК СЛАВИЯ <cms.pkslav@gmail.com>

filename:Акт приема Сталь-24-04-06-08-15.pdf
filename:Акт возврата паевого взноса Медь-24-04-06-08-15.pdf
filename:Акт приема Сталь-24-04-06-08-15.pdf
filename:Акт возврата паевого взноса Медь-24-04-06-08-15.pdf
filename:Акт приема Сталь-24-04-06-08-15.pdf
filename:Акт возврата паевого взноса Медь-24-04-06-08-15.pdf
filename:Акт приема Сталь-24-04-06-08-15.pdf
filename:Акт возврата паевого взноса Медь-24-04-06-08-15.pdf
filename:Акт приема Сталь-24-04-06-08-15.pdf
filename:Акт возврата паевого взноса Медь-24-04-06-08-15.pdf
filename:Акт приема Сталь-24-04-06-08-16.pdf
filename:Акт приема Сталь-24-04-06-08-16.pdf
filename:Акт возврата паевого взноса Медь-24-04-06-08-16.pdf
filename:Акт возврата паевого взноса Медь-24-04-06-08-16.pdf
filename:Акт приема Сталь-24-04-06-08-16.pdf
filename:Акт возврата паевого взноса Медь-24-04-06-08-16.pdf
