asset_rate: 569889231401
asset_rate: 4600
asset_rate: 4600
asset_rate: 569889231401
result: Array
(
    [input_fields] => Array
        (
            [doc_num] => 11
            [day] => 19
            [month] => мая
            [year] => 2020
            [hour] => 17
            [minute] => 58
            [client_num] => 551
            [client_fio] => dhgdhdgdfgdf gfdgdfgdfg fhgghdfg
            [currency] => Космическая станция "Яркий" класса "Планетарный Потрошитель" К/С. "Яркий" 559-889-222/77
            [other_currency] => "Бетон-м450"_[м³] 
            [amount] => 1
            [currency_rate] => 123888963.35
            [sum] => 123888963.35
            [public_key] => gdfgdfdfgdf
            [doc_type] => input
        )

    [output_fields] => Array
        (
            [doc_num] => 12
            [day] => 19
            [month] => мая
            [year] => 2020
            [hour] => 17
            [minute] => 58
            [client_num] => 551
            [client_fio] => dhgdhdgdfgdf gfdgdfgdfg fhgghdfg
            [currency] => "Бетон-м450"_[м³] 
            [other_currency] => Космическая станция "Яркий" класса "Планетарный Потрошитель" К/С. "Яркий" 559-889-222/77
            [amount] => 123888963.35
            [currency_rate] => 0
            [sum] => 1
            [public_key] => gdfgdfdfgdf
            [doc_type] => output
        )

    [is_deposit] => 
)

doc_1: Array
(
    [date] => 19.05.20 17:58:17
    [filename] => -приема-Космическая-станция-Яркий-класса-Планетарный-Потрошитель-КС.-Яркий-559-889-22277-1-05-19-17-58.pdf
    [url] => http://vnuk2.ev88.fvds.ru/wp-content/uploads/2020/05/Акт-приема-Космическая-станция-Яркий-класса-Планетарный-Потрошитель-КС.-Яркий-559-889-22277-1-05-19-17-58.pdf
)

sum: Array
(
    [SLAV] => 8.57
    [PRIZM] => 10.57
)

sum: Array
(
)

sum: Array
(
    [SLAV] => 15
)

sum: Array
(
    [PRIZM] => 0.9
)

