admin_page: user-edit.php
paid==processing
paid==processing
paid==processing
paid==processing
paid==processing
processing==processing
paid==processing
processing==processing
processing==processing
processing==processing
paid==paid
paid==paid
paid==paid
paid==paid
paid==paid
processing==paid
paid==paid
processing==paid
processing==paid
processing==paid
input_doc_fields: Array
(
    [doc_num] => 3
    [day] => 16
    [month] => мая
    [year] => 2020
    [client_num] => 
    [client_fio] => hdhfgdfg ghghdfgfdg hgdjfgdfg
    [currency] => PRIZM
    [amount] => 5
    [currency_rate] => -14.76
    [sum] => 7.38
    [public_key] => hnghfgf
    [is_output] => 
    [currency_address] => sfgdhgh
)

output_doc_fields: Array
(
    [doc_num] => 4
    [day] => 16
    [month] => мая
    [year] => 2020
    [client_num] => 
    [client_fio] => hdhfgdfg ghghdfgfdg hgdjfgdfg
    [currency] => RUB
    [amount] => 7.38
    [currency_rate] => -9
    [sum] => 7.38
    [public_key] => hnghfgf
    [is_output] => 1
)

filename:Акт приема PRIZM-63-05-16-21-21.pdf
filename:Акт возврата паевого взноса RUB-63-05-16-21-21.pdf
input_doc_fields: Array
(
    [doc_num] => 5
    [day] => 16
    [month] => мая
    [year] => 2020
    [hour] => 18
    [minute] => 24
    [client_num] => 
    [client_fio] => hdhfgdfg ghghdfgfdg hgdjfgdfg
    [currency] => PRIZM
    [amount] => 5
    [currency_rate] => -6.48
    [sum] => 7.7
    [public_key] => hnghfgf
    [doc_type] => input
    [currency_address] => sfgdhgh
)

output_doc_fields: Array
(
    [doc_num] => 6
    [day] => 16
    [month] => мая
    [year] => 2020
    [hour] => 18
    [minute] => 24
    [client_num] => 
    [client_fio] => hdhfgdfg ghghdfgfdg hgdjfgdfg
    [currency] => RUB
    [amount] => 7.7
    [currency_rate] => -4
    [sum] => 7.7
    [public_key] => hnghfgf
    [doc_type] => output
)

filename:Акт приема PRIZM-63-05-16-21-24.pdf
filename:Акт возврата паевого взноса RUB-63-05-16-21-24.pdf
filename:Акт приема Плутоний-63-05-16-22-01.pdf
filename:Акт возврата паевого взноса -63-05-16-22-01.pdf
asset_rate: 150
asset_rate: 150
asset_rate: 150
asset_rate: 532
asset_rate: 4572
input_doc_fields: Array
(
    [doc_num] => 3
    [day] => 16
    [month] => мая
    [year] => 2020
    [hour] => 19
    [minute] => 43
    [client_num] => 
    [client_fio] => hdhfgdfg ghghdfgfdg hgdjfgdfg
    [currency] => Нефть
    [amount] => 5
    [currency_rate] => 532
    [sum] => 0.58
    [public_key] => hnghfgf
    [doc_type] => input
)

output_doc_fields: Array
(
    [doc_num] => 4
    [day] => 16
    [month] => мая
    [year] => 2020
    [hour] => 19
    [minute] => 43
    [client_num] => 
    [client_fio] => hdhfgdfg ghghdfgfdg hgdjfgdfg
    [currency] => Медь
    [amount] => 0.58
    [currency_rate] => 4572
    [sum] => 5
    [public_key] => hnghfgf
    [doc_type] => output
)

is_deposit: 
filename:Акт приема Нефть-63-05-16-22-43.pdf
filename:Акт возврата паевого взноса Медь-63-05-16-22-43.pdf
asset_rate: 90010
asset_rate: 4572
input_doc_fields: Array
(
    [doc_num] => 5
    [day] => 16
    [month] => мая
    [year] => 2020
    [hour] => 19
    [minute] => 53
    [client_num] => 
    [client_fio] => hdhfgdfg ghghdfgfdg hgdjfgdfg
    [currency] => Плутоний
    [amount] => 5
    [currency_rate] => 90010
    [sum] => 98.44
    [public_key] => hnghfgf
    [doc_type] => input
)

output_doc_fields: Array
(
    [doc_num] => 6
    [day] => 16
    [month] => мая
    [year] => 2020
    [hour] => 19
    [minute] => 53
    [client_num] => 
    [client_fio] => hdhfgdfg ghghdfgfdg hgdjfgdfg
    [currency] => Медь
    [amount] => 98.44
    [currency_rate] => 4572
    [sum] => 5
    [public_key] => hnghfgf
    [doc_type] => output
)

is_deposit: 
filename:Акт приема Плутоний-63-05-16-22-53.pdf
filename:Акт возврата паевого взноса Медь-63-05-16-22-53.pdf
