EXCHANGE: Array
(
    [is_personal_deposit] => yes
    [section] => Драгоценные металлы
    [input_amount] => 5
    [input_currency] => Алмазы 100 карат
    [rate] => 500000
    [is_reserve] => on
    [reserve_id] => 109
)

asset_name: Цифровые единицы
asset_name: Сталь
asset_name: RUB
asset_name: нефть
asset_name: Блоки Bonolit d500
asset_name: Bitcoin
asset_name: Бетон-м450_м³
asset_name: Etherium
asset_name: Продовольственные товары
asset_name: Цифровые единицы
asset_name: Сталь
asset_name: RUB
asset_name: нефть
asset_name: Блоки Bonolit d500
asset_name: Bitcoin
asset_name: Бетон-м450_м³
asset_name: Etherium
asset_name: Продовольственные товары
asset_name: Драгоценные металлы
currency selector: Array
asset_name: Услуга
asset_name: Prizm
asset_name: Драгоценные металлы
currency selector: Array
EXCHANGE: Array
(
    [is_personal_deposit] => yes
    [section] => Услуга
    [input_amount] => 5
    [input_currency] => Создание сайтов
    [rate] => 25000
    [is_save] => on
)

asset_name: Цифровые единицы
asset_name: Сталь
asset_name: RUB
asset_name: нефть
asset_name: Блоки Bonolit d500
asset_name: Bitcoin
asset_name: Бетон-м450_м³
asset_name: Etherium
asset_name: Продовольственные товары
asset_name: Драгоценные металлы
asset_name: Цифровые единицы
asset_name: Сталь
asset_name: RUB
asset_name: нефть
asset_name: Блоки Bonolit d500
asset_name: Bitcoin
asset_name: Бетон-м450_м³
asset_name: Etherium
asset_name: Продовольственные товары
asset_name: Драгоценные металлы
asset_name: Услуга
currency selector: Array
(
    [0] => asset_inputs
    [1] => 11
    [2] => asset_types
)

asset_name: Услуга
currency selector: Array
(
    [0] => asset_outputs
    [1] => 1
    [2] => asset_types
)

email: voxheiko@web.de; text: 
    <p>Вы или кто то другой зарегистрировались на сайте "МПК СЛАВИЯ" со следующими данными:</p>
    <p>Логин: julianne bush</p>
    <p>Пароль: julianne bush</p><p>Если это были вы, то подтвердите свою регистрацию перейдя по ссылке ниже:</p>
        <p><a href="http://vnuk2.ev88.fvds.ru/profile/?rcl-confirmdata=WyJqdWxpYW5uZSBidXNoIiwiMGFhMTg4M2M2NDExZjc4NzNjYjgzZGFjYjE3YjBhZmMiXQ%3D%3D">http://vnuk2.ev88.fvds.ru/profile/?rcl-confirmdata=WyJqdWxpYW5uZSBidXNoIiwiMGFhMTg4M2M2NDExZjc4NzNjYjgzZGFjYjE3YjBhZmMiXQ%3D%3D</a></p>
        <p>Не получается активировать аккаунт?</p>
        <p>Скопируйте текст ссылки ниже, вставьте его в адресную строку браузера и нажмите Enter</p><p>Если это были не вы, то просто проигнорируйте это письмо</p><p><small>-----------------------------------------------------<br/>
    Это сообщение было сформировано автоматически, не надо отвечать на него.<br/>
    "МПК СЛАВИЯ"</small></p>; headers: From: МПК СЛАВИЯ <cms.pkslav@gmail.com>
Reply-To: МПК СЛАВИЯ <cms.pkslav@gmail.com>
Return-Path: МПК СЛАВИЯ <cms.pkslav@gmail.com>

EXCHANGE: Array
(
    [is_personal_deposit] => yes
    [section] => Продовольственные товары
    [input_amount] => 5
    [input_currency] => Хлеб
    [rate] => 25
    [is_reserve] => on
    [reserve_id] => 24
)

asset_name: Цифровые единицы
asset_name: Сталь
asset_name: RUB
asset_name: нефть
asset_name: Блоки Bonolit d500
asset_name: Bitcoin
asset_name: Бетон-м450_м³
asset_name: Etherium
asset_name: Продовольственные товары
new row: Array
(
    [asset_name] => Хлеб
    [asset_requisites] => 
    [asset_rate_rubles] => 25
    [asset_types] => 
    [0] => Array
        (
            [asset_reserve] => 24
        )

)

asset_name: Услуга
asset_name: Prizm
asset_name: Драгоценные металлы
asset_name: Блоки Bonolit D500
asset_name: Рубль
asset_name: Bitcoin
asset_name: Иван чай
asset_name: Продовольственные товары
new row: Array
(
    [asset_name] => Хлеб
    [asset_requisites] => 
    [asset_rate_rubles] => 25
    [asset_types] => 
    [0] => Array
        (
            [asset_reserve] => 24
        )

)

EXCHANGE: Array
(
    [is_personal_deposit] => yes
    [section] => Продовольственные товары
    [input_amount] => 5
    [input_currency] => Хлебушек
    [rate] => 50
    [is_reserve] => on
    [reserve_id] => 72
)

asset_name: Цифровые единицы
asset_name: Сталь
asset_name: RUB
asset_name: нефть
asset_name: Блоки Bonolit d500
asset_name: Bitcoin
asset_name: Бетон-м450_м³
asset_name: Etherium
asset_name: Продовольственные товары
new row: Array
(
    [asset_name] => Хлебушек
    [asset_requisites] => 
    [asset_rate_rubles] => 50
    [asset_types] => 
    [asset_reserve] => 72
)

asset_name: Услуга
asset_name: Prizm
asset_name: Драгоценные металлы
asset_name: Блоки Bonolit D500
asset_name: Рубль
asset_name: Bitcoin
asset_name: Иван чай
asset_name: Продовольственные товары
new row: Array
(
    [asset_name] => Хлебушек
    [asset_requisites] => 
    [asset_rate_rubles] => 50
    [asset_types] => 
    [asset_reserve] => 72
)

EXCHANGE: Array
(
    [is_personal_deposit] => yes
    [section] => Продовольственные товары
    [input_amount] => 5
    [input_currency] => Сметана
    [rate] => 72
    [is_public] => on
)

asset_name: Цифровые единицы
asset_name: Сталь
asset_name: RUB
asset_name: нефть
asset_name: Блоки Bonolit d500
asset_name: Bitcoin
asset_name: Бетон-м450_м³
asset_name: Etherium
asset_name: Продовольственные товары
new row: Array
(
    [asset_name] => Сметана
    [asset_requisites] => 
    [asset_rate_rubles] => 72
    [asset_types] => 
    [asset_reserve] => public
)

asset_name: Услуга
asset_name: Prizm
asset_name: Драгоценные металлы
asset_name: Блоки Bonolit D500
asset_name: Рубль
asset_name: Bitcoin
asset_name: Иван чай
asset_name: Продовольственные товары
new row: Array
(
    [asset_name] => Сметана
    [asset_requisites] => 
    [asset_rate_rubles] => 72
    [asset_types] => 
    [asset_reserve] => public
)

EXCHANGE: Array
(
    [is_personal_deposit] => yes
    [section] => Драгоценные металлы
    [input_amount] => 5200
    [input_currency] => Изумруд
    [rate] => 2
    [is_save] => on
)

asset_name: Цифровые единицы
asset_name: Сталь
asset_name: RUB
asset_name: нефть
asset_name: Блоки Bonolit d500
asset_name: Bitcoin
asset_name: Бетон-м450_м³
asset_name: Etherium
asset_name: Продовольственные товары
asset_name: Драгоценные металлы
new row: Array
(
    [asset_name] => Изумруд
    [asset_requisites] => 
    [asset_rate_rubles] => 2
    [asset_types] => 
    [asset_reserve] => none
)

asset_name: Услуга
asset_name: Prizm
asset_name: Драгоценные металлы
new row: Array
(
    [asset_name] => Изумруд
    [asset_requisites] => 
    [asset_rate_rubles] => 2
    [asset_types] => 
    [asset_reserve] => none
)

