email: pacificgreencarpet@yahoo.com; text: 
    <p>Вы или кто то другой зарегистрировались на сайте "МПК СЛАВИЯ" со следующими данными:</p>
    <p>Логин: finnegan villarreal</p>
    <p>Пароль: finnegan villarreal</p><p>Если это были вы, то подтвердите свою регистрацию перейдя по ссылке ниже:</p>
        <p><a href="http://pkslav.com/profile/?rcl-confirmdata=WyJmaW5uZWdhbiB2aWxsYXJyZWFsIiwiMDNjNmIwNjk1MmM3NTA4OTliYjAzZDk5OGU2MzE4NjAiXQ%3D%3D">http://pkslav.com/profile/?rcl-confirmdata=WyJmaW5uZWdhbiB2aWxsYXJyZWFsIiwiMDNjNmIwNjk1MmM3NTA4OTliYjAzZDk5OGU2MzE4NjAiXQ%3D%3D</a></p>
        <p>Не получается активировать аккаунт?</p>
        <p>Скопируйте текст ссылки ниже, вставьте его в адресную строку браузера и нажмите Enter</p><p>Если это были не вы, то просто проигнорируйте это письмо</p><p><small>-----------------------------------------------------<br/>
    Это сообщение было сформировано автоматически, не надо отвечать на него.<br/>
    "МПК СЛАВИЯ"</small></p>; headers: From: МПК СЛАВИЯ <cms.pkslav@gmail.com>
Reply-To: МПК СЛАВИЯ <cms.pkslav@gmail.com>
Return-Path: МПК СЛАВИЯ <cms.pkslav@gmail.com>

email: spencergellner@msn.com; text: 
    <p>Вы или кто то другой зарегистрировались на сайте "МПК СЛАВИЯ" со следующими данными:</p>
    <p>Логин: gloria flowers</p>
    <p>Пароль: gloria flowers</p><p>Если это были вы, то подтвердите свою регистрацию перейдя по ссылке ниже:</p>
        <p><a href="http://pkslav.com/profile/?rcl-confirmdata=WyJnbG9yaWEgZmxvd2VycyIsImMyNGNkNzZlMWNlNDEzNjZhNGJiZThhNDliMDJhMDI4Il0%3D">http://pkslav.com/profile/?rcl-confirmdata=WyJnbG9yaWEgZmxvd2VycyIsImMyNGNkNzZlMWNlNDEzNjZhNGJiZThhNDliMDJhMDI4Il0%3D</a></p>
        <p>Не получается активировать аккаунт?</p>
        <p>Скопируйте текст ссылки ниже, вставьте его в адресную строку браузера и нажмите Enter</p><p>Если это были не вы, то просто проигнорируйте это письмо</p><p><small>-----------------------------------------------------<br/>
    Это сообщение было сформировано автоматически, не надо отвечать на него.<br/>
    "МПК СЛАВИЯ"</small></p>; headers: From: МПК СЛАВИЯ <cms.pkslav@gmail.com>
Reply-To: МПК СЛАВИЯ <cms.pkslav@gmail.com>
Return-Path: МПК СЛАВИЯ <cms.pkslav@gmail.com>

email: bekahmaemac@gmail.com; text: 
    <p>Вы или кто то другой зарегистрировались на сайте "МПК СЛАВИЯ" со следующими данными:</p>
    <p>Логин: arlo savage</p>
    <p>Пароль: arlo savage</p><p>Если это были вы, то подтвердите свою регистрацию перейдя по ссылке ниже:</p>
        <p><a href="http://pkslav.com/profile/?rcl-confirmdata=WyJhcmxvIHNhdmFnZSIsImM1MmYxYmQ2NmNjMTlkMDU2MjhiZDhiZjI3YWYzYWQ2Il0%3D">http://pkslav.com/profile/?rcl-confirmdata=WyJhcmxvIHNhdmFnZSIsImM1MmYxYmQ2NmNjMTlkMDU2MjhiZDhiZjI3YWYzYWQ2Il0%3D</a></p>
        <p>Не получается активировать аккаунт?</p>
        <p>Скопируйте текст ссылки ниже, вставьте его в адресную строку браузера и нажмите Enter</p><p>Если это были не вы, то просто проигнорируйте это письмо</p><p><small>-----------------------------------------------------<br/>
    Это сообщение было сформировано автоматически, не надо отвечать на него.<br/>
    "МПК СЛАВИЯ"</small></p>; headers: From: МПК СЛАВИЯ <cms.pkslav@gmail.com>
Reply-To: МПК СЛАВИЯ <cms.pkslav@gmail.com>
Return-Path: МПК СЛАВИЯ <cms.pkslav@gmail.com>

email: jfox043002@gmail.com; text: 
    <p>Вы или кто то другой зарегистрировались на сайте "МПК СЛАВИЯ" со следующими данными:</p>
    <p>Логин: roselyn riley</p>
    <p>Пароль: roselyn riley</p><p>Если это были вы, то подтвердите свою регистрацию перейдя по ссылке ниже:</p>
        <p><a href="http://pkslav.com/profile/?rcl-confirmdata=WyJyb3NlbHluIHJpbGV5IiwiZmUxMzFkN2Y1YTZiMzhiMjNjYzk2NzMxNmMxM2RhZTIiXQ%3D%3D">http://pkslav.com/profile/?rcl-confirmdata=WyJyb3NlbHluIHJpbGV5IiwiZmUxMzFkN2Y1YTZiMzhiMjNjYzk2NzMxNmMxM2RhZTIiXQ%3D%3D</a></p>
        <p>Не получается активировать аккаунт?</p>
        <p>Скопируйте текст ссылки ниже, вставьте его в адресную строку браузера и нажмите Enter</p><p>Если это были не вы, то просто проигнорируйте это письмо</p><p><small>-----------------------------------------------------<br/>
    Это сообщение было сформировано автоматически, не надо отвечать на него.<br/>
    "МПК СЛАВИЯ"</small></p>; headers: From: МПК СЛАВИЯ <cms.pkslav@gmail.com>
Reply-To: МПК СЛАВИЯ <cms.pkslav@gmail.com>
Return-Path: МПК СЛАВИЯ <cms.pkslav@gmail.com>

email: alipatov54@mail.ru; text: 
    <p>Вы или кто то другой зарегистрировались на сайте "МПК СЛАВИЯ" со следующими данными:</p>
    <p>Логин: aLipatov54</p>
    <p>Пароль: HXMV4jv7YNSig2eGoiZo</p><p>Если это были вы, то подтвердите свою регистрацию перейдя по ссылке ниже:</p>
        <p><a href="http://pkslav.com/profile/?rcl-confirmdata=WyJhTGlwYXRvdjU0IiwiZjcxODQ5OWMxYzhjZWY2NzMwZjlmZDAzYzgxMjVjYWIiXQ%3D%3D">http://pkslav.com/profile/?rcl-confirmdata=WyJhTGlwYXRvdjU0IiwiZjcxODQ5OWMxYzhjZWY2NzMwZjlmZDAzYzgxMjVjYWIiXQ%3D%3D</a></p>
        <p>Не получается активировать аккаунт?</p>
        <p>Скопируйте текст ссылки ниже, вставьте его в адресную строку браузера и нажмите Enter</p><p>Если это были не вы, то просто проигнорируйте это письмо</p><p><small>-----------------------------------------------------<br/>
    Это сообщение было сформировано автоматически, не надо отвечать на него.<br/>
    "МПК СЛАВИЯ"</small></p>; headers: From: МПК СЛАВИЯ <cms.pkslav@gmail.com>
Reply-To: МПК СЛАВИЯ <cms.pkslav@gmail.com>
Return-Path: МПК СЛАВИЯ <cms.pkslav@gmail.com>

email: cgm_6@icloud.com; text: 
    <p>Вы или кто то другой зарегистрировались на сайте "МПК СЛАВИЯ" со следующими данными:</p>
    <p>Логин: julianne michael</p>
    <p>Пароль: julianne michael</p><p>Если это были вы, то подтвердите свою регистрацию перейдя по ссылке ниже:</p>
        <p><a href="http://pkslav.com/profile/?rcl-confirmdata=WyJqdWxpYW5uZSBtaWNoYWVsIiwiZDk2NDA5YmY4OTQyMTc2ODZiYTEyNGQ3MzU2Njg2YzkiXQ%3D%3D">http://pkslav.com/profile/?rcl-confirmdata=WyJqdWxpYW5uZSBtaWNoYWVsIiwiZDk2NDA5YmY4OTQyMTc2ODZiYTEyNGQ3MzU2Njg2YzkiXQ%3D%3D</a></p>
        <p>Не получается активировать аккаунт?</p>
        <p>Скопируйте текст ссылки ниже, вставьте его в адресную строку браузера и нажмите Enter</p><p>Если это были не вы, то просто проигнорируйте это письмо</p><p><small>-----------------------------------------------------<br/>
    Это сообщение было сформировано автоматически, не надо отвечать на него.<br/>
    "МПК СЛАВИЯ"</small></p>; headers: From: МПК СЛАВИЯ <cms.pkslav@gmail.com>
Reply-To: МПК СЛАВИЯ <cms.pkslav@gmail.com>
Return-Path: МПК СЛАВИЯ <cms.pkslav@gmail.com>

email: drwhang@optonline.net; text: 
    <p>Вы или кто то другой зарегистрировались на сайте "МПК СЛАВИЯ" со следующими данными:</p>
    <p>Логин: julianne short</p>
    <p>Пароль: julianne short</p><p>Если это были вы, то подтвердите свою регистрацию перейдя по ссылке ниже:</p>
        <p><a href="http://pkslav.com/profile/?rcl-confirmdata=WyJqdWxpYW5uZSBzaG9ydCIsIjUwMmU0YTE2OTMwZTQxNDEwN2VlMjJiNjE5OGM1NzhmIl0%3D">http://pkslav.com/profile/?rcl-confirmdata=WyJqdWxpYW5uZSBzaG9ydCIsIjUwMmU0YTE2OTMwZTQxNDEwN2VlMjJiNjE5OGM1NzhmIl0%3D</a></p>
        <p>Не получается активировать аккаунт?</p>
        <p>Скопируйте текст ссылки ниже, вставьте его в адресную строку браузера и нажмите Enter</p><p>Если это были не вы, то просто проигнорируйте это письмо</p><p><small>-----------------------------------------------------<br/>
    Это сообщение было сформировано автоматически, не надо отвечать на него.<br/>
    "МПК СЛАВИЯ"</small></p>; headers: From: МПК СЛАВИЯ <cms.pkslav@gmail.com>
Reply-To: МПК СЛАВИЯ <cms.pkslav@gmail.com>
Return-Path: МПК СЛАВИЯ <cms.pkslav@gmail.com>

email: jessikaha60@hotmail.com; text: 
    <p>Вы или кто то другой зарегистрировались на сайте "МПК СЛАВИЯ" со следующими данными:</p>
    <p>Логин: roselyn wu</p>
    <p>Пароль: roselyn wu</p><p>Если это были вы, то подтвердите свою регистрацию перейдя по ссылке ниже:</p>
        <p><a href="http://pkslav.com/profile/?rcl-confirmdata=WyJyb3NlbHluIHd1IiwiY2ZhMDg2MGU4M2E0YzNhNzYzYTdlNjJkODI1MzQ5ZjciXQ%3D%3D">http://pkslav.com/profile/?rcl-confirmdata=WyJyb3NlbHluIHd1IiwiY2ZhMDg2MGU4M2E0YzNhNzYzYTdlNjJkODI1MzQ5ZjciXQ%3D%3D</a></p>
        <p>Не получается активировать аккаунт?</p>
        <p>Скопируйте текст ссылки ниже, вставьте его в адресную строку браузера и нажмите Enter</p><p>Если это были не вы, то просто проигнорируйте это письмо</p><p><small>-----------------------------------------------------<br/>
    Это сообщение было сформировано автоматически, не надо отвечать на него.<br/>
    "МПК СЛАВИЯ"</small></p>; headers: From: МПК СЛАВИЯ <cms.pkslav@gmail.com>
Reply-To: МПК СЛАВИЯ <cms.pkslav@gmail.com>
Return-Path: МПК СЛАВИЯ <cms.pkslav@gmail.com>

email: noepinephrine@mail.ru; text: 
    <p>Вы или кто то другой зарегистрировались на сайте "МПК СЛАВИЯ" со следующими данными:</p>
    <p>Логин: Head</p>
    <p>Пароль: dead</p><p>Если это были вы, то подтвердите свою регистрацию перейдя по ссылке ниже:</p>
        <p><a href="http://pkslav.com/profile/?rcl-confirmdata=WyJIZWFkIiwiYTRmMjM2NzBlMTgzM2YzZmRiMDc3Y2E3MGJiZDVkNjYiXQ%3D%3D">http://pkslav.com/profile/?rcl-confirmdata=WyJIZWFkIiwiYTRmMjM2NzBlMTgzM2YzZmRiMDc3Y2E3MGJiZDVkNjYiXQ%3D%3D</a></p>
        <p>Не получается активировать аккаунт?</p>
        <p>Скопируйте текст ссылки ниже, вставьте его в адресную строку браузера и нажмите Enter</p><p>Если это были не вы, то просто проигнорируйте это письмо</p><p><small>-----------------------------------------------------<br/>
    Это сообщение было сформировано автоматически, не надо отвечать на него.<br/>
    "МПК СЛАВИЯ"</small></p>; headers: From: МПК СЛАВИЯ <cms.pkslav@gmail.com>
Reply-To: МПК СЛАВИЯ <cms.pkslav@gmail.com>
Return-Path: МПК СЛАВИЯ <cms.pkslav@gmail.com>

items: Array
(
    [0] => Array
        (
            [date] => 10.09.20 08:00:50
            [host_name] => Директор
            [host_id] => 24
            [host_client_num] => 3
            [ref_name] => ya7
            [ref_id] => 228
            [award_sum] => 0
            [award_currency] => SLAV
            [status] => processing
        )

    [1] => Array
        (
            [date] => 22.05.20 17:48:36
            [host_name] => Бодункова Ирина Ярославовна
            [host_id] => 84
            [ref_name] => zima zima zima
            [ref_id] => 89
            [award_sum] => 0
            [award_currency] => Prizm
            [status] => processing
            [host_client_num] => 42
        )

    [2] => Array
        (
            [date] => 22.05.20 15:06:08
            [host_name] => aaa
            [host_id] => 63
            [ref_name] => ccc
            [ref_id] => 87
            [award_sum] => 0.07
            [award_currency] => Стандарт плутониевого металла
            [status] => processing
            [host_client_num] => 
        )

    [3] => Array
        (
            [date] => 22.05.20 15:06:24
            [host_name] => aaa
            [host_id] => 63
            [ref_name] => ccc
            [ref_id] => 87
            [award_sum] => 0.07
            [award_currency] => "Бетон-м450"_[м³]
            [status] => processing
            [host_client_num] => 
        )

    [4] => Array
        (
            [date] => 22.05.20 15:58:48
            [host_name] => aaa
            [host_id] => 63
            [ref_name] => ddd
            [ref_id] => 88
            [award_sum] => 0.35
            [award_currency] => Сталь
            [status] => processing
            [host_client_num] => 
        )

    [5] => Array
        (
            [date] => 11.09.20 02:07:37
            [host_name] => aaa
            [host_id] => 63
            [host_client_num] => 
            [ref_name] => ddd
            [ref_id] => 88
            [award_sum] => 0.1
            [award_currency] => Сталь тест
            [status] => processing
        )

    [6] => Array
        (
            [date] => 11.09.20 03:06:32
            [host_name] => aaa
            [host_id] => 63
            [host_client_num] => 
            [ref_name] => ddd
            [ref_id] => 88
            [award_sum] => 0.05
            [award_currency] => Аляска. танкер 100тыс. тон. от пайщика №453
            [status] => processing
        )

    [7] => Array
        (
            [date] => 05.09.20 19:14:49
            [host_name] => Тест
            [host_id] => 201
            [host_client_num] => 
            [ref_name] => Иляна Валерьевна Дарская
            [ref_id] => 203
            [award_sum] => 0
            [award_currency] => D500 625x250x500  1700₽/м3  Москва. пайщик №900
            [status] => processing
        )

)

email: noepinephrine@mail.ru; text: <p>Ваш профиль был успешно верифицирован и теперь вы сможете совершать операции по обмену.</p><p>Перейдите на сайт pkslav.com, чтобы начать совершать операции.</p><p><small>-----------------------------------------------------<br/>
    Это сообщение было сформировано автоматически, не надо отвечать на него.<br/>
    "МПК СЛАВИЯ"</small></p>; headers: From: МПК СЛАВИЯ <cms.pkslav@gmail.com>
Reply-To: МПК СЛАВИЯ <cms.pkslav@gmail.com>
Return-Path: МПК СЛАВИЯ <cms.pkslav@gmail.com>

email: noepinephrine@mail.ru; text: <p>Ваш профиль был успешно верифицирован и теперь вы сможете совершать операции по обмену.</p><p>Перейдите на сайт pkslav.com, чтобы начать совершать операции.</p><p><small>-----------------------------------------------------<br/>
    Это сообщение было сформировано автоматически, не надо отвечать на него.<br/>
    "МПК СЛАВИЯ"</small></p>; headers: From: МПК СЛАВИЯ <cms.pkslav@gmail.com>
Reply-To: МПК СЛАВИЯ <cms.pkslav@gmail.com>
Return-Path: МПК СЛАВИЯ <cms.pkslav@gmail.com>

EXCHANGE: Array
(
    [input_currency] => SLAV
    [input_sum] => 1000
    [output_currency] => 
    [output_sum] => 
    [card_num] => 
    [card_name] => 
    [requisites] => 3PAM1XRQG4cpvh15evZenJWvXBAcTcC2jjt
)

items: Array
(
    [0] => Array
        (
            [date] => 10.09.20 08:00:50
            [host_name] => Директор
            [host_id] => 24
            [host_client_num] => 3
            [ref_name] => ya7
            [ref_id] => 228
            [award_sum] => 0
            [award_currency] => SLAV
            [status] => processing
        )

    [1] => Array
        (
            [date] => 22.05.20 17:48:36
            [host_name] => Бодункова Ирина Ярославовна
            [host_id] => 84
            [ref_name] => zima zima zima
            [ref_id] => 89
            [award_sum] => 0
            [award_currency] => Prizm
            [status] => processing
            [host_client_num] => 42
        )

    [2] => Array
        (
            [date] => 22.05.20 15:06:08
            [host_name] => aaa
            [host_id] => 63
            [ref_name] => ccc
            [ref_id] => 87
            [award_sum] => 0.07
            [award_currency] => Стандарт плутониевого металла
            [status] => processing
            [host_client_num] => 
        )

    [3] => Array
        (
            [date] => 22.05.20 15:06:24
            [host_name] => aaa
            [host_id] => 63
            [ref_name] => ccc
            [ref_id] => 87
            [award_sum] => 0.07
            [award_currency] => "Бетон-м450"_[м³]
            [status] => processing
            [host_client_num] => 
        )

    [4] => Array
        (
            [date] => 22.05.20 15:58:48
            [host_name] => aaa
            [host_id] => 63
            [ref_name] => ddd
            [ref_id] => 88
            [award_sum] => 0.35
            [award_currency] => Сталь
            [status] => processing
            [host_client_num] => 
        )

    [5] => Array
        (
            [date] => 11.09.20 02:07:37
            [host_name] => aaa
            [host_id] => 63
            [host_client_num] => 
            [ref_name] => ddd
            [ref_id] => 88
            [award_sum] => 0.1
            [award_currency] => Сталь тест
            [status] => processing
        )

    [6] => Array
        (
            [date] => 11.09.20 03:06:32
            [host_name] => aaa
            [host_id] => 63
            [host_client_num] => 
            [ref_name] => ddd
            [ref_id] => 88
            [award_sum] => 0.05
            [award_currency] => Аляска. танкер 100тыс. тон. от пайщика №453
            [status] => processing
        )

    [7] => Array
        (
            [date] => 05.09.20 19:14:49
            [host_name] => Тест
            [host_id] => 201
            [host_client_num] => 
            [ref_name] => Иляна Валерьевна Дарская
            [ref_id] => 203
            [award_sum] => 0
            [award_currency] => D500 625x250x500  1700₽/м3  Москва. пайщик №900
            [status] => processing
        )

)

input_currency: SLAV
input_rate: 1
output_currency: 
output_rate: 
doc_fields: Array
(
    [input_fields] => Array
        (
            [doc_num] => 1
            [day] => 12
            [month] => сентября
            [year] => 2020
            [hour] => 17
            [minute] => 38
            [client_num] => 541
            [client_fio] => Рефович Рефол Рефолыч
            [currency] => SLAV
            [other_currency] => 
            [amount] => 1000
            [currency_rate] => 1
            [sum] => 1000
            [public_key] => geh3546hju56u24y34tg43wtgfw3rf32rfg
            [doc_type] => input
            [prizm_address] => PRIZM-erjogrjp-32tg34tg-g34t34-v34fv
            [slav_address] => SLAV-390340834-w8923489g-3498349er-g348734
        )

    [is_deposit] => 1
)

doc_1: Array
(
    [date] => 12.09.20 17:38:41
    [filename] => -приема-SLAV-Пайщик-№541-Рефович-Рефол-Рефолыч-12-09-17-38.pdf
    [url] => http://pkslav.com/wp-content/uploads/2020/09/Акт-приема-SLAV-Пайщик-№541-Рефович-Рефол-Рефолыч-12-09-17-38.pdf
)

EXCHANGE: Array
(
    [is_personal_deposit] => yes
    [section] => Учеба-Курсы
    [input_amount] => 1
    [input_currency] => г. Ногинск. 1000р. 1 час. скорочтение пайщик №39
    [rate] => 1000
    [is_public] => on
)

currency_selector: Array
currency_selector: Array
exchange other:Array
(
    [input_sum] => 1
    [input_currency] => г. Ногинск. 1000р. 1 час. скорочтение пайщик №39
    [output_sum] => 
    [output_currency] => 
    [is_public] => 1
    [is_reserve] => 
    [is_save] => 
    [requisites] => 
    [date] => 12.09.20 18:30:07
    [status] => personal_deposit
)

input_currency: г. Ногинск. 1000р. 1 час. скорочтение пайщик №39
input_rate: 1000
output_currency: 
output_rate: 
doc_fields: Array
(
    [input_fields] => Array
        (
            [doc_num] => 1
            [day] => 12
            [month] => сентября
            [year] => 2020
            [hour] => 18
            [minute] => 32
            [client_num] => 39
            [client_fio] => Светлана Купавская Николаевна
            [currency] => г. Ногинск. 1000р. 1 час. скорочтение пайщик №39
            [other_currency] => 
            [amount] => 1
            [currency_rate] => 1000
            [sum] => 1000
            [public_key] => 082fb77c8c2433bd15a9febc06690fe90368fe00792bc6ca3f7684132d5be245
            [doc_type] => input
            [prizm_address] => PRIZM-EQEG-YL3E-PN86-CDGBR
            [slav_address] => 3P6VwHbT9stuHA1BXzLntnHGKd7urwYSEss
        )

    [is_deposit] => 1
)

doc_1: Array
(
    [date] => 12.09.20 18:32:36
    [filename] => -приема-г.-Ногинск.-1000р.-1-час.-скорочтение-пайщик-№39-Пайщик-№39-Светлана-Купавская-Николаевна-12-09-18-32.pdf
    [url] => http://pkslav.com/wp-content/uploads/2020/09/Акт-приема-г.-Ногинск.-1000р.-1-час.-скорочтение-пайщик-№39-Пайщик-№39-Светлана-Купавская-Николаевна-12-09-18-32.pdf
)

EXCHANGE: Array
(
    [is_personal_deposit] => yes
    [section] => Для зарезервированных
    [input_amount] => 1
    [input_currency] => Пешково, ул. Сосновая 1р Баня 6*5 бревно от пайщика № 39
    [rate] => 1
    [is_reserve] => on
)

currency_selector: 
currency_selector: Array
exchange other:Array
(
    [input_sum] => 1
    [input_currency] => Пешково, ул. Сосновая 1р Баня 6*5 бревно от пайщика № 39
    [output_sum] => 
    [output_currency] => 
    [is_public] => 
    [is_reserve] => 1
    [is_save] => 
    [requisites] => 
    [date] => 12.09.20 19:19:21
    [status] => personal_deposit
)

EXCHANGE: Array
(
    [is_personal_deposit] => yes
    [section] => Для зарезервированых
    [input_amount] => 1
    [input_currency] => Пешково, ул. Сосновая 1р Баня 6*5 бревно от пайщика № 39
    [rate] => 1
    [is_reserve] => on
    [reserve_id] => 24
)

currency_selector: Array
currency_selector: 
exchange other:Array
(
    [input_sum] => 1
    [input_currency] => Пешково, ул. Сосновая 1р Баня 6*5 бревно от пайщика № 39
    [output_sum] => 
    [output_currency] => 
    [is_public] => 
    [is_reserve] => 1
    [is_save] => 
    [reserve_id] => 24
    [requisites] => 
    [date] => 12.09.20 19:24:02
    [status] => personal_deposit
)

input_currency: Пешково, ул. Сосновая 1р Баня 6*5 бревно от пайщика № 39
input_rate: 1
output_currency: 
output_rate: 
before rubArray
(
    [г. Ногинск. 1000р. 1 час. скорочтение пайщик №39] => Array
        (
            [input_sum] => 1
            [output_sum] => 0
            [exchange_num] => 1
        )

    [] => Array
        (
            [input_sum] => 0
            [output_sum] => 0
            [exchange_num] => 0
        )

    [RUB] => Array
        (
            [sum] => -1000
            [exchange_num] => 1
        )

    [Пешково, ул. Сосновая 1р Баня 6*5 бревно от пайщика № 39] => Array
        (
            [input_sum] => 1
            [output_sum] => 0
            [exchange_num] => 0
        )

)

added rubArray
(
    [г. Ногинск. 1000р. 1 час. скорочтение пайщик №39] => Array
        (
            [input_sum] => 1
            [output_sum] => 0
            [exchange_num] => 1
        )

    [] => Array
        (
            [input_sum] => 0
            [output_sum] => 0
            [exchange_num] => 0
        )

    [RUB] => Array
        (
            [sum] => -1001
            [exchange_num] => 2
        )

    [Пешково, ул. Сосновая 1р Баня 6*5 бревно от пайщика № 39] => Array
        (
            [input_sum] => 1
            [output_sum] => 0
            [exchange_num] => 0
        )

)

doc_fields: Array
(
    [input_fields] => Array
        (
            [doc_num] => 2
            [day] => 12
            [month] => сентября
            [year] => 2020
            [hour] => 19
            [minute] => 24
            [client_num] => 39
            [client_fio] => Светлана Купавская Николаевна
            [currency] => Пешково, ул. Сосновая 1р Баня 6*5 бревно от пайщика № 39
            [other_currency] => 
            [amount] => 1
            [currency_rate] => 0
            [sum] => 0
            [public_key] => 082fb77c8c2433bd15a9febc06690fe90368fe00792bc6ca3f7684132d5be245
            [doc_type] => input
            [prizm_address] => PRIZM-EQEG-YL3E-PN86-CDGBR
            [slav_address] => 3P6VwHbT9stuHA1BXzLntnHGKd7urwYSEss
        )

    [is_deposit] => 1
)

doc_1: Array
(
    [date] => 12.09.20 19:24:56
    [filename] => -приема-Пешково-ул.-Сосновая-1р-Баня-65-бревно-от-пайщика-№-39-Пайщик-№39-Светлана-Купавская-Николаевна-12-09-19-24.pdf
    [url] => http://pkslav.com/wp-content/uploads/2020/09/Акт-приема-Пешково-ул.-Сосновая-1р-Баня-65-бревно-от-пайщика-№-39-Пайщик-№39-Светлана-Купавская-Николаевна-12-09-19-24.pdf
)

EXCHANGE: Array
(
    [input_currency] => SLAV
    [input_sum] => 1
    [output_currency] => Пешково, ул. Сосновая 1р Баня 6*5 бревно от пайщика № 39
    [output_sum] => 1
    [card_num] => 
    [card_name] => 
    [requisites] => 3PAM1XRQG4cpvh15evZenJWvXBAcTcC2jjt
)

input_currency: SLAV
input_rate: 1
output_currency: Пешково, ул. Сосновая 1р Баня 6*5 бревно от пайщика № 39
output_rate: 1
before rubArray
(
    [] => Array
        (
            [input_sum] => 0
            [output_sum] => 0
            [exchange_num] => 1
        )

    [RUB] => Array
        (
            [sum] => -152000
            [exchange_num] => 3
        )

    [Бетон в Москве в мешках от пайщика №888] => Array
        (
            [input_sum] => 1000
            [output_sum] => 0
            [exchange_num] => 1
        )

    [Сталь марки Н400] => Array
        (
            [input_sum] => 500
            [output_sum] => 0
            [exchange_num] => 1
        )

    [SLAV] => Array
        (
            [input_sum] => 1
            [output_sum] => 0
            [exchange_num] => 0
        )

    [Пешково, ул. Сосновая 1р Баня 6*5 бревно от пайщика № 39] => Array
        (
            [input_sum] => 0
            [output_sum] => 1
            [exchange_num] => 0
        )

)

added rubArray
(
    [] => Array
        (
            [input_sum] => 0
            [output_sum] => 0
            [exchange_num] => 1
        )

    [RUB] => Array
        (
            [sum] => -152000
            [exchange_num] => 4
        )

    [Бетон в Москве в мешках от пайщика №888] => Array
        (
            [input_sum] => 1000
            [output_sum] => 0
            [exchange_num] => 1
        )

    [Сталь марки Н400] => Array
        (
            [input_sum] => 500
            [output_sum] => 0
            [exchange_num] => 1
        )

    [SLAV] => Array
        (
            [input_sum] => 1
            [output_sum] => 0
            [exchange_num] => 0
        )

    [Пешково, ул. Сосновая 1р Баня 6*5 бревно от пайщика № 39] => Array
        (
            [input_sum] => 0
            [output_sum] => 1
            [exchange_num] => 0
        )

)

doc_fields: Array
(
    [input_fields] => Array
        (
            [doc_num] => 1
            [day] => 12
            [month] => сентября
            [year] => 2020
            [hour] => 19
            [minute] => 27
            [client_num] => 3
            [client_fio] => Сергей Сергеев Андреевич
            [currency] => SLAV
            [other_currency] => Пешково, ул. Сосновая 1р Баня 6*5 бревно от пайщика № 39
            [amount] => 1
            [currency_rate] => 1
            [sum] => 1
            [public_key] => ba4c94cdf734d02931e1f515c0c21b3caeb5a8524e409434e188fc9f27580e75
            [doc_type] => input
            [prizm_address] => PRIZM-VRWS-8DSJ-8Z9A-8XTVB
            [slav_address] => 3PAM1XRQG4cpvh15evZenJWvXBAcTcC2jjt
        )

    [output_fields] => Array
        (
            [doc_num] => 2
            [day] => 12
            [month] => сентября
            [year] => 2020
            [hour] => 19
            [minute] => 27
            [client_num] => 3
            [client_fio] => Сергей Сергеев Андреевич
            [currency] => Пешково, ул. Сосновая 1р Баня 6*5 бревно от пайщика № 39
            [other_currency] => SLAV
            [amount] => 1
            [currency_rate] => 0
            [sum] => 0
            [public_key] => ba4c94cdf734d02931e1f515c0c21b3caeb5a8524e409434e188fc9f27580e75
            [doc_type] => output
            [prizm_address] => PRIZM-VRWS-8DSJ-8Z9A-8XTVB
            [slav_address] => 3PAM1XRQG4cpvh15evZenJWvXBAcTcC2jjt
        )

    [is_deposit] => 
)

doc_1: Array
(
    [date] => 12.09.20 19:27:31
    [filename] => -приема-SLAV-Пайщик-№3-Сергей-Сергеев-Андреевич-12-09-19-27.pdf
    [url] => http://pkslav.com/wp-content/uploads/2020/09/Акт-приема-SLAV-Пайщик-№3-Сергей-Сергеев-Андреевич-12-09-19-27.pdf
)

email: weldrickemily@gmail.com; text: 
    <p>Вы или кто то другой зарегистрировались на сайте "МПК СЛАВИЯ" со следующими данными:</p>
    <p>Логин: erin mcdaniel</p>
    <p>Пароль: erin mcdaniel</p><p>Если это были вы, то подтвердите свою регистрацию перейдя по ссылке ниже:</p>
        <p><a href="http://pkslav.com/profile/?rcl-confirmdata=WyJlcmluIG1jZGFuaWVsIiwiYjFhNTliMzE1ZmM5YTMwMDJjZTM4YmJlMDcwZWMzZjUiXQ%3D%3D">http://pkslav.com/profile/?rcl-confirmdata=WyJlcmluIG1jZGFuaWVsIiwiYjFhNTliMzE1ZmM5YTMwMDJjZTM4YmJlMDcwZWMzZjUiXQ%3D%3D</a></p>
        <p>Не получается активировать аккаунт?</p>
        <p>Скопируйте текст ссылки ниже, вставьте его в адресную строку браузера и нажмите Enter</p><p>Если это были не вы, то просто проигнорируйте это письмо</p><p><small>-----------------------------------------------------<br/>
    Это сообщение было сформировано автоматически, не надо отвечать на него.<br/>
    "МПК СЛАВИЯ"</small></p>; headers: From: МПК СЛАВИЯ <cms.pkslav@gmail.com>
Reply-To: МПК СЛАВИЯ <cms.pkslav@gmail.com>
Return-Path: МПК СЛАВИЯ <cms.pkslav@gmail.com>

