email: dafa@mail.ru; text: <p>Ваш профиль был успешно верифицирован и теперь вы сможете совершать операции по обмену.</p><p>Перейдите на сайт vnuk2.ev88.fvds.ru, чтобы начать совершать операции.</p><p><small>-----------------------------------------------------<br/>
    Это сообщение было сформировано автоматически, не надо отвечать на него.<br/>
    "МПК СЛАВИЯ"</small></p>; headers: From: МПК СЛАВИЯ <cms.pkslav@gmail.com>
Reply-To: МПК СЛАВИЯ <cms.pkslav@gmail.com>
Return-Path: МПК СЛАВИЯ <cms.pkslav@gmail.com>

email: dfsf@mail.ru; text: 
    <p>Вы или кто то другой зарегистрировались на сайте "МПК СЛАВИЯ" со следующими данными:</p>
    <p>Логин: fff</p>
    <p>Пароль: fff</p><p>Если это были вы, то подтвердите свою регистрацию перейдя по ссылке ниже:</p>
        <p><a href="http://vnuk2.ev88.fvds.ru/profile/?rcl-confirmdata=WyJmZmYiLCI4MTJiNGJhMjg3ZjVlZTBiYzlkNDNiYmY1YmJlODdmYiJd">http://vnuk2.ev88.fvds.ru/profile/?rcl-confirmdata=WyJmZmYiLCI4MTJiNGJhMjg3ZjVlZTBiYzlkNDNiYmY1YmJlODdmYiJd</a></p>
        <p>Не получается активировать аккаунт?</p>
        <p>Скопируйте текст ссылки ниже, вставьте его в адресную строку браузера и нажмите Enter</p><p>Если это были не вы, то просто проигнорируйте это письмо</p><p><small>-----------------------------------------------------<br/>
    Это сообщение было сформировано автоматически, не надо отвечать на него.<br/>
    "МПК СЛАВИЯ"</small></p>; headers: From: МПК СЛАВИЯ <cms.pkslav@gmail.com>
Reply-To: МПК СЛАВИЯ <cms.pkslav@gmail.com>
Return-Path: МПК СЛАВИЯ <cms.pkslav@gmail.com>

doc_1: Array
(
    [date] => 11.06.20 16:17:21
    [filename] => -приема-PRIZM-Пайщик-№-hdhfgdfg-ghghdfgfdg-hgdjfgdfg-11-06-16-17.pdf
    [url] => http://vnuk2.ev88.fvds.ru/wp-content/uploads/2020/06/Акт-приема-PRIZM-Пайщик-№-hdhfgdfg-ghghdfgfdg-hgdjfgdfg-11-06-16-17.pdf
)

