email: iva3355@mail.ru; text: 
    <p>Вы или кто то другой зарегистрировались на сайте "МПК СЛАВИЯ" со следующими данными:</p>
    <p>Логин: Ivanov777</p>
    <p>Пароль: 123-321</p><p>Если это были вы, то подтвердите свою регистрацию перейдя по ссылке ниже:</p>
        <p><a href="http://pkslav.com/profile/?rcl-confirmdata=WyJJdmFub3Y3NzciLCIyNmUzNTllODM4NjBkYjFkMTFiNmFjY2E1N2Q4ZWE4OCJd">http://pkslav.com/profile/?rcl-confirmdata=WyJJdmFub3Y3NzciLCIyNmUzNTllODM4NjBkYjFkMTFiNmFjY2E1N2Q4ZWE4OCJd</a></p>
        <p>Не получается активировать аккаунт?</p>
        <p>Скопируйте текст ссылки ниже, вставьте его в адресную строку браузера и нажмите Enter</p><p>Если это были не вы, то просто проигнорируйте это письмо</p><p><small>-----------------------------------------------------<br/>
    Это сообщение было сформировано автоматически, не надо отвечать на него.<br/>
    "МПК СЛАВИЯ"</small></p>; headers: From: МПК СЛАВИЯ <cms.pkslav@gmail.com>
Reply-To: МПК СЛАВИЯ <cms.pkslav@gmail.com>
Return-Path: МПК СЛАВИЯ <cms.pkslav@gmail.com>

email: montgomeryair2@gmail.com; text: 
    <p>Вы или кто то другой зарегистрировались на сайте "МПК СЛАВИЯ" со следующими данными:</p>
    <p>Логин: mary short</p>
    <p>Пароль: mary short</p><p>Если это были вы, то подтвердите свою регистрацию перейдя по ссылке ниже:</p>
        <p><a href="http://pkslav.com/profile/?rcl-confirmdata=WyJtYXJ5IHNob3J0IiwiZWYwZDM5MzBhN2I2Yzk1YmQyYjMyZWQ0NTk4OWM2MWYiXQ%3D%3D">http://pkslav.com/profile/?rcl-confirmdata=WyJtYXJ5IHNob3J0IiwiZWYwZDM5MzBhN2I2Yzk1YmQyYjMyZWQ0NTk4OWM2MWYiXQ%3D%3D</a></p>
        <p>Не получается активировать аккаунт?</p>
        <p>Скопируйте текст ссылки ниже, вставьте его в адресную строку браузера и нажмите Enter</p><p>Если это были не вы, то просто проигнорируйте это письмо</p><p><small>-----------------------------------------------------<br/>
    Это сообщение было сформировано автоматически, не надо отвечать на него.<br/>
    "МПК СЛАВИЯ"</small></p>; headers: From: МПК СЛАВИЯ <cms.pkslav@gmail.com>
Reply-To: МПК СЛАВИЯ <cms.pkslav@gmail.com>
Return-Path: МПК СЛАВИЯ <cms.pkslav@gmail.com>

email: michaeldylan6@yahoo.com; text: 
    <p>Вы или кто то другой зарегистрировались на сайте "МПК СЛАВИЯ" со следующими данными:</p>
    <p>Логин: cheyanne dixon</p>
    <p>Пароль: cheyanne dixon</p><p>Если это были вы, то подтвердите свою регистрацию перейдя по ссылке ниже:</p>
        <p><a href="http://pkslav.com/profile/?rcl-confirmdata=WyJjaGV5YW5uZSBkaXhvbiIsIjk0ZjZkN2UwNGE0ZDQ1MjAzNTMwMGYxOGI5ODQ5ODhjIl0%3D">http://pkslav.com/profile/?rcl-confirmdata=WyJjaGV5YW5uZSBkaXhvbiIsIjk0ZjZkN2UwNGE0ZDQ1MjAzNTMwMGYxOGI5ODQ5ODhjIl0%3D</a></p>
        <p>Не получается активировать аккаунт?</p>
        <p>Скопируйте текст ссылки ниже, вставьте его в адресную строку браузера и нажмите Enter</p><p>Если это были не вы, то просто проигнорируйте это письмо</p><p><small>-----------------------------------------------------<br/>
    Это сообщение было сформировано автоматически, не надо отвечать на него.<br/>
    "МПК СЛАВИЯ"</small></p>; headers: From: МПК СЛАВИЯ <cms.pkslav@gmail.com>
Reply-To: МПК СЛАВИЯ <cms.pkslav@gmail.com>
Return-Path: МПК СЛАВИЯ <cms.pkslav@gmail.com>

email: alecia68@msn.com; text: 
    <p>Вы или кто то другой зарегистрировались на сайте "МПК СЛАВИЯ" со следующими данными:</p>
    <p>Логин: riya shannon</p>
    <p>Пароль: riya shannon</p><p>Если это были вы, то подтвердите свою регистрацию перейдя по ссылке ниже:</p>
        <p><a href="http://pkslav.com/profile/?rcl-confirmdata=WyJyaXlhIHNoYW5ub24iLCIzNGVkMDY2ZGYzNzhlZmFjYzliOTI0ZWMxNjFlNzYzOSJd">http://pkslav.com/profile/?rcl-confirmdata=WyJyaXlhIHNoYW5ub24iLCIzNGVkMDY2ZGYzNzhlZmFjYzliOTI0ZWMxNjFlNzYzOSJd</a></p>
        <p>Не получается активировать аккаунт?</p>
        <p>Скопируйте текст ссылки ниже, вставьте его в адресную строку браузера и нажмите Enter</p><p>Если это были не вы, то просто проигнорируйте это письмо</p><p><small>-----------------------------------------------------<br/>
    Это сообщение было сформировано автоматически, не надо отвечать на него.<br/>
    "МПК СЛАВИЯ"</small></p>; headers: From: МПК СЛАВИЯ <cms.pkslav@gmail.com>
Reply-To: МПК СЛАВИЯ <cms.pkslav@gmail.com>
Return-Path: МПК СЛАВИЯ <cms.pkslav@gmail.com>

email: rickeybishop48@yahoo.com; text: 
    <p>Вы или кто то другой зарегистрировались на сайте "МПК СЛАВИЯ" со следующими данными:</p>
    <p>Логин: zackary villarreal</p>
    <p>Пароль: zackary villarreal</p><p>Если это были вы, то подтвердите свою регистрацию перейдя по ссылке ниже:</p>
        <p><a href="http://pkslav.com/profile/?rcl-confirmdata=WyJ6YWNrYXJ5IHZpbGxhcnJlYWwiLCI1NzdiY2M5MTRmOWU1NWQ1ZTRlNGY4MmY5ZjAwZTdkNCJd">http://pkslav.com/profile/?rcl-confirmdata=WyJ6YWNrYXJ5IHZpbGxhcnJlYWwiLCI1NzdiY2M5MTRmOWU1NWQ1ZTRlNGY4MmY5ZjAwZTdkNCJd</a></p>
        <p>Не получается активировать аккаунт?</p>
        <p>Скопируйте текст ссылки ниже, вставьте его в адресную строку браузера и нажмите Enter</p><p>Если это были не вы, то просто проигнорируйте это письмо</p><p><small>-----------------------------------------------------<br/>
    Это сообщение было сформировано автоматически, не надо отвечать на него.<br/>
    "МПК СЛАВИЯ"</small></p>; headers: From: МПК СЛАВИЯ <cms.pkslav@gmail.com>
Reply-To: МПК СЛАВИЯ <cms.pkslav@gmail.com>
Return-Path: МПК СЛАВИЯ <cms.pkslav@gmail.com>

find_currency_rate_by_name call from: add_stats - input
requests: Array
(
    [1] => Array
        (
            [82] => Array
                (
                    [input_sum] => 50
                    [input_currency] => Urals test for dart
                    [output_sum] => 
                    [output_currency] => 
                    [is_public] => 
                    [is_reserve] => 1
                    [is_save] => 
                    [reserve_id] => 6
                    [requisites] => 
                    [date] => 20.09.20 21:50:13
                    [status] => approved_by_manager
                    [is_personal_deposit] => yes
                )

        )

    [63] => Array
        (
            [48] => Array
                (
                    [input_sum] => 53
                    [input_currency] => Bonolit test for dart
                    [output_sum] => 
                    [output_currency] => 
                    [is_public] => 
                    [is_reserve] => 1
                    [is_save] => 
                    [reserve_id] => 6
                    [requisites] => 
                    [date] => 20.09.20 21:52:28
                    [status] => personal_deposit
                )

        )

)

requests: Array
(
    [1] => Array
        (
            [82] => Array
                (
                    [input_sum] => 50
                    [input_currency] => Urals test for dart
                    [output_sum] => 
                    [output_currency] => 
                    [is_public] => 
                    [is_reserve] => 1
                    [is_save] => 
                    [reserve_id] => 6
                    [requisites] => 
                    [date] => 20.09.20 21:50:13
                    [status] => approved_by_manager
                    [is_personal_deposit] => yes
                )

        )

    [63] => Array
        (
            [48] => Array
                (
                    [input_sum] => 53
                    [input_currency] => Bonolit test for dart
                    [output_sum] => 
                    [output_currency] => 
                    [is_public] => 
                    [is_reserve] => 1
                    [is_save] => 
                    [reserve_id] => 6
                    [requisites] => 
                    [date] => 20.09.20 21:52:28
                    [status] => personal_deposit
                )

        )

)

find_currency_rate_by_name call from: add_stats - input
