email: lacipe8930@aprimail.com; text: <p>Ваш профиль был успешно верифицирован и теперь вы сможете совершать операции по обмену.</p><p>Перейдите на сайт vnuk2.ev88.fvds.ru, чтобы начать совершать операции.</p><p><small>-----------------------------------------------------<br/>
    Это сообщение было сформировано автоматически, не надо отвечать на него.<br/>
    "МПК СЛАВИЯ"</small></p>; headers: From: МПК СЛАВИЯ <cms.pkslav@gmail.com>
Reply-To: МПК СЛАВИЯ <cms.pkslav@gmail.com>
Return-Path: МПК СЛАВИЯ <cms.pkslav@gmail.com>

email: sivon59296@mailop7.com; text: <p>Пользователь ccc с ID 87 только что совершил новую операцию.</p><p>Необходимо выплатить пригласившему его пользователю aaa с ID 63 вознаграждение в размере 0.07 Стандарт плутониевого металла в соответствии с условиями реферальной программы.</p><p><small>-----------------------------------------------------<br/>
    Это сообщение было сформировано автоматически, не надо отвечать на него.<br/>
    "МПК СЛАВИЯ"</small></p>; headers: From: МПК СЛАВИЯ <cms.pkslav@gmail.com>
Reply-To: МПК СЛАВИЯ <cms.pkslav@gmail.com>
Return-Path: МПК СЛАВИЯ <cms.pkslav@gmail.com>

email: blablba@mail.ru; text: <p>Пользователь ccc с ID 87 только что совершил новую операцию.</p><p>Необходимо выплатить пригласившему его пользователю aaa с ID 63 вознаграждение в размере 0.07 Стандарт плутониевого металла в соответствии с условиями реферальной программы.</p><p><small>-----------------------------------------------------<br/>
    Это сообщение было сформировано автоматически, не надо отвечать на него.<br/>
    "МПК СЛАВИЯ"</small></p>; headers: From: МПК СЛАВИЯ <cms.pkslav@gmail.com>
Reply-To: МПК СЛАВИЯ <cms.pkslav@gmail.com>
Return-Path: МПК СЛАВИЯ <cms.pkslav@gmail.com>

email: aleksandr-zemyan@rambler.ru; text: <p>Приглашенный вами пользователь ccc только что совершил новую операцию.</p><p>Вам причитается вознаграждение в размере 0.07 Стандарт плутониевого металла в соответствии с условиями реферальной программы.</p><p><small>-----------------------------------------------------<br/>
    Это сообщение было сформировано автоматически, не надо отвечать на него.<br/>
    "МПК СЛАВИЯ"</small></p>; headers: From: МПК СЛАВИЯ <cms.pkslav@gmail.com>
Reply-To: МПК СЛАВИЯ <cms.pkslav@gmail.com>
Return-Path: МПК СЛАВИЯ <cms.pkslav@gmail.com>

asset_rate: 807765
asset_rate: 532
doc_1: Array
(
    [date] => 22.05.20 15:06:11
    [filename] => -приема-Стандарт-плутониевого-металла-87-05-22-15-06.pdf
    [url] => http://vnuk2.ev88.fvds.ru/wp-content/uploads/2020/05/Акт-приема-Стандарт-плутониевого-металла-87-05-22-15-06.pdf
)

email: sivon59296@mailop7.com; text: <p>Пользователь ccc с ID 87 только что совершил новую операцию.</p><p>Необходимо выплатить пригласившему его пользователю aaa с ID 63 вознаграждение в размере 0.35 PRIZM в соответствии с условиями реферальной программы.</p><p><small>-----------------------------------------------------<br/>
    Это сообщение было сформировано автоматически, не надо отвечать на него.<br/>
    "МПК СЛАВИЯ"</small></p>; headers: From: МПК СЛАВИЯ <cms.pkslav@gmail.com>
Reply-To: МПК СЛАВИЯ <cms.pkslav@gmail.com>
Return-Path: МПК СЛАВИЯ <cms.pkslav@gmail.com>

email: blablba@mail.ru; text: <p>Пользователь ccc с ID 87 только что совершил новую операцию.</p><p>Необходимо выплатить пригласившему его пользователю aaa с ID 63 вознаграждение в размере 0.35 PRIZM в соответствии с условиями реферальной программы.</p><p><small>-----------------------------------------------------<br/>
    Это сообщение было сформировано автоматически, не надо отвечать на него.<br/>
    "МПК СЛАВИЯ"</small></p>; headers: From: МПК СЛАВИЯ <cms.pkslav@gmail.com>
Reply-To: МПК СЛАВИЯ <cms.pkslav@gmail.com>
Return-Path: МПК СЛАВИЯ <cms.pkslav@gmail.com>

email: aleksandr-zemyan@rambler.ru; text: <p>Приглашенный вами пользователь ccc только что совершил новую операцию.</p><p>Вам причитается вознаграждение в размере 0.35 PRIZM в соответствии с условиями реферальной программы.</p><p><small>-----------------------------------------------------<br/>
    Это сообщение было сформировано автоматически, не надо отвечать на него.<br/>
    "МПК СЛАВИЯ"</small></p>; headers: From: МПК СЛАВИЯ <cms.pkslav@gmail.com>
Reply-To: МПК СЛАВИЯ <cms.pkslav@gmail.com>
Return-Path: МПК СЛАВИЯ <cms.pkslav@gmail.com>

doc_1: Array
(
    [date] => 22.05.20 15:06:15
    [filename] => -приема-PRIZM-87-05-22-15-06.pdf
    [url] => http://vnuk2.ev88.fvds.ru/wp-content/uploads/2020/05/Акт-приема-PRIZM-87-05-22-15-06.pdf
)

email: sivon59296@mailop7.com; text: <p>Пользователь ccc с ID 87 только что совершил новую операцию.</p><p>Необходимо выплатить пригласившему его пользователю aaa с ID 63 вознаграждение в размере 0.07 "Бетон-м450"_[м³] в соответствии с условиями реферальной программы.</p><p><small>-----------------------------------------------------<br/>
    Это сообщение было сформировано автоматически, не надо отвечать на него.<br/>
    "МПК СЛАВИЯ"</small></p>; headers: From: МПК СЛАВИЯ <cms.pkslav@gmail.com>
Reply-To: МПК СЛАВИЯ <cms.pkslav@gmail.com>
Return-Path: МПК СЛАВИЯ <cms.pkslav@gmail.com>

email: blablba@mail.ru; text: <p>Пользователь ccc с ID 87 только что совершил новую операцию.</p><p>Необходимо выплатить пригласившему его пользователю aaa с ID 63 вознаграждение в размере 0.07 "Бетон-м450"_[м³] в соответствии с условиями реферальной программы.</p><p><small>-----------------------------------------------------<br/>
    Это сообщение было сформировано автоматически, не надо отвечать на него.<br/>
    "МПК СЛАВИЯ"</small></p>; headers: From: МПК СЛАВИЯ <cms.pkslav@gmail.com>
Reply-To: МПК СЛАВИЯ <cms.pkslav@gmail.com>
Return-Path: МПК СЛАВИЯ <cms.pkslav@gmail.com>

email: aleksandr-zemyan@rambler.ru; text: <p>Приглашенный вами пользователь ccc только что совершил новую операцию.</p><p>Вам причитается вознаграждение в размере 0.07 "Бетон-м450"_[м³] в соответствии с условиями реферальной программы.</p><p><small>-----------------------------------------------------<br/>
    Это сообщение было сформировано автоматически, не надо отвечать на него.<br/>
    "МПК СЛАВИЯ"</small></p>; headers: From: МПК СЛАВИЯ <cms.pkslav@gmail.com>
Reply-To: МПК СЛАВИЯ <cms.pkslav@gmail.com>
Return-Path: МПК СЛАВИЯ <cms.pkslav@gmail.com>

asset_rate: 4600
asset_rate: 9600
doc_1: Array
(
    [date] => 22.05.20 15:06:26
    [filename] => -приема-Бетон-м450_м³-87-05-22-15-06.pdf
    [url] => http://vnuk2.ev88.fvds.ru/wp-content/uploads/2020/05/Акт-приема-Бетон-м450_м³-87-05-22-15-06.pdf
)

email: sivon59296@mailop7.com; text: <p>Пользователь ccc с ID 87 только что совершил новую операцию.</p><p>Необходимо выплатить пригласившему его пользователю aaa с ID 63 вознаграждение в размере 0.42 PRIZM в соответствии с условиями реферальной программы.</p><p><small>-----------------------------------------------------<br/>
    Это сообщение было сформировано автоматически, не надо отвечать на него.<br/>
    "МПК СЛАВИЯ"</small></p>; headers: From: МПК СЛАВИЯ <cms.pkslav@gmail.com>
Reply-To: МПК СЛАВИЯ <cms.pkslav@gmail.com>
Return-Path: МПК СЛАВИЯ <cms.pkslav@gmail.com>

email: blablba@mail.ru; text: <p>Пользователь ccc с ID 87 только что совершил новую операцию.</p><p>Необходимо выплатить пригласившему его пользователю aaa с ID 63 вознаграждение в размере 0.42 PRIZM в соответствии с условиями реферальной программы.</p><p><small>-----------------------------------------------------<br/>
    Это сообщение было сформировано автоматически, не надо отвечать на него.<br/>
    "МПК СЛАВИЯ"</small></p>; headers: From: МПК СЛАВИЯ <cms.pkslav@gmail.com>
Reply-To: МПК СЛАВИЯ <cms.pkslav@gmail.com>
Return-Path: МПК СЛАВИЯ <cms.pkslav@gmail.com>

email: aleksandr-zemyan@rambler.ru; text: <p>Приглашенный вами пользователь ccc только что совершил новую операцию.</p><p>Вам причитается вознаграждение в размере 0.42 PRIZM в соответствии с условиями реферальной программы.</p><p><small>-----------------------------------------------------<br/>
    Это сообщение было сформировано автоматически, не надо отвечать на него.<br/>
    "МПК СЛАВИЯ"</small></p>; headers: From: МПК СЛАВИЯ <cms.pkslav@gmail.com>
Reply-To: МПК СЛАВИЯ <cms.pkslav@gmail.com>
Return-Path: МПК СЛАВИЯ <cms.pkslav@gmail.com>

doc_1: Array
(
    [date] => 22.05.20 15:06:31
    [filename] => -приема-PRIZM-87-05-22-15-06-1.pdf
    [url] => http://vnuk2.ev88.fvds.ru/wp-content/uploads/2020/05/Акт-приема-PRIZM-87-05-22-15-06-1.pdf
)

refs: 
refs: Array
(
    [2] => 87
)

email: test@mail.ru; text: 
    <p>Вы или кто то другой зарегистрировались на сайте "МПК СЛАВИЯ" со следующими данными:</p>
    <p>Логин: ddd</p>
    <p>Пароль: ddd</p><p>Если это были вы, то подтвердите свою регистрацию перейдя по ссылке ниже:</p>
        <p><a href="http://vnuk2.ev88.fvds.ru/profile/?rcl-confirmdata=WyJkZGQiLCIyYTM4YTRhOTMxNmM0OWU1YTgzMzUxN2M0NWQzMTA3MCJd">http://vnuk2.ev88.fvds.ru/profile/?rcl-confirmdata=WyJkZGQiLCIyYTM4YTRhOTMxNmM0OWU1YTgzMzUxN2M0NWQzMTA3MCJd</a></p>
        <p>Не получается активировать аккаунт?</p>
        <p>Скопируйте текст ссылки ниже, вставьте его в адресную строку браузера и нажмите Enter</p><p>Если это были не вы, то просто проигнорируйте это письмо</p><p><small>-----------------------------------------------------<br/>
    Это сообщение было сформировано автоматически, не надо отвечать на него.<br/>
    "МПК СЛАВИЯ"</small></p>; headers: From: МПК СЛАВИЯ <cms.pkslav@gmail.com>
Reply-To: МПК СЛАВИЯ <cms.pkslav@gmail.com>
Return-Path: МПК СЛАВИЯ <cms.pkslav@gmail.com>

items: Array
(
    [63] => Array
        (
            [0] => Array
                (
                    [date] => 22.05.20 15:06:08
                    [host_name] => aaa
                    [host_id] => 63
                    [ref_name] => ccc
                    [ref_id] => 87
                    [award_sum] => 0.07
                    [award_currency] => Стандарт плутониевого металла
                    [status] => processing
                )

            [1] => Array
                (
                    [date] => 22.05.20 15:06:13
                    [host_name] => aaa
                    [host_id] => 63
                    [ref_name] => ccc
                    [ref_id] => 87
                    [award_sum] => 0.35
                    [award_currency] => PRIZM
                    [status] => paid
                )

            [2] => Array
                (
                    [date] => 22.05.20 15:06:24
                    [host_name] => aaa
                    [host_id] => 63
                    [ref_name] => ccc
                    [ref_id] => 87
                    [award_sum] => 0.07
                    [award_currency] => "Бетон-м450"_[м³]
                    [status] => processing
                )

            [3] => Array
                (
                    [date] => 22.05.20 15:06:28
                    [host_name] => aaa
                    [host_id] => 63
                    [ref_name] => ccc
                    [ref_id] => 87
                    [award_sum] => 0.42
                    [award_currency] => PRIZM
                    [status] => paid
                )

        )

)

items: Array
(
    [63] => Array
        (
            [0] => Array
                (
                    [date] => 22.05.20 15:06:08
                    [host_name] => aaa
                    [host_id] => 63
                    [ref_name] => ccc
                    [ref_id] => 87
                    [award_sum] => 0.07
                    [award_currency] => Стандарт плутониевого металла
                    [status] => processing
                )

            [1] => Array
                (
                    [date] => 22.05.20 15:06:13
                    [host_name] => aaa
                    [host_id] => 63
                    [ref_name] => ccc
                    [ref_id] => 87
                    [award_sum] => 0.35
                    [award_currency] => PRIZM
                    [status] => paid
                )

            [2] => Array
                (
                    [date] => 22.05.20 15:06:24
                    [host_name] => aaa
                    [host_id] => 63
                    [ref_name] => ccc
                    [ref_id] => 87
                    [award_sum] => 0.07
                    [award_currency] => "Бетон-м450"_[м³]
                    [status] => processing
                )

            [3] => Array
                (
                    [date] => 22.05.20 15:06:28
                    [host_name] => aaa
                    [host_id] => 63
                    [ref_name] => ccc
                    [ref_id] => 87
                    [award_sum] => 0.42
                    [award_currency] => PRIZM
                    [status] => paid
                )

        )

)

result_arr: Array
(
    [paid_sum] => Array
        (
            [PRIZM] => 0.77
        )

    [unpaid_sum] => Array
        (
            [Стандарт плутониевого металла] => 0.07
            ["Бетон-м450"_[м³]] => 0.07
        )

)

result_arr: Array
(
    [paid_sum] => Array
        (
            [PRIZM] => 0.77
        )

    [unpaid_sum] => Array
        (
            [Стандарт плутониевого металла] => 0.07
            ["Бетон-м450"_[м³]] => 0.07
        )

)

result_arr: Array
(
    [paid_sum] => Array
        (
            [PRIZM] => 0.77
        )

    [unpaid_sum] => Array
        (
            [Стандарт плутониевого металла] => 0.07
            ["Бетон-м450"_[м³]] => 0.07
        )

)

result_arr: Array
(
    [paid_sum] => Array
        (
            [PRIZM] => 0.77
        )

    [unpaid_sum] => Array
        (
            [Стандарт плутониевого металла] => 0.07
            ["Бетон-м450"_[м³]] => 0.07
        )

)

result_arr: Array
(
    [paid_sum] => Array
        (
            [PRIZM] => 0.77
        )

    [unpaid_sum] => Array
        (
            [Стандарт плутониевого металла] => 0.07
            ["Бетон-м450"_[м³]] => 0.07
        )

)

email: test@mail.ru; text: <p>Ваш профиль был успешно верифицирован и теперь вы сможете совершать операции по обмену.</p><p>Перейдите на сайт vnuk2.ev88.fvds.ru, чтобы начать совершать операции.</p><p><small>-----------------------------------------------------<br/>
    Это сообщение было сформировано автоматически, не надо отвечать на него.<br/>
    "МПК СЛАВИЯ"</small></p>; headers: From: МПК СЛАВИЯ <cms.pkslav@gmail.com>
Reply-To: МПК СЛАВИЯ <cms.pkslav@gmail.com>
Return-Path: МПК СЛАВИЯ <cms.pkslav@gmail.com>

email: sivon59296@mailop7.com; text: <p>Пользователь ddd с ID 88 только что совершил новую операцию.</p><p>Необходимо выплатить пригласившему его пользователю aaa с ID 63 вознаграждение в размере 0.42 PRIZM в соответствии с условиями реферальной программы.</p><p><small>-----------------------------------------------------<br/>
    Это сообщение было сформировано автоматически, не надо отвечать на него.<br/>
    "МПК СЛАВИЯ"</small></p>; headers: From: МПК СЛАВИЯ <cms.pkslav@gmail.com>
Reply-To: МПК СЛАВИЯ <cms.pkslav@gmail.com>
Return-Path: МПК СЛАВИЯ <cms.pkslav@gmail.com>

email: blablba@mail.ru; text: <p>Пользователь ddd с ID 88 только что совершил новую операцию.</p><p>Необходимо выплатить пригласившему его пользователю aaa с ID 63 вознаграждение в размере 0.42 PRIZM в соответствии с условиями реферальной программы.</p><p><small>-----------------------------------------------------<br/>
    Это сообщение было сформировано автоматически, не надо отвечать на него.<br/>
    "МПК СЛАВИЯ"</small></p>; headers: From: МПК СЛАВИЯ <cms.pkslav@gmail.com>
Reply-To: МПК СЛАВИЯ <cms.pkslav@gmail.com>
Return-Path: МПК СЛАВИЯ <cms.pkslav@gmail.com>

email: aleksandr-zemyan@rambler.ru; text: <p>Приглашенный вами пользователь ddd только что совершил новую операцию.</p><p>Вам причитается вознаграждение в размере 0.42 PRIZM в соответствии с условиями реферальной программы.</p><p><small>-----------------------------------------------------<br/>
    Это сообщение было сформировано автоматически, не надо отвечать на него.<br/>
    "МПК СЛАВИЯ"</small></p>; headers: From: МПК СЛАВИЯ <cms.pkslav@gmail.com>
Reply-To: МПК СЛАВИЯ <cms.pkslav@gmail.com>
Return-Path: МПК СЛАВИЯ <cms.pkslav@gmail.com>

doc_1: Array
(
    [date] => 22.05.20 15:58:31
    [filename] => -приема-PRIZM-88-05-22-15-58.pdf
    [url] => http://vnuk2.ev88.fvds.ru/wp-content/uploads/2020/05/Акт-приема-PRIZM-88-05-22-15-58.pdf
)

email: sivon59296@mailop7.com; text: <p>Пользователь ddd с ID 88 только что совершил новую операцию.</p><p>Необходимо выплатить пригласившему его пользователю aaa с ID 63 вознаграждение в размере 0.7 PRIZM в соответствии с условиями реферальной программы.</p><p><small>-----------------------------------------------------<br/>
    Это сообщение было сформировано автоматически, не надо отвечать на него.<br/>
    "МПК СЛАВИЯ"</small></p>; headers: From: МПК СЛАВИЯ <cms.pkslav@gmail.com>
Reply-To: МПК СЛАВИЯ <cms.pkslav@gmail.com>
Return-Path: МПК СЛАВИЯ <cms.pkslav@gmail.com>

email: blablba@mail.ru; text: <p>Пользователь ddd с ID 88 только что совершил новую операцию.</p><p>Необходимо выплатить пригласившему его пользователю aaa с ID 63 вознаграждение в размере 0.7 PRIZM в соответствии с условиями реферальной программы.</p><p><small>-----------------------------------------------------<br/>
    Это сообщение было сформировано автоматически, не надо отвечать на него.<br/>
    "МПК СЛАВИЯ"</small></p>; headers: From: МПК СЛАВИЯ <cms.pkslav@gmail.com>
Reply-To: МПК СЛАВИЯ <cms.pkslav@gmail.com>
Return-Path: МПК СЛАВИЯ <cms.pkslav@gmail.com>

email: aleksandr-zemyan@rambler.ru; text: <p>Приглашенный вами пользователь ddd только что совершил новую операцию.</p><p>Вам причитается вознаграждение в размере 0.7 PRIZM в соответствии с условиями реферальной программы.</p><p><small>-----------------------------------------------------<br/>
    Это сообщение было сформировано автоматически, не надо отвечать на него.<br/>
    "МПК СЛАВИЯ"</small></p>; headers: From: МПК СЛАВИЯ <cms.pkslav@gmail.com>
Reply-To: МПК СЛАВИЯ <cms.pkslav@gmail.com>
Return-Path: МПК СЛАВИЯ <cms.pkslav@gmail.com>

doc_1: Array
(
    [date] => 22.05.20 15:58:37
    [filename] => -приема-PRIZM-88-05-22-15-58-1.pdf
    [url] => http://vnuk2.ev88.fvds.ru/wp-content/uploads/2020/05/Акт-приема-PRIZM-88-05-22-15-58-1.pdf
)

email: sivon59296@mailop7.com; text: <p>Пользователь ddd с ID 88 только что совершил новую операцию.</p><p>Необходимо выплатить пригласившему его пользователю aaa с ID 63 вознаграждение в размере 0.35 Сталь в соответствии с условиями реферальной программы.</p><p><small>-----------------------------------------------------<br/>
    Это сообщение было сформировано автоматически, не надо отвечать на него.<br/>
    "МПК СЛАВИЯ"</small></p>; headers: From: МПК СЛАВИЯ <cms.pkslav@gmail.com>
Reply-To: МПК СЛАВИЯ <cms.pkslav@gmail.com>
Return-Path: МПК СЛАВИЯ <cms.pkslav@gmail.com>

email: blablba@mail.ru; text: <p>Пользователь ddd с ID 88 только что совершил новую операцию.</p><p>Необходимо выплатить пригласившему его пользователю aaa с ID 63 вознаграждение в размере 0.35 Сталь в соответствии с условиями реферальной программы.</p><p><small>-----------------------------------------------------<br/>
    Это сообщение было сформировано автоматически, не надо отвечать на него.<br/>
    "МПК СЛАВИЯ"</small></p>; headers: From: МПК СЛАВИЯ <cms.pkslav@gmail.com>
Reply-To: МПК СЛАВИЯ <cms.pkslav@gmail.com>
Return-Path: МПК СЛАВИЯ <cms.pkslav@gmail.com>

email: aleksandr-zemyan@rambler.ru; text: <p>Приглашенный вами пользователь ddd только что совершил новую операцию.</p><p>Вам причитается вознаграждение в размере 0.35 Сталь в соответствии с условиями реферальной программы.</p><p><small>-----------------------------------------------------<br/>
    Это сообщение было сформировано автоматически, не надо отвечать на него.<br/>
    "МПК СЛАВИЯ"</small></p>; headers: From: МПК СЛАВИЯ <cms.pkslav@gmail.com>
Reply-To: МПК СЛАВИЯ <cms.pkslav@gmail.com>
Return-Path: МПК СЛАВИЯ <cms.pkslav@gmail.com>

asset_rate: 150
asset_rate: 
doc_1: Array
(
    [date] => 22.05.20 15:58:53
    [filename] => -приема-Сталь-88-05-22-15-58.pdf
    [url] => http://vnuk2.ev88.fvds.ru/wp-content/uploads/2020/05/Акт-приема-Сталь-88-05-22-15-58.pdf
)

email: shar.leto88@gmail.com; text: 
    <p>Вы или кто то другой зарегистрировались на сайте "МПК СЛАВИЯ" со следующими данными:</p>
    <p>Логин: zima</p>
    <p>Пароль: dead9816</p><p>Если это были вы, то подтвердите свою регистрацию перейдя по ссылке ниже:</p>
        <p><a href="http://vnuk2.ev88.fvds.ru/profile/?rcl-confirmdata=WyJ6aW1hIiwiNzY0Nzk2NmI3MzQzYzI5MDQ4NjczMjUyZTQ5MGY3MzYiXQ%3D%3D">http://vnuk2.ev88.fvds.ru/profile/?rcl-confirmdata=WyJ6aW1hIiwiNzY0Nzk2NmI3MzQzYzI5MDQ4NjczMjUyZTQ5MGY3MzYiXQ%3D%3D</a></p>
        <p>Не получается активировать аккаунт?</p>
        <p>Скопируйте текст ссылки ниже, вставьте его в адресную строку браузера и нажмите Enter</p><p>Если это были не вы, то просто проигнорируйте это письмо</p><p><small>-----------------------------------------------------<br/>
    Это сообщение было сформировано автоматически, не надо отвечать на него.<br/>
    "МПК СЛАВИЯ"</small></p>; headers: From: МПК СЛАВИЯ <cms.pkslav@gmail.com>
Reply-To: МПК СЛАВИЯ <cms.pkslav@gmail.com>
Return-Path: МПК СЛАВИЯ <cms.pkslav@gmail.com>

email: shar.leto88@gmail.com; text: <p>Ваш профиль был успешно верифицирован и теперь вы сможете совершать операции по обмену.</p><p>Перейдите на сайт vnuk2.ev88.fvds.ru, чтобы начать совершать операции.</p><p><small>-----------------------------------------------------<br/>
    Это сообщение было сформировано автоматически, не надо отвечать на него.<br/>
    "МПК СЛАВИЯ"</small></p>; headers: From: МПК СЛАВИЯ <cms.pkslav@gmail.com>
Reply-To: МПК СЛАВИЯ <cms.pkslav@gmail.com>
Return-Path: МПК СЛАВИЯ <cms.pkslav@gmail.com>

email: sivon59296@mailop7.com; text: <p>Пользователь zima zima zima с ID 89 только что совершил новую операцию.</p><p>Необходимо выплатить пригласившему его пользователю Бодункова Ирина Ярославовна с ID 84 вознаграждение в размере 0 PRIZM в соответствии с условиями реферальной программы.</p><p><small>-----------------------------------------------------<br/>
    Это сообщение было сформировано автоматически, не надо отвечать на него.<br/>
    "МПК СЛАВИЯ"</small></p>; headers: From: МПК СЛАВИЯ <cms.pkslav@gmail.com>
Reply-To: МПК СЛАВИЯ <cms.pkslav@gmail.com>
Return-Path: МПК СЛАВИЯ <cms.pkslav@gmail.com>

email: blablba@mail.ru; text: <p>Пользователь zima zima zima с ID 89 только что совершил новую операцию.</p><p>Необходимо выплатить пригласившему его пользователю Бодункова Ирина Ярославовна с ID 84 вознаграждение в размере 0 PRIZM в соответствии с условиями реферальной программы.</p><p><small>-----------------------------------------------------<br/>
    Это сообщение было сформировано автоматически, не надо отвечать на него.<br/>
    "МПК СЛАВИЯ"</small></p>; headers: From: МПК СЛАВИЯ <cms.pkslav@gmail.com>
Reply-To: МПК СЛАВИЯ <cms.pkslav@gmail.com>
Return-Path: МПК СЛАВИЯ <cms.pkslav@gmail.com>

email: sergeyandreevich88@yandex.ru; text: <p>Приглашенный вами пользователь zima zima zima только что совершил новую операцию.</p><p>Вам причитается вознаграждение в размере 0 PRIZM в соответствии с условиями реферальной программы.</p><p><small>-----------------------------------------------------<br/>
    Это сообщение было сформировано автоматически, не надо отвечать на него.<br/>
    "МПК СЛАВИЯ"</small></p>; headers: From: МПК СЛАВИЯ <cms.pkslav@gmail.com>
Reply-To: МПК СЛАВИЯ <cms.pkslav@gmail.com>
Return-Path: МПК СЛАВИЯ <cms.pkslav@gmail.com>

doc_1: Array
(
    [date] => 22.05.20 17:41:56
    [filename] => -приема-PRIZM-89-05-22-17-41.pdf
    [url] => http://vnuk2.ev88.fvds.ru/wp-content/uploads/2020/05/Акт-приема-PRIZM-89-05-22-17-41.pdf
)

email: sivon59296@mailop7.com; text: <p>Пользователь zima zima zima с ID 89 только что совершил новую операцию.</p><p>Необходимо выплатить пригласившему его пользователю Бодункова Ирина Ярославовна с ID 84 вознаграждение в размере 0 Prizm в соответствии с условиями реферальной программы.</p><p><small>-----------------------------------------------------<br/>
    Это сообщение было сформировано автоматически, не надо отвечать на него.<br/>
    "МПК СЛАВИЯ"</small></p>; headers: From: МПК СЛАВИЯ <cms.pkslav@gmail.com>
Reply-To: МПК СЛАВИЯ <cms.pkslav@gmail.com>
Return-Path: МПК СЛАВИЯ <cms.pkslav@gmail.com>

email: blablba@mail.ru; text: <p>Пользователь zima zima zima с ID 89 только что совершил новую операцию.</p><p>Необходимо выплатить пригласившему его пользователю Бодункова Ирина Ярославовна с ID 84 вознаграждение в размере 0 Prizm в соответствии с условиями реферальной программы.</p><p><small>-----------------------------------------------------<br/>
    Это сообщение было сформировано автоматически, не надо отвечать на него.<br/>
    "МПК СЛАВИЯ"</small></p>; headers: From: МПК СЛАВИЯ <cms.pkslav@gmail.com>
Reply-To: МПК СЛАВИЯ <cms.pkslav@gmail.com>
Return-Path: МПК СЛАВИЯ <cms.pkslav@gmail.com>

email: sergeyandreevich88@yandex.ru; text: <p>Приглашенный вами пользователь zima zima zima только что совершил новую операцию.</p><p>Вам причитается вознаграждение в размере 0 Prizm в соответствии с условиями реферальной программы.</p><p><small>-----------------------------------------------------<br/>
    Это сообщение было сформировано автоматически, не надо отвечать на него.<br/>
    "МПК СЛАВИЯ"</small></p>; headers: From: МПК СЛАВИЯ <cms.pkslav@gmail.com>
Reply-To: МПК СЛАВИЯ <cms.pkslav@gmail.com>
Return-Path: МПК СЛАВИЯ <cms.pkslav@gmail.com>

asset_rate: 
doc_1: Array
(
    [date] => 22.05.20 17:48:38
    [filename] => -внесение-целевого-взносаPrizm-89-05-22-17-48.pdf
    [url] => http://vnuk2.ev88.fvds.ru/wp-content/uploads/2020/05/Акт-внесение-целевого-взносаPrizm-89-05-22-17-48.pdf
)

asset_rate: 2425.5
asset_rate: 4040.41
doc_1: Array
(
    [date] => 22.05.20 20:28:06
    [filename] => -приема-нефть-Urals-1барель-Пайщик-№134-dhgdhdgdfgdf-gfdgdfgdfg-fhgghdfg-22-05-20-28.pdf
    [url] => http://vnuk2.ev88.fvds.ru/wp-content/uploads/2020/05/Акт-приема-нефть-Urals-1барель-Пайщик-№134-dhgdhdgdfgdf-gfdgdfgdfg-fhgghdfg-22-05-20-28.pdf
)

doc_1: Array
(
    [date] => 22.05.20 20:47:09
    [filename] => -приема-RUB-Пайщик-№134-dhgdhdgdfgdf-gfdgdfgdfg-fhgghdfg-22-05-20-47.pdf
    [url] => http://vnuk2.ev88.fvds.ru/wp-content/uploads/2020/05/Акт-приема-RUB-Пайщик-№134-dhgdhdgdfgdf-gfdgdfgdfg-fhgghdfg-22-05-20-47.pdf
)

doc_1: Array
(
    [date] => 22.05.20 20:50:12
    [filename] => -приема-PRIZM-Пайщик-№134-dhgdhdgdfgdf-gfdgdfgdfg-fhgghdfg-22-05-20-50.pdf
    [url] => http://vnuk2.ev88.fvds.ru/wp-content/uploads/2020/05/Акт-приема-PRIZM-Пайщик-№134-dhgdhdgdfgdf-gfdgdfgdfg-fhgghdfg-22-05-20-50.pdf
)

asset_rate: 150
asset_rate: 
doc_1: Array
(
    [date] => 22.05.20 20:52:07
    [filename] => -приема-Сталь-Пайщик-№134-dhgdhdgdfgdf-gfdgdfgdfg-fhgghdfg-22-05-20-52.pdf
    [url] => http://vnuk2.ev88.fvds.ru/wp-content/uploads/2020/05/Акт-приема-Сталь-Пайщик-№134-dhgdhdgdfgdf-gfdgdfgdfg-fhgghdfg-22-05-20-52.pdf
)

asset_rate: 807765
doc_1: Array
(
    [date] => 22.05.20 21:05:33
    [filename] => -приема-Стандарт-плутониевого-металла-Пайщик-№134-dhgdhdgdfgdf-gfdgdfgdfg-fhgghdfg-22-05-21-05.pdf
    [url] => http://vnuk2.ev88.fvds.ru/wp-content/uploads/2020/05/Акт-приема-Стандарт-плутониевого-металла-Пайщик-№134-dhgdhdgdfgdf-gfdgdfgdfg-fhgghdfg-22-05-21-05.pdf
)

doc_1: Array
(
    [date] => 22.05.20 21:10:11
    [filename] => -приема-PRIZM-Пайщик-№134-dhgdhdgdfgdf-gfdgdfgdfg-fhgghdfg-22-05-21-10.pdf
    [url] => http://vnuk2.ev88.fvds.ru/wp-content/uploads/2020/05/Акт-приема-PRIZM-Пайщик-№134-dhgdhdgdfgdf-gfdgdfgdfg-fhgghdfg-22-05-21-10.pdf
)

