email: mmpasta00@hotmail.com; text: 
    <p>Вы или кто то другой зарегистрировались на сайте "МПК СЛАВИЯ" со следующими данными:</p>
    <p>Логин: elsa orr</p>
    <p>Пароль: elsa orr</p><p>Если это были вы, то подтвердите свою регистрацию перейдя по ссылке ниже:</p>
        <p><a href="http://vnuk2.ev88.fvds.ru/profile/?rcl-confirmdata=WyJlbHNhIG9yciIsIjIwMmNiOTYyYWM1OTA3NWI5NjRiMDcxNTJkMjM0YjcwIl0%3D">http://vnuk2.ev88.fvds.ru/profile/?rcl-confirmdata=WyJlbHNhIG9yciIsIjIwMmNiOTYyYWM1OTA3NWI5NjRiMDcxNTJkMjM0YjcwIl0%3D</a></p>
        <p>Не получается активировать аккаунт?</p>
        <p>Скопируйте текст ссылки ниже, вставьте его в адресную строку браузера и нажмите Enter</p><p>Если это были не вы, то просто проигнорируйте это письмо</p><p><small>-----------------------------------------------------<br/>
    Это сообщение было сформировано автоматически, не надо отвечать на него.<br/>
    "МПК СЛАВИЯ"</small></p>; headers: From: МПК СЛАВИЯ <cms.pkslav@gmail.com>
Reply-To: МПК СЛАВИЯ <cms.pkslav@gmail.com>
Return-Path: МПК СЛАВИЯ <cms.pkslav@gmail.com>

email: bsbarbitr@gmail.com; text: 
    <p>Вы или кто то другой зарегистрировались на сайте "МПК СЛАВИЯ" со следующими данными:</p>
    <p>Логин: madyson thomas</p>
    <p>Пароль: madyson thomas</p><p>Если это были вы, то подтвердите свою регистрацию перейдя по ссылке ниже:</p>
        <p><a href="http://vnuk2.ev88.fvds.ru/profile/?rcl-confirmdata=WyJtYWR5c29uIHRob21hcyIsImM4ZmZlOWE1ODdiMTI2ZjE1MmVkM2Q4OWExNDZiNDQ1Il0%3D">http://vnuk2.ev88.fvds.ru/profile/?rcl-confirmdata=WyJtYWR5c29uIHRob21hcyIsImM4ZmZlOWE1ODdiMTI2ZjE1MmVkM2Q4OWExNDZiNDQ1Il0%3D</a></p>
        <p>Не получается активировать аккаунт?</p>
        <p>Скопируйте текст ссылки ниже, вставьте его в адресную строку браузера и нажмите Enter</p><p>Если это были не вы, то просто проигнорируйте это письмо</p><p><small>-----------------------------------------------------<br/>
    Это сообщение было сформировано автоматически, не надо отвечать на него.<br/>
    "МПК СЛАВИЯ"</small></p>; headers: From: МПК СЛАВИЯ <cms.pkslav@gmail.com>
Reply-To: МПК СЛАВИЯ <cms.pkslav@gmail.com>
Return-Path: МПК СЛАВИЯ <cms.pkslav@gmail.com>

email: kav45@inbox.ru; text: 
    <p>Вы или кто то другой зарегистрировались на сайте "МПК СЛАВИЯ" со следующими данными:</p>
    <p>Логин: kav</p>
    <p>Пароль: artex060282</p><p>Если это были вы, то подтвердите свою регистрацию перейдя по ссылке ниже:</p>
        <p><a href="http://vnuk2.ev88.fvds.ru/profile/?rcl-confirmdata=WyJrYXYiLCIzZGVmMTg0YWQ4ZjQ3NTVmZjI2OTg2MmVhNzczOTNkZCJd">http://vnuk2.ev88.fvds.ru/profile/?rcl-confirmdata=WyJrYXYiLCIzZGVmMTg0YWQ4ZjQ3NTVmZjI2OTg2MmVhNzczOTNkZCJd</a></p>
        <p>Не получается активировать аккаунт?</p>
        <p>Скопируйте текст ссылки ниже, вставьте его в адресную строку браузера и нажмите Enter</p><p>Если это были не вы, то просто проигнорируйте это письмо</p><p><small>-----------------------------------------------------<br/>
    Это сообщение было сформировано автоматически, не надо отвечать на него.<br/>
    "МПК СЛАВИЯ"</small></p>; headers: From: МПК СЛАВИЯ <cms.pkslav@gmail.com>
Reply-To: МПК СЛАВИЯ <cms.pkslav@gmail.com>
Return-Path: МПК СЛАВИЯ <cms.pkslav@gmail.com>

