result: Array
(
    [acquiring] => 2.5
)

result: Array
(
    [acquiring] => 2.5
    [site] => 
    [slav] => 1
    [prizm] => 5
    [alt] => 7
    [Бетон-м450_м³] => 3
    [нефть Urals 1 барель] => 2
    [Сталь] => 
    [Bitcoin] => 
    [Стандарт плутониевого металла] => 
)

result: Array
(
    [acquiring] => 2.5
)

email: akrauklys@gmail.com; text: 
    <p>Вы или кто то другой зарегистрировались на сайте "МПК СЛАВИЯ" со следующими данными:</p>
    <p>Логин: aliukas</p>
    <p>Пароль: Stepukasjonukasaliukaslevukas@123</p><p>Если это были вы, то подтвердите свою регистрацию перейдя по ссылке ниже:</p>
        <p><a href="http://vnuk2.ev88.fvds.ru/profile/?rcl-confirmdata=WyJhbGl1a2FzIiwiNzMyNzhhNGE4Njk2MGVlYjU3NmE4ZmQ0YzllYzY5OTciXQ%3D%3D">http://vnuk2.ev88.fvds.ru/profile/?rcl-confirmdata=WyJhbGl1a2FzIiwiNzMyNzhhNGE4Njk2MGVlYjU3NmE4ZmQ0YzllYzY5OTciXQ%3D%3D</a></p>
        <p>Не получается активировать аккаунт?</p>
        <p>Скопируйте текст ссылки ниже, вставьте его в адресную строку браузера и нажмите Enter</p><p>Если это были не вы, то просто проигнорируйте это письмо</p><p><small>-----------------------------------------------------<br/>
    Это сообщение было сформировано автоматически, не надо отвечать на него.<br/>
    "МПК СЛАВИЯ"</small></p>; headers: From: МПК СЛАВИЯ <cms.pkslav@gmail.com>
Reply-To: МПК СЛАВИЯ <cms.pkslav@gmail.com>
Return-Path: МПК СЛАВИЯ <cms.pkslav@gmail.com>

sberbank_digest:1D1B5717075F62FF0E10529CEF0904DF8FF38F4B0F1275780921F988B6076A09
hmac_sha256 hash: 1D1B5717075F62FF0E10529CEF0904DF8FF38F4B0F1275780921F988B6076A09
checksum is equal
_________________________________
result: Array
(
    [acquiring] => 2.5
    [site] => 
    [slav] => 
    [prizm] => 
    [alt] => 
    [Бетон-м450_м³] => 
    [нефть Urals 1 барель] => 
    [Сталь] => 
    [Bitcoin] => 
    [Стандарт плутониевого металла] => 
)

email: akrauklys@gmail.com; text: <p>Ваш профиль был успешно верифицирован и теперь вы сможете совершать операции по обмену.</p><p>Перейдите на сайт vnuk2.ev88.fvds.ru, чтобы начать совершать операции.</p><p><small>-----------------------------------------------------<br/>
    Это сообщение было сформировано автоматически, не надо отвечать на него.<br/>
    "МПК СЛАВИЯ"</small></p>; headers: From: МПК СЛАВИЯ <cms.pkslav@gmail.com>
Reply-To: МПК СЛАВИЯ <cms.pkslav@gmail.com>
Return-Path: МПК СЛАВИЯ <cms.pkslav@gmail.com>

email: akrauklys@gmail.com; text: <p>Ваш профиль был успешно верифицирован и теперь вы сможете совершать операции по обмену.</p><p>Перейдите на сайт vnuk2.ev88.fvds.ru, чтобы начать совершать операции.</p><p><small>-----------------------------------------------------<br/>
    Это сообщение было сформировано автоматически, не надо отвечать на него.<br/>
    "МПК СЛАВИЯ"</small></p>; headers: From: МПК СЛАВИЯ <cms.pkslav@gmail.com>
Reply-To: МПК СЛАВИЯ <cms.pkslav@gmail.com>
Return-Path: МПК СЛАВИЯ <cms.pkslav@gmail.com>

result: Array
(
    [acquiring] => 2.5
    [site] => 
    [slav] => 1
    [prizm] => 5
    [alt] => 7
    [Бетон-м450_м³] => 3
    [нефть Urals 1 барель] => 2
    [Сталь] => 
    [Bitcoin] => 
    [Стандарт плутониевого металла] => 
)

result: Array
(
    [acquiring] => 2.5
)

result: Array
(
    [acquiring] => 2.5
)

doc_1: Array
(
    [date] => 13.08.20 22:36:06
    [filename] => -приема-RUB-Пайщик-№19-Юрий-Назаров-Артурович-13-08-22-36.pdf
    [url] => http://vnuk2.ev88.fvds.ru/wp-content/uploads/2020/08/Акт-приема-RUB-Пайщик-№19-Юрий-Назаров-Артурович-13-08-22-36.pdf
)

doc_1: Array
(
    [date] => 13.08.20 22:36:09
    [filename] => -приема-RUB-Пайщик-№19-Юрий-Назаров-Артурович-13-08-22-36-1.pdf
    [url] => http://vnuk2.ev88.fvds.ru/wp-content/uploads/2020/08/Акт-приема-RUB-Пайщик-№19-Юрий-Назаров-Артурович-13-08-22-36-1.pdf
)

doc_1: Array
(
    [date] => 13.08.20 22:36:17
    [filename] => -приема-RUB-Пайщик-№19-Юрий-Назаров-Артурович-13-08-22-36-2.pdf
    [url] => http://vnuk2.ev88.fvds.ru/wp-content/uploads/2020/08/Акт-приема-RUB-Пайщик-№19-Юрий-Назаров-Артурович-13-08-22-36-2.pdf
)

