email: mirandaj.0430@yahoo.com; text: 
    <p>Вы или кто то другой зарегистрировались на сайте "МПК СЛАВИЯ" со следующими данными:</p>
    <p>Логин: layla caldwell</p>
    <p>Пароль: layla caldwell</p><p>Если это были вы, то подтвердите свою регистрацию перейдя по ссылке ниже:</p>
        <p><a href="http://pkslav.com/profile/?rcl-confirmdata=WyJsYXlsYSBjYWxkd2VsbCIsIjljODM4ZDJlNDViMmFkMTA5NGQ0MmY0ZWYzNjc2NGY2Il0%3D">http://pkslav.com/profile/?rcl-confirmdata=WyJsYXlsYSBjYWxkd2VsbCIsIjljODM4ZDJlNDViMmFkMTA5NGQ0MmY0ZWYzNjc2NGY2Il0%3D</a></p>
        <p>Не получается активировать аккаунт?</p>
        <p>Скопируйте текст ссылки ниже, вставьте его в адресную строку браузера и нажмите Enter</p><p>Если это были не вы, то просто проигнорируйте это письмо</p><p><small>-----------------------------------------------------<br/>
    Это сообщение было сформировано автоматически, не надо отвечать на него.<br/>
    "МПК СЛАВИЯ"</small></p>; headers: From: МПК СЛАВИЯ <cms.pkslav@gmail.com>
Reply-To: МПК СЛАВИЯ <cms.pkslav@gmail.com>
Return-Path: МПК СЛАВИЯ <cms.pkslav@gmail.com>

email: go7dman@gmail.com; text: 
    <p>Вы или кто то другой зарегистрировались на сайте "МПК СЛАВИЯ" со следующими данными:</p>
    <p>Логин: Goldman</p>
    <p>Пароль: mmlI1faOL2Ml7AtGT|uZ@?hcc3BZnW</p><p>Если это были вы, то подтвердите свою регистрацию перейдя по ссылке ниже:</p>
        <p><a href="http://pkslav.com/profile/?rcl-confirmdata=WyJHb2xkbWFuIiwiMTcwMDAwMjk2M2E0OWRhMTM1NDJlMDcyNmI3YmI3NTgiXQ%3D%3D">http://pkslav.com/profile/?rcl-confirmdata=WyJHb2xkbWFuIiwiMTcwMDAwMjk2M2E0OWRhMTM1NDJlMDcyNmI3YmI3NTgiXQ%3D%3D</a></p>
        <p>Не получается активировать аккаунт?</p>
        <p>Скопируйте текст ссылки ниже, вставьте его в адресную строку браузера и нажмите Enter</p><p>Если это были не вы, то просто проигнорируйте это письмо</p><p><small>-----------------------------------------------------<br/>
    Это сообщение было сформировано автоматически, не надо отвечать на него.<br/>
    "МПК СЛАВИЯ"</small></p>; headers: From: МПК СЛАВИЯ <cms.pkslav@gmail.com>
Reply-To: МПК СЛАВИЯ <cms.pkslav@gmail.com>
Return-Path: МПК СЛАВИЯ <cms.pkslav@gmail.com>

email: dobroil.pzm@gmail.com; text: 
    <p>Вы или кто то другой зарегистрировались на сайте "МПК СЛАВИЯ" со следующими данными:</p>
    <p>Логин: art</p>
    <p>Пароль: dead</p><p>Если это были вы, то подтвердите свою регистрацию перейдя по ссылке ниже:</p>
        <p><a href="http://pkslav.com/profile/?rcl-confirmdata=WyJhcnQiLCI1M2MzYmNlNjZlNDNiZTRmMjA5NTU2NTE4YzJmY2I1NCJd">http://pkslav.com/profile/?rcl-confirmdata=WyJhcnQiLCI1M2MzYmNlNjZlNDNiZTRmMjA5NTU2NTE4YzJmY2I1NCJd</a></p>
        <p>Не получается активировать аккаунт?</p>
        <p>Скопируйте текст ссылки ниже, вставьте его в адресную строку браузера и нажмите Enter</p><p>Если это были не вы, то просто проигнорируйте это письмо</p><p><small>-----------------------------------------------------<br/>
    Это сообщение было сформировано автоматически, не надо отвечать на него.<br/>
    "МПК СЛАВИЯ"</small></p>; headers: From: МПК СЛАВИЯ <cms.pkslav@gmail.com>
Reply-To: МПК СЛАВИЯ <cms.pkslav@gmail.com>
Return-Path: МПК СЛАВИЯ <cms.pkslav@gmail.com>

email: yelena525rum@gmail.com; text: 
    <p>Вы или кто то другой зарегистрировались на сайте "МПК СЛАВИЯ" со следующими данными:</p>
    <p>Логин: carley weber</p>
    <p>Пароль: carley weber</p><p>Если это были вы, то подтвердите свою регистрацию перейдя по ссылке ниже:</p>
        <p><a href="http://pkslav.com/profile/?rcl-confirmdata=WyJjYXJsZXkgd2ViZXIiLCI2ODgzOTY2ZmQ4ZjkxOGE0YWEyOWJlMjlkMmMzODZmYiJd">http://pkslav.com/profile/?rcl-confirmdata=WyJjYXJsZXkgd2ViZXIiLCI2ODgzOTY2ZmQ4ZjkxOGE0YWEyOWJlMjlkMmMzODZmYiJd</a></p>
        <p>Не получается активировать аккаунт?</p>
        <p>Скопируйте текст ссылки ниже, вставьте его в адресную строку браузера и нажмите Enter</p><p>Если это были не вы, то просто проигнорируйте это письмо</p><p><small>-----------------------------------------------------<br/>
    Это сообщение было сформировано автоматически, не надо отвечать на него.<br/>
    "МПК СЛАВИЯ"</small></p>; headers: From: МПК СЛАВИЯ <cms.pkslav@gmail.com>
Reply-To: МПК СЛАВИЯ <cms.pkslav@gmail.com>
Return-Path: МПК СЛАВИЯ <cms.pkslav@gmail.com>

email: go7dman@gmail.com; text: <p>Ваш профиль был успешно верифицирован и теперь вы сможете совершать операции по обмену.</p><p>Перейдите на сайт pkslav.com, чтобы начать совершать операции.</p><p><small>-----------------------------------------------------<br/>
    Это сообщение было сформировано автоматически, не надо отвечать на него.<br/>
    "МПК СЛАВИЯ"</small></p>; headers: From: МПК СЛАВИЯ <cms.pkslav@gmail.com>
Reply-To: МПК СЛАВИЯ <cms.pkslav@gmail.com>
Return-Path: МПК СЛАВИЯ <cms.pkslav@gmail.com>

email: go7dman@gmail.com; text: <p>Ваш профиль был успешно верифицирован и теперь вы сможете совершать операции по обмену.</p><p>Перейдите на сайт pkslav.com, чтобы начать совершать операции.</p><p><small>-----------------------------------------------------<br/>
    Это сообщение было сформировано автоматически, не надо отвечать на него.<br/>
    "МПК СЛАВИЯ"</small></p>; headers: From: МПК СЛАВИЯ <cms.pkslav@gmail.com>
Reply-To: МПК СЛАВИЯ <cms.pkslav@gmail.com>
Return-Path: МПК СЛАВИЯ <cms.pkslav@gmail.com>

email: biggtrav94@gmail.com; text: 
    <p>Вы или кто то другой зарегистрировались на сайте "МПК СЛАВИЯ" со следующими данными:</p>
    <p>Логин: maritza flowers</p>
    <p>Пароль: maritza flowers</p><p>Если это были вы, то подтвердите свою регистрацию перейдя по ссылке ниже:</p>
        <p><a href="http://pkslav.com/profile/?rcl-confirmdata=WyJtYXJpdHphIGZsb3dlcnMiLCI0OTE4MmY4MWU2YTEzY2Y1ZWFhNDk2ZDUxZmVhNjQwNiJd">http://pkslav.com/profile/?rcl-confirmdata=WyJtYXJpdHphIGZsb3dlcnMiLCI0OTE4MmY4MWU2YTEzY2Y1ZWFhNDk2ZDUxZmVhNjQwNiJd</a></p>
        <p>Не получается активировать аккаунт?</p>
        <p>Скопируйте текст ссылки ниже, вставьте его в адресную строку браузера и нажмите Enter</p><p>Если это были не вы, то просто проигнорируйте это письмо</p><p><small>-----------------------------------------------------<br/>
    Это сообщение было сформировано автоматически, не надо отвечать на него.<br/>
    "МПК СЛАВИЯ"</small></p>; headers: From: МПК СЛАВИЯ <cms.pkslav@gmail.com>
Reply-To: МПК СЛАВИЯ <cms.pkslav@gmail.com>
Return-Path: МПК СЛАВИЯ <cms.pkslav@gmail.com>

find_currency_rate_by_name call from: add_stats - input
email: dmtr161@gmail.com; text: 
    <p>Вы или кто то другой зарегистрировались на сайте "МПК СЛАВИЯ" со следующими данными:</p>
    <p>Логин: Dmtr</p>
    <p>Пароль: &0@5j$^akFL!gH70</p><p>Если это были вы, то подтвердите свою регистрацию перейдя по ссылке ниже:</p>
        <p><a href="http://pkslav.com/profile/?rcl-confirmdata=WyJEbXRyIiwiZDI5NmMxMDFkYWE4OGE1MWY2Y2E4Y2ZjMWFjNzliNTAiXQ%3D%3D">http://pkslav.com/profile/?rcl-confirmdata=WyJEbXRyIiwiZDI5NmMxMDFkYWE4OGE1MWY2Y2E4Y2ZjMWFjNzliNTAiXQ%3D%3D</a></p>
        <p>Не получается активировать аккаунт?</p>
        <p>Скопируйте текст ссылки ниже, вставьте его в адресную строку браузера и нажмите Enter</p><p>Если это были не вы, то просто проигнорируйте это письмо</p><p><small>-----------------------------------------------------<br/>
    Это сообщение было сформировано автоматически, не надо отвечать на него.<br/>
    "МПК СЛАВИЯ"</small></p>; headers: From: МПК СЛАВИЯ <cms.pkslav@gmail.com>
Reply-To: МПК СЛАВИЯ <cms.pkslav@gmail.com>
Return-Path: МПК СЛАВИЯ <cms.pkslav@gmail.com>

email: dmtr161@gmail.com; text: <p>Ваш профиль был успешно верифицирован и теперь вы сможете совершать операции по обмену.</p><p>Перейдите на сайт pkslav.com, чтобы начать совершать операции.</p><p><small>-----------------------------------------------------<br/>
    Это сообщение было сформировано автоматически, не надо отвечать на него.<br/>
    "МПК СЛАВИЯ"</small></p>; headers: From: МПК СЛАВИЯ <cms.pkslav@gmail.com>
Reply-To: МПК СЛАВИЯ <cms.pkslav@gmail.com>
Return-Path: МПК СЛАВИЯ <cms.pkslav@gmail.com>

email: dmtr161@gmail.com; text: <p>Ваш профиль был успешно верифицирован и теперь вы сможете совершать операции по обмену.</p><p>Перейдите на сайт pkslav.com, чтобы начать совершать операции.</p><p><small>-----------------------------------------------------<br/>
    Это сообщение было сформировано автоматически, не надо отвечать на него.<br/>
    "МПК СЛАВИЯ"</small></p>; headers: From: МПК СЛАВИЯ <cms.pkslav@gmail.com>
Reply-To: МПК СЛАВИЯ <cms.pkslav@gmail.com>
Return-Path: МПК СЛАВИЯ <cms.pkslav@gmail.com>

