result: Array
(
    [acquiring] => 2.5
    [site] => 2
    [slav] => 2
    [prizm] => 3
    [alt] => 5
    [Бетон-м450_м³] => 2
    [нефть Urals 1 барель] => 3
    [Сталь] => 10
    [Bitcoin] => 1
)

result: Array
(
    [acquiring] => 2.5
    [site] => 2
    [slav] => 2
    [prizm] => 3
    [alt] => 5
    [Бетон-м450_м³] => 2
    [нефть Urals 1 барель] => 3
    [Сталь] => 10
    [Bitcoin] => 1
)

result: Array
(
    [acquiring] => 2.5
    [site] => 2
    [slav] => 2
    [prizm] => 3
    [alt] => 5
    [Бетон-м450_м³] => 2
    [нефть Urals 1 барель] => 3
    [Сталь] => 10
    [Bitcoin] => 1
)

result: Array
(
    [acquiring] => 2.5
    [site] => 2
    [slav] => 2
    [prizm] => 3
    [alt] => 5
    [Бетон-м450_м³] => 2
    [нефть Urals 1 барель] => 3
    [Сталь] => 10
    [Bitcoin] => 1
)

result: Array
(
    [acquiring] => 2.5
    [site] => 
    [slav] => 4
    [prizm] => 3
    [alt] => 25
    [Бетон-м450_м³] => 3
    [нефть Urals 1 барель] => 3
    [Сталь] => 
    [Bitcoin] => 
    [Стандарт плутониевого металла] => 
)

result: Array
(
    [acquiring] => 2.5
    [site] => 
    [slav] => 
    [prizm] => 
    [alt] => 
    [Бетон-м450_м³] => 
    [нефть Urals 1 барель] => 
    [Сталь] => 
    [Bitcoin] => 
    [Стандарт плутониевого металла] => 
)

result: Array
(
    [acquiring] => 2.5
    [site] => 2
    [slav] => 2
    [prizm] => 3
    [alt] => 5
    [Бетон-м450_м³] => 2
    [нефть Urals 1 барель] => 3
    [Сталь] => 10
    [Bitcoin] => 1
)

result: Array
(
    [acquiring] => 2.5
    [site] => 2
    [slav] => 2
    [prizm] => 3
    [alt] => 5
    [Бетон-м450_м³] => 2
    [нефть Urals 1 барель] => 3
    [Сталь] => 10
    [Bitcoin] => 1
)

result: Array
(
    [acquiring] => 2.5
    [site] => 
    [slav] => 2
    [prizm] => 2
    [alt] => 1
    [Бетон-м450_м³] => 5
    [нефть Urals 1 барель] => 33
    [Сталь] => 
    [Bitcoin] => 
    [Стандарт плутониевого металла] => 
)

result: Array
(
    [acquiring] => 2.5
    [site] => 2
    [slav] => 2
    [prizm] => 3
    [alt] => 5
    [Бетон-м450_м³] => 2
    [нефть Urals 1 барель] => 3
    [Сталь] => 10
    [Bitcoin] => 1
)

result: Array
(
    [acquiring] => 2.5
    [site] => 2
    [slav] => 2
    [prizm] => 3
    [alt] => 5
    [Бетон-м450_м³] => 2
    [нефть Urals 1 барель] => 3
    [Сталь] => 10
    [Bitcoin] => 1
)

result: Array
(
    [acquiring] => 2.5
    [site] => 2
    [slav] => 2
    [prizm] => 3
    [alt] => 5
    [Бетон-м450_м³] => 2
    [нефть Urals 1 барель] => 3
    [Сталь] => 10
    [Bitcoin] => 1
)

result: Array
(
    [acquiring] => 2.5
    [site] => 2
    [slav] => 2
    [prizm] => 3
    [alt] => 5
    [Бетон-м450_м³] => 2
    [нефть Urals 1 барель] => 3
    [Сталь] => 10
    [Bitcoin] => 1
)

result: Array
(
    [acquiring] => 2.5
    [site] => 2
    [slav] => 2
    [prizm] => 3
    [alt] => 5
    [Бетон-м450_м³] => 2
    [нефть Urals 1 барель] => 3
    [Сталь] => 10
    [Bitcoin] => 1
)

result: Array
(
    [acquiring] => 2.5
    [site] => 2
    [slav] => 2
    [prizm] => 3
    [alt] => 5
    [Бетон-м450_м³] => 2
    [нефть Urals 1 барель] => 3
    [Сталь] => 10
    [Bitcoin] => 1
)

result: Array
(
    [acquiring] => 2.5
    [site] => 2
    [slav] => 2
    [prizm] => 3
    [alt] => 5
    [Бетон-м450_м³] => 2
    [нефть Urals 1 барель] => 3
    [Сталь] => 10
    [Bitcoin] => 1
)

result: Array
(
    [acquiring] => 2.5
    [site] => 
    [slav] => 4
    [prizm] => 3
    [alt] => 25
    [Бетон-м450_м³] => 3
    [нефть Urals 1 барель] => 3
    [Сталь] => 
    [Bitcoin] => 
    [Стандарт плутониевого металла] => 
)

result: Array
(
    [acquiring] => 2.5
    [site] => 2
    [slav] => 2
    [prizm] => 3
    [alt] => 5
    [Бетон-м450_м³] => 2
    [нефть Urals 1 барель] => 3
    [Сталь] => 10
    [Bitcoin] => 1
)

result: Array
(
    [acquiring] => 2.5
    [site] => 2
    [slav] => 2
    [prizm] => 3
    [alt] => 5
    [Бетон-м450_м³] => 2
    [нефть Urals 1 барель] => 3
    [Сталь] => 10
    [Bitcoin] => 1
)

result: Array
(
    [acquiring] => 2.5
    [site] => 2
    [slav] => 2
    [prizm] => 3
    [alt] => 5
    [Бетон-м450_м³] => 2
    [нефть Urals 1 барель] => 3
    [Сталь] => 10
    [Bitcoin] => 1
)

result: Array
(
    [acquiring] => 2.5
    [site] => 
    [slav] => 2
    [prizm] => 2
    [alt] => 1
    [Бетон-м450_м³] => 5
    [нефть Urals 1 барель] => 33
    [Сталь] => 
    [Bitcoin] => 
    [Стандарт плутониевого металла] => 
)

result: Array
(
    [acquiring] => 2.5
    [site] => 2
    [slav] => 2
    [prizm] => 3
    [alt] => 5
    [Бетон-м450_м³] => 2
    [нефть Urals 1 барель] => 3
    [Сталь] => 10
    [Bitcoin] => 1
)

result: Array
(
    [acquiring] => 2.5
    [site] => 2
    [slav] => 2
    [prizm] => 3
    [alt] => 5
    [Бетон-м450_м³] => 2
    [нефть Urals 1 барель] => 3
    [Сталь] => 10
    [Bitcoin] => 1
)

