email: arlovillarreal.sc.1532391293@mojorage.life; text: 
    <p>Вы или кто то другой зарегистрировались на сайте "МПК СЛАВИЯ" со следующими данными:</p>
    <p>Логин: arlo villarreal</p>
    <p>Пароль: arlo villarreal</p><p>Если это были вы, то подтвердите свою регистрацию перейдя по ссылке ниже:</p>
        <p><a href="http://vnuk2.ev88.fvds.ru/profile/?rcl-confirmdata=WyJhcmxvIHZpbGxhcnJlYWwiLCI5NzlkNDcyYTg0ODA0YjlmNjQ3YmMxODVhODc3YThiNSJd">http://vnuk2.ev88.fvds.ru/profile/?rcl-confirmdata=WyJhcmxvIHZpbGxhcnJlYWwiLCI5NzlkNDcyYTg0ODA0YjlmNjQ3YmMxODVhODc3YThiNSJd</a></p>
        <p>Не получается активировать аккаунт?</p>
        <p>Скопируйте текст ссылки ниже, вставьте его в адресную строку браузера и нажмите Enter</p><p>Если это были не вы, то просто проигнорируйте это письмо</p><p><small>-----------------------------------------------------<br/>
    Это сообщение было сформировано автоматически, не надо отвечать на него.<br/>
    "МПК СЛАВИЯ"</small></p>; headers: From: МПК СЛАВИЯ <cms.pkslav@gmail.com>
Reply-To: МПК СЛАВИЯ <cms.pkslav@gmail.com>
Return-Path: МПК СЛАВИЯ <cms.pkslav@gmail.com>

email: annequigley@cox.net; text: 
    <p>Вы или кто то другой зарегистрировались на сайте "МПК СЛАВИЯ" со следующими данными:</p>
    <p>Логин: gloria hale</p>
    <p>Пароль: gloria hale</p><p>Если это были вы, то подтвердите свою регистрацию перейдя по ссылке ниже:</p>
        <p><a href="http://vnuk2.ev88.fvds.ru/profile/?rcl-confirmdata=WyJnbG9yaWEgaGFsZSIsImNhNDZjMWI5NTEyYTdhODMxNWZhM2M1YTk0NmU4MjY1Il0%3D">http://vnuk2.ev88.fvds.ru/profile/?rcl-confirmdata=WyJnbG9yaWEgaGFsZSIsImNhNDZjMWI5NTEyYTdhODMxNWZhM2M1YTk0NmU4MjY1Il0%3D</a></p>
        <p>Не получается активировать аккаунт?</p>
        <p>Скопируйте текст ссылки ниже, вставьте его в адресную строку браузера и нажмите Enter</p><p>Если это были не вы, то просто проигнорируйте это письмо</p><p><small>-----------------------------------------------------<br/>
    Это сообщение было сформировано автоматически, не надо отвечать на него.<br/>
    "МПК СЛАВИЯ"</small></p>; headers: From: МПК СЛАВИЯ <cms.pkslav@gmail.com>
Reply-To: МПК СЛАВИЯ <cms.pkslav@gmail.com>
Return-Path: МПК СЛАВИЯ <cms.pkslav@gmail.com>

email: barby560@yahoo.com; text: 
    <p>Вы или кто то другой зарегистрировались на сайте "МПК СЛАВИЯ" со следующими данными:</p>
    <p>Логин: gloria jackson</p>
    <p>Пароль: gloria jackson</p><p>Если это были вы, то подтвердите свою регистрацию перейдя по ссылке ниже:</p>
        <p><a href="http://vnuk2.ev88.fvds.ru/profile/?rcl-confirmdata=WyJnbG9yaWEgamFja3NvbiIsIjNiOGE2MTQyMjZhOTUzYThjZDk1MjZmY2E2ZmU5YmE1Il0%3D">http://vnuk2.ev88.fvds.ru/profile/?rcl-confirmdata=WyJnbG9yaWEgamFja3NvbiIsIjNiOGE2MTQyMjZhOTUzYThjZDk1MjZmY2E2ZmU5YmE1Il0%3D</a></p>
        <p>Не получается активировать аккаунт?</p>
        <p>Скопируйте текст ссылки ниже, вставьте его в адресную строку браузера и нажмите Enter</p><p>Если это были не вы, то просто проигнорируйте это письмо</p><p><small>-----------------------------------------------------<br/>
    Это сообщение было сформировано автоматически, не надо отвечать на него.<br/>
    "МПК СЛАВИЯ"</small></p>; headers: From: МПК СЛАВИЯ <cms.pkslav@gmail.com>
Reply-To: МПК СЛАВИЯ <cms.pkslav@gmail.com>
Return-Path: МПК СЛАВИЯ <cms.pkslav@gmail.com>

email: mannyq916@yahoo.com; text: 
    <p>Вы или кто то другой зарегистрировались на сайте "МПК СЛАВИЯ" со следующими данными:</p>
    <p>Логин: marie snyder</p>
    <p>Пароль: marie snyder</p><p>Если это были вы, то подтвердите свою регистрацию перейдя по ссылке ниже:</p>
        <p><a href="http://vnuk2.ev88.fvds.ru/profile/?rcl-confirmdata=WyJtYXJpZSBzbnlkZXIiLCI0NWZiYzZkM2UwNWViZDkzMzY5Y2U1NDJlOGYyMzIyZCJd">http://vnuk2.ev88.fvds.ru/profile/?rcl-confirmdata=WyJtYXJpZSBzbnlkZXIiLCI0NWZiYzZkM2UwNWViZDkzMzY5Y2U1NDJlOGYyMzIyZCJd</a></p>
        <p>Не получается активировать аккаунт?</p>
        <p>Скопируйте текст ссылки ниже, вставьте его в адресную строку браузера и нажмите Enter</p><p>Если это были не вы, то просто проигнорируйте это письмо</p><p><small>-----------------------------------------------------<br/>
    Это сообщение было сформировано автоматически, не надо отвечать на него.<br/>
    "МПК СЛАВИЯ"</small></p>; headers: From: МПК СЛАВИЯ <cms.pkslav@gmail.com>
Reply-To: МПК СЛАВИЯ <cms.pkslav@gmail.com>
Return-Path: МПК СЛАВИЯ <cms.pkslav@gmail.com>

email: teresa.trenck@visd.net; text: 
    <p>Вы или кто то другой зарегистрировались на сайте "МПК СЛАВИЯ" со следующими данными:</p>
    <p>Логин: reagan short</p>
    <p>Пароль: reagan short</p><p>Если это были вы, то подтвердите свою регистрацию перейдя по ссылке ниже:</p>
        <p><a href="http://vnuk2.ev88.fvds.ru/profile/?rcl-confirmdata=WyJyZWFnYW4gc2hvcnQiLCI2M2RjN2VkMTAxMGQzYzNiODI2OWZhZjBiYTc0OTFkNCJd">http://vnuk2.ev88.fvds.ru/profile/?rcl-confirmdata=WyJyZWFnYW4gc2hvcnQiLCI2M2RjN2VkMTAxMGQzYzNiODI2OWZhZjBiYTc0OTFkNCJd</a></p>
        <p>Не получается активировать аккаунт?</p>
        <p>Скопируйте текст ссылки ниже, вставьте его в адресную строку браузера и нажмите Enter</p><p>Если это были не вы, то просто проигнорируйте это письмо</p><p><small>-----------------------------------------------------<br/>
    Это сообщение было сформировано автоматически, не надо отвечать на него.<br/>
    "МПК СЛАВИЯ"</small></p>; headers: From: МПК СЛАВИЯ <cms.pkslav@gmail.com>
Reply-To: МПК СЛАВИЯ <cms.pkslav@gmail.com>
Return-Path: МПК СЛАВИЯ <cms.pkslav@gmail.com>

email: andernesha.r@yahoo.com; text: 
    <p>Вы или кто то другой зарегистрировались на сайте "МПК СЛАВИЯ" со следующими данными:</p>
    <p>Логин: ally orr</p>
    <p>Пароль: ally orr</p><p>Если это были вы, то подтвердите свою регистрацию перейдя по ссылке ниже:</p>
        <p><a href="http://vnuk2.ev88.fvds.ru/profile/?rcl-confirmdata=WyJhbGx5IG9yciIsImU5NmVkNDc4ZGFiODU5NWE3ZGJkYTRjYmNiZWUxNjhmIl0%3D">http://vnuk2.ev88.fvds.ru/profile/?rcl-confirmdata=WyJhbGx5IG9yciIsImU5NmVkNDc4ZGFiODU5NWE3ZGJkYTRjYmNiZWUxNjhmIl0%3D</a></p>
        <p>Не получается активировать аккаунт?</p>
        <p>Скопируйте текст ссылки ниже, вставьте его в адресную строку браузера и нажмите Enter</p><p>Если это были не вы, то просто проигнорируйте это письмо</p><p><small>-----------------------------------------------------<br/>
    Это сообщение было сформировано автоматически, не надо отвечать на него.<br/>
    "МПК СЛАВИЯ"</small></p>; headers: From: МПК СЛАВИЯ <cms.pkslav@gmail.com>
Reply-To: МПК СЛАВИЯ <cms.pkslav@gmail.com>
Return-Path: МПК СЛАВИЯ <cms.pkslav@gmail.com>

EXCHANGE: Array
(
    [input_currency] => Дальний Восток. 90млн.₽. за 100тыс. тон. пайщика №999
    [input_sum] => 50
    [output_currency] => Сталь марки 2
    [output_sum] => 79456.17
    [card_num] => 
    [card_name] => 
    [requisites] => 3PAM1XRQG4cpvh15evZenJWvXBAcTcC2jjt
)

input_currency: Дальний Восток. 90млн.₽. за 100тыс. тон. пайщика №999
input_rate: 90000000
output_currency: Сталь марки 2
output_rate: 56635
before rubArray
(
    [Bitcoin] => Array
        (
            [input_sum] => 5
            [output_sum] => 0
            [exchange_num] => 1
        )

    [Prizm] => Array
        (
            [input_sum] => 0
            [output_sum] => 74166.67
            [exchange_num] => 0
        )

    [RUB] => Array
        (
            [sum] => 0
            [exchange_num] => 1
        )

    [Дальний Восток. 90млн.₽. за 100тыс. тон. пайщика №999] => Array
        (
            [input_sum] => 50
            [output_sum] => 0
            [exchange_num] => 0
        )

    [Сталь марки 2] => Array
        (
            [input_sum] => 0
            [output_sum] => 79456.17
            [exchange_num] => 0
        )

)

added rubArray
(
    [Bitcoin] => Array
        (
            [input_sum] => 5
            [output_sum] => 0
            [exchange_num] => 1
        )

    [Prizm] => Array
        (
            [input_sum] => 0
            [output_sum] => 74166.67
            [exchange_num] => 0
        )

    [RUB] => Array
        (
            [sum] => 187.95
            [exchange_num] => 2
        )

    [Дальний Восток. 90млн.₽. за 100тыс. тон. пайщика №999] => Array
        (
            [input_sum] => 50
            [output_sum] => 0
            [exchange_num] => 0
        )

    [Сталь марки 2] => Array
        (
            [input_sum] => 0
            [output_sum] => 79456.17
            [exchange_num] => 0
        )

)

doc_1: Array
(
    [date] => 08.09.20 20:21:30
    [filename] => -приема-Дальний-Восток.-90млн.₽.-за-100тыс.-тон.-пайщика-№999-Пайщик-№10-cccccccccc-ccccccccccccc-cccccccccccc-08-09-20-21.pdf
    [url] => http://vnuk2.ev88.fvds.ru/wp-content/uploads/2020/09/Акт-приема-Дальний-Восток.-90млн.₽.-за-100тыс.-тон.-пайщика-№999-Пайщик-№10-cccccccccc-ccccccccccccc-cccccccccccc-08-09-20-21.pdf
)

EXCHANGE: Array
(
    [input_currency] => SLAV
    [input_sum] => 1000
    [output_currency] => 
    [output_sum] => 
    [card_num] => 
    [card_name] => 
    [requisites] => 3PAM1XRQG4cpvh15evZenJWvXBAcTcC2jjt
)

input_currency: SLAV
input_rate: 1
output_currency: 
output_rate: 
before rubArray
(
    [D500 625x250x500  1700₽/м3  Москва. пайщик №900] => Array
        (
            [input_sum] => 100
            [output_sum] => 0
            [exchange_num] => 1
        )

    [Prizm] => Array
        (
            [input_sum] => 0
            [output_sum] => 326923.08
            [exchange_num] => 0
        )

    [RUB] => Array
        (
            [sum] => -270000000
            [exchange_num] => 4
        )

    [Дальний Восток. 90млн.₽. за 100тыс. тон. пайщика №999] => Array
        (
            [input_sum] => 3
            [output_sum] => 0
            [exchange_num] => 3
        )

    [] => Array
        (
            [input_sum] => 0
            [output_sum] => 0
            [exchange_num] => 0
        )

    [SLAV] => Array
        (
            [input_sum] => 1000
            [output_sum] => 0
            [exchange_num] => 0
        )

)

added rubArray
(
    [D500 625x250x500  1700₽/м3  Москва. пайщик №900] => Array
        (
            [input_sum] => 100
            [output_sum] => 0
            [exchange_num] => 1
        )

    [Prizm] => Array
        (
            [input_sum] => 0
            [output_sum] => 326923.08
            [exchange_num] => 0
        )

    [RUB] => Array
        (
            [sum] => -270001000
            [exchange_num] => 5
        )

    [Дальний Восток. 90млн.₽. за 100тыс. тон. пайщика №999] => Array
        (
            [input_sum] => 3
            [output_sum] => 0
            [exchange_num] => 3
        )

    [] => Array
        (
            [input_sum] => 0
            [output_sum] => 0
            [exchange_num] => 0
        )

    [SLAV] => Array
        (
            [input_sum] => 1000
            [output_sum] => 0
            [exchange_num] => 0
        )

)

doc_1: Array
(
    [date] => 08.09.20 20:35:14
    [filename] => -приема-SLAV-Пайщик-№-Иля-_______________-08-09-20-35.pdf
    [url] => http://vnuk2.ev88.fvds.ru/wp-content/uploads/2020/09/Акт-приема-SLAV-Пайщик-№-Иля-_______________-08-09-20-35.pdf
)

EXCHANGE: Array
(
    [input_currency] => SLAV
    [input_sum] => 500
    [output_currency] => 
    [output_sum] => 
    [card_num] => 
    [card_name] => 
    [requisites] => 3PAM1XRQG4cpvh15evZenJWvXBAcTcC2jjt
)

input_currency: SLAV
input_rate: 1
output_currency: 
output_rate: 
before rubArray
(
    [Urals 1 барель] => Array
        (
            [input_sum] => 1000
            [output_sum] => 0
            [exchange_num] => 1
        )

    [] => Array
        (
            [input_sum] => 0
            [output_sum] => 0
            [exchange_num] => 0
        )

    [RUB] => Array
        (
            [sum] => -2425600
            [exchange_num] => 3
        )

    [SLAV] => Array
        (
            [input_sum] => 1600
            [output_sum] => 0
            [exchange_num] => 2
        )

    [Prizm] => Array
        (
            [input_sum] => 0
            [output_sum] => 1923.08
            [exchange_num] => 0
        )

)

added rubArray
(
    [Urals 1 барель] => Array
        (
            [input_sum] => 1000
            [output_sum] => 0
            [exchange_num] => 1
        )

    [] => Array
        (
            [input_sum] => 0
            [output_sum] => 0
            [exchange_num] => 0
        )

    [RUB] => Array
        (
            [sum] => -2426100
            [exchange_num] => 4
        )

    [SLAV] => Array
        (
            [input_sum] => 1600
            [output_sum] => 0
            [exchange_num] => 2
        )

    [Prizm] => Array
        (
            [input_sum] => 0
            [output_sum] => 1923.08
            [exchange_num] => 0
        )

)

doc_1: Array
(
    [date] => 08.09.20 20:36:41
    [filename] => -приема-SLAV-Пайщик-№42-Ирина-Бодункова-Ярославна-08-09-20-36.pdf
    [url] => http://vnuk2.ev88.fvds.ru/wp-content/uploads/2020/09/Акт-приема-SLAV-Пайщик-№42-Ирина-Бодункова-Ярославна-08-09-20-36.pdf
)

EXCHANGE: Array
(
    [input_currency] => SLAV
    [input_sum] => 500
    [output_currency] => 
    [output_sum] => 
    [card_num] => 
    [card_name] => 
    [requisites] => 3PAM1XRQG4cpvh15evZenJWvXBAcTcC2jjt
)

input_currency: SLAV
input_rate: 1
output_currency: 
output_rate: 
before rubArray
(
    [D500 625x250x500  1700₽/м3  Москва. пайщик №900] => Array
        (
            [input_sum] => 100
            [output_sum] => 0
            [exchange_num] => 1
        )

    [Prizm] => Array
        (
            [input_sum] => 0
            [output_sum] => 326923.08
            [exchange_num] => 0
        )

    [RUB] => Array
        (
            [sum] => -270001000
            [exchange_num] => 5
        )

    [Дальний Восток. 90млн.₽. за 100тыс. тон. пайщика №999] => Array
        (
            [input_sum] => 3
            [output_sum] => 0
            [exchange_num] => 3
        )

    [] => Array
        (
            [input_sum] => 0
            [output_sum] => 0
            [exchange_num] => 0
        )

    [SLAV] => Array
        (
            [input_sum] => 1500
            [output_sum] => 0
            [exchange_num] => 1
        )

)

added rubArray
(
    [D500 625x250x500  1700₽/м3  Москва. пайщик №900] => Array
        (
            [input_sum] => 100
            [output_sum] => 0
            [exchange_num] => 1
        )

    [Prizm] => Array
        (
            [input_sum] => 0
            [output_sum] => 326923.08
            [exchange_num] => 0
        )

    [RUB] => Array
        (
            [sum] => -270001500
            [exchange_num] => 6
        )

    [Дальний Восток. 90млн.₽. за 100тыс. тон. пайщика №999] => Array
        (
            [input_sum] => 3
            [output_sum] => 0
            [exchange_num] => 3
        )

    [] => Array
        (
            [input_sum] => 0
            [output_sum] => 0
            [exchange_num] => 0
        )

    [SLAV] => Array
        (
            [input_sum] => 1500
            [output_sum] => 0
            [exchange_num] => 1
        )

)

doc_1: Array
(
    [date] => 08.09.20 20:37:36
    [filename] => -приема-SLAV-Пайщик-№-Иля-_______________-08-09-20-37.pdf
    [url] => http://vnuk2.ev88.fvds.ru/wp-content/uploads/2020/09/Акт-приема-SLAV-Пайщик-№-Иля-_______________-08-09-20-37.pdf
)

EXCHANGE: Array
(
    [is_personal_deposit] => yes
    [section] => Услуга
    [input_amount] => 1
    [input_currency] => Семинар боли
    [rate] => 5000
)

asset_name: Цифровые единицы
asset_name: Сталь
asset_name: RUB
asset_name: Нефть
asset_name: Газобетонные Блоки
asset_name: Бетон
asset_name: Продовольственные товары
asset_name: Драгоценные металлы
asset_name: Услуга
asset_name: Цифровые единицы
asset_name: Сталь
asset_name: RUB
asset_name: Нефть
asset_name: Газобетонные блоки
asset_name: Бетон
asset_name: Продовольственные товары
asset_name: Драгоценные металлы
asset_name: Услуги
asset_name: Цифровые единицы
asset_name: Сталь
asset_name: RUB
asset_name: Нефть
asset_name: Газобетонные блоки
asset_name: Бетон
asset_name: Продовольственные товары
asset_name: Драгоценные металлы
asset_name: Услуги
asset_name: Услуга
exchange other:Array
(
    [input_sum] => 1
    [input_currency] => Семинар боли
    [output_sum] => 
    [output_currency] => 
    [is_public] => 
    [is_reserve] => 
    [is_save] => 
    [requisites] => 
    [date] => 08.09.20 20:40:09
    [status] => personal_deposit
)

input_currency: Семинар боли
input_rate: 5000
output_currency: 
output_rate: 
before rubArray
(
    [D500 625x250x500  1700₽/м3  Москва. пайщик №900] => Array
        (
            [input_sum] => 100
            [output_sum] => 0
            [exchange_num] => 1
        )

    [Prizm] => Array
        (
            [input_sum] => 0
            [output_sum] => 326923.08
            [exchange_num] => 0
        )

    [RUB] => Array
        (
            [sum] => -270001500
            [exchange_num] => 6
        )

    [Дальний Восток. 90млн.₽. за 100тыс. тон. пайщика №999] => Array
        (
            [input_sum] => 3
            [output_sum] => 0
            [exchange_num] => 3
        )

    [] => Array
        (
            [input_sum] => 0
            [output_sum] => 0
            [exchange_num] => 0
        )

    [SLAV] => Array
        (
            [input_sum] => 1500
            [output_sum] => 0
            [exchange_num] => 2
        )

    [Семинар боли] => Array
        (
            [input_sum] => 1
            [output_sum] => 0
            [exchange_num] => 0
        )

)

added rubArray
(
    [D500 625x250x500  1700₽/м3  Москва. пайщик №900] => Array
        (
            [input_sum] => 100
            [output_sum] => 0
            [exchange_num] => 1
        )

    [Prizm] => Array
        (
            [input_sum] => 0
            [output_sum] => 326923.08
            [exchange_num] => 0
        )

    [RUB] => Array
        (
            [sum] => -270006500
            [exchange_num] => 7
        )

    [Дальний Восток. 90млн.₽. за 100тыс. тон. пайщика №999] => Array
        (
            [input_sum] => 3
            [output_sum] => 0
            [exchange_num] => 3
        )

    [] => Array
        (
            [input_sum] => 0
            [output_sum] => 0
            [exchange_num] => 0
        )

    [SLAV] => Array
        (
            [input_sum] => 1500
            [output_sum] => 0
            [exchange_num] => 2
        )

    [Семинар боли] => Array
        (
            [input_sum] => 1
            [output_sum] => 0
            [exchange_num] => 0
        )

)

doc_1: Array
(
    [date] => 08.09.20 20:41:26
    [filename] => -приема-Семинар-боли-Пайщик-№-Иля-_______________-08-09-20-41.pdf
    [url] => http://vnuk2.ev88.fvds.ru/wp-content/uploads/2020/09/Акт-приема-Семинар-боли-Пайщик-№-Иля-_______________-08-09-20-41.pdf
)

EXCHANGE: Array
(
    [is_personal_deposit] => yes
    [section] => Газобетонные Блоки
    [input_amount] => 50
    [input_currency] => Газ
    [rate] => 53
    [is_reserve] => on
    [reserve_id] => 84
)

asset_name: Цифровые единицы
asset_name: Сталь
asset_name: RUB
asset_name: Нефть
asset_name: Газобетонные Блоки
asset_name: Цифровые единицы
asset_name: Сталь
asset_name: RUB
asset_name: Нефть
asset_name: Газобетонные блоки
exchange other:Array
(
    [input_sum] => 50
    [input_currency] => Газ
    [output_sum] => 
    [output_currency] => 
    [is_public] => 
    [is_reserve] => 1
    [is_save] => 
    [reserve_id] => 84
    [requisites] => 
    [date] => 08.09.20 20:58:58
    [status] => personal_deposit
)

input_currency: Сапфиры
input_rate: 100000
output_currency: 
output_rate: 
before rubArray
(
    [Urals 1 барель] => Array
        (
            [input_sum] => 1000
            [output_sum] => 0
            [exchange_num] => 1
        )

    [] => Array
        (
            [input_sum] => 0
            [output_sum] => 0
            [exchange_num] => 0
        )

    [RUB] => Array
        (
            [sum] => -2426100
            [exchange_num] => 4
        )

    [SLAV] => Array
        (
            [input_sum] => 1600
            [output_sum] => 0
            [exchange_num] => 3
        )

    [Prizm] => Array
        (
            [input_sum] => 0
            [output_sum] => 1923.08
            [exchange_num] => 0
        )

    [Сапфиры] => Array
        (
            [input_sum] => 10
            [output_sum] => 0
            [exchange_num] => 0
        )

)

added rubArray
(
    [Urals 1 барель] => Array
        (
            [input_sum] => 1000
            [output_sum] => 0
            [exchange_num] => 1
        )

    [] => Array
        (
            [input_sum] => 0
            [output_sum] => 0
            [exchange_num] => 0
        )

    [RUB] => Array
        (
            [sum] => -3426100
            [exchange_num] => 5
        )

    [SLAV] => Array
        (
            [input_sum] => 1600
            [output_sum] => 0
            [exchange_num] => 3
        )

    [Prizm] => Array
        (
            [input_sum] => 0
            [output_sum] => 1923.08
            [exchange_num] => 0
        )

    [Сапфиры] => Array
        (
            [input_sum] => 10
            [output_sum] => 0
            [exchange_num] => 0
        )

)

doc_1: Array
(
    [date] => 08.09.20 21:36:28
    [filename] => -приема-Сапфиры-Пайщик-№42-Ирина-Бодункова-Ярославна-08-09-21-36.pdf
    [url] => http://pkslav.com/wp-content/uploads/2020/09/Акт-приема-Сапфиры-Пайщик-№42-Ирина-Бодункова-Ярославна-08-09-21-36.pdf
)

input_currency: Марка @brend@
input_rate: 500
output_currency: 
output_rate: 
before rubArray
(
    [Urals 1 барель] => Array
        (
            [input_sum] => 1000
            [output_sum] => 0
            [exchange_num] => 1
        )

    [] => Array
        (
            [input_sum] => 0
            [output_sum] => 0
            [exchange_num] => 0
        )

    [RUB] => Array
        (
            [sum] => -3426100
            [exchange_num] => 5
        )

    [SLAV] => Array
        (
            [input_sum] => 1600
            [output_sum] => 0
            [exchange_num] => 3
        )

    [Prizm] => Array
        (
            [input_sum] => 0
            [output_sum] => 1923.08
            [exchange_num] => 0
        )

    [Сапфиры] => Array
        (
            [input_sum] => 10
            [output_sum] => 0
            [exchange_num] => 1
        )

    [Марка @brend@] => Array
        (
            [input_sum] => 100005
            [output_sum] => 0
            [exchange_num] => 0
        )

)

added rubArray
(
    [Urals 1 барель] => Array
        (
            [input_sum] => 1000
            [output_sum] => 0
            [exchange_num] => 1
        )

    [] => Array
        (
            [input_sum] => 0
            [output_sum] => 0
            [exchange_num] => 0
        )

    [RUB] => Array
        (
            [sum] => -53428600
            [exchange_num] => 6
        )

    [SLAV] => Array
        (
            [input_sum] => 1600
            [output_sum] => 0
            [exchange_num] => 3
        )

    [Prizm] => Array
        (
            [input_sum] => 0
            [output_sum] => 1923.08
            [exchange_num] => 0
        )

    [Сапфиры] => Array
        (
            [input_sum] => 10
            [output_sum] => 0
            [exchange_num] => 1
        )

    [Марка @brend@] => Array
        (
            [input_sum] => 100005
            [output_sum] => 0
            [exchange_num] => 0
        )

)

doc_1: Array
(
    [date] => 08.09.20 21:37:07
    [filename] => -приема-Марка-@brend@-Пайщик-№42-Ирина-Бодункова-Ярославна-08-09-21-37.pdf
    [url] => http://pkslav.com/wp-content/uploads/2020/09/Акт-приема-Марка-@brend@-Пайщик-№42-Ирина-Бодункова-Ярославна-08-09-21-37.pdf
)

input_currency: Марка @brend@
input_rate: 500
output_currency: 
output_rate: 
before rubArray
(
    [Urals 1 барель] => Array
        (
            [input_sum] => 1000
            [output_sum] => 0
            [exchange_num] => 1
        )

    [] => Array
        (
            [input_sum] => 0
            [output_sum] => 0
            [exchange_num] => 0
        )

    [RUB] => Array
        (
            [sum] => -53428600
            [exchange_num] => 6
        )

    [SLAV] => Array
        (
            [input_sum] => 1600
            [output_sum] => 0
            [exchange_num] => 3
        )

    [Prizm] => Array
        (
            [input_sum] => 0
            [output_sum] => 1923.08
            [exchange_num] => 0
        )

    [Сапфиры] => Array
        (
            [input_sum] => 10
            [output_sum] => 0
            [exchange_num] => 1
        )

    [Марка @brend@] => Array
        (
            [input_sum] => 200010
            [output_sum] => 0
            [exchange_num] => 1
        )

)

added rubArray
(
    [Urals 1 барель] => Array
        (
            [input_sum] => 1000
            [output_sum] => 0
            [exchange_num] => 1
        )

    [] => Array
        (
            [input_sum] => 0
            [output_sum] => 0
            [exchange_num] => 0
        )

    [RUB] => Array
        (
            [sum] => -103431100
            [exchange_num] => 7
        )

    [SLAV] => Array
        (
            [input_sum] => 1600
            [output_sum] => 0
            [exchange_num] => 3
        )

    [Prizm] => Array
        (
            [input_sum] => 0
            [output_sum] => 1923.08
            [exchange_num] => 0
        )

    [Сапфиры] => Array
        (
            [input_sum] => 10
            [output_sum] => 0
            [exchange_num] => 1
        )

    [Марка @brend@] => Array
        (
            [input_sum] => 200010
            [output_sum] => 0
            [exchange_num] => 1
        )

)

doc_1: Array
(
    [date] => 08.09.20 21:37:14
    [filename] => -приема-Марка-@brend@-Пайщик-№42-Ирина-Бодункова-Ярославна-08-09-21-37-1.pdf
    [url] => http://pkslav.com/wp-content/uploads/2020/09/Акт-приема-Марка-@brend@-Пайщик-№42-Ирина-Бодункова-Ярославна-08-09-21-37-1.pdf
)

EXCHANGE: Array
(
    [is_personal_deposit] => yes
    [section] => Сталь
    [input_amount] => 354
    [input_currency] => Алюминий
    [rate] => 565
    [is_reserve] => on
    [reserve_id] => 84
)

asset_name: Цифровые единицы
asset_name: Сталь
asset_name: Цифровые единицы
asset_name: Сталь
exchange other:Array
(
    [input_sum] => 354
    [input_currency] => Алюминий
    [output_sum] => 
    [output_currency] => 
    [is_public] => 
    [is_reserve] => 1
    [is_save] => 
    [reserve_id] => 84
    [requisites] => 
    [date] => 08.09.20 21:38:07
    [status] => personal_deposit
)

input_currency: Алюминий
input_rate: 565
output_currency: 
output_rate: 
before rubArray
(
    [SLAV] => Array
        (
            [input_sum] => 5
            [output_sum] => 0
            [exchange_num] => 1
        )

    [RUB] => Array
        (
            [sum] => -51.87
            [exchange_num] => 5
        )

    [PRIZM] => Array
        (
            [input_sum] => 0
            [output_sum] => 71.69
            [exchange_num] => 0
        )

    [] => Array
        (
            [input_sum] => 0
            [output_sum] => 0
            [exchange_num] => 0
        )

    [Алюминий] => Array
        (
            [input_sum] => 354
            [output_sum] => 0
            [exchange_num] => 0
        )

)

added rubArray
(
    [SLAV] => Array
        (
            [input_sum] => 5
            [output_sum] => 0
            [exchange_num] => 1
        )

    [RUB] => Array
        (
            [sum] => -200061.87
            [exchange_num] => 6
        )

    [PRIZM] => Array
        (
            [input_sum] => 0
            [output_sum] => 71.69
            [exchange_num] => 0
        )

    [] => Array
        (
            [input_sum] => 0
            [output_sum] => 0
            [exchange_num] => 0
        )

    [Алюминий] => Array
        (
            [input_sum] => 354
            [output_sum] => 0
            [exchange_num] => 0
        )

)

doc_1: Array
(
    [date] => 08.09.20 21:38:38
    [filename] => -приема-Алюминий-Пайщик-№134-dhgdhdgdfgdf-gfdgdfgdfg-fhgghdfg-08-09-21-38.pdf
    [url] => http://pkslav.com/wp-content/uploads/2020/09/Акт-приема-Алюминий-Пайщик-№134-dhgdhdgdfgdf-gfdgdfgdfg-fhgghdfg-08-09-21-38.pdf
)

EXCHANGE: Array
(
    [input_currency] => 
    [input_sum] => 100
    [output_currency] => Сталь марки 1
    [output_sum] => 100
    [card_num] => 
    [card_name] => 
)

EXCHANGE: Array
(
    [is_personal_deposit] => yes
    [section] => Цифровые единицы
    [input_amount] => 1259
    [input_currency] => Prizm 10000 
    [rate] => 1
    [is_reserve] => on
    [reserve_id] => 84
)

asset_name: Цифровые единицы
asset_name: Цифровые единицы
exchange other:Array
(
    [input_sum] => 1259
    [input_currency] => Prizm 10000 
    [output_sum] => 
    [output_currency] => 
    [is_public] => 
    [is_reserve] => 1
    [is_save] => 
    [reserve_id] => 84
    [requisites] => 
    [date] => 08.09.20 21:57:58
    [status] => personal_deposit
)

EXCHANGE: Array
(
    [input_currency] => SLAV
    [input_sum] => 10000
    [output_currency] => Prizm 10000 
    [output_sum] => 10000
    [card_num] => 
    [card_name] => 
    [requisites] => 3PAM1XRQG4cpvh15evZenJWvXBAcTcC2jjt
)

input_currency: SLAV
input_rate: 1
output_currency: Prizm 10000 
output_rate: 1
before rubArray
(
    [Urals 1 барель] => Array
        (
            [input_sum] => 1000
            [output_sum] => 0
            [exchange_num] => 1
        )

    [] => Array
        (
            [input_sum] => 0
            [output_sum] => 0
            [exchange_num] => 0
        )

    [RUB] => Array
        (
            [sum] => -103431100
            [exchange_num] => 7
        )

    [SLAV] => Array
        (
            [input_sum] => 11600
            [output_sum] => 0
            [exchange_num] => 3
        )

    [Prizm] => Array
        (
            [input_sum] => 0
            [output_sum] => 1923.08
            [exchange_num] => 0
        )

    [Сапфиры] => Array
        (
            [input_sum] => 10
            [output_sum] => 0
            [exchange_num] => 1
        )

    [Марка @brend@] => Array
        (
            [input_sum] => 200010
            [output_sum] => 0
            [exchange_num] => 2
        )

    [Prizm 10000 ] => Array
        (
            [input_sum] => 0
            [output_sum] => 10000
            [exchange_num] => 0
        )

)

added rubArray
(
    [Urals 1 барель] => Array
        (
            [input_sum] => 1000
            [output_sum] => 0
            [exchange_num] => 1
        )

    [] => Array
        (
            [input_sum] => 0
            [output_sum] => 0
            [exchange_num] => 0
        )

    [RUB] => Array
        (
            [sum] => -103431100
            [exchange_num] => 8
        )

    [SLAV] => Array
        (
            [input_sum] => 11600
            [output_sum] => 0
            [exchange_num] => 3
        )

    [Prizm] => Array
        (
            [input_sum] => 0
            [output_sum] => 1923.08
            [exchange_num] => 0
        )

    [Сапфиры] => Array
        (
            [input_sum] => 10
            [output_sum] => 0
            [exchange_num] => 1
        )

    [Марка @brend@] => Array
        (
            [input_sum] => 200010
            [output_sum] => 0
            [exchange_num] => 2
        )

    [Prizm 10000 ] => Array
        (
            [input_sum] => 0
            [output_sum] => 10000
            [exchange_num] => 0
        )

)

doc_1: Array
(
    [date] => 08.09.20 22:04:49
    [filename] => -приема-SLAV-Пайщик-№42-Ирина-Бодункова-Ярославна-08-09-22-04.pdf
    [url] => http://pkslav.com/wp-content/uploads/2020/09/Акт-приема-SLAV-Пайщик-№42-Ирина-Бодункова-Ярославна-08-09-22-04.pdf
)

input_currency: Prizm 10000 
input_rate: 1
output_currency: 
output_rate: 
doc_1: Array
(
    [date] => 08.09.20 22:05:01
    [filename] => -приема-Prizm-10000-Пайщик-№798-dfgkjfglkdfghlkfdlhkfdlg-dfgkjfglkdfghlkfdlhkfdlg-dfgkjfglkdfghlkfdlhkfdlg-08-09-22-05.pdf
    [url] => http://pkslav.com/wp-content/uploads/2020/09/Акт-приема-Prizm-10000-Пайщик-№798-dfgkjfglkdfghlkfdlhkfdlg-dfgkjfglkdfghlkfdlhkfdlg-dfgkjfglkdfghlkfdlhkfdlg-08-09-22-05.pdf
)

EXCHANGE: Array
(
    [is_personal_deposit] => yes
    [section] => Драгоценные металлы
    [input_amount] => 50
    [input_currency] => Магические кристаллы
    [rate] => 542
    [is_public] => on
    [is_save] => on
)

asset_name: Цифровые единицы
asset_name: Сталь
asset_name: RUB
asset_name: Нефть
asset_name: Газобетонные Блоки
asset_name: Бетон
asset_name: Продовольственные товары
asset_name: Драгоценные металлы
asset_name: Цифровые единицы
asset_name: Сталь
asset_name: RUB
asset_name: Нефть
asset_name: Газобетонные блоки
asset_name: Бетон
asset_name: Продовольственные товары
asset_name: Драгоценные металлы
exchange other:Array
(
    [input_sum] => 50
    [input_currency] => Магические кристаллы
    [output_sum] => 
    [output_currency] => 
    [is_public] => 1
    [is_reserve] => 
    [is_save] => 1
    [requisites] => 
    [date] => 08.09.20 22:05:26
    [status] => personal_deposit
)

input_currency: Магические кристаллы
input_rate: 542
output_currency: 
output_rate: 
before rubArray
(
    [SLAV] => Array
        (
            [input_sum] => 5
            [output_sum] => 0
            [exchange_num] => 1
        )

    [RUB] => Array
        (
            [sum] => -200061.87
            [exchange_num] => 6
        )

    [PRIZM] => Array
        (
            [input_sum] => 0
            [output_sum] => 71.69
            [exchange_num] => 0
        )

    [] => Array
        (
            [input_sum] => 0
            [output_sum] => 0
            [exchange_num] => 0
        )

    [Алюминий] => Array
        (
            [input_sum] => 354
            [output_sum] => 0
            [exchange_num] => 1
        )

    [Магические кристаллы] => Array
        (
            [input_sum] => 50
            [output_sum] => 0
            [exchange_num] => 0
        )

)

added rubArray
(
    [SLAV] => Array
        (
            [input_sum] => 5
            [output_sum] => 0
            [exchange_num] => 1
        )

    [RUB] => Array
        (
            [sum] => -227161.87
            [exchange_num] => 7
        )

    [PRIZM] => Array
        (
            [input_sum] => 0
            [output_sum] => 71.69
            [exchange_num] => 0
        )

    [] => Array
        (
            [input_sum] => 0
            [output_sum] => 0
            [exchange_num] => 0
        )

    [Алюминий] => Array
        (
            [input_sum] => 354
            [output_sum] => 0
            [exchange_num] => 1
        )

    [Магические кристаллы] => Array
        (
            [input_sum] => 50
            [output_sum] => 0
            [exchange_num] => 0
        )

)

doc_1: Array
(
    [date] => 08.09.20 22:05:47
    [filename] => -приема-Магические-кристаллы-Пайщик-№134-dhgdhdgdfgdf-gfdgdfgdfg-fhgghdfg-08-09-22-05.pdf
    [url] => http://pkslav.com/wp-content/uploads/2020/09/Акт-приема-Магические-кристаллы-Пайщик-№134-dhgdhdgdfgdf-gfdgdfgdfg-fhgghdfg-08-09-22-05.pdf
)

EXCHANGE: Array
(
    [is_personal_deposit] => yes
    [input_amount] => 1
    [input_currency] => Спорт Товары гантели 2.  гантели 2. гантели 2. гантели 2. гантели 2. гантели 2. гантели 2. гантели 2. гантели 2. гантели 2. гантели 2. гантели 2. стелаж. гиперэкспензия. стойка с набором гантелей от (10 до 80кг) х2. жим лежа, 4 грифа, олимпийский жим лежа, олимпийский гриф 2, скамья скота, и 4 смита. хамер для груди низ, хамер для груди серед. хамер для груди верх. кросовер х2. 
    [rate] => 5985649
    [is_save] => on
)

asset_name: Цифровые единицы
asset_name: Сталь
asset_name: RUB
asset_name: Нефть
asset_name: Газобетонные Блоки
asset_name: Бетон
asset_name: Продовольственные товары
asset_name: Драгоценные металлы
asset_name: Услуга
asset_name: Цифровые единицы
asset_name: Сталь
asset_name: RUB
asset_name: Нефть
asset_name: Газобетонные Блоки
asset_name: Бетон
asset_name: Продовольственные товары
asset_name: Драгоценные металлы
asset_name: Услуга
asset_name: 
asset_name: Цифровые единицы
asset_name: Сталь
asset_name: RUB
asset_name: Нефть
asset_name: Газобетонные блоки
asset_name: Бетон
asset_name: Продовольственные товары
asset_name: Драгоценные металлы
asset_name: Услуги
asset_name: Услуга
asset_name: Цифровые единицы
asset_name: Сталь
asset_name: RUB
asset_name: Нефть
asset_name: Газобетонные блоки
asset_name: Бетон
asset_name: Продовольственные товары
asset_name: Драгоценные металлы
asset_name: Услуги
asset_name: Услуга
asset_name: 
exchange other:Array
(
    [input_sum] => 1
    [input_currency] => Спорт Товары гантели 2.  гантели 2. гантели 2. гантели 2. гантели 2. гантели 2. гантели 2. гантели 2. гантели 2. гантели 2. гантели 2. гантели 2. стелаж. гиперэкспензия. стойка с набором гантелей от (10 до 80кг) х2. жим лежа, 4 грифа, олимпийский жим лежа, олимпийский гриф 2, скамья скота, и 4 смита. хамер для груди низ, хамер для груди серед. хамер для груди верх. кросовер х2. 
    [output_sum] => 
    [output_currency] => 
    [is_public] => 
    [is_reserve] => 
    [is_save] => 1
    [requisites] => 
    [date] => 08.09.20 22:09:26
    [status] => personal_deposit
)

EXCHANGE: Array
(
    [is_personal_deposit] => yes
    [section] => Нефть
    [input_amount] => 51
    [input_currency] => Нефть barrels 5435
    [rate] => 5723
    [is_reserve] => on
    [reserve_id] => 72
)

asset_name: Цифровые единицы
asset_name: Сталь
asset_name: RUB
asset_name: Нефть
asset_name: Цифровые единицы
asset_name: Сталь
asset_name: RUB
asset_name: Нефть
exchange other:Array
(
    [input_sum] => 51
    [input_currency] => Нефть barrels 5435
    [output_sum] => 
    [output_currency] => 
    [is_public] => 
    [is_reserve] => 1
    [is_save] => 
    [reserve_id] => 72
    [requisites] => 
    [date] => 08.09.20 22:12:41
    [status] => personal_deposit
)

input_currency: Спорт Товары гантели 2.  гантели 2. гантели 2. гантели 2. гантели 2. гантели 2. гантели 2. гантели 2. гантели 2. гантели 2. гантели 2. гантели 2. стелаж. гиперэкспензия. стойка с набором гантелей от (10 до 80кг) х2. жим лежа, 4 грифа, олимпийский жим лежа, олимпийский гриф 2, скамья скота, и 4 смита. хамер для груди низ, хамер для груди серед. хамер для груди верх. кросовер х2. 
input_rate: 5985649
output_currency: 
output_rate: 
before rubArray
(
    [Prizm 10000 ] => Array
        (
            [input_sum] => 1259
            [output_sum] => 0
            [exchange_num] => 1
        )

    [] => Array
        (
            [input_sum] => 0
            [output_sum] => 0
            [exchange_num] => 0
        )

    [RUB] => Array
        (
            [sum] => -1259
            [exchange_num] => 1
        )

    [Спорт Товары гантели 2.  гантели 2. гантели 2. гантели 2. гантели 2. гантели 2. гантели 2. гантели 2. гантели 2. гантели 2. гантели 2. гантели 2. стелаж. гиперэкспензия. стойка с набором гантелей от (10 до 80кг) х2. жим лежа, 4 грифа, олимпийский жим лежа, олимпийский гриф 2, скамья скота, и 4 смита. хамер для груди низ, хамер для груди серед. хамер для груди верх. кросовер х2. ] => Array
        (
            [input_sum] => 1
            [output_sum] => 0
            [exchange_num] => 0
        )

)

added rubArray
(
    [Prizm 10000 ] => Array
        (
            [input_sum] => 1259
            [output_sum] => 0
            [exchange_num] => 1
        )

    [] => Array
        (
            [input_sum] => 0
            [output_sum] => 0
            [exchange_num] => 0
        )

    [RUB] => Array
        (
            [sum] => -5986908
            [exchange_num] => 2
        )

    [Спорт Товары гантели 2.  гантели 2. гантели 2. гантели 2. гантели 2. гантели 2. гантели 2. гантели 2. гантели 2. гантели 2. гантели 2. гантели 2. стелаж. гиперэкспензия. стойка с набором гантелей от (10 до 80кг) х2. жим лежа, 4 грифа, олимпийский жим лежа, олимпийский гриф 2, скамья скота, и 4 смита. хамер для груди низ, хамер для груди серед. хамер для груди верх. кросовер х2. ] => Array
        (
            [input_sum] => 1
            [output_sum] => 0
            [exchange_num] => 0
        )

)

doc_fields: Array
(
    [input_fields] => Array
        (
            [doc_num] => 2
            [day] => 8
            [month] => сентября
            [year] => 2020
            [hour] => 22
            [minute] => 12
            [client_num] => 798
            [client_fio] => dfgkjfglkdf'gh;lkfd;lhkfd;l,g dfgkjfglkdf'gh;lkfd;lhkfd;l,g dfgkjfglkdf'gh;lkfd;lhkfd;l,g
            [currency] => Спорт Товары гантели 2.  гантели 2. гантели 2. гантели 2. гантели 2. гантели 2. гантели 2. гантели 2. гантели 2. гантели 2. гантели 2. гантели 2. стелаж. гиперэкспензия. стойка с набором гантелей от (10 до 80кг) х2. жим лежа, 4 грифа, олимпийский жим лежа, олимпийский гриф 2, скамья скота, и 4 смита. хамер для груди низ, хамер для груди серед. хамер для груди верх. кросовер х2. 
            [other_currency] => 
            [amount] => 1
            [currency_rate] => 5985649
            [sum] => 5985649
            [public_key] => dfgkjfglkdf'gh;lkfd;lhkfd;l,g
            [doc_type] => input
            [prizm_address] => plkfg;ldgdr;lg
            [slav_address] => dfgkjfglkdf'gh;lkfd;lhkfd;l,g
        )

    [is_deposit] => 1
)

error: The uploaded file could not be moved to wp-content/uploads/2020/09.
doc_1: 
input_currency: Нефть barrels 5435
input_rate: 5723
output_currency: 
output_rate: 
before rubArray
(
    [SLAV] => Array
        (
            [input_sum] => 5
            [output_sum] => 0
            [exchange_num] => 1
        )

    [RUB] => Array
        (
            [sum] => -227161.87
            [exchange_num] => 7
        )

    [PRIZM] => Array
        (
            [input_sum] => 0
            [output_sum] => 71.69
            [exchange_num] => 0
        )

    [] => Array
        (
            [input_sum] => 0
            [output_sum] => 0
            [exchange_num] => 0
        )

    [Алюминий] => Array
        (
            [input_sum] => 354
            [output_sum] => 0
            [exchange_num] => 1
        )

    [Магические кристаллы] => Array
        (
            [input_sum] => 50
            [output_sum] => 0
            [exchange_num] => 1
        )

    [Нефть barrels 5435] => Array
        (
            [input_sum] => 51
            [output_sum] => 0
            [exchange_num] => 0
        )

)

added rubArray
(
    [SLAV] => Array
        (
            [input_sum] => 5
            [output_sum] => 0
            [exchange_num] => 1
        )

    [RUB] => Array
        (
            [sum] => -519034.87
            [exchange_num] => 8
        )

    [PRIZM] => Array
        (
            [input_sum] => 0
            [output_sum] => 71.69
            [exchange_num] => 0
        )

    [] => Array
        (
            [input_sum] => 0
            [output_sum] => 0
            [exchange_num] => 0
        )

    [Алюминий] => Array
        (
            [input_sum] => 354
            [output_sum] => 0
            [exchange_num] => 1
        )

    [Магические кристаллы] => Array
        (
            [input_sum] => 50
            [output_sum] => 0
            [exchange_num] => 1
        )

    [Нефть barrels 5435] => Array
        (
            [input_sum] => 51
            [output_sum] => 0
            [exchange_num] => 0
        )

)

doc_fields: Array
(
    [input_fields] => Array
        (
            [doc_num] => 37
            [day] => 8
            [month] => сентября
            [year] => 2020
            [hour] => 22
            [minute] => 12
            [client_num] => 134
            [client_fio] => dhgdhdgdfgdf gfdgdfgdfg fhgghdfg
            [currency] => Нефть barrels 5435
            [other_currency] => 
            [amount] => 51
            [currency_rate] => 5723
            [sum] => 291873
            [public_key] => gdfgdfdfgdf
            [doc_type] => input
            [prizm_address] => fgrtdggfdg
            [slav_address] => fgdgdfhdgdfg
        )

    [is_deposit] => 1
)

doc_1: Array
(
    [date] => 08.09.20 22:12:56
    [filename] => -приема-Нефть-barrels-5435-Пайщик-№134-dhgdhdgdfgdf-gfdgdfgdfg-fhgghdfg-08-09-22-12.pdf
    [url] => http://pkslav.com/wp-content/uploads/2020/09/Акт-приема-Нефть-barrels-5435-Пайщик-№134-dhgdhdgdfgdf-gfdgdfgdfg-fhgghdfg-08-09-22-12.pdf
)

EXCHANGE: Array
(
    [is_personal_deposit] => yes
    [section] => Драгоценные металлы
    [input_amount] => 45
    [input_currency] => Титан
    [rate] => 356
    [is_public] => on
)

asset_name: Цифровые единицы
asset_name: Сталь
asset_name: RUB
asset_name: Нефть
asset_name: Газобетонные Блоки
asset_name: Бетон
asset_name: Продовольственные товары
asset_name: Драгоценные металлы
asset_name: Цифровые единицы
asset_name: Сталь
asset_name: RUB
asset_name: Нефть
asset_name: Газобетонные блоки
asset_name: Бетон
asset_name: Продовольственные товары
asset_name: Драгоценные металлы
exchange other:Array
(
    [input_sum] => 45
    [input_currency] => Титан
    [output_sum] => 
    [output_currency] => 
    [is_public] => 1
    [is_reserve] => 
    [is_save] => 
    [requisites] => 
    [date] => 08.09.20 22:14:15
    [status] => personal_deposit
)

input_currency: Титан
input_rate: 356
output_currency: 
output_rate: 
before rubArray
(
    [SLAV] => Array
        (
            [input_sum] => 5
            [output_sum] => 0
            [exchange_num] => 1
        )

    [RUB] => Array
        (
            [sum] => -519034.87
            [exchange_num] => 8
        )

    [PRIZM] => Array
        (
            [input_sum] => 0
            [output_sum] => 71.69
            [exchange_num] => 0
        )

    [] => Array
        (
            [input_sum] => 0
            [output_sum] => 0
            [exchange_num] => 0
        )

    [Алюминий] => Array
        (
            [input_sum] => 354
            [output_sum] => 0
            [exchange_num] => 1
        )

    [Магические кристаллы] => Array
        (
            [input_sum] => 50
            [output_sum] => 0
            [exchange_num] => 1
        )

    [Нефть barrels 5435] => Array
        (
            [input_sum] => 51
            [output_sum] => 0
            [exchange_num] => 1
        )

    [Титан] => Array
        (
            [input_sum] => 45
            [output_sum] => 0
            [exchange_num] => 0
        )

)

added rubArray
(
    [SLAV] => Array
        (
            [input_sum] => 5
            [output_sum] => 0
            [exchange_num] => 1
        )

    [RUB] => Array
        (
            [sum] => -535054.87
            [exchange_num] => 9
        )

    [PRIZM] => Array
        (
            [input_sum] => 0
            [output_sum] => 71.69
            [exchange_num] => 0
        )

    [] => Array
        (
            [input_sum] => 0
            [output_sum] => 0
            [exchange_num] => 0
        )

    [Алюминий] => Array
        (
            [input_sum] => 354
            [output_sum] => 0
            [exchange_num] => 1
        )

    [Магические кристаллы] => Array
        (
            [input_sum] => 50
            [output_sum] => 0
            [exchange_num] => 1
        )

    [Нефть barrels 5435] => Array
        (
            [input_sum] => 51
            [output_sum] => 0
            [exchange_num] => 1
        )

    [Титан] => Array
        (
            [input_sum] => 45
            [output_sum] => 0
            [exchange_num] => 0
        )

)

doc_fields: Array
(
    [input_fields] => Array
        (
            [doc_num] => 38
            [day] => 8
            [month] => сентября
            [year] => 2020
            [hour] => 22
            [minute] => 14
            [client_num] => 134
            [client_fio] => dhgdhdgdfgdf gfdgdfgdfg fhgghdfg
            [currency] => Титан
            [other_currency] => 
            [amount] => 45
            [currency_rate] => 356
            [sum] => 16020
            [public_key] => gdfgdfdfgdf
            [doc_type] => input
            [prizm_address] => fgrtdggfdg
            [slav_address] => fgdgdfhdgdfg
        )

    [is_deposit] => 1
)

doc_1: Array
(
    [date] => 08.09.20 22:14:44
    [filename] => -приема-Титан-Пайщик-№134-dhgdhdgdfgdf-gfdgdfgdfg-fhgghdfg-08-09-22-14.pdf
    [url] => http://pkslav.com/wp-content/uploads/2020/09/Акт-приема-Титан-Пайщик-№134-dhgdhdgdfgdf-gfdgdfgdfg-fhgghdfg-08-09-22-14.pdf
)

EXCHANGE: Array
(
    [input_currency] => PRIZM
    [output_currency] => RUB
    [input_sum] => 50
    [bank] => bank1
    [output_sum] => 15.75
    [card_num] => 54252
    [card_name] => павпрва
)

input_currency: PRIZM
input_rate: 0.36
output_currency: RUB
output_rate: 1
input_ratePRIZM
before rubArray
(
    [SLAV] => Array
        (
            [input_sum] => 5
            [output_sum] => 0
            [exchange_num] => 1
        )

    [RUB] => Array
        (
            [sum] => -535054.87
            [exchange_num] => 9
        )

    [PRIZM] => Array
        (
            [input_sum] => 50
            [output_sum] => 71.69
            [exchange_num] => 0
        )

    [] => Array
        (
            [input_sum] => 0
            [output_sum] => 0
            [exchange_num] => 0
        )

    [Алюминий] => Array
        (
            [input_sum] => 354
            [output_sum] => 0
            [exchange_num] => 1
        )

    [Магические кристаллы] => Array
        (
            [input_sum] => 50
            [output_sum] => 0
            [exchange_num] => 1
        )

    [Нефть barrels 5435] => Array
        (
            [input_sum] => 51
            [output_sum] => 0
            [exchange_num] => 1
        )

    [Титан] => Array
        (
            [input_sum] => 45
            [output_sum] => 0
            [exchange_num] => 1
        )

)

added rubArray
(
    [SLAV] => Array
        (
            [input_sum] => 5
            [output_sum] => 0
            [exchange_num] => 1
        )

    [RUB] => Array
        (
            [sum] => -535057.12
            [exchange_num] => 10
        )

    [PRIZM] => Array
        (
            [input_sum] => 50
            [output_sum] => 71.69
            [exchange_num] => 0
        )

    [] => Array
        (
            [input_sum] => 0
            [output_sum] => 0
            [exchange_num] => 0
        )

    [Алюминий] => Array
        (
            [input_sum] => 354
            [output_sum] => 0
            [exchange_num] => 1
        )

    [Магические кристаллы] => Array
        (
            [input_sum] => 50
            [output_sum] => 0
            [exchange_num] => 1
        )

    [Нефть barrels 5435] => Array
        (
            [input_sum] => 51
            [output_sum] => 0
            [exchange_num] => 1
        )

    [Титан] => Array
        (
            [input_sum] => 45
            [output_sum] => 0
            [exchange_num] => 1
        )

)

doc_fields: Array
(
    [input_fields] => Array
        (
            [doc_num] => 39
            [day] => 8
            [month] => сентября
            [year] => 2020
            [hour] => 22
            [minute] => 15
            [client_num] => 134
            [client_fio] => dhgdhdgdfgdf gfdgdfgdfg fhgghdfg
            [currency] => PRIZM
            [other_currency] => RUB
            [amount] => 50
            [currency_rate] => 0.324
            [sum] => 16.2
            [public_key] => gdfgdfdfgdf
            [doc_type] => input
            [prizm_address] => fgrtdggfdg
            [slav_address] => fgdgdfhdgdfg
        )

    [output_fields] => Array
        (
            [doc_num] => 40
            [day] => 8
            [month] => сентября
            [year] => 2020
            [hour] => 22
            [minute] => 15
            [client_num] => 134
            [client_fio] => dhgdhdgdfgdf gfdgdfgdfg fhgghdfg
            [currency] => RUB
            [other_currency] => PRIZM
            [amount] => 15.75
            [currency_rate] => 1
            [sum] => 15.75
            [public_key] => gdfgdfdfgdf
            [doc_type] => output
            [prizm_address] => fgrtdggfdg
            [slav_address] => fgdgdfhdgdfg
        )

    [is_deposit] => 
)

doc_1: Array
(
    [date] => 08.09.20 22:15:31
    [filename] => -приема-PRIZM-Пайщик-№134-dhgdhdgdfgdf-gfdgdfgdfg-fhgghdfg-08-09-22-15.pdf
    [url] => http://pkslav.com/wp-content/uploads/2020/09/Акт-приема-PRIZM-Пайщик-№134-dhgdhdgdfgdf-gfdgdfgdfg-fhgghdfg-08-09-22-15.pdf
)

EXCHANGE: Array
(
    [input_currency] => D400 625x250x500  5350₽/м3 Балашиха пайщик №798
    [input_sum] => 59
    [output_currency] => Золото 1_г.
    [output_sum] => 77.39
    [card_num] => 
    [card_name] => 
    [requisites] => 3PAM1XRQG4cpvh15evZenJWvXBAcTcC2jjt
)

input_currency: D400 625x250x500  5350₽/м3 Балашиха пайщик №798
input_rate: 5300
output_currency: Золото 1_г.
output_rate: 4040.41
before rubArray
(
    [SLAV] => Array
        (
            [input_sum] => 5
            [output_sum] => 0
            [exchange_num] => 1
        )

    [RUB] => Array
        (
            [sum] => -535057.12
            [exchange_num] => 10
        )

    [PRIZM] => Array
        (
            [input_sum] => 50
            [output_sum] => 71.69
            [exchange_num] => 1
        )

    [] => Array
        (
            [input_sum] => 0
            [output_sum] => 0
            [exchange_num] => 0
        )

    [Алюминий] => Array
        (
            [input_sum] => 354
            [output_sum] => 0
            [exchange_num] => 1
        )

    [Магические кристаллы] => Array
        (
            [input_sum] => 50
            [output_sum] => 0
            [exchange_num] => 1
        )

    [Нефть barrels 5435] => Array
        (
            [input_sum] => 51
            [output_sum] => 0
            [exchange_num] => 1
        )

    [Титан] => Array
        (
            [input_sum] => 45
            [output_sum] => 0
            [exchange_num] => 1
        )

    [D400 625x250x500  5350₽/м3 Балашиха пайщик №798] => Array
        (
            [input_sum] => 59
            [output_sum] => 0
            [exchange_num] => 0
        )

    [Золото 1_г.] => Array
        (
            [input_sum] => 0
            [output_sum] => 77.39
            [exchange_num] => 0
        )

)

added rubArray
(
    [SLAV] => Array
        (
            [input_sum] => 5
            [output_sum] => 0
            [exchange_num] => 1
        )

    [RUB] => Array
        (
            [sum] => -535069.79
            [exchange_num] => 11
        )

    [PRIZM] => Array
        (
            [input_sum] => 50
            [output_sum] => 71.69
            [exchange_num] => 1
        )

    [] => Array
        (
            [input_sum] => 0
            [output_sum] => 0
            [exchange_num] => 0
        )

    [Алюминий] => Array
        (
            [input_sum] => 354
            [output_sum] => 0
            [exchange_num] => 1
        )

    [Магические кристаллы] => Array
        (
            [input_sum] => 50
            [output_sum] => 0
            [exchange_num] => 1
        )

    [Нефть barrels 5435] => Array
        (
            [input_sum] => 51
            [output_sum] => 0
            [exchange_num] => 1
        )

    [Титан] => Array
        (
            [input_sum] => 45
            [output_sum] => 0
            [exchange_num] => 1
        )

    [D400 625x250x500  5350₽/м3 Балашиха пайщик №798] => Array
        (
            [input_sum] => 59
            [output_sum] => 0
            [exchange_num] => 0
        )

    [Золото 1_г.] => Array
        (
            [input_sum] => 0
            [output_sum] => 77.39
            [exchange_num] => 0
        )

)

doc_fields: Array
(
    [input_fields] => Array
        (
            [doc_num] => 41
            [day] => 8
            [month] => сентября
            [year] => 2020
            [hour] => 22
            [minute] => 16
            [client_num] => 134
            [client_fio] => dhgdhdgdfgdf gfdgdfgdfg fhgghdfg
            [currency] => D400 625x250x500  5350₽/м3 Балашиха пайщик №798
            [other_currency] => Золото 1_г.
            [amount] => 59
            [currency_rate] => 5300
            [sum] => 312700
            [public_key] => gdfgdfdfgdf
            [doc_type] => input
            [prizm_address] => fgrtdggfdg
            [slav_address] => fgdgdfhdgdfg
        )

    [output_fields] => Array
        (
            [doc_num] => 42
            [day] => 8
            [month] => сентября
            [year] => 2020
            [hour] => 22
            [minute] => 16
            [client_num] => 134
            [client_fio] => dhgdhdgdfgdf gfdgdfgdfg fhgghdfg
            [currency] => Золото 1_г.
            [other_currency] => D400 625x250x500  5350₽/м3 Балашиха пайщик №798
            [amount] => 77.39
            [currency_rate] => 0
            [sum] => 0
            [public_key] => gdfgdfdfgdf
            [doc_type] => output
            [prizm_address] => fgrtdggfdg
            [slav_address] => fgdgdfhdgdfg
        )

    [is_deposit] => 
)

doc_1: Array
(
    [date] => 08.09.20 22:16:44
    [filename] => -приема-D400-625x250x500-5350₽м3-Балашиха-пайщик-№798-Пайщик-№134-dhgdhdgdfgdf-gfdgdfgdfg-fhgghdfg-08-09-22-16.pdf
    [url] => http://pkslav.com/wp-content/uploads/2020/09/Акт-приема-D400-625x250x500-5350₽м3-Балашиха-пайщик-№798-Пайщик-№134-dhgdhdgdfgdf-gfdgdfgdfg-fhgghdfg-08-09-22-16.pdf
)

EXCHANGE: Array
(
    [input_currency] => D500 625x250x500  1700₽/м3  Москва. пайщик №900
    [input_sum] => 5
    [output_currency] => Золото 1_г.
    [output_sum] => 2.1
    [card_num] => 
    [card_name] => 
    [requisites] => 3PAM1XRQG4cpvh15evZenJWvXBAcTcC2jjt
)

input_currency: D500 625x250x500  1700₽/м3  Москва. пайщик №900
input_rate: 1700
output_currency: Золото 1_г.
output_rate: 4040.41
before rubArray
(
    [SLAV] => Array
        (
            [input_sum] => 5
            [output_sum] => 0
            [exchange_num] => 1
        )

    [RUB] => Array
        (
            [sum] => -535069.79
            [exchange_num] => 11
        )

    [PRIZM] => Array
        (
            [input_sum] => 50
            [output_sum] => 71.69
            [exchange_num] => 1
        )

    [] => Array
        (
            [input_sum] => 0
            [output_sum] => 0
            [exchange_num] => 0
        )

    [Алюминий] => Array
        (
            [input_sum] => 354
            [output_sum] => 0
            [exchange_num] => 1
        )

    [Магические кристаллы] => Array
        (
            [input_sum] => 50
            [output_sum] => 0
            [exchange_num] => 1
        )

    [Нефть barrels 5435] => Array
        (
            [input_sum] => 51
            [output_sum] => 0
            [exchange_num] => 1
        )

    [Титан] => Array
        (
            [input_sum] => 45
            [output_sum] => 0
            [exchange_num] => 1
        )

    [D400 625x250x500  5350₽/м3 Балашиха пайщик №798] => Array
        (
            [input_sum] => 59
            [output_sum] => 0
            [exchange_num] => 1
        )

    [Золото 1_г.] => Array
        (
            [input_sum] => 0
            [output_sum] => 79.49
            [exchange_num] => 0
        )

    [D500 625x250x500  1700₽/м3  Москва. пайщик №900] => Array
        (
            [input_sum] => 5
            [output_sum] => 0
            [exchange_num] => 0
        )

)

added rubArray
(
    [SLAV] => Array
        (
            [input_sum] => 5
            [output_sum] => 0
            [exchange_num] => 1
        )

    [RUB] => Array
        (
            [sum] => -535084.93
            [exchange_num] => 12
        )

    [PRIZM] => Array
        (
            [input_sum] => 50
            [output_sum] => 71.69
            [exchange_num] => 1
        )

    [] => Array
        (
            [input_sum] => 0
            [output_sum] => 0
            [exchange_num] => 0
        )

    [Алюминий] => Array
        (
            [input_sum] => 354
            [output_sum] => 0
            [exchange_num] => 1
        )

    [Магические кристаллы] => Array
        (
            [input_sum] => 50
            [output_sum] => 0
            [exchange_num] => 1
        )

    [Нефть barrels 5435] => Array
        (
            [input_sum] => 51
            [output_sum] => 0
            [exchange_num] => 1
        )

    [Титан] => Array
        (
            [input_sum] => 45
            [output_sum] => 0
            [exchange_num] => 1
        )

    [D400 625x250x500  5350₽/м3 Балашиха пайщик №798] => Array
        (
            [input_sum] => 59
            [output_sum] => 0
            [exchange_num] => 1
        )

    [Золото 1_г.] => Array
        (
            [input_sum] => 0
            [output_sum] => 79.49
            [exchange_num] => 0
        )

    [D500 625x250x500  1700₽/м3  Москва. пайщик №900] => Array
        (
            [input_sum] => 5
            [output_sum] => 0
            [exchange_num] => 0
        )

)

doc_fields: Array
(
    [input_fields] => Array
        (
            [doc_num] => 43
            [day] => 8
            [month] => сентября
            [year] => 2020
            [hour] => 22
            [minute] => 20
            [client_num] => 134
            [client_fio] => dhgdhdgdfgdf gfdgdfgdfg fhgghdfg
            [currency] => D500 625x250x500  1700₽/м3  Москва. пайщик №900
            [other_currency] => Золото 1_г.
            [amount] => 5
            [currency_rate] => 1700
            [sum] => 8500
            [public_key] => gdfgdfdfgdf
            [doc_type] => input
            [prizm_address] => fgrtdggfdg
            [slav_address] => fgdgdfhdgdfg
        )

    [output_fields] => Array
        (
            [doc_num] => 44
            [day] => 8
            [month] => сентября
            [year] => 2020
            [hour] => 22
            [minute] => 20
            [client_num] => 134
            [client_fio] => dhgdhdgdfgdf gfdgdfgdfg fhgghdfg
            [currency] => Золото 1_г.
            [other_currency] => D500 625x250x500  1700₽/м3  Москва. пайщик №900
            [amount] => 2.1
            [currency_rate] => 4040.41
            [sum] => 8484.861
            [public_key] => gdfgdfdfgdf
            [doc_type] => output
            [prizm_address] => fgrtdggfdg
            [slav_address] => fgdgdfhdgdfg
        )

    [is_deposit] => 
)

doc_1: Array
(
    [date] => 08.09.20 22:20:36
    [filename] => -приема-D500-625x250x500-1700₽м3-Москва.-пайщик-№900-Пайщик-№134-dhgdhdgdfgdf-gfdgdfgdfg-fhgghdfg-08-09-22-20.pdf
    [url] => http://pkslav.com/wp-content/uploads/2020/09/Акт-приема-D500-625x250x500-1700₽м3-Москва.-пайщик-№900-Пайщик-№134-dhgdhdgdfgdf-gfdgdfgdfg-fhgghdfg-08-09-22-20.pdf
)

EXCHANGE: Array
(
    [input_currency] => Сталь 53-59
    [input_sum] => 100
    [output_currency] => SLAV
    [output_sum] => 54600
    [card_num] => 
    [card_name] => 
    [requisites] => ifdgjsdfgfsgisd4534
)

input_currency: Сталь 53-59
input_rate: 546
output_currency: SLAV
output_rate: 1
before rubArray
(
    [Urals 1 барель] => Array
        (
            [input_sum] => 1000
            [output_sum] => 0
            [exchange_num] => 1
        )

    [] => Array
        (
            [input_sum] => 0
            [output_sum] => 0
            [exchange_num] => 0
        )

    [RUB] => Array
        (
            [sum] => -103431100
            [exchange_num] => 8
        )

    [SLAV] => Array
        (
            [input_sum] => 11600
            [output_sum] => 54600
            [exchange_num] => 4
        )

    [Prizm] => Array
        (
            [input_sum] => 0
            [output_sum] => 1923.08
            [exchange_num] => 0
        )

    [Сапфиры] => Array
        (
            [input_sum] => 10
            [output_sum] => 0
            [exchange_num] => 1
        )

    [Марка @brend@] => Array
        (
            [input_sum] => 200010
            [output_sum] => 0
            [exchange_num] => 2
        )

    [Prizm 10000 ] => Array
        (
            [input_sum] => 0
            [output_sum] => 10000
            [exchange_num] => 0
        )

    [Сталь 53-59] => Array
        (
            [input_sum] => 100
            [output_sum] => 0
            [exchange_num] => 0
        )

)

added rubArray
(
    [Urals 1 барель] => Array
        (
            [input_sum] => 1000
            [output_sum] => 0
            [exchange_num] => 1
        )

    [] => Array
        (
            [input_sum] => 0
            [output_sum] => 0
            [exchange_num] => 0
        )

    [RUB] => Array
        (
            [sum] => -103431100
            [exchange_num] => 9
        )

    [SLAV] => Array
        (
            [input_sum] => 11600
            [output_sum] => 54600
            [exchange_num] => 4
        )

    [Prizm] => Array
        (
            [input_sum] => 0
            [output_sum] => 1923.08
            [exchange_num] => 0
        )

    [Сапфиры] => Array
        (
            [input_sum] => 10
            [output_sum] => 0
            [exchange_num] => 1
        )

    [Марка @brend@] => Array
        (
            [input_sum] => 200010
            [output_sum] => 0
            [exchange_num] => 2
        )

    [Prizm 10000 ] => Array
        (
            [input_sum] => 0
            [output_sum] => 10000
            [exchange_num] => 0
        )

    [Сталь 53-59] => Array
        (
            [input_sum] => 100
            [output_sum] => 0
            [exchange_num] => 0
        )

)

doc_fields: Array
(
    [input_fields] => Array
        (
            [doc_num] => 12
            [day] => 8
            [month] => сентября
            [year] => 2020
            [hour] => 22
            [minute] => 28
            [client_num] => 42
            [client_fio] => Ирина Бодункова Ярославна
            [currency] => Сталь 53-59
            [other_currency] => SLAV
            [amount] => 100
            [currency_rate] => 546
            [sum] => 54600
            [public_key] => se6f54swgf4w5rfg4wef6a54fa6+54fas54few54fw6e54fs6e5f
            [doc_type] => input
            [prizm_address] => Prizm-dfwef588-5454-4542fd-fdsf
            [slav_address] => Slav-546541546465465s65f4s6d54f6s54f65s
        )

    [output_fields] => Array
        (
            [doc_num] => 13
            [day] => 8
            [month] => сентября
            [year] => 2020
            [hour] => 22
            [minute] => 28
            [client_num] => 42
            [client_fio] => Ирина Бодункова Ярославна
            [currency] => SLAV
            [other_currency] => Сталь 53-59
            [amount] => 54600
            [currency_rate] => 1
            [sum] => 54600
            [public_key] => se6f54swgf4w5rfg4wef6a54fa6+54fas54few54fw6e54fs6e5f
            [doc_type] => output
            [prizm_address] => Prizm-dfwef588-5454-4542fd-fdsf
            [slav_address] => Slav-546541546465465s65f4s6d54f6s54f65s
        )

    [is_deposit] => 
)

doc_1: Array
(
    [date] => 08.09.20 22:28:16
    [filename] => -приема-Сталь-53-59-Пайщик-№42-Ирина-Бодункова-Ярославна-08-09-22-28.pdf
    [url] => http://pkslav.com/wp-content/uploads/2020/09/Акт-приема-Сталь-53-59-Пайщик-№42-Ирина-Бодункова-Ярославна-08-09-22-28.pdf
)

EXCHANGE: Array
(
    [is_personal_deposit] => yes
    [section] => Газобетонные Блоки
    [input_amount] => 353
    [input_currency] => ффрвар
    [rate] => 235
    [is_public] => on
    [is_save] => on
)

asset_name: Цифровые единицы
asset_name: Сталь
asset_name: RUB
asset_name: Нефть
asset_name: Газобетонные Блоки
asset_name: Цифровые единицы
asset_name: Сталь
asset_name: RUB
asset_name: Нефть
asset_name: Газобетонные блоки
exchange other:Array
(
    [input_sum] => 353
    [input_currency] => ффрвар
    [output_sum] => 
    [output_currency] => 
    [is_public] => 1
    [is_reserve] => 
    [is_save] => 1
    [requisites] => 
    [date] => 08.09.20 23:54:35
    [status] => personal_deposit
)

EXCHANGE: Array
(
    [is_personal_deposit] => yes
    [section] => Драгоценные металлы
    [input_amount] => 54
    [input_currency] => арврвпр
    [rate] => 235
    [is_save] => on
)

asset_name: Цифровые единицы
asset_name: Сталь
asset_name: RUB
asset_name: Нефть
asset_name: Газобетонные Блоки
asset_name: Бетон
asset_name: Продовольственные товары
asset_name: Драгоценные металлы
asset_name: Цифровые единицы
asset_name: Сталь
asset_name: RUB
asset_name: Нефть
asset_name: Газобетонные блоки
asset_name: Бетон
asset_name: Продовольственные товары
asset_name: Драгоценные металлы
exchange other:Array
(
    [input_sum] => 54
    [input_currency] => арврвпр
    [output_sum] => 
    [output_currency] => 
    [is_public] => 
    [is_reserve] => 
    [is_save] => 1
    [requisites] => 
    [date] => 08.09.20 23:56:40
    [status] => personal_deposit
)

EXCHANGE: Array
(
    [is_personal_deposit] => yes
    [section] => Газобетонные Блоки
    [input_amount] => 35
    [input_currency] => фпарвпрврвпр
    [rate] => 341
    [is_public] => on
)

asset_name: Цифровые единицы
asset_name: Сталь
asset_name: RUB
asset_name: Нефть
asset_name: Газобетонные Блоки
asset_name: Цифровые единицы
asset_name: Сталь
asset_name: RUB
asset_name: Нефть
asset_name: Газобетонные блоки
exchange other:Array
(
    [input_sum] => 35
    [input_currency] => фпарвпрврвпр
    [output_sum] => 
    [output_currency] => 
    [is_public] => 1
    [is_reserve] => 
    [is_save] => 
    [requisites] => 
    [date] => 08.09.20 23:57:43
    [status] => personal_deposit
)

email: daniellogan60@yahoo.com; text: 
    <p>Вы или кто то другой зарегистрировались на сайте "МПК СЛАВИЯ" со следующими данными:</p>
    <p>Логин: alena mcpherson</p>
    <p>Пароль: alena mcpherson</p><p>Если это были вы, то подтвердите свою регистрацию перейдя по ссылке ниже:</p>
        <p><a href="http://pkslav.com/profile/?rcl-confirmdata=WyJhbGVuYSBtY3BoZXJzb24iLCJjMGUxOTBkODI2N2UzNjcwOGY5NTVkN2FiMDQ4OTkwZCJd">http://pkslav.com/profile/?rcl-confirmdata=WyJhbGVuYSBtY3BoZXJzb24iLCJjMGUxOTBkODI2N2UzNjcwOGY5NTVkN2FiMDQ4OTkwZCJd</a></p>
        <p>Не получается активировать аккаунт?</p>
        <p>Скопируйте текст ссылки ниже, вставьте его в адресную строку браузера и нажмите Enter</p><p>Если это были не вы, то просто проигнорируйте это письмо</p><p><small>-----------------------------------------------------<br/>
    Это сообщение было сформировано автоматически, не надо отвечать на него.<br/>
    "МПК СЛАВИЯ"</small></p>; headers: From: МПК СЛАВИЯ <cms.pkslav@gmail.com>
Reply-To: МПК СЛАВИЯ <cms.pkslav@gmail.com>
Return-Path: МПК СЛАВИЯ <cms.pkslav@gmail.com>

