login form type: 0
email: esmedouglas.sc.1036815915@mojorage.life; text: 
    <p>Вы или кто то другой зарегистрировались на сайте "МПК СЛАВИЯ" со следующими данными:</p>
    <p>Логин: esme douglas</p>
    <p>Пароль: esme douglas</p><p>Если это были вы, то подтвердите свою регистрацию перейдя по ссылке ниже:</p>
        <p><a href="http://vnuk2.ev88.fvds.ru/profile/?rcl-confirmdata=WyJlc21lIGRvdWdsYXMiLCI1ZmQwYjM3Y2Q3ZGJiYjAwZjk3YmE2Y2U5MmJmNWFkZCJd">http://vnuk2.ev88.fvds.ru/profile/?rcl-confirmdata=WyJlc21lIGRvdWdsYXMiLCI1ZmQwYjM3Y2Q3ZGJiYjAwZjk3YmE2Y2U5MmJmNWFkZCJd</a></p>
        <p>Не получается активировать аккаунт?</p>
        <p>Скопируйте текст ссылки ниже, вставьте его в адресную строку браузера и нажмите Enter</p><p>Если это были не вы, то просто проигнорируйте это письмо</p><p><small>-----------------------------------------------------<br/>
    Это сообщение было сформировано автоматически, не надо отвечать на него.<br/>
    "МПК СЛАВИЯ"</small></p>; headers: From: МПК СЛАВИЯ <cms.pkslav@gmail.com>
Reply-To: МПК СЛАВИЯ <cms.pkslav@gmail.com>
Return-Path: МПК СЛАВИЯ <cms.pkslav@gmail.com>

email: melissa.mcgeorge@yahoo.com; text: 
    <p>Вы или кто то другой зарегистрировались на сайте "МПК СЛАВИЯ" со следующими данными:</p>
    <p>Логин: esme harris</p>
    <p>Пароль: esme harris</p><p>Если это были вы, то подтвердите свою регистрацию перейдя по ссылке ниже:</p>
        <p><a href="http://vnuk2.ev88.fvds.ru/profile/?rcl-confirmdata=WyJlc21lIGhhcnJpcyIsIjJiNDQ5MjhhZTExZmI5Mzg0YzRjZjM4NzA4Njc3YzQ4Il0%3D">http://vnuk2.ev88.fvds.ru/profile/?rcl-confirmdata=WyJlc21lIGhhcnJpcyIsIjJiNDQ5MjhhZTExZmI5Mzg0YzRjZjM4NzA4Njc3YzQ4Il0%3D</a></p>
        <p>Не получается активировать аккаунт?</p>
        <p>Скопируйте текст ссылки ниже, вставьте его в адресную строку браузера и нажмите Enter</p><p>Если это были не вы, то просто проигнорируйте это письмо</p><p><small>-----------------------------------------------------<br/>
    Это сообщение было сформировано автоматически, не надо отвечать на него.<br/>
    "МПК СЛАВИЯ"</small></p>; headers: From: МПК СЛАВИЯ <cms.pkslav@gmail.com>
Reply-To: МПК СЛАВИЯ <cms.pkslav@gmail.com>
Return-Path: МПК СЛАВИЯ <cms.pkslav@gmail.com>

query_args: Array
(
    [blog_id] => 1
    [include] => 
    [exclude] => 
    [orderby] => display_name
    [order] => ASC
    [who] => 
    [role] => 
    [role__in] => Array
        (
            [0] => manager
            [1] => customer
            [2] => user
            [3] => not_verified
            [4] => need-confirm
            [5] => director
        )

    [role__not_in] => Array
        (
        )

    [fields] => Array
        (
            [0] => ID
            [1] => user_login
            [2] => display_name
        )

)

query_args: Array
(
    [blog_id] => 1
    [include] => 
    [exclude] => 
    [orderby] => display_name
    [order] => ASC
    [who] => 
    [role] => 
    [role__in] => Array
        (
            [0] => manager
            [1] => customer
            [2] => user
            [3] => not_verified
            [4] => need-confirm
            [5] => director
        )

    [role__not_in] => Array
        (
        )

    [fields] => Array
        (
            [0] => ID
            [1] => user_login
            [2] => display_name
        )

    [meta_key] => client_num
)

query_args: Array
(
    [blog_id] => 1
    [include] => 
    [exclude] => 
    [orderby] => display_name
    [order] => ASC
    [who] => 
    [role] => 
    [role__in] => Array
        (
            [0] => manager
            [1] => customer
            [2] => user
            [3] => not_verified
            [4] => need-confirm
            [5] => director
        )

    [role__not_in] => Array
        (
        )

    [fields] => Array
        (
            [0] => ID
            [1] => user_login
            [2] => display_name
        )

    [meta_key] => client_num
)

query_args: Array
(
    [blog_id] => 1
    [include] => 
    [exclude] => 
    [orderby] => display_name
    [order] => ASC
    [who] => 
    [role] => 
    [role__in] => Array
        (
            [0] => manager
            [1] => customer
            [2] => user
            [3] => not_verified
            [4] => need-confirm
            [5] => director
        )

    [role__not_in] => Array
        (
        )

    [fields] => Array
        (
            [0] => ID
            [1] => user_login
            [2] => display_name
        )

    [meta_key] => client_num
)

query_args: Array
(
    [blog_id] => 1
    [include] => 
    [exclude] => 
    [orderby] => display_name
    [order] => ASC
    [who] => 
    [role] => 
    [role__in] => Array
        (
            [0] => manager
            [1] => customer
            [2] => user
            [3] => not_verified
            [4] => need-confirm
            [5] => director
        )

    [role__not_in] => Array
        (
        )

    [fields] => Array
        (
            [0] => ID
            [1] => user_login
            [2] => client_num
        )

    [meta_key] => client_num
)

query_args: Array
(
    [blog_id] => 1
    [include] => 
    [exclude] => 
    [orderby] => display_name
    [order] => ASC
    [who] => 
    [role] => 
    [role__in] => Array
        (
            [0] => manager
            [1] => customer
            [2] => user
            [3] => not_verified
            [4] => need-confirm
            [5] => director
        )

    [role__not_in] => Array
        (
        )

    [fields] => Array
        (
            [0] => ID
            [1] => user_login
            [2] => display_name
        )

    [meta_key] => client_num
    [meta_value] => 
    [meta_compare] => EXISTS
)

query_args: Array
(
    [blog_id] => 1
    [include] => 
    [exclude] => 
    [orderby] => display_name
    [order] => ASC
    [who] => 
    [role] => 
    [role__in] => Array
        (
            [0] => manager
            [1] => customer
            [2] => user
            [3] => not_verified
            [4] => need-confirm
            [5] => director
        )

    [role__not_in] => Array
        (
        )

    [fields] => Array
        (
            [0] => ID
            [1] => user_login
            [2] => client_num
        )

    [meta_key] => client_num
    [meta_value] => 
    [meta_compare] => EXISTS
)

