email: cosmith0816@yahoo.com; text: 
    <p>Вы или кто то другой зарегистрировались на сайте "МПК СЛАВИЯ" со следующими данными:</p>
    <p>Логин: layla shannon</p>
    <p>Пароль: layla shannon</p><p>Если это были вы, то подтвердите свою регистрацию перейдя по ссылке ниже:</p>
        <p><a href="http://vnuk2.ev88.fvds.ru/profile/?rcl-confirmdata=WyJsYXlsYSBzaGFubm9uIiwiYzQ1MTQ3ZGVlNzI5MzExZWY1YjVjMzAwMzk0NmM0OGYiXQ%3D%3D">http://vnuk2.ev88.fvds.ru/profile/?rcl-confirmdata=WyJsYXlsYSBzaGFubm9uIiwiYzQ1MTQ3ZGVlNzI5MzExZWY1YjVjMzAwMzk0NmM0OGYiXQ%3D%3D</a></p>
        <p>Не получается активировать аккаунт?</p>
        <p>Скопируйте текст ссылки ниже, вставьте его в адресную строку браузера и нажмите Enter</p><p>Если это были не вы, то просто проигнорируйте это письмо</p><p><small>-----------------------------------------------------<br/>
    Это сообщение было сформировано автоматически, не надо отвечать на него.<br/>
    "МПК СЛАВИЯ"</small></p>; headers: From: МПК СЛАВИЯ <cms.pkslav@gmail.com>
Reply-To: МПК СЛАВИЯ <cms.pkslav@gmail.com>
Return-Path: МПК СЛАВИЯ <cms.pkslav@gmail.com>

personal_deposit
new currency: 10
row selector: 
new currency: 
asset_name: Цифровые единицы
asset_name: Сталь
asset_name: RUB
asset_name: нефть
asset_name: Блоки Bonolit d500
asset_name: Bitcoin
asset_name: Бетон-м450_м³
asset_name: SLAV
asset_name: Prizm
asset_name: Etherium
row selector: 
new currency: 
asset_name: Цифровые единицы
asset_name: Сталь
row selector: Array
new currency: 3
