stdClass Object
(
    [status] => stdClass Object
        (
            [timestamp] => 2020-01-16T06:08:47.480Z
            [error_code] => 0
            [error_message] => 
            [elapsed] => 14
            [credit_count] => 1
            [notice] => 
        )

    [data] => stdClass Object
        (
            [id] => 1681
            [symbol] => PZM
            [name] => PRIZM
            [amount] => 1
            [last_updated] => 2020-01-16T06:08:02.000Z
            [quote] => stdClass Object
                (
                    [RUB] => stdClass Object
                        (
                            [price] => 15.113023770763
                            [last_updated] => 2020-01-16T06:08:01.000Z
                        )

                )

        )

)

stdClass Object
(
    [status] => stdClass Object
        (
            [timestamp] => 2020-01-16T06:28:23.300Z
            [error_code] => 0
            [error_message] => 
            [elapsed] => 32
            [credit_count] => 1
            [notice] => 
        )

    [data] => stdClass Object
        (
            [id] => 1681
            [symbol] => PZM
            [name] => PRIZM
            [amount] => 1
            [last_updated] => 2020-01-16T06:27:03.000Z
            [quote] => stdClass Object
                (
                    [RUB] => stdClass Object
                        (
                            [price] => 15.300679761068
                            [last_updated] => 2020-01-16T06:27:03.000Z
                        )

                )

        )

)

stdClass Object
(
    [status] => stdClass Object
        (
            [timestamp] => 2020-01-16T06:28:59.524Z
            [error_code] => 0
            [error_message] => 
            [elapsed] => 14
            [credit_count] => 1
            [notice] => 
        )

    [data] => stdClass Object
        (
            [id] => 1681
            [symbol] => PZM
            [name] => PRIZM
            [amount] => 1
            [last_updated] => 2020-01-16T06:28:03.000Z
            [quote] => stdClass Object
                (
                    [RUB] => stdClass Object
                        (
                            [price] => 15.287349710463
                            [last_updated] => 2020-01-16T06:28:02.000Z
                        )

                )

        )

)

stdClass Object
(
    [status] => stdClass Object
        (
            [timestamp] => 2020-01-16T06:29:42.100Z
            [error_code] => 0
            [error_message] => 
            [elapsed] => 15
            [credit_count] => 1
            [notice] => 
        )

    [data] => stdClass Object
        (
            [id] => 1681
            [symbol] => PZM
            [name] => PRIZM
            [amount] => 1
            [last_updated] => 2020-01-16T06:29:03.000Z
            [quote] => stdClass Object
                (
                    [RUB] => stdClass Object
                        (
                            [price] => 15.272620282641
                            [last_updated] => 2020-01-16T06:29:03.000Z
                        )

                )

        )

)

stdClass Object
(
    [status] => stdClass Object
        (
            [timestamp] => 2020-01-16T06:31:51.674Z
            [error_code] => 0
            [error_message] => 
            [elapsed] => 17
            [credit_count] => 1
            [notice] => 
        )

    [data] => stdClass Object
        (
            [id] => 1681
            [symbol] => PZM
            [name] => PRIZM
            [amount] => 1
            [last_updated] => 2020-01-16T06:31:03.000Z
            [quote] => stdClass Object
                (
                    [RUB] => stdClass Object
                        (
                            [price] => 15.308017619823
                            [last_updated] => 2020-01-16T06:31:01.000Z
                        )

                )

        )

)

stdClass Object
(
    [status] => stdClass Object
        (
            [timestamp] => 2020-01-16T06:31:57.580Z
            [error_code] => 0
            [error_message] => 
            [elapsed] => 13
            [credit_count] => 1
            [notice] => 
        )

    [data] => stdClass Object
        (
            [id] => 1681
            [symbol] => PZM
            [name] => PRIZM
            [amount] => 1
            [last_updated] => 2020-01-16T06:31:03.000Z
            [quote] => stdClass Object
                (
                    [RUB] => stdClass Object
                        (
                            [price] => 15.308017619823
                            [last_updated] => 2020-01-16T06:31:01.000Z
                        )

                )

        )

)

stdClass Object
(
    [status] => stdClass Object
        (
            [timestamp] => 2020-01-16T06:32:30.557Z
            [error_code] => 0
            [error_message] => 
            [elapsed] => 12
            [credit_count] => 1
            [notice] => 
        )

    [data] => stdClass Object
        (
            [id] => 1681
            [symbol] => PZM
            [name] => PRIZM
            [amount] => 1
            [last_updated] => 2020-01-16T06:31:03.000Z
            [quote] => stdClass Object
                (
                    [RUB] => stdClass Object
                        (
                            [price] => 15.308017619823
                            [last_updated] => 2020-01-16T06:31:01.000Z
                        )

                )

        )

)

stdClass Object
(
    [status] => stdClass Object
        (
            [timestamp] => 2020-01-16T06:33:37.261Z
            [error_code] => 0
            [error_message] => 
            [elapsed] => 12
            [credit_count] => 1
            [notice] => 
        )

    [data] => stdClass Object
        (
            [id] => 1681
            [symbol] => PZM
            [name] => PRIZM
            [amount] => 1
            [last_updated] => 2020-01-16T06:33:03.000Z
            [quote] => stdClass Object
                (
                    [RUB] => stdClass Object
                        (
                            [price] => 15.298354186978
                            [last_updated] => 2020-01-16T06:33:02.000Z
                        )

                )

        )

)

stdClass Object
(
    [status] => stdClass Object
        (
            [timestamp] => 2020-01-16T06:33:57.107Z
            [error_code] => 0
            [error_message] => 
            [elapsed] => 14
            [credit_count] => 1
            [notice] => 
        )

    [data] => stdClass Object
        (
            [id] => 1681
            [symbol] => PZM
            [name] => PRIZM
            [amount] => 1
            [last_updated] => 2020-01-16T06:33:03.000Z
            [quote] => stdClass Object
                (
                    [RUB] => stdClass Object
                        (
                            [price] => 15.298354186978
                            [last_updated] => 2020-01-16T06:33:02.000Z
                        )

                )

        )

)

stdClass Object
(
    [status] => stdClass Object
        (
            [timestamp] => 2020-01-16T06:34:08.040Z
            [error_code] => 0
            [error_message] => 
            [elapsed] => 14
            [credit_count] => 1
            [notice] => 
        )

    [data] => stdClass Object
        (
            [id] => 1681
            [symbol] => PZM
            [name] => PRIZM
            [amount] => 1
            [last_updated] => 2020-01-16T06:33:03.000Z
            [quote] => stdClass Object
                (
                    [RUB] => stdClass Object
                        (
                            [price] => 15.298354186978
                            [last_updated] => 2020-01-16T06:33:02.000Z
                        )

                )

        )

)

stdClass Object
(
    [status] => stdClass Object
        (
            [timestamp] => 2020-01-16T06:34:12.990Z
            [error_code] => 0
            [error_message] => 
            [elapsed] => 12
            [credit_count] => 1
            [notice] => 
        )

    [data] => stdClass Object
        (
            [id] => 1681
            [symbol] => PZM
            [name] => PRIZM
            [amount] => 1
            [last_updated] => 2020-01-16T06:33:03.000Z
            [quote] => stdClass Object
                (
                    [RUB] => stdClass Object
                        (
                            [price] => 15.298354186978
                            [last_updated] => 2020-01-16T06:33:02.000Z
                        )

                )

        )

)

stdClass Object
(
    [status] => stdClass Object
        (
            [timestamp] => 2020-01-16T06:34:23.081Z
            [error_code] => 0
            [error_message] => 
            [elapsed] => 15
            [credit_count] => 1
            [notice] => 
        )

    [data] => stdClass Object
        (
            [id] => 1681
            [symbol] => PZM
            [name] => PRIZM
            [amount] => 1
            [last_updated] => 2020-01-16T06:33:03.000Z
            [quote] => stdClass Object
                (
                    [RUB] => stdClass Object
                        (
                            [price] => 15.298354186978
                            [last_updated] => 2020-01-16T06:33:02.000Z
                        )

                )

        )

)

stdClass Object
(
    [status] => stdClass Object
        (
            [timestamp] => 2020-01-16T06:35:01.881Z
            [error_code] => 0
            [error_message] => 
            [elapsed] => 17
            [credit_count] => 1
            [notice] => 
        )

    [data] => stdClass Object
        (
            [id] => 1681
            [symbol] => PZM
            [name] => PRIZM
            [amount] => 1
            [last_updated] => 2020-01-16T06:34:02.000Z
            [quote] => stdClass Object
                (
                    [RUB] => stdClass Object
                        (
                            [price] => 15.284951314351
                            [last_updated] => 2020-01-16T06:34:02.000Z
                        )

                )

        )

)

stdClass Object
(
    [status] => stdClass Object
        (
            [timestamp] => 2020-01-16T06:35:10.482Z
            [error_code] => 0
            [error_message] => 
            [elapsed] => 15
            [credit_count] => 1
            [notice] => 
        )

    [data] => stdClass Object
        (
            [id] => 1681
            [symbol] => PZM
            [name] => PRIZM
            [amount] => 1
            [last_updated] => 2020-01-16T06:34:02.000Z
            [quote] => stdClass Object
                (
                    [RUB] => stdClass Object
                        (
                            [price] => 15.284951314351
                            [last_updated] => 2020-01-16T06:34:02.000Z
                        )

                )

        )

)

stdClass Object
(
    [status] => stdClass Object
        (
            [timestamp] => 2020-01-16T06:35:13.845Z
            [error_code] => 0
            [error_message] => 
            [elapsed] => 14
            [credit_count] => 1
            [notice] => 
        )

    [data] => stdClass Object
        (
            [id] => 1681
            [symbol] => PZM
            [name] => PRIZM
            [amount] => 1
            [last_updated] => 2020-01-16T06:34:02.000Z
            [quote] => stdClass Object
                (
                    [RUB] => stdClass Object
                        (
                            [price] => 15.284951314351
                            [last_updated] => 2020-01-16T06:34:02.000Z
                        )

                )

        )

)

stdClass Object
(
    [status] => stdClass Object
        (
            [timestamp] => 2020-01-16T06:35:23.051Z
            [error_code] => 0
            [error_message] => 
            [elapsed] => 12
            [credit_count] => 1
            [notice] => 
        )

    [data] => stdClass Object
        (
            [id] => 1681
            [symbol] => PZM
            [name] => PRIZM
            [amount] => 1
            [last_updated] => 2020-01-16T06:34:02.000Z
            [quote] => stdClass Object
                (
                    [RUB] => stdClass Object
                        (
                            [price] => 15.284951314351
                            [last_updated] => 2020-01-16T06:34:02.000Z
                        )

                )

        )

)

stdClass Object
(
    [status] => stdClass Object
        (
            [timestamp] => 2020-01-16T06:36:55.435Z
            [error_code] => 0
            [error_message] => 
            [elapsed] => 9
            [credit_count] => 1
            [notice] => 
        )

    [data] => stdClass Object
        (
            [id] => 1681
            [symbol] => PZM
            [name] => PRIZM
            [amount] => 1
            [last_updated] => 2020-01-16T06:36:03.000Z
            [quote] => stdClass Object
                (
                    [RUB] => stdClass Object
                        (
                            [price] => 15.499245244716
                            [last_updated] => 2020-01-16T06:36:01.000Z
                        )

                )

        )

)

stdClass Object
(
    [status] => stdClass Object
        (
            [timestamp] => 2020-01-16T06:39:04.407Z
            [error_code] => 0
            [error_message] => 
            [elapsed] => 14
            [credit_count] => 1
            [notice] => 
        )

    [data] => stdClass Object
        (
            [id] => 1681
            [symbol] => PZM
            [name] => PRIZM
            [amount] => 1
            [last_updated] => 2020-01-16T06:38:03.000Z
            [quote] => stdClass Object
                (
                    [RUB] => stdClass Object
                        (
                            [price] => 15.428831795134
                            [last_updated] => 2020-01-16T06:38:02.000Z
                        )

                )

        )

)

stdClass Object
(
    [status] => stdClass Object
        (
            [timestamp] => 2020-01-16T06:39:06.645Z
            [error_code] => 0
            [error_message] => 
            [elapsed] => 15
            [credit_count] => 1
            [notice] => 
        )

    [data] => stdClass Object
        (
            [id] => 1681
            [symbol] => PZM
            [name] => PRIZM
            [amount] => 1
            [last_updated] => 2020-01-16T06:38:03.000Z
            [quote] => stdClass Object
                (
                    [RUB] => stdClass Object
                        (
                            [price] => 15.428831795134
                            [last_updated] => 2020-01-16T06:38:02.000Z
                        )

                )

        )

)

stdClass Object
(
    [status] => stdClass Object
        (
            [timestamp] => 2020-01-16T06:39:10.779Z
            [error_code] => 0
            [error_message] => 
            [elapsed] => 12
            [credit_count] => 1
            [notice] => 
        )

    [data] => stdClass Object
        (
            [id] => 1681
            [symbol] => PZM
            [name] => PRIZM
            [amount] => 1
            [last_updated] => 2020-01-16T06:38:03.000Z
            [quote] => stdClass Object
                (
                    [RUB] => stdClass Object
                        (
                            [price] => 15.428831795134
                            [last_updated] => 2020-01-16T06:38:02.000Z
                        )

                )

        )

)

stdClass Object
(
    [status] => stdClass Object
        (
            [timestamp] => 2020-01-16T06:39:12.317Z
            [error_code] => 0
            [error_message] => 
            [elapsed] => 6
            [credit_count] => 1
            [notice] => 
        )

    [data] => stdClass Object
        (
            [id] => 1681
            [symbol] => PZM
            [name] => PRIZM
            [amount] => 1
            [last_updated] => 2020-01-16T06:38:03.000Z
            [quote] => stdClass Object
                (
                    [RUB] => stdClass Object
                        (
                            [price] => 15.428831795134
                            [last_updated] => 2020-01-16T06:38:02.000Z
                        )

                )

        )

)

stdClass Object
(
    [status] => stdClass Object
        (
            [timestamp] => 2020-01-16T06:40:52.381Z
            [error_code] => 0
            [error_message] => 
            [elapsed] => 12
            [credit_count] => 1
            [notice] => 
        )

    [data] => stdClass Object
        (
            [id] => 1681
            [symbol] => PZM
            [name] => PRIZM
            [amount] => 1
            [last_updated] => 2020-01-16T06:40:02.000Z
            [quote] => stdClass Object
                (
                    [RUB] => stdClass Object
                        (
                            [price] => 15.316292850696
                            [last_updated] => 2020-01-16T06:40:03.000Z
                        )

                )

        )

)

stdClass Object
(
    [status] => stdClass Object
        (
            [timestamp] => 2020-01-16T06:42:21.068Z
            [error_code] => 0
            [error_message] => 
            [elapsed] => 9
            [credit_count] => 1
            [notice] => 
        )

    [data] => stdClass Object
        (
            [id] => 1681
            [symbol] => PZM
            [name] => PRIZM
            [amount] => 1
            [last_updated] => 2020-01-16T06:41:02.000Z
            [quote] => stdClass Object
                (
                    [RUB] => stdClass Object
                        (
                            [price] => 15.318335924702
                            [last_updated] => 2020-01-16T06:41:01.000Z
                        )

                )

        )

)

stdClass Object
(
    [status] => stdClass Object
        (
            [timestamp] => 2020-01-16T06:42:28.152Z
            [error_code] => 0
            [error_message] => 
            [elapsed] => 9
            [credit_count] => 1
            [notice] => 
        )

    [data] => stdClass Object
        (
            [id] => 1681
            [symbol] => PZM
            [name] => PRIZM
            [amount] => 1
            [last_updated] => 2020-01-16T06:41:02.000Z
            [quote] => stdClass Object
                (
                    [RUB] => stdClass Object
                        (
                            [price] => 15.318335924702
                            [last_updated] => 2020-01-16T06:41:01.000Z
                        )

                )

        )

)

stdClass Object
(
    [status] => stdClass Object
        (
            [timestamp] => 2020-01-16T06:49:32.366Z
            [error_code] => 0
            [error_message] => 
            [elapsed] => 14
            [credit_count] => 1
            [notice] => 
        )

    [data] => stdClass Object
        (
            [id] => 1681
            [symbol] => PZM
            [name] => PRIZM
            [amount] => 1
            [last_updated] => 2020-01-16T06:49:02.000Z
            [quote] => stdClass Object
                (
                    [RUB] => stdClass Object
                        (
                            [price] => 15.374977239228
                            [last_updated] => 2020-01-16T06:49:04.000Z
                        )

                )

        )

)

stdClass Object
(
    [status] => stdClass Object
        (
            [timestamp] => 2020-01-16T06:56:45.895Z
            [error_code] => 0
            [error_message] => 
            [elapsed] => 14
            [credit_count] => 1
            [notice] => 
        )

    [data] => stdClass Object
        (
            [id] => 1681
            [symbol] => PZM
            [name] => PRIZM
            [amount] => 1
            [last_updated] => 2020-01-16T06:56:03.000Z
            [quote] => stdClass Object
                (
                    [RUB] => stdClass Object
                        (
                            [price] => 15.392936703413
                            [last_updated] => 2020-01-16T06:56:02.000Z
                        )

                )

        )

)

stdClass Object
(
    [status] => stdClass Object
        (
            [timestamp] => 2020-01-16T06:58:09.922Z
            [error_code] => 0
            [error_message] => 
            [elapsed] => 15
            [credit_count] => 1
            [notice] => 
        )

    [data] => stdClass Object
        (
            [id] => 1681
            [symbol] => PZM
            [name] => PRIZM
            [amount] => 1
            [last_updated] => 2020-01-16T06:57:02.000Z
            [quote] => stdClass Object
                (
                    [RUB] => stdClass Object
                        (
                            [price] => 15.417569609802
                            [last_updated] => 2020-01-16T06:57:03.000Z
                        )

                )

        )

)

stdClass Object
(
    [status] => stdClass Object
        (
            [timestamp] => 2020-01-16T06:58:16.707Z
            [error_code] => 0
            [error_message] => 
            [elapsed] => 10
            [credit_count] => 1
            [notice] => 
        )

    [data] => stdClass Object
        (
            [id] => 1681
            [symbol] => PZM
            [name] => PRIZM
            [amount] => 1
            [last_updated] => 2020-01-16T06:57:02.000Z
            [quote] => stdClass Object
                (
                    [RUB] => stdClass Object
                        (
                            [price] => 15.417569609802
                            [last_updated] => 2020-01-16T06:57:03.000Z
                        )

                )

        )

)

stdClass Object
(
    [status] => stdClass Object
        (
            [timestamp] => 2020-01-16T06:59:02.863Z
            [error_code] => 0
            [error_message] => 
            [elapsed] => 13
            [credit_count] => 1
            [notice] => 
        )

    [data] => stdClass Object
        (
            [id] => 1681
            [symbol] => PZM
            [name] => PRIZM
            [amount] => 1
            [last_updated] => 2020-01-16T06:58:02.000Z
            [quote] => stdClass Object
                (
                    [RUB] => stdClass Object
                        (
                            [price] => 15.461199924461
                            [last_updated] => 2020-01-16T06:58:03.000Z
                        )

                )

        )

)

stdClass Object
(
    [status] => stdClass Object
        (
            [timestamp] => 2020-01-16T07:00:18.363Z
            [error_code] => 0
            [error_message] => 
            [elapsed] => 14
            [credit_count] => 1
            [notice] => 
        )

    [data] => stdClass Object
        (
            [id] => 1681
            [symbol] => PZM
            [name] => PRIZM
            [amount] => 1
            [last_updated] => 2020-01-16T06:59:02.000Z
            [quote] => stdClass Object
                (
                    [RUB] => stdClass Object
                        (
                            [price] => 15.463951997216
                            [last_updated] => 2020-01-16T06:59:03.000Z
                        )

                )

        )

)

stdClass Object
(
    [status] => stdClass Object
        (
            [timestamp] => 2020-01-16T07:02:22.414Z
            [error_code] => 0
            [error_message] => 
            [elapsed] => 14
            [credit_count] => 1
            [notice] => 
        )

    [data] => stdClass Object
        (
            [id] => 1681
            [symbol] => PZM
            [name] => PRIZM
            [amount] => 1
            [last_updated] => 2020-01-16T07:01:02.000Z
            [quote] => stdClass Object
                (
                    [RUB] => stdClass Object
                        (
                            [price] => 15.387849511571
                            [last_updated] => 2020-01-16T07:01:04.000Z
                        )

                )

        )

)

stdClass Object
(
    [status] => stdClass Object
        (
            [timestamp] => 2020-01-16T07:02:44.549Z
            [error_code] => 0
            [error_message] => 
            [elapsed] => 16
            [credit_count] => 1
            [notice] => 
        )

    [data] => stdClass Object
        (
            [id] => 1681
            [symbol] => PZM
            [name] => PRIZM
            [amount] => 1
            [last_updated] => 2020-01-16T07:02:03.000Z
            [quote] => stdClass Object
                (
                    [RUB] => stdClass Object
                        (
                            [price] => 15.397329074312
                            [last_updated] => 2020-01-16T07:02:01.000Z
                        )

                )

        )

)

stdClass Object
(
    [status] => stdClass Object
        (
            [timestamp] => 2020-01-16T07:02:52.309Z
            [error_code] => 0
            [error_message] => 
            [elapsed] => 13
            [credit_count] => 1
            [notice] => 
        )

    [data] => stdClass Object
        (
            [id] => 1681
            [symbol] => PZM
            [name] => PRIZM
            [amount] => 1
            [last_updated] => 2020-01-16T07:02:03.000Z
            [quote] => stdClass Object
                (
                    [RUB] => stdClass Object
                        (
                            [price] => 15.397329074312
                            [last_updated] => 2020-01-16T07:02:01.000Z
                        )

                )

        )

)

stdClass Object
(
    [status] => stdClass Object
        (
            [timestamp] => 2020-01-16T07:05:05.834Z
            [error_code] => 0
            [error_message] => 
            [elapsed] => 15
            [credit_count] => 1
            [notice] => 
        )

    [data] => stdClass Object
        (
            [id] => 1681
            [symbol] => PZM
            [name] => PRIZM
            [amount] => 1
            [last_updated] => 2020-01-16T07:04:03.000Z
            [quote] => stdClass Object
                (
                    [RUB] => stdClass Object
                        (
                            [price] => 15.412865539953
                            [last_updated] => 2020-01-16T07:04:01.000Z
                        )

                )

        )

)

stdClass Object
(
    [status] => stdClass Object
        (
            [timestamp] => 2020-01-16T07:07:44.445Z
            [error_code] => 0
            [error_message] => 
            [elapsed] => 13
            [credit_count] => 1
            [notice] => 
        )

    [data] => stdClass Object
        (
            [id] => 1681
            [symbol] => PZM
            [name] => PRIZM
            [amount] => 1
            [last_updated] => 2020-01-16T07:07:03.000Z
            [quote] => stdClass Object
                (
                    [RUB] => stdClass Object
                        (
                            [price] => 15.387859574493
                            [last_updated] => 2020-01-16T07:07:01.000Z
                        )

                )

        )

)

stdClass Object
(
    [status] => stdClass Object
        (
            [timestamp] => 2020-01-16T07:08:02.570Z
            [error_code] => 0
            [error_message] => 
            [elapsed] => 17
            [credit_count] => 1
            [notice] => 
        )

    [data] => stdClass Object
        (
            [id] => 1681
            [symbol] => PZM
            [name] => PRIZM
            [amount] => 1
            [last_updated] => 2020-01-16T07:07:03.000Z
            [quote] => stdClass Object
                (
                    [RUB] => stdClass Object
                        (
                            [price] => 15.387859574493
                            [last_updated] => 2020-01-16T07:07:01.000Z
                        )

                )

        )

)

stdClass Object
(
    [status] => stdClass Object
        (
            [timestamp] => 2020-01-16T07:09:20.170Z
            [error_code] => 0
            [error_message] => 
            [elapsed] => 15
            [credit_count] => 1
            [notice] => 
        )

    [data] => stdClass Object
        (
            [id] => 1681
            [symbol] => PZM
            [name] => PRIZM
            [amount] => 1
            [last_updated] => 2020-01-16T07:08:02.000Z
            [quote] => stdClass Object
                (
                    [RUB] => stdClass Object
                        (
                            [price] => 15.379756169637
                            [last_updated] => 2020-01-16T07:08:03.000Z
                        )

                )

        )

)

stdClass Object
(
    [status] => stdClass Object
        (
            [timestamp] => 2020-01-16T07:11:49.261Z
            [error_code] => 0
            [error_message] => 
            [elapsed] => 14
            [credit_count] => 1
            [notice] => 
        )

    [data] => stdClass Object
        (
            [id] => 1681
            [symbol] => PZM
            [name] => PRIZM
            [amount] => 1
            [last_updated] => 2020-01-16T07:11:04.000Z
            [quote] => stdClass Object
                (
                    [RUB] => stdClass Object
                        (
                            [price] => 15.364285765317
                            [last_updated] => 2020-01-16T07:11:02.000Z
                        )

                )

        )

)

stdClass Object
(
    [status] => stdClass Object
        (
            [timestamp] => 2020-01-16T07:12:01.960Z
            [error_code] => 0
            [error_message] => 
            [elapsed] => 12
            [credit_count] => 1
            [notice] => 
        )

    [data] => stdClass Object
        (
            [id] => 1681
            [symbol] => PZM
            [name] => PRIZM
            [amount] => 1
            [last_updated] => 2020-01-16T07:11:04.000Z
            [quote] => stdClass Object
                (
                    [RUB] => stdClass Object
                        (
                            [price] => 15.364285765317
                            [last_updated] => 2020-01-16T07:11:02.000Z
                        )

                )

        )

)

stdClass Object
(
    [status] => stdClass Object
        (
            [timestamp] => 2020-01-16T07:12:15.727Z
            [error_code] => 0
            [error_message] => 
            [elapsed] => 10
            [credit_count] => 1
            [notice] => 
        )

    [data] => stdClass Object
        (
            [id] => 1681
            [symbol] => PZM
            [name] => PRIZM
            [amount] => 1
            [last_updated] => 2020-01-16T07:11:04.000Z
            [quote] => stdClass Object
                (
                    [RUB] => stdClass Object
                        (
                            [price] => 15.364285765317
                            [last_updated] => 2020-01-16T07:11:02.000Z
                        )

                )

        )

)

stdClass Object
(
    [status] => stdClass Object
        (
            [timestamp] => 2020-01-16T07:12:29.065Z
            [error_code] => 0
            [error_message] => 
            [elapsed] => 14
            [credit_count] => 1
            [notice] => 
        )

    [data] => stdClass Object
        (
            [id] => 1681
            [symbol] => PZM
            [name] => PRIZM
            [amount] => 1
            [last_updated] => 2020-01-16T07:11:04.000Z
            [quote] => stdClass Object
                (
                    [RUB] => stdClass Object
                        (
                            [price] => 15.364285765317
                            [last_updated] => 2020-01-16T07:11:02.000Z
                        )

                )

        )

)

stdClass Object
(
    [status] => stdClass Object
        (
            [timestamp] => 2020-01-16T07:15:30.496Z
            [error_code] => 0
            [error_message] => 
            [elapsed] => 12
            [credit_count] => 1
            [notice] => 
        )

    [data] => stdClass Object
        (
            [id] => 1681
            [symbol] => PZM
            [name] => PRIZM
            [amount] => 1
            [last_updated] => 2020-01-16T07:14:02.000Z
            [quote] => stdClass Object
                (
                    [RUB] => stdClass Object
                        (
                            [price] => 15.346973274509
                            [last_updated] => 2020-01-16T07:14:01.000Z
                        )

                )

        )

)

stdClass Object
(
    [status] => stdClass Object
        (
            [timestamp] => 2020-01-16T07:17:35.697Z
            [error_code] => 0
            [error_message] => 
            [elapsed] => 13
            [credit_count] => 1
            [notice] => 
        )

    [data] => stdClass Object
        (
            [id] => 1681
            [symbol] => PZM
            [name] => PRIZM
            [amount] => 1
            [last_updated] => 2020-01-16T07:17:02.000Z
            [quote] => stdClass Object
                (
                    [RUB] => stdClass Object
                        (
                            [price] => 15.345818550827
                            [last_updated] => 2020-01-16T07:17:01.000Z
                        )

                )

        )

)

stdClass Object
(
    [status] => stdClass Object
        (
            [timestamp] => 2020-01-16T07:22:28.025Z
            [error_code] => 0
            [error_message] => 
            [elapsed] => 15
            [credit_count] => 1
            [notice] => 
        )

    [data] => stdClass Object
        (
            [id] => 1681
            [symbol] => PZM
            [name] => PRIZM
            [amount] => 1
            [last_updated] => 2020-01-16T07:21:02.000Z
            [quote] => stdClass Object
                (
                    [RUB] => stdClass Object
                        (
                            [price] => 15.341528581462
                            [last_updated] => 2020-01-16T07:21:03.000Z
                        )

                )

        )

)

stdClass Object
(
    [status] => stdClass Object
        (
            [timestamp] => 2020-01-16T07:27:28.119Z
            [error_code] => 0
            [error_message] => 
            [elapsed] => 7
            [credit_count] => 1
            [notice] => 
        )

    [data] => stdClass Object
        (
            [id] => 1681
            [symbol] => PZM
            [name] => PRIZM
            [amount] => 1
            [last_updated] => 2020-01-16T07:26:03.000Z
            [quote] => stdClass Object
                (
                    [RUB] => stdClass Object
                        (
                            [price] => 15.3361055687
                            [last_updated] => 2020-01-16T07:26:02.000Z
                        )

                )

        )

)

stdClass Object
(
    [status] => stdClass Object
        (
            [timestamp] => 2020-01-16T07:29:08.578Z
            [error_code] => 0
            [error_message] => 
            [elapsed] => 15
            [credit_count] => 1
            [notice] => 
        )

    [data] => stdClass Object
        (
            [id] => 1681
            [symbol] => PZM
            [name] => PRIZM
            [amount] => 1
            [last_updated] => 2020-01-16T07:28:03.000Z
            [quote] => stdClass Object
                (
                    [RUB] => stdClass Object
                        (
                            [price] => 15.300009139128
                            [last_updated] => 2020-01-16T07:28:01.000Z
                        )

                )

        )

)

stdClass Object
(
    [status] => stdClass Object
        (
            [timestamp] => 2020-01-16T11:02:19.393Z
            [error_code] => 0
            [error_message] => 
            [elapsed] => 14
            [credit_count] => 1
            [notice] => 
        )

    [data] => stdClass Object
        (
            [id] => 1681
            [symbol] => PZM
            [name] => PRIZM
            [amount] => 1
            [last_updated] => 2020-01-16T11:01:06.000Z
            [quote] => stdClass Object
                (
                    [RUB] => stdClass Object
                        (
                            [price] => 15.425916741228
                            [last_updated] => 2020-01-16T11:01:03.000Z
                        )

                )

        )

)

stdClass Object
(
    [status] => stdClass Object
        (
            [timestamp] => 2020-01-16T11:17:40.528Z
            [error_code] => 0
            [error_message] => 
            [elapsed] => 15
            [credit_count] => 1
            [notice] => 
        )

    [data] => stdClass Object
        (
            [id] => 1681
            [symbol] => PZM
            [name] => PRIZM
            [amount] => 1
            [last_updated] => 2020-01-16T11:17:04.000Z
            [quote] => stdClass Object
                (
                    [RUB] => stdClass Object
                        (
                            [price] => 15.481392178088
                            [last_updated] => 2020-01-16T11:17:01.000Z
                        )

                )

        )

)

stdClass Object
(
    [status] => stdClass Object
        (
            [timestamp] => 2020-01-16T11:18:32.748Z
            [error_code] => 0
            [error_message] => 
            [elapsed] => 16
            [credit_count] => 1
            [notice] => 
        )

    [data] => stdClass Object
        (
            [id] => 1681
            [symbol] => PZM
            [name] => PRIZM
            [amount] => 1
            [last_updated] => 2020-01-16T11:18:04.000Z
            [quote] => stdClass Object
                (
                    [RUB] => stdClass Object
                        (
                            [price] => 15.471343638749
                            [last_updated] => 2020-01-16T11:18:01.000Z
                        )

                )

        )

)

stdClass Object
(
    [status] => stdClass Object
        (
            [timestamp] => 2020-01-16T11:23:29.949Z
            [error_code] => 0
            [error_message] => 
            [elapsed] => 22
            [credit_count] => 1
            [notice] => 
        )

    [data] => stdClass Object
        (
            [id] => 1681
            [symbol] => PZM
            [name] => PRIZM
            [amount] => 1
            [last_updated] => 2020-01-16T11:22:04.000Z
            [quote] => stdClass Object
                (
                    [RUB] => stdClass Object
                        (
                            [price] => 15.464517531365
                            [last_updated] => 2020-01-16T11:22:01.000Z
                        )

                )

        )

)

stdClass Object
(
    [status] => stdClass Object
        (
            [timestamp] => 2020-01-16T11:25:54.770Z
            [error_code] => 0
            [error_message] => 
            [elapsed] => 12
            [credit_count] => 1
            [notice] => 
        )

    [data] => stdClass Object
        (
            [id] => 1681
            [symbol] => PZM
            [name] => PRIZM
            [amount] => 1
            [last_updated] => 2020-01-16T11:25:04.000Z
            [quote] => stdClass Object
                (
                    [RUB] => stdClass Object
                        (
                            [price] => 15.386930828552
                            [last_updated] => 2020-01-16T11:25:02.000Z
                        )

                )

        )

)

stdClass Object
(
    [status] => stdClass Object
        (
            [timestamp] => 2020-01-16T11:27:06.011Z
            [error_code] => 0
            [error_message] => 
            [elapsed] => 7
            [credit_count] => 1
            [notice] => 
        )

    [data] => stdClass Object
        (
            [id] => 1681
            [symbol] => PZM
            [name] => PRIZM
            [amount] => 1
            [last_updated] => 2020-01-16T11:26:03.000Z
            [quote] => stdClass Object
                (
                    [RUB] => stdClass Object
                        (
                            [price] => 15.277726626792
                            [last_updated] => 2020-01-16T11:26:01.000Z
                        )

                )

        )

)

stdClass Object
(
    [status] => stdClass Object
        (
            [timestamp] => 2020-01-16T11:32:59.916Z
            [error_code] => 0
            [error_message] => 
            [elapsed] => 12
            [credit_count] => 1
            [notice] => 
        )

    [data] => stdClass Object
        (
            [id] => 1681
            [symbol] => PZM
            [name] => PRIZM
            [amount] => 1
            [last_updated] => 2020-01-16T11:32:05.000Z
            [quote] => stdClass Object
                (
                    [RUB] => stdClass Object
                        (
                            [price] => 15.112690541841
                            [last_updated] => 2020-01-16T11:32:02.000Z
                        )

                )

        )

)

stdClass Object
(
    [status] => stdClass Object
        (
            [timestamp] => 2020-01-16T11:33:20.158Z
            [error_code] => 0
            [error_message] => 
            [elapsed] => 16
            [credit_count] => 1
            [notice] => 
        )

    [data] => stdClass Object
        (
            [id] => 1681
            [symbol] => PZM
            [name] => PRIZM
            [amount] => 1
            [last_updated] => 2020-01-16T11:32:05.000Z
            [quote] => stdClass Object
                (
                    [RUB] => stdClass Object
                        (
                            [price] => 15.112690541841
                            [last_updated] => 2020-01-16T11:32:02.000Z
                        )

                )

        )

)

stdClass Object
(
    [status] => stdClass Object
        (
            [timestamp] => 2020-01-16T11:35:48.670Z
            [error_code] => 0
            [error_message] => 
            [elapsed] => 16
            [credit_count] => 1
            [notice] => 
        )

    [data] => stdClass Object
        (
            [id] => 1681
            [symbol] => PZM
            [name] => PRIZM
            [amount] => 1
            [last_updated] => 2020-01-16T11:35:05.000Z
            [quote] => stdClass Object
                (
                    [RUB] => stdClass Object
                        (
                            [price] => 15.174501141818
                            [last_updated] => 2020-01-16T11:35:02.000Z
                        )

                )

        )

)

stdClass Object
(
    [status] => stdClass Object
        (
            [timestamp] => 2020-01-16T11:36:15.330Z
            [error_code] => 0
            [error_message] => 
            [elapsed] => 17
            [credit_count] => 1
            [notice] => 
        )

    [data] => stdClass Object
        (
            [id] => 1681
            [symbol] => PZM
            [name] => PRIZM
            [amount] => 1
            [last_updated] => 2020-01-16T11:35:05.000Z
            [quote] => stdClass Object
                (
                    [RUB] => stdClass Object
                        (
                            [price] => 15.174501141818
                            [last_updated] => 2020-01-16T11:35:02.000Z
                        )

                )

        )

)

stdClass Object
(
    [status] => stdClass Object
        (
            [timestamp] => 2020-01-16T11:36:29.594Z
            [error_code] => 0
            [error_message] => 
            [elapsed] => 13
            [credit_count] => 1
            [notice] => 
        )

    [data] => stdClass Object
        (
            [id] => 1681
            [symbol] => PZM
            [name] => PRIZM
            [amount] => 1
            [last_updated] => 2020-01-16T11:35:05.000Z
            [quote] => stdClass Object
                (
                    [RUB] => stdClass Object
                        (
                            [price] => 15.174501141818
                            [last_updated] => 2020-01-16T11:35:02.000Z
                        )

                )

        )

)

stdClass Object
(
    [status] => stdClass Object
        (
            [timestamp] => 2020-01-16T11:42:57.191Z
            [error_code] => 0
            [error_message] => 
            [elapsed] => 16
            [credit_count] => 1
            [notice] => 
        )

    [data] => stdClass Object
        (
            [id] => 1681
            [symbol] => PZM
            [name] => PRIZM
            [amount] => 1
            [last_updated] => 2020-01-16T11:42:03.000Z
            [quote] => stdClass Object
                (
                    [RUB] => stdClass Object
                        (
                            [price] => 15.260074411103
                            [last_updated] => 2020-01-16T11:42:01.000Z
                        )

                )

        )

)

stdClass Object
(
    [status] => stdClass Object
        (
            [timestamp] => 2020-01-16T11:44:17.280Z
            [error_code] => 0
            [error_message] => 
            [elapsed] => 13
            [credit_count] => 1
            [notice] => 
        )

    [data] => stdClass Object
        (
            [id] => 1681
            [symbol] => PZM
            [name] => PRIZM
            [amount] => 1
            [last_updated] => 2020-01-16T11:43:04.000Z
            [quote] => stdClass Object
                (
                    [RUB] => stdClass Object
                        (
                            [price] => 15.304012189817
                            [last_updated] => 2020-01-16T11:43:02.000Z
                        )

                )

        )

)

stdClass Object
(
    [status] => stdClass Object
        (
            [timestamp] => 2020-01-16T11:51:28.750Z
            [error_code] => 0
            [error_message] => 
            [elapsed] => 11
            [credit_count] => 1
            [notice] => 
        )

    [data] => stdClass Object
        (
            [id] => 1681
            [symbol] => PZM
            [name] => PRIZM
            [amount] => 1
            [last_updated] => 2020-01-16T11:50:02.000Z
            [quote] => stdClass Object
                (
                    [RUB] => stdClass Object
                        (
                            [price] => 15.208866613161
                            [last_updated] => 2020-01-16T11:50:01.000Z
                        )

                )

        )

)

stdClass Object
(
    [status] => stdClass Object
        (
            [timestamp] => 2020-01-16T11:51:54.511Z
            [error_code] => 0
            [error_message] => 
            [elapsed] => 13
            [credit_count] => 1
            [notice] => 
        )

    [data] => stdClass Object
        (
            [id] => 1681
            [symbol] => PZM
            [name] => PRIZM
            [amount] => 1
            [last_updated] => 2020-01-16T11:51:04.000Z
            [quote] => stdClass Object
                (
                    [RUB] => stdClass Object
                        (
                            [price] => 15.219345672171
                            [last_updated] => 2020-01-16T11:51:01.000Z
                        )

                )

        )

)

