email: dan-kulyomin@yandex.ru; text: <p>Здравствуйте, Денис Сергеевич Кулёмин. К сожалению, ваш запрос на верификацию был отклонен. Вы можете попробовать отправить новый запрос на верификацию в любой момент, либо связаться с нашим менеджером с помощью контактных данных, указанных на сайте vnuk2.ev88.fvds.ru.</p><p><small>-----------------------------------------------------<br/>
    Это сообщение было сформировано автоматически, не надо отвечать на него.<br/>
    "МПК СЛАВИЯ"</small></p>; headers: From: МПК СЛАВИЯ <cms.pkslav@gmail.com>
Reply-To: МПК СЛАВИЯ <cms.pkslav@gmail.com>
Return-Path: МПК СЛАВИЯ <cms.pkslav@gmail.com>

email: 3804590@mail.ru; text: 
    <p>Вы или кто то другой зарегистрировались на сайте "МПК СЛАВИЯ" со следующими данными:</p>
    <p>Логин: Robot13</p>
    <p>Пароль: 13153robot</p><p>Если это были вы, то подтвердите свою регистрацию перейдя по ссылке ниже:</p>
        <p><a href="http://vnuk2.ev88.fvds.ru/profile/?rcl-confirmdata=WyJSb2JvdDEzIiwiMjcyM2QwOTJiNjM4ODVlMGQ3YzI2MGNjMDA3ZThiOWQiXQ%3D%3D">http://vnuk2.ev88.fvds.ru/profile/?rcl-confirmdata=WyJSb2JvdDEzIiwiMjcyM2QwOTJiNjM4ODVlMGQ3YzI2MGNjMDA3ZThiOWQiXQ%3D%3D</a></p>
        <p>Не получается активировать аккаунт?</p>
        <p>Скопируйте текст ссылки ниже, вставьте его в адресную строку браузера и нажмите Enter</p><p>Если это были не вы, то просто проигнорируйте это письмо</p><p><small>-----------------------------------------------------<br/>
    Это сообщение было сформировано автоматически, не надо отвечать на него.<br/>
    "МПК СЛАВИЯ"</small></p>; headers: From: МПК СЛАВИЯ <cms.pkslav@gmail.com>
Reply-To: МПК СЛАВИЯ <cms.pkslav@gmail.com>
Return-Path: МПК СЛАВИЯ <cms.pkslav@gmail.com>

email: noepinephrine@gmail.com; text: <p>Здравствуйте, джо Джо джо. К сожалению, ваш запрос на верификацию был отклонен. Вы можете попробовать отправить новый запрос на верификацию в любой момент, либо связаться с нашим менеджером с помощью контактных данных, указанных на сайте vnuk2.ev88.fvds.ru.</p><p><small>-----------------------------------------------------<br/>
    Это сообщение было сформировано автоматически, не надо отвечать на него.<br/>
    "МПК СЛАВИЯ"</small></p>; headers: From: МПК СЛАВИЯ <cms.pkslav@gmail.com>
Reply-To: МПК СЛАВИЯ <cms.pkslav@gmail.com>
Return-Path: МПК СЛАВИЯ <cms.pkslav@gmail.com>

email: 3804590@mail.ru; text: <p>Ваш профиль был успешно верифицирован и теперь вы сможете совершать операции по обмену.</p><p>Перейдите на сайт vnuk2.ev88.fvds.ru, чтобы начать совершать операции.</p><p><small>-----------------------------------------------------<br/>
    Это сообщение было сформировано автоматически, не надо отвечать на него.<br/>
    "МПК СЛАВИЯ"</small></p>; headers: From: МПК СЛАВИЯ <cms.pkslav@gmail.com>
Reply-To: МПК СЛАВИЯ <cms.pkslav@gmail.com>
Return-Path: МПК СЛАВИЯ <cms.pkslav@gmail.com>

