email: leahseilhan24@icloud.com; text: 
    <p>Вы или кто то другой зарегистрировались на сайте "МПК СЛАВИЯ" со следующими данными:</p>
    <p>Логин: jerry elliott</p>
    <p>Пароль: jerry elliott</p><p>Если это были вы, то подтвердите свою регистрацию перейдя по ссылке ниже:</p>
        <p><a href="http://vnuk2.ev88.fvds.ru/profile/?rcl-confirmdata=WyJqZXJyeSBlbGxpb3R0IiwiMDY5MDU5YjdlZjg0MGYwYzc0YTgxNGVjOTIzN2I2ZWMiXQ%3D%3D">http://vnuk2.ev88.fvds.ru/profile/?rcl-confirmdata=WyJqZXJyeSBlbGxpb3R0IiwiMDY5MDU5YjdlZjg0MGYwYzc0YTgxNGVjOTIzN2I2ZWMiXQ%3D%3D</a></p>
        <p>Не получается активировать аккаунт?</p>
        <p>Скопируйте текст ссылки ниже, вставьте его в адресную строку браузера и нажмите Enter</p><p>Если это были не вы, то просто проигнорируйте это письмо</p><p><small>-----------------------------------------------------<br/>
    Это сообщение было сформировано автоматически, не надо отвечать на него.<br/>
    "МПК СЛАВИЯ"</small></p>; headers: From: МПК СЛАВИЯ <cms.pkslav@gmail.com>
Reply-To: МПК СЛАВИЯ <cms.pkslav@gmail.com>
Return-Path: МПК СЛАВИЯ <cms.pkslav@gmail.com>

email: aattridge@ymail.com; text: 
    <p>Вы или кто то другой зарегистрировались на сайте "МПК СЛАВИЯ" со следующими данными:</p>
    <p>Логин: julianne mcdaniel</p>
    <p>Пароль: julianne mcdaniel</p><p>Если это были вы, то подтвердите свою регистрацию перейдя по ссылке ниже:</p>
        <p><a href="http://vnuk2.ev88.fvds.ru/profile/?rcl-confirmdata=WyJqdWxpYW5uZSBtY2RhbmllbCIsImVjNWRlY2NhNWVkM2Q2YjgwNzllMmU3ZTdiYWNjOWYyIl0%3D">http://vnuk2.ev88.fvds.ru/profile/?rcl-confirmdata=WyJqdWxpYW5uZSBtY2RhbmllbCIsImVjNWRlY2NhNWVkM2Q2YjgwNzllMmU3ZTdiYWNjOWYyIl0%3D</a></p>
        <p>Не получается активировать аккаунт?</p>
        <p>Скопируйте текст ссылки ниже, вставьте его в адресную строку браузера и нажмите Enter</p><p>Если это были не вы, то просто проигнорируйте это письмо</p><p><small>-----------------------------------------------------<br/>
    Это сообщение было сформировано автоматически, не надо отвечать на него.<br/>
    "МПК СЛАВИЯ"</small></p>; headers: From: МПК СЛАВИЯ <cms.pkslav@gmail.com>
Reply-To: МПК СЛАВИЯ <cms.pkslav@gmail.com>
Return-Path: МПК СЛАВИЯ <cms.pkslav@gmail.com>

email: oscarbethen@gmail.com; text: 
    <p>Вы или кто то другой зарегистрировались на сайте "МПК СЛАВИЯ" со следующими данными:</p>
    <p>Логин: riya mcdaniel</p>
    <p>Пароль: riya mcdaniel</p><p>Если это были вы, то подтвердите свою регистрацию перейдя по ссылке ниже:</p>
        <p><a href="http://vnuk2.ev88.fvds.ru/profile/?rcl-confirmdata=WyJyaXlhIG1jZGFuaWVsIiwiNzZkYzYxMWQ2ZWJhYWZjNjZjYzA4NzljNzFiNWRiNWMiXQ%3D%3D">http://vnuk2.ev88.fvds.ru/profile/?rcl-confirmdata=WyJyaXlhIG1jZGFuaWVsIiwiNzZkYzYxMWQ2ZWJhYWZjNjZjYzA4NzljNzFiNWRiNWMiXQ%3D%3D</a></p>
        <p>Не получается активировать аккаунт?</p>
        <p>Скопируйте текст ссылки ниже, вставьте его в адресную строку браузера и нажмите Enter</p><p>Если это были не вы, то просто проигнорируйте это письмо</p><p><small>-----------------------------------------------------<br/>
    Это сообщение было сформировано автоматически, не надо отвечать на него.<br/>
    "МПК СЛАВИЯ"</small></p>; headers: From: МПК СЛАВИЯ <cms.pkslav@gmail.com>
Reply-To: МПК СЛАВИЯ <cms.pkslav@gmail.com>
Return-Path: МПК СЛАВИЯ <cms.pkslav@gmail.com>

stats: Array
(
    [6] => Array
        (
            [PRIZM] => Array
                (
                    [input_sum] => 270.1
                    [output_sum] => 24.68
                    [exchange_num] => 53
                )

            [RUB] => Array
                (
                    [input_sum] => 699
                    [output_sum] => 3481.29
                    [exchange_num] => 15
                )

            [SLAV] => Array
                (
                    [input_sum] => 5
                    [output_sum] => 0.66
                    [exchange_num] => 1
                )

        )

    [7] => Array
        (
            [PRIZM] => Array
                (
                    [input_sum] => 12
                    [output_sum] => 2.55
                    [exchange_num] => 3
                )

            [RUB] => Array
                (
                    [input_sum] => 100
                    [output_sum] => 116.45
                    [exchange_num] => 2
                )

            [WAVES] => Array
                (
                    [input_sum] => 0
                    [output_sum] => 0.63
                    [exchange_num] => 0
                )

        )

    [22] => Array
        (
            [PRIZM] => Array
                (
                    [input_sum] => 10
                    [output_sum] => 5.7
                    [exchange_num] => 2
                )

            [RUB] => Array
                (
                    [input_sum] => 100
                    [output_sum] => 101.22
                    [exchange_num] => 1
                )

        )

    [21] => Array
        (
            [RUB] => Array
                (
                    [input_sum] => 100
                    [output_sum] => 52.36
                    [exchange_num] => 2
                )

            [PRIZM] => Array
                (
                    [input_sum] => 5
                    [output_sum] => 4.68
                    [exchange_num] => 1
                )

        )

    [25] => Array
        (
            [PRIZM] => Array
                (
                    [input_sum] => 5
                    [output_sum] => 0
                    [exchange_num] => 1
                )

            [RUB] => Array
                (
                    [input_sum] => 0
                    [output_sum] => 69.47
                    [exchange_num] => 0
                )

        )

    [51] => Array
        (
            [RUB] => Array
                (
                    [input_sum] => 10
                    [output_sum] => 0
                    [exchange_num] => 1
                )

            [PRIZM] => Array
                (
                    [input_sum] => 0
                    [output_sum] => 0.61
                    [exchange_num] => 0
                )

        )

    [53] => Array
        (
            [SLAV] => Array
                (
                    [input_sum] => 65555
                    [output_sum] => 0
                    [exchange_num] => 2
                )

            [0] => Array
                (
                    [input_sum] => 0
                    [output_sum] => 0
                    [exchange_num] => 0
                )

            [RUB] => Array
                (
                    [input_sum] => 200
                    [output_sum] => 0
                    [exchange_num] => 4
                )

            [Сталь] => Array
                (
                    [input_sum] => 100
                    [output_sum] => 0
                    [exchange_num] => 1
                )

            [Услуга] => Array
                (
                    [input_sum] => 0
                    [output_sum] => 30
                    [exchange_num] => 0
                )

            [Бетон] => Array
                (
                    [input_sum] => 100
                    [output_sum] => 0
                    [exchange_num] => 1
                )

            [нефть Urals 1\"барель\"] => Array
                (
                    [input_sum] => 10000000
                    [output_sum] => 0
                    [exchange_num] => 1
                )

            [Bitcoin] => Array
                (
                    [input_sum] => 0
                    [output_sum] => 2526562.5
                    [exchange_num] => 0
                )

            [\"Бетон-м450\"_[м³]] => Array
                (
                    [input_sum] => 100
                    [output_sum] => 0
                    [exchange_num] => 1
                )

            ["Бетон-м450"_[м³]] => Array
                (
                    [input_sum] => 102050
                    [output_sum] => 0
                    [exchange_num] => 1
                )

            [Золото 1_г.] => Array
                (
                    [input_sum] => 0
                    [output_sum] => 116183.75
                    [exchange_num] => 0
                )

            [Блоки Bonolit d500] => Array
                (
                    [input_sum] => 1000
                    [output_sum] => 0
                    [exchange_num] => 1
                )

            [] => Array
                (
                    [input_sum] => 0
                    [output_sum] => 0
                    [exchange_num] => 0
                )

        )

    [24] => Array
        (
            [Сталь] => Array
                (
                    [input_sum] => 800
                    [output_sum] => 0
                    [exchange_num] => 8
                )

            [Медь] => Array
                (
                    [input_sum] => 0
                    [output_sum] => 26.24
                    [exchange_num] => 0
                )

            [RUB] => Array
                (
                    [input_sum] => 36501
                    [output_sum] => 0
                    [exchange_num] => 3
                )

            [Баня 6,5х5,5 сруб] => Array
                (
                    [input_sum] => 0
                    [output_sum] => 1
                    [exchange_num] => 0
                )

            [] => Array
                (
                    [input_sum] => 0
                    [output_sum] => 0
                    [exchange_num] => 0
                )

            [Бетон-м450_м³] => Array
                (
                    [input_sum] => 400000
                    [output_sum] => 0
                    [exchange_num] => 4
                )

            [Блоки Bonolit d500] => Array
                (
                    [input_sum] => 55555
                    [output_sum] => 0
                    [exchange_num] => 1
                )

        )

    [63] => Array
        (
            [PRIZM] => Array
                (
                    [input_sum] => 72
                    [output_sum] => 0
                    [exchange_num] => 6
                )

            [RUB] => Array
                (
                    [input_sum] => 0
                    [output_sum] => 145.9
                    [exchange_num] => 0
                )

            [Плутоний] => Array
                (
                    [input_sum] => 21
                    [output_sum] => 0
                    [exchange_num] => 4
                )

            [0] => Array
                (
                    [input_sum] => 0
                    [output_sum] => 0
                    [exchange_num] => 0
                )

            [Сталь] => Array
                (
                    [input_sum] => 32
                    [output_sum] => 0
                    [exchange_num] => 5
                )

            [Медь] => Array
                (
                    [input_sum] => 0
                    [output_sum] => 178.09
                    [exchange_num] => 0
                )

            [Золото] => Array
                (
                    [input_sum] => 0
                    [output_sum] => 0.45
                    [exchange_num] => 0
                )

            [Нефть] => Array
                (
                    [input_sum] => 70
                    [output_sum] => 0
                    [exchange_num] => 14
                )

            [BTC] => Array
                (
                    [input_sum] => 20
                    [output_sum] => 0
                    [exchange_num] => 4
                )

            [Серебро] => Array
                (
                    [input_sum] => 0
                    [output_sum] => 83.65
                    [exchange_num] => 0
                )

            [Блоки Bonolit D500] => Array
                (
                    [input_sum] => 0
                    [output_sum] => 15.34
                    [exchange_num] => 0
                )

            [Космическая станция \"Яркий\" класса \"Планетарный Потрошитель\" К/С. \"Яркий\" 559-889-222/77] => Array
                (
                    [input_sum] => 5
                    [output_sum] => 0
                    [exchange_num] => 1
                )

            [Блоки Bonolit d500] => Array
                (
                    [input_sum] => 30
                    [output_sum] => 0
                    [exchange_num] => 6
                )

            [SLAV] => Array
                (
                    [input_sum] => 20
                    [output_sum] => 0
                    [exchange_num] => 4
                )

            [Бетон] => Array
                (
                    [input_sum] => 5
                    [output_sum] => 0
                    [exchange_num] => 1
                )

            [нефть Urals 1"барель"] => Array
                (
                    [input_sum] => 105
                    [output_sum] => 0
                    [exchange_num] => 2
                )

            [Bitcoin] => Array
                (
                    [input_sum] => 0
                    [output_sum] => 1.26
                    [exchange_num] => 0
                )

            [] => Array
                (
                    [input_sum] => 0
                    [output_sum] => 0
                    [exchange_num] => 0
                )

        )

    [76] => Array
        (
            [SLAV] => Array
                (
                    [input_sum] => 121
                    [output_sum] => 0
                    [exchange_num] => 11
                )

            [RUB] => Array
                (
                    [input_sum] => 0
                    [output_sum] => 569.96
                    [exchange_num] => 0
                )

            [PRIZM] => Array
                (
                    [input_sum] => 198
                    [output_sum] => 0
                    [exchange_num] => 12
                )

            [Космическая станция \"Яркий\" класса \"Планетарный Потрошитель\" К/С. \"Яркий\" 559-889-222/77] => Array
                (
                    [input_sum] => 1.1
                    [output_sum] => 0
                    [exchange_num] => 2
                )

            [Услуга] => Array
                (
                    [input_sum] => 0
                    [output_sum] => 113977846.28
                    [exchange_num] => 0
                )

            [Серебро] => Array
                (
                    [input_sum] => 0
                    [output_sum] => 1071220359.78
                    [exchange_num] => 0
                )

            [Блоки Bonolit d500] => Array
                (
                    [input_sum] => 24
                    [output_sum] => 0
                    [exchange_num] => 2
                )

            [Золото] => Array
                (
                    [input_sum] => 0
                    [output_sum] => 71.68
                    [exchange_num] => 0
                )

            [Нефть] => Array
                (
                    [input_sum] => 20
                    [output_sum] => 0
                    [exchange_num] => 1
                )

            [Плутоний] => Array
                (
                    [input_sum] => 5
                    [output_sum] => 0
                    [exchange_num] => 1
                )

            [нефть Urals 1"барель"] => Array
                (
                    [input_sum] => 5
                    [output_sum] => 0
                    [exchange_num] => 1
                )

            [Услуга 500] => Array
                (
                    [input_sum] => 0
                    [output_sum] => 24.26
                    [exchange_num] => 0
                )

        )

    [1] => Array
        (
            [RUB] => Array
                (
                    [input_sum] => 29
                    [output_sum] => 601.33
                    [exchange_num] => 5
                )

            [SLAV] => Array
                (
                    [input_sum] => 0
                    [output_sum] => 17.8
                    [exchange_num] => 0
                )

            [BTC] => Array
                (
                    [input_sum] => 1
                    [output_sum] => 0
                    [exchange_num] => 1
                )

            [Золото] => Array
                (
                    [input_sum] => 0
                    [output_sum] => 2.2
                    [exchange_num] => 0
                )

            [Сталь] => Array
                (
                    [input_sum] => 10
                    [output_sum] => 0
                    [exchange_num] => 2
                )

            [0] => Array
                (
                    [input_sum] => 0
                    [output_sum] => 0
                    [exchange_num] => 0
                )

            [Космическая станция \"Яркий\" класса \"Планетарный Потрошитель\" К/С. \"Яркий\" 559-889-222/77] => Array
                (
                    [input_sum] => 13
                    [output_sum] => 0
                    [exchange_num] => 5
                )

            [\"Бетон-м450\"_[м³] ] => Array
                (
                    [input_sum] => 0
                    [output_sum] => 1486667560.18
                    [exchange_num] => 0
                )

            [PRIZM] => Array
                (
                    [input_sum] => 510
                    [output_sum] => 8
                    [exchange_num] => 3
                )

            [нефть Urals 1"барель"] => Array
                (
                    [input_sum] => 7
                    [output_sum] => 0
                    [exchange_num] => 3
                )

            [Bitcoin] => Array
                (
                    [input_sum] => 0
                    [output_sum] => 1.26
                    [exchange_num] => 0
                )

            [Стандарт плутониевого металла] => Array
                (
                    [input_sum] => 2
                    [output_sum] => 0
                    [exchange_num] => 2
                )

            [] => Array
                (
                    [input_sum] => 0
                    [output_sum] => 0
                    [exchange_num] => 0
                )

            [Золото 1_г.] => Array
                (
                    [input_sum] => 0
                    [output_sum] => 1.2
                    [exchange_num] => 0
                )

            [Prizm] => Array
                (
                    [input_sum] => 5
                    [output_sum] => 652023.39
                    [exchange_num] => 1
                )

        )

    [77] => Array
        (
            [PRIZM] => Array
                (
                    [input_sum] => 5
                    [output_sum] => 0
                    [exchange_num] => 1
                )

            [RUB] => Array
                (
                    [input_sum] => 0
                    [output_sum] => 26
                    [exchange_num] => 0
                )

            [SLAV] => Array
                (
                    [input_sum] => 16
                    [output_sum] => 0
                    [exchange_num] => 3
                )

            [Блоки Bonolit d500] => Array
                (
                    [input_sum] => 20
                    [output_sum] => 0
                    [exchange_num] => 2
                )

            [Bitcoin] => Array
                (
                    [input_sum] => 0
                    [output_sum] => 0.36
                    [exchange_num] => 0
                )

            [Серебро 1_г.] => Array
                (
                    [input_sum] => 0
                    [output_sum] => 6.58
                    [exchange_num] => 0
                )

        )

    [78] => Array
        (
            [PRIZM] => Array
                (
                    [input_sum] => 31
                    [output_sum] => 0
                    [exchange_num] => 7
                )

            [RUB] => Array
                (
                    [input_sum] => 0
                    [output_sum] => 173.62
                    [exchange_num] => 0
                )

            [SLAV] => Array
                (
                    [input_sum] => 115
                    [output_sum] => 0
                    [exchange_num] => 4
                )

            [Космическая станция ] => Array
                (
                    [input_sum] => 2
                    [output_sum] => 0
                    [exchange_num] => 2
                )

            [Блоки Bonolit D500] => Array
                (
                    [input_sum] => 0
                    [output_sum] => 3284664157.94
                    [exchange_num] => 0
                )

        )

    [81] => Array
        (
            [SLAV] => Array
                (
                    [input_sum] => 2001
                    [output_sum] => 0
                    [exchange_num] => 2
                )

            [RUB] => Array
                (
                    [input_sum] => 0
                    [output_sum] => 1900.95
                    [exchange_num] => 0
                )

            [BTC] => Array
                (
                    [input_sum] => 1
                    [output_sum] => 0
                    [exchange_num] => 1
                )

            [Блоки Bonolit D500] => Array
                (
                    [input_sum] => 0
                    [output_sum] => 25.65
                    [exchange_num] => 0
                )

            [Сталь] => Array
                (
                    [input_sum] => 111000
                    [output_sum] => 0
                    [exchange_num] => 1
                )

            [Медь] => Array
                (
                    [input_sum] => 0
                    [output_sum] => 3641.73
                    [exchange_num] => 0
                )

        )

    [79] => Array
        (
            [Сталь] => Array
                (
                    [input_sum] => 0
                    [output_sum] => 0
                    [exchange_num] => 1
                )

            [Медь] => Array
                (
                    [input_sum] => 0
                    [output_sum] => 
                    [exchange_num] => 0
                )

            [Бетон] => Array
                (
                    [input_sum] => 100
                    [output_sum] => 0
                    [exchange_num] => 1
                )

            [0] => Array
                (
                    [input_sum] => 0
                    [output_sum] => 0
                    [exchange_num] => 0
                )

        )

    [84] => Array
        (
            [Сталь] => Array
                (
                    [input_sum] => 100
                    [output_sum] => 0
                    [exchange_num] => 1
                )

            [Prizm] => Array
                (
                    [input_sum] => 0
                    [output_sum] => 254723.93
                    [exchange_num] => 0
                )

            [Блоки Bonolit d500] => Array
                (
                    [input_sum] => 1100
                    [output_sum] => 0
                    [exchange_num] => 2
                )

            [PRIZM] => Array
                (
                    [input_sum] => 1020
                    [output_sum] => 0
                    [exchange_num] => 3
                )

            [RUB] => Array
                (
                    [input_sum] => 0
                    [output_sum] => 1549.13
                    [exchange_num] => 0
                )

            ["Бетон-м450"_[м³]] => Array
                (
                    [input_sum] => 100
                    [output_sum] => 0
                    [exchange_num] => 1
                )

            [] => Array
                (
                    [input_sum] => 0
                    [output_sum] => 0
                    [exchange_num] => 0
                )

            [Стандарт плутониевого металла] => Array
                (
                    [input_sum] => 11119
                    [output_sum] => 0
                    [exchange_num] => 1
                )

        )

    [86] => Array
        (
            [PRIZM] => Array
                (
                    [input_sum] => 15
                    [output_sum] => 0
                    [exchange_num] => 2
                )

            [RUB] => Array
                (
                    [input_sum] => 0
                    [output_sum] => 17.82
                    [exchange_num] => 0
                )

        )

    [87] => Array
        (
            [Стандарт плутониевого металла] => Array
                (
                    [input_sum] => 1
                    [output_sum] => 0
                    [exchange_num] => 1
                )

            [Серебро 1_г.] => Array
                (
                    [input_sum] => 0
                    [output_sum] => 1518.36
                    [exchange_num] => 0
                )

            [PRIZM] => Array
                (
                    [input_sum] => 11
                    [output_sum] => 0
                    [exchange_num] => 2
                )

            [RUB] => Array
                (
                    [input_sum] => 0
                    [output_sum] => 12.55
                    [exchange_num] => 0
                )

            ["Бетон-м450"_[м³]] => Array
                (
                    [input_sum] => 1
                    [output_sum] => 0
                    [exchange_num] => 1
                )

            [Bitcoin] => Array
                (
                    [input_sum] => 0
                    [output_sum] => 0.48
                    [exchange_num] => 0
                )

        )

    [88] => Array
        (
            [PRIZM] => Array
                (
                    [input_sum] => 16
                    [output_sum] => 0
                    [exchange_num] => 2
                )

            [RUB] => Array
                (
                    [input_sum] => 0
                    [output_sum] => 18.18
                    [exchange_num] => 0
                )

            [Сталь] => Array
                (
                    [input_sum] => 5
                    [output_sum] => 0
                    [exchange_num] => 1
                )

            [Prizm] => Array
                (
                    [input_sum] => 0
                    [output_sum] => 614.75
                    [exchange_num] => 0
                )

        )

    [89] => Array
        (
            [PRIZM] => Array
                (
                    [input_sum] => 10000
                    [output_sum] => 0
                    [exchange_num] => 1
                )

            [RUB] => Array
                (
                    [input_sum] => 0
                    [output_sum] => 11685
                    [exchange_num] => 0
                )

            [Prizm] => Array
                (
                    [input_sum] => 10000
                    [output_sum] => 0
                    [exchange_num] => 1
                )

            [] => Array
                (
                    [input_sum] => 0
                    [output_sum] => 0
                    [exchange_num] => 0
                )

        )

    [91] => Array
        (
            [SLAV] => Array
                (
                    [input_sum] => 5
                    [output_sum] => 0
                    [exchange_num] => 1
                )

            [RUB] => Array
                (
                    [input_sum] => 0
                    [output_sum] => 4.25
                    [exchange_num] => 0
                )

            ["Бетон-м450"_[м³]] => Array
                (
                    [input_sum] => 5
                    [output_sum] => 0
                    [exchange_num] => 1
                )

            [] => Array
                (
                    [input_sum] => 0
                    [output_sum] => 0
                    [exchange_num] => 0
                )

            [нефть Urals 1"барель"] => Array
                (
                    [input_sum] => 11
                    [output_sum] => 0
                    [exchange_num] => 2
                )

        )

    [90] => Array
        (
            [Блоки Bonolit d500] => Array
                (
                    [input_sum] => 100
                    [output_sum] => 0
                    [exchange_num] => 1
                )

            [Серебро 1_г.] => Array
                (
                    [input_sum] => 0
                    [output_sum] => 65.79
                    [exchange_num] => 0
                )

        )

    [72] => Array
        (
            [PRIZM] => Array
                (
                    [input_sum] => 10
                    [output_sum] => 0
                    [exchange_num] => 1
                )

            [RUB] => Array
                (
                    [input_sum] => 0
                    [output_sum] => 15.66
                    [exchange_num] => 0
                )

            [SLAV &lt;.] => Array
                (
                    [input_sum] => 3
                    [output_sum] => 0
                    [exchange_num] => 1
                )

            [] => Array
                (
                    [input_sum] => 0
                    [output_sum] => 0
                    [exchange_num] => 0
                )

        )

    [109] => Array
        (
            [RUB] => Array
                (
                    [input_sum] => 150
                    [output_sum] => 0
                    [exchange_num] => 3
                )

            [] => Array
                (
                    [input_sum] => 0
                    [output_sum] => 3
                    [exchange_num] => 0
                )

        )

)

doc_1: Array
(
    [date] => 25.08.20 18:56:02
    [filename] => -приема-Плутоний-Пайщик-№456756-Петр-Петров-Петрович-25-08-18-56.pdf
    [url] => http://vnuk2.ev88.fvds.ru/wp-content/uploads/2020/08/Акт-приема-Плутоний-Пайщик-№456756-Петр-Петров-Петрович-25-08-18-56.pdf
)

