old exchange requests: Array
(
    [6] => Array
        (
            [0] => Array
                (
                    [input_currency] => RUB
                    [output_currency] => PRIZM
                    [input_sum] => 60
                    [output_sum] => 1.9
                    [bank] => bank1
                    [date] => 14.02.20
                    [status] => awaiting_payment
                )

            [1] => Array
                (
                    [input_currency] => RUB
                    [output_currency] => PRIZM
                    [input_sum] => 50
                    [output_sum] => 1.46
                    [bank] => bank1
                    [date] => 15.02.20
                    [status] => awaiting_payment
                )

        )

)

new exchange requests: Array
(
    [6] => Array
        (
            [1] => Array
                (
                    [input_currency] => RUB
                    [output_currency] => PRIZM
                    [input_sum] => 50
                    [output_sum] => 1.46
                    [bank] => bank1
                    [date] => 15.02.20
                    [status] => awaiting_payment
                )

        )

)

