stdClass Object
(
    [status] => stdClass Object
        (
            [timestamp] => 2020-01-17T05:56:10.924Z
            [error_code] => 0
            [error_message] => 
            [elapsed] => 7
            [credit_count] => 1
            [notice] => 
        )

    [data] => stdClass Object
        (
            [id] => 1681
            [symbol] => PZM
            [name] => PRIZM
            [amount] => 1
            [last_updated] => 2020-01-17T05:55:02.000Z
            [quote] => stdClass Object
                (
                    [RUB] => stdClass Object
                        (
                            [price] => 14.69175442693
                            [last_updated] => 2020-01-17T05:55:01.000Z
                        )

                )

        )

)

stdClass Object
(
    [status] => stdClass Object
        (
            [timestamp] => 2020-01-17T05:56:31.932Z
            [error_code] => 0
            [error_message] => 
            [elapsed] => 13
            [credit_count] => 1
            [notice] => 
        )

    [data] => stdClass Object
        (
            [id] => 1681
            [symbol] => PZM
            [name] => PRIZM
            [amount] => 1
            [last_updated] => 2020-01-17T05:56:03.000Z
            [quote] => stdClass Object
                (
                    [RUB] => stdClass Object
                        (
                            [price] => 14.633284623783
                            [last_updated] => 2020-01-17T05:56:01.000Z
                        )

                )

        )

)

stdClass Object
(
    [status] => stdClass Object
        (
            [timestamp] => 2020-01-17T05:59:59.907Z
            [error_code] => 0
            [error_message] => 
            [elapsed] => 8
            [credit_count] => 1
            [notice] => 
        )

    [data] => stdClass Object
        (
            [id] => 1681
            [symbol] => PZM
            [name] => PRIZM
            [amount] => 1
            [last_updated] => 2020-01-17T05:59:04.000Z
            [quote] => stdClass Object
                (
                    [RUB] => stdClass Object
                        (
                            [price] => 14.661872263437
                            [last_updated] => 2020-01-17T05:59:01.000Z
                        )

                )

        )

)

stdClass Object
(
    [status] => stdClass Object
        (
            [timestamp] => 2020-01-17T06:02:31.595Z
            [error_code] => 0
            [error_message] => 
            [elapsed] => 9
            [credit_count] => 1
            [notice] => 
        )

    [data] => stdClass Object
        (
            [id] => 1681
            [symbol] => PZM
            [name] => PRIZM
            [amount] => 1
            [last_updated] => 2020-01-17T06:02:03.000Z
            [quote] => stdClass Object
                (
                    [RUB] => stdClass Object
                        (
                            [price] => 14.696517691777
                            [last_updated] => 2020-01-17T06:02:04.000Z
                        )

                )

        )

)

stdClass Object
(
    [status] => stdClass Object
        (
            [timestamp] => 2020-01-17T06:03:12.314Z
            [error_code] => 0
            [error_message] => 
            [elapsed] => 11
            [credit_count] => 1
            [notice] => 
        )

    [data] => stdClass Object
        (
            [id] => 1681
            [symbol] => PZM
            [name] => PRIZM
            [amount] => 1
            [last_updated] => 2020-01-17T06:02:03.000Z
            [quote] => stdClass Object
                (
                    [RUB] => stdClass Object
                        (
                            [price] => 14.696517691777
                            [last_updated] => 2020-01-17T06:02:04.000Z
                        )

                )

        )

)

stdClass Object
(
    [status] => stdClass Object
        (
            [timestamp] => 2020-01-17T06:11:53.604Z
            [error_code] => 0
            [error_message] => 
            [elapsed] => 12
            [credit_count] => 1
            [notice] => 
        )

    [data] => stdClass Object
        (
            [id] => 1681
            [symbol] => PZM
            [name] => PRIZM
            [amount] => 1
            [last_updated] => 2020-01-17T06:11:02.000Z
            [quote] => stdClass Object
                (
                    [RUB] => stdClass Object
                        (
                            [price] => 14.64133870019
                            [last_updated] => 2020-01-17T06:11:02.000Z
                        )

                )

        )

)

stdClass Object
(
    [status] => stdClass Object
        (
            [timestamp] => 2020-01-17T06:14:07.377Z
            [error_code] => 0
            [error_message] => 
            [elapsed] => 10
            [credit_count] => 1
            [notice] => 
        )

    [data] => stdClass Object
        (
            [id] => 1681
            [symbol] => PZM
            [name] => PRIZM
            [amount] => 1
            [last_updated] => 2020-01-17T06:13:02.000Z
            [quote] => stdClass Object
                (
                    [RUB] => stdClass Object
                        (
                            [price] => 14.654194818618
                            [last_updated] => 2020-01-17T06:13:03.000Z
                        )

                )

        )

)

stdClass Object
(
    [status] => stdClass Object
        (
            [timestamp] => 2020-01-17T06:15:13.742Z
            [error_code] => 0
            [error_message] => 
            [elapsed] => 13
            [credit_count] => 1
            [notice] => 
        )

    [data] => stdClass Object
        (
            [id] => 1681
            [symbol] => PZM
            [name] => PRIZM
            [amount] => 1
            [last_updated] => 2020-01-17T06:14:02.000Z
            [quote] => stdClass Object
                (
                    [RUB] => stdClass Object
                        (
                            [price] => 14.654802285213
                            [last_updated] => 2020-01-17T06:14:02.000Z
                        )

                )

        )

)

stdClass Object
(
    [status] => stdClass Object
        (
            [timestamp] => 2020-01-17T06:15:31.007Z
            [error_code] => 0
            [error_message] => 
            [elapsed] => 14
            [credit_count] => 1
            [notice] => 
        )

    [data] => stdClass Object
        (
            [id] => 1681
            [symbol] => PZM
            [name] => PRIZM
            [amount] => 1
            [last_updated] => 2020-01-17T06:15:03.000Z
            [quote] => stdClass Object
                (
                    [RUB] => stdClass Object
                        (
                            [price] => 14.703255754593
                            [last_updated] => 2020-01-17T06:15:01.000Z
                        )

                )

        )

)

stdClass Object
(
    [status] => stdClass Object
        (
            [timestamp] => 2020-01-17T06:16:09.043Z
            [error_code] => 0
            [error_message] => 
            [elapsed] => 14
            [credit_count] => 1
            [notice] => 
        )

    [data] => stdClass Object
        (
            [id] => 1681
            [symbol] => PZM
            [name] => PRIZM
            [amount] => 1
            [last_updated] => 2020-01-17T06:15:03.000Z
            [quote] => stdClass Object
                (
                    [RUB] => stdClass Object
                        (
                            [price] => 14.703255754593
                            [last_updated] => 2020-01-17T06:15:01.000Z
                        )

                )

        )

)

stdClass Object
(
    [status] => stdClass Object
        (
            [timestamp] => 2020-01-17T06:17:42.495Z
            [error_code] => 0
            [error_message] => 
            [elapsed] => 11
            [credit_count] => 1
            [notice] => 
        )

    [data] => stdClass Object
        (
            [id] => 1681
            [symbol] => PZM
            [name] => PRIZM
            [amount] => 1
            [last_updated] => 2020-01-17T06:17:02.000Z
            [quote] => stdClass Object
                (
                    [RUB] => stdClass Object
                        (
                            [price] => 14.644861444611
                            [last_updated] => 2020-01-17T06:17:02.000Z
                        )

                )

        )

)

stdClass Object
(
    [status] => stdClass Object
        (
            [timestamp] => 2020-01-17T06:18:30.634Z
            [error_code] => 0
            [error_message] => 
            [elapsed] => 12
            [credit_count] => 1
            [notice] => 
        )

    [data] => stdClass Object
        (
            [id] => 1681
            [symbol] => PZM
            [name] => PRIZM
            [amount] => 1
            [last_updated] => 2020-01-17T06:17:02.000Z
            [quote] => stdClass Object
                (
                    [RUB] => stdClass Object
                        (
                            [price] => 14.644861444611
                            [last_updated] => 2020-01-17T06:17:02.000Z
                        )

                )

        )

)

stdClass Object
(
    [status] => stdClass Object
        (
            [timestamp] => 2020-01-17T06:24:52.659Z
            [error_code] => 0
            [error_message] => 
            [elapsed] => 10
            [credit_count] => 1
            [notice] => 
        )

    [data] => stdClass Object
        (
            [id] => 1681
            [symbol] => PZM
            [name] => PRIZM
            [amount] => 1
            [last_updated] => 2020-01-17T06:24:03.000Z
            [quote] => stdClass Object
                (
                    [RUB] => stdClass Object
                        (
                            [price] => 14.718239315614
                            [last_updated] => 2020-01-17T06:24:01.000Z
                        )

                )

        )

)

stdClass Object
(
    [status] => stdClass Object
        (
            [timestamp] => 2020-01-17T06:25:07.217Z
            [error_code] => 0
            [error_message] => 
            [elapsed] => 13
            [credit_count] => 1
            [notice] => 
        )

    [data] => stdClass Object
        (
            [id] => 1681
            [symbol] => PZM
            [name] => PRIZM
            [amount] => 1
            [last_updated] => 2020-01-17T06:24:03.000Z
            [quote] => stdClass Object
                (
                    [RUB] => stdClass Object
                        (
                            [price] => 14.718239315614
                            [last_updated] => 2020-01-17T06:24:01.000Z
                        )

                )

        )

)

stdClass Object
(
    [status] => stdClass Object
        (
            [timestamp] => 2020-01-17T06:27:35.518Z
            [error_code] => 0
            [error_message] => 
            [elapsed] => 13
            [credit_count] => 1
            [notice] => 
        )

    [data] => stdClass Object
        (
            [id] => 1681
            [symbol] => PZM
            [name] => PRIZM
            [amount] => 1
            [last_updated] => 2020-01-17T06:27:02.000Z
            [quote] => stdClass Object
                (
                    [RUB] => stdClass Object
                        (
                            [price] => 14.747649866415
                            [last_updated] => 2020-01-17T06:27:01.000Z
                        )

                )

        )

)

stdClass Object
(
    [status] => stdClass Object
        (
            [timestamp] => 2020-01-17T06:27:40.850Z
            [error_code] => 0
            [error_message] => 
            [elapsed] => 8
            [credit_count] => 1
            [notice] => 
        )

    [data] => stdClass Object
        (
            [id] => 1681
            [symbol] => PZM
            [name] => PRIZM
            [amount] => 1
            [last_updated] => 2020-01-17T06:27:02.000Z
            [quote] => stdClass Object
                (
                    [RUB] => stdClass Object
                        (
                            [price] => 14.747649866415
                            [last_updated] => 2020-01-17T06:27:01.000Z
                        )

                )

        )

)

stdClass Object
(
    [status] => stdClass Object
        (
            [timestamp] => 2020-01-17T06:28:46.940Z
            [error_code] => 0
            [error_message] => 
            [elapsed] => 37
            [credit_count] => 1
            [notice] => 
        )

    [data] => stdClass Object
        (
            [id] => 1681
            [symbol] => PZM
            [name] => PRIZM
            [amount] => 1
            [last_updated] => 2020-01-17T06:28:05.000Z
            [quote] => stdClass Object
                (
                    [RUB] => stdClass Object
                        (
                            [price] => 14.756526508687
                            [last_updated] => 2020-01-17T06:28:01.000Z
                        )

                )

        )

)

stdClass Object
(
    [status] => stdClass Object
        (
            [timestamp] => 2020-01-17T06:29:27.667Z
            [error_code] => 0
            [error_message] => 
            [elapsed] => 7
            [credit_count] => 1
            [notice] => 
        )

    [data] => stdClass Object
        (
            [id] => 1681
            [symbol] => PZM
            [name] => PRIZM
            [amount] => 1
            [last_updated] => 2020-01-17T06:28:05.000Z
            [quote] => stdClass Object
                (
                    [RUB] => stdClass Object
                        (
                            [price] => 14.756526508687
                            [last_updated] => 2020-01-17T06:28:01.000Z
                        )

                )

        )

)

stdClass Object
(
    [status] => stdClass Object
        (
            [timestamp] => 2020-01-17T06:29:41.672Z
            [error_code] => 0
            [error_message] => 
            [elapsed] => 12
            [credit_count] => 1
            [notice] => 
        )

    [data] => stdClass Object
        (
            [id] => 1681
            [symbol] => PZM
            [name] => PRIZM
            [amount] => 1
            [last_updated] => 2020-01-17T06:29:03.000Z
            [quote] => stdClass Object
                (
                    [RUB] => stdClass Object
                        (
                            [price] => 14.792119513561
                            [last_updated] => 2020-01-17T06:29:01.000Z
                        )

                )

        )

)

stdClass Object
(
    [status] => stdClass Object
        (
            [timestamp] => 2020-01-17T06:30:38.887Z
            [error_code] => 0
            [error_message] => 
            [elapsed] => 17
            [credit_count] => 1
            [notice] => 
        )

    [data] => stdClass Object
        (
            [id] => 1681
            [symbol] => PZM
            [name] => PRIZM
            [amount] => 1
            [last_updated] => 2020-01-17T06:30:03.000Z
            [quote] => stdClass Object
                (
                    [RUB] => stdClass Object
                        (
                            [price] => 14.701439618447
                            [last_updated] => 2020-01-17T06:30:01.000Z
                        )

                )

        )

)

stdClass Object
(
    [status] => stdClass Object
        (
            [timestamp] => 2020-01-17T06:31:26.727Z
            [error_code] => 0
            [error_message] => 
            [elapsed] => 11
            [credit_count] => 1
            [notice] => 
        )

    [data] => stdClass Object
        (
            [id] => 1681
            [symbol] => PZM
            [name] => PRIZM
            [amount] => 1
            [last_updated] => 2020-01-17T06:30:03.000Z
            [quote] => stdClass Object
                (
                    [RUB] => stdClass Object
                        (
                            [price] => 14.701439618447
                            [last_updated] => 2020-01-17T06:30:01.000Z
                        )

                )

        )

)

stdClass Object
(
    [status] => stdClass Object
        (
            [timestamp] => 2020-01-17T06:31:53.979Z
            [error_code] => 0
            [error_message] => 
            [elapsed] => 16
            [credit_count] => 1
            [notice] => 
        )

    [data] => stdClass Object
        (
            [id] => 1681
            [symbol] => PZM
            [name] => PRIZM
            [amount] => 1
            [last_updated] => 2020-01-17T06:31:02.000Z
            [quote] => stdClass Object
                (
                    [RUB] => stdClass Object
                        (
                            [price] => 14.706490796815
                            [last_updated] => 2020-01-17T06:31:03.000Z
                        )

                )

        )

)

stdClass Object
(
    [status] => stdClass Object
        (
            [timestamp] => 2020-01-17T06:31:59.447Z
            [error_code] => 0
            [error_message] => 
            [elapsed] => 9
            [credit_count] => 1
            [notice] => 
        )

    [data] => stdClass Object
        (
            [id] => 1681
            [symbol] => PZM
            [name] => PRIZM
            [amount] => 1
            [last_updated] => 2020-01-17T06:31:02.000Z
            [quote] => stdClass Object
                (
                    [RUB] => stdClass Object
                        (
                            [price] => 14.706490796815
                            [last_updated] => 2020-01-17T06:31:03.000Z
                        )

                )

        )

)

stdClass Object
(
    [status] => stdClass Object
        (
            [timestamp] => 2020-01-17T06:32:07.025Z
            [error_code] => 0
            [error_message] => 
            [elapsed] => 14
            [credit_count] => 1
            [notice] => 
        )

    [data] => stdClass Object
        (
            [id] => 1681
            [symbol] => PZM
            [name] => PRIZM
            [amount] => 1
            [last_updated] => 2020-01-17T06:31:02.000Z
            [quote] => stdClass Object
                (
                    [RUB] => stdClass Object
                        (
                            [price] => 14.706490796815
                            [last_updated] => 2020-01-17T06:31:03.000Z
                        )

                )

        )

)

stdClass Object
(
    [status] => stdClass Object
        (
            [timestamp] => 2020-01-17T06:44:24.965Z
            [error_code] => 0
            [error_message] => 
            [elapsed] => 7
            [credit_count] => 1
            [notice] => 
        )

    [data] => stdClass Object
        (
            [id] => 1681
            [symbol] => PZM
            [name] => PRIZM
            [amount] => 1
            [last_updated] => 2020-01-17T06:43:03.000Z
            [quote] => stdClass Object
                (
                    [RUB] => stdClass Object
                        (
                            [price] => 14.65518047981
                            [last_updated] => 2020-01-17T06:43:01.000Z
                        )

                )

        )

)

stdClass Object
(
    [status] => stdClass Object
        (
            [timestamp] => 2020-01-17T06:44:30.537Z
            [error_code] => 0
            [error_message] => 
            [elapsed] => 15
            [credit_count] => 1
            [notice] => 
        )

    [data] => stdClass Object
        (
            [id] => 1681
            [symbol] => PZM
            [name] => PRIZM
            [amount] => 1
            [last_updated] => 2020-01-17T06:43:03.000Z
            [quote] => stdClass Object
                (
                    [RUB] => stdClass Object
                        (
                            [price] => 14.65518047981
                            [last_updated] => 2020-01-17T06:43:01.000Z
                        )

                )

        )

)

stdClass Object
(
    [status] => stdClass Object
        (
            [timestamp] => 2020-01-17T06:45:05.423Z
            [error_code] => 0
            [error_message] => 
            [elapsed] => 10
            [credit_count] => 1
            [notice] => 
        )

    [data] => stdClass Object
        (
            [id] => 1681
            [symbol] => PZM
            [name] => PRIZM
            [amount] => 1
            [last_updated] => 2020-01-17T06:44:04.000Z
            [quote] => stdClass Object
                (
                    [RUB] => stdClass Object
                        (
                            [price] => 14.635455619292
                            [last_updated] => 2020-01-17T06:44:02.000Z
                        )

                )

        )

)

stdClass Object
(
    [status] => stdClass Object
        (
            [timestamp] => 2020-01-17T06:47:29.164Z
            [error_code] => 0
            [error_message] => 
            [elapsed] => 10
            [credit_count] => 1
            [notice] => 
        )

    [data] => stdClass Object
        (
            [id] => 1681
            [symbol] => PZM
            [name] => PRIZM
            [amount] => 1
            [last_updated] => 2020-01-17T06:46:04.000Z
            [quote] => stdClass Object
                (
                    [RUB] => stdClass Object
                        (
                            [price] => 14.668825031373
                            [last_updated] => 2020-01-17T06:46:02.000Z
                        )

                )

        )

)

stdClass Object
(
    [status] => stdClass Object
        (
            [timestamp] => 2020-01-17T06:50:20.198Z
            [error_code] => 0
            [error_message] => 
            [elapsed] => 10
            [credit_count] => 1
            [notice] => 
        )

    [data] => stdClass Object
        (
            [id] => 1681
            [symbol] => PZM
            [name] => PRIZM
            [amount] => 1
            [last_updated] => 2020-01-17T06:49:03.000Z
            [quote] => stdClass Object
                (
                    [RUB] => stdClass Object
                        (
                            [price] => 14.616718810674
                            [last_updated] => 2020-01-17T06:49:03.000Z
                        )

                )

        )

)

stdClass Object
(
    [status] => stdClass Object
        (
            [timestamp] => 2020-01-17T06:51:11.665Z
            [error_code] => 0
            [error_message] => 
            [elapsed] => 13
            [credit_count] => 1
            [notice] => 
        )

    [data] => stdClass Object
        (
            [id] => 1681
            [symbol] => PZM
            [name] => PRIZM
            [amount] => 1
            [last_updated] => 2020-01-17T06:50:02.000Z
            [quote] => stdClass Object
                (
                    [RUB] => stdClass Object
                        (
                            [price] => 14.620608808257
                            [last_updated] => 2020-01-17T06:50:02.000Z
                        )

                )

        )

)

stdClass Object
(
    [status] => stdClass Object
        (
            [timestamp] => 2020-01-17T07:11:07.342Z
            [error_code] => 0
            [error_message] => 
            [elapsed] => 10
            [credit_count] => 1
            [notice] => 
        )

    [data] => stdClass Object
        (
            [id] => 1681
            [symbol] => PZM
            [name] => PRIZM
            [amount] => 1
            [last_updated] => 2020-01-17T07:10:03.000Z
            [quote] => stdClass Object
                (
                    [RUB] => stdClass Object
                        (
                            [price] => 14.529032223645
                            [last_updated] => 2020-01-17T07:10:01.000Z
                        )

                )

        )

)

stdClass Object
(
    [status] => stdClass Object
        (
            [timestamp] => 2020-01-17T07:11:21.909Z
            [error_code] => 0
            [error_message] => 
            [elapsed] => 11
            [credit_count] => 1
            [notice] => 
        )

    [data] => stdClass Object
        (
            [id] => 1681
            [symbol] => PZM
            [name] => PRIZM
            [amount] => 1
            [last_updated] => 2020-01-17T07:10:03.000Z
            [quote] => stdClass Object
                (
                    [RUB] => stdClass Object
                        (
                            [price] => 14.529032223645
                            [last_updated] => 2020-01-17T07:10:01.000Z
                        )

                )

        )

)

stdClass Object
(
    [status] => stdClass Object
        (
            [timestamp] => 2020-01-17T07:12:38.849Z
            [error_code] => 0
            [error_message] => 
            [elapsed] => 13
            [credit_count] => 1
            [notice] => 
        )

    [data] => stdClass Object
        (
            [id] => 1681
            [symbol] => PZM
            [name] => PRIZM
            [amount] => 1
            [last_updated] => 2020-01-17T07:12:03.000Z
            [quote] => stdClass Object
                (
                    [RUB] => stdClass Object
                        (
                            [price] => 14.514897647169
                            [last_updated] => 2020-01-17T07:12:02.000Z
                        )

                )

        )

)

stdClass Object
(
    [status] => stdClass Object
        (
            [timestamp] => 2020-01-17T07:17:59.144Z
            [error_code] => 0
            [error_message] => 
            [elapsed] => 12
            [credit_count] => 1
            [notice] => 
        )

    [data] => stdClass Object
        (
            [id] => 1681
            [symbol] => PZM
            [name] => PRIZM
            [amount] => 1
            [last_updated] => 2020-01-17T07:17:02.000Z
            [quote] => stdClass Object
                (
                    [RUB] => stdClass Object
                        (
                            [price] => 14.562405109957
                            [last_updated] => 2020-01-17T07:17:02.000Z
                        )

                )

        )

)

stdClass Object
(
    [status] => stdClass Object
        (
            [timestamp] => 2020-01-17T07:18:09.272Z
            [error_code] => 0
            [error_message] => 
            [elapsed] => 11
            [credit_count] => 1
            [notice] => 
        )

    [data] => stdClass Object
        (
            [id] => 1681
            [symbol] => PZM
            [name] => PRIZM
            [amount] => 1
            [last_updated] => 2020-01-17T07:17:02.000Z
            [quote] => stdClass Object
                (
                    [RUB] => stdClass Object
                        (
                            [price] => 14.562405109957
                            [last_updated] => 2020-01-17T07:17:02.000Z
                        )

                )

        )

)

stdClass Object
(
    [status] => stdClass Object
        (
            [timestamp] => 2020-01-17T07:24:27.134Z
            [error_code] => 0
            [error_message] => 
            [elapsed] => 11
            [credit_count] => 1
            [notice] => 
        )

    [data] => stdClass Object
        (
            [id] => 1681
            [symbol] => PZM
            [name] => PRIZM
            [amount] => 1
            [last_updated] => 2020-01-17T07:23:02.000Z
            [quote] => stdClass Object
                (
                    [RUB] => stdClass Object
                        (
                            [price] => 14.618405482231
                            [last_updated] => 2020-01-17T07:23:03.000Z
                        )

                )

        )

)

stdClass Object
(
    [status] => stdClass Object
        (
            [timestamp] => 2020-01-17T07:26:55.380Z
            [error_code] => 0
            [error_message] => 
            [elapsed] => 7
            [credit_count] => 1
            [notice] => 
        )

    [data] => stdClass Object
        (
            [id] => 1681
            [symbol] => PZM
            [name] => PRIZM
            [amount] => 1
            [last_updated] => 2020-01-17T07:26:03.000Z
            [quote] => stdClass Object
                (
                    [RUB] => stdClass Object
                        (
                            [price] => 14.558365130499
                            [last_updated] => 2020-01-17T07:26:02.000Z
                        )

                )

        )

)

stdClass Object
(
    [status] => stdClass Object
        (
            [timestamp] => 2020-01-17T07:28:37.408Z
            [error_code] => 0
            [error_message] => 
            [elapsed] => 14
            [credit_count] => 1
            [notice] => 
        )

    [data] => stdClass Object
        (
            [id] => 1681
            [symbol] => PZM
            [name] => PRIZM
            [amount] => 1
            [last_updated] => 2020-01-17T07:28:04.000Z
            [quote] => stdClass Object
                (
                    [RUB] => stdClass Object
                        (
                            [price] => 14.563723051176
                            [last_updated] => 2020-01-17T07:28:01.000Z
                        )

                )

        )

)

stdClass Object
(
    [status] => stdClass Object
        (
            [timestamp] => 2020-01-17T07:30:31.287Z
            [error_code] => 0
            [error_message] => 
            [elapsed] => 8
            [credit_count] => 1
            [notice] => 
        )

    [data] => stdClass Object
        (
            [id] => 1681
            [symbol] => PZM
            [name] => PRIZM
            [amount] => 1
            [last_updated] => 2020-01-17T07:30:03.000Z
            [quote] => stdClass Object
                (
                    [RUB] => stdClass Object
                        (
                            [price] => 14.554023394071
                            [last_updated] => 2020-01-17T07:30:02.000Z
                        )

                )

        )

)

stdClass Object
(
    [status] => stdClass Object
        (
            [timestamp] => 2020-01-17T07:31:05.799Z
            [error_code] => 0
            [error_message] => 
            [elapsed] => 11
            [credit_count] => 1
            [notice] => 
        )

    [data] => stdClass Object
        (
            [id] => 1681
            [symbol] => PZM
            [name] => PRIZM
            [amount] => 1
            [last_updated] => 2020-01-17T07:30:03.000Z
            [quote] => stdClass Object
                (
                    [RUB] => stdClass Object
                        (
                            [price] => 14.554023394071
                            [last_updated] => 2020-01-17T07:30:02.000Z
                        )

                )

        )

)

stdClass Object
(
    [status] => stdClass Object
        (
            [timestamp] => 2020-01-17T07:31:14.107Z
            [error_code] => 0
            [error_message] => 
            [elapsed] => 10
            [credit_count] => 1
            [notice] => 
        )

    [data] => stdClass Object
        (
            [id] => 1681
            [symbol] => PZM
            [name] => PRIZM
            [amount] => 1
            [last_updated] => 2020-01-17T07:30:03.000Z
            [quote] => stdClass Object
                (
                    [RUB] => stdClass Object
                        (
                            [price] => 14.554023394071
                            [last_updated] => 2020-01-17T07:30:02.000Z
                        )

                )

        )

)

stdClass Object
(
    [status] => stdClass Object
        (
            [timestamp] => 2020-01-17T07:33:45.833Z
            [error_code] => 0
            [error_message] => 
            [elapsed] => 10
            [credit_count] => 1
            [notice] => 
        )

    [data] => stdClass Object
        (
            [id] => 1681
            [symbol] => PZM
            [name] => PRIZM
            [amount] => 1
            [last_updated] => 2020-01-17T07:33:02.000Z
            [quote] => stdClass Object
                (
                    [RUB] => stdClass Object
                        (
                            [price] => 14.53963945373
                            [last_updated] => 2020-01-17T07:33:03.000Z
                        )

                )

        )

)

stdClass Object
(
    [status] => stdClass Object
        (
            [timestamp] => 2020-01-17T07:34:31.819Z
            [error_code] => 0
            [error_message] => 
            [elapsed] => 11
            [credit_count] => 1
            [notice] => 
        )

    [data] => stdClass Object
        (
            [id] => 1681
            [symbol] => PZM
            [name] => PRIZM
            [amount] => 1
            [last_updated] => 2020-01-17T07:34:04.000Z
            [quote] => stdClass Object
                (
                    [RUB] => stdClass Object
                        (
                            [price] => 14.531168860699
                            [last_updated] => 2020-01-17T07:34:01.000Z
                        )

                )

        )

)

stdClass Object
(
    [status] => stdClass Object
        (
            [timestamp] => 2020-01-17T07:35:24.372Z
            [error_code] => 0
            [error_message] => 
            [elapsed] => 31
            [credit_count] => 1
            [notice] => 
        )

    [data] => stdClass Object
        (
            [id] => 1681
            [symbol] => PZM
            [name] => PRIZM
            [amount] => 1
            [last_updated] => 2020-01-17T07:34:04.000Z
            [quote] => stdClass Object
                (
                    [RUB] => stdClass Object
                        (
                            [price] => 14.531168860699
                            [last_updated] => 2020-01-17T07:34:01.000Z
                        )

                )

        )

)

stdClass Object
(
    [status] => stdClass Object
        (
            [timestamp] => 2020-01-17T07:35:35.923Z
            [error_code] => 0
            [error_message] => 
            [elapsed] => 9
            [credit_count] => 1
            [notice] => 
        )

    [data] => stdClass Object
        (
            [id] => 1681
            [symbol] => PZM
            [name] => PRIZM
            [amount] => 1
            [last_updated] => 2020-01-17T07:35:02.000Z
            [quote] => stdClass Object
                (
                    [RUB] => stdClass Object
                        (
                            [price] => 14.56164669871
                            [last_updated] => 2020-01-17T07:35:04.000Z
                        )

                )

        )

)

stdClass Object
(
    [status] => stdClass Object
        (
            [timestamp] => 2020-01-17T07:35:44.509Z
            [error_code] => 0
            [error_message] => 
            [elapsed] => 10
            [credit_count] => 1
            [notice] => 
        )

    [data] => stdClass Object
        (
            [id] => 1681
            [symbol] => PZM
            [name] => PRIZM
            [amount] => 1
            [last_updated] => 2020-01-17T07:35:02.000Z
            [quote] => stdClass Object
                (
                    [RUB] => stdClass Object
                        (
                            [price] => 14.56164669871
                            [last_updated] => 2020-01-17T07:35:04.000Z
                        )

                )

        )

)

stdClass Object
(
    [status] => stdClass Object
        (
            [timestamp] => 2020-01-17T07:37:41.325Z
            [error_code] => 0
            [error_message] => 
            [elapsed] => 10
            [credit_count] => 1
            [notice] => 
        )

    [data] => stdClass Object
        (
            [id] => 1681
            [symbol] => PZM
            [name] => PRIZM
            [amount] => 1
            [last_updated] => 2020-01-17T07:37:02.000Z
            [quote] => stdClass Object
                (
                    [RUB] => stdClass Object
                        (
                            [price] => 14.594784407948
                            [last_updated] => 2020-01-17T07:37:02.000Z
                        )

                )

        )

)

stdClass Object
(
    [status] => stdClass Object
        (
            [timestamp] => 2020-01-17T07:37:49.798Z
            [error_code] => 0
            [error_message] => 
            [elapsed] => 10
            [credit_count] => 1
            [notice] => 
        )

    [data] => stdClass Object
        (
            [id] => 1681
            [symbol] => PZM
            [name] => PRIZM
            [amount] => 1
            [last_updated] => 2020-01-17T07:37:02.000Z
            [quote] => stdClass Object
                (
                    [RUB] => stdClass Object
                        (
                            [price] => 14.594784407948
                            [last_updated] => 2020-01-17T07:37:02.000Z
                        )

                )

        )

)

stdClass Object
(
    [status] => stdClass Object
        (
            [timestamp] => 2020-01-17T07:37:55.729Z
            [error_code] => 0
            [error_message] => 
            [elapsed] => 10
            [credit_count] => 1
            [notice] => 
        )

    [data] => stdClass Object
        (
            [id] => 1681
            [symbol] => PZM
            [name] => PRIZM
            [amount] => 1
            [last_updated] => 2020-01-17T07:37:02.000Z
            [quote] => stdClass Object
                (
                    [RUB] => stdClass Object
                        (
                            [price] => 14.594784407948
                            [last_updated] => 2020-01-17T07:37:02.000Z
                        )

                )

        )

)

stdClass Object
(
    [status] => stdClass Object
        (
            [timestamp] => 2020-01-17T07:38:04.764Z
            [error_code] => 0
            [error_message] => 
            [elapsed] => 11
            [credit_count] => 1
            [notice] => 
        )

    [data] => stdClass Object
        (
            [id] => 1681
            [symbol] => PZM
            [name] => PRIZM
            [amount] => 1
            [last_updated] => 2020-01-17T07:37:02.000Z
            [quote] => stdClass Object
                (
                    [RUB] => stdClass Object
                        (
                            [price] => 14.594784407948
                            [last_updated] => 2020-01-17T07:37:02.000Z
                        )

                )

        )

)

stdClass Object
(
    [status] => stdClass Object
        (
            [timestamp] => 2020-01-17T07:38:09.064Z
            [error_code] => 0
            [error_message] => 
            [elapsed] => 12
            [credit_count] => 1
            [notice] => 
        )

    [data] => stdClass Object
        (
            [id] => 1681
            [symbol] => PZM
            [name] => PRIZM
            [amount] => 1
            [last_updated] => 2020-01-17T07:37:02.000Z
            [quote] => stdClass Object
                (
                    [RUB] => stdClass Object
                        (
                            [price] => 14.594784407948
                            [last_updated] => 2020-01-17T07:37:02.000Z
                        )

                )

        )

)

stdClass Object
(
    [status] => stdClass Object
        (
            [timestamp] => 2020-01-17T07:40:39.419Z
            [error_code] => 0
            [error_message] => 
            [elapsed] => 10
            [credit_count] => 1
            [notice] => 
        )

    [data] => stdClass Object
        (
            [id] => 1681
            [symbol] => PZM
            [name] => PRIZM
            [amount] => 1
            [last_updated] => 2020-01-17T07:40:03.000Z
            [quote] => stdClass Object
                (
                    [RUB] => stdClass Object
                        (
                            [price] => 14.626174151364
                            [last_updated] => 2020-01-17T07:40:02.000Z
                        )

                )

        )

)

stdClass Object
(
    [status] => stdClass Object
        (
            [timestamp] => 2020-01-17T07:42:20.628Z
            [error_code] => 0
            [error_message] => 
            [elapsed] => 14
            [credit_count] => 1
            [notice] => 
        )

    [data] => stdClass Object
        (
            [id] => 1681
            [symbol] => PZM
            [name] => PRIZM
            [amount] => 1
            [last_updated] => 2020-01-17T07:41:03.000Z
            [quote] => stdClass Object
                (
                    [RUB] => stdClass Object
                        (
                            [price] => 14.604303842175
                            [last_updated] => 2020-01-17T07:41:01.000Z
                        )

                )

        )

)

stdClass Object
(
    [status] => stdClass Object
        (
            [timestamp] => 2020-01-17T07:42:30.798Z
            [error_code] => 0
            [error_message] => 
            [elapsed] => 12
            [credit_count] => 1
            [notice] => 
        )

    [data] => stdClass Object
        (
            [id] => 1681
            [symbol] => PZM
            [name] => PRIZM
            [amount] => 1
            [last_updated] => 2020-01-17T07:41:03.000Z
            [quote] => stdClass Object
                (
                    [RUB] => stdClass Object
                        (
                            [price] => 14.604303842175
                            [last_updated] => 2020-01-17T07:41:01.000Z
                        )

                )

        )

)

stdClass Object
(
    [status] => stdClass Object
        (
            [timestamp] => 2020-01-17T07:43:05.205Z
            [error_code] => 0
            [error_message] => 
            [elapsed] => 14
            [credit_count] => 1
            [notice] => 
        )

    [data] => stdClass Object
        (
            [id] => 1681
            [symbol] => PZM
            [name] => PRIZM
            [amount] => 1
            [last_updated] => 2020-01-17T07:42:03.000Z
            [quote] => stdClass Object
                (
                    [RUB] => stdClass Object
                        (
                            [price] => 14.579622334398
                            [last_updated] => 2020-01-17T07:42:04.000Z
                        )

                )

        )

)

stdClass Object
(
    [status] => stdClass Object
        (
            [timestamp] => 2020-01-17T07:43:37.353Z
            [error_code] => 0
            [error_message] => 
            [elapsed] => 10
            [credit_count] => 1
            [notice] => 
        )

    [data] => stdClass Object
        (
            [id] => 1681
            [symbol] => PZM
            [name] => PRIZM
            [amount] => 1
            [last_updated] => 2020-01-17T07:43:03.000Z
            [quote] => stdClass Object
                (
                    [RUB] => stdClass Object
                        (
                            [price] => 14.607322901972
                            [last_updated] => 2020-01-17T07:43:01.000Z
                        )

                )

        )

)

stdClass Object
(
    [status] => stdClass Object
        (
            [timestamp] => 2020-01-17T07:43:43.987Z
            [error_code] => 0
            [error_message] => 
            [elapsed] => 10
            [credit_count] => 1
            [notice] => 
        )

    [data] => stdClass Object
        (
            [id] => 1681
            [symbol] => PZM
            [name] => PRIZM
            [amount] => 1
            [last_updated] => 2020-01-17T07:43:03.000Z
            [quote] => stdClass Object
                (
                    [RUB] => stdClass Object
                        (
                            [price] => 14.607322901972
                            [last_updated] => 2020-01-17T07:43:01.000Z
                        )

                )

        )

)

stdClass Object
(
    [status] => stdClass Object
        (
            [timestamp] => 2020-01-17T07:44:58.162Z
            [error_code] => 0
            [error_message] => 
            [elapsed] => 7
            [credit_count] => 1
            [notice] => 
        )

    [data] => stdClass Object
        (
            [id] => 1681
            [symbol] => PZM
            [name] => PRIZM
            [amount] => 1
            [last_updated] => 2020-01-17T07:44:03.000Z
            [quote] => stdClass Object
                (
                    [RUB] => stdClass Object
                        (
                            [price] => 14.58300959865
                            [last_updated] => 2020-01-17T07:44:01.000Z
                        )

                )

        )

)

stdClass Object
(
    [status] => stdClass Object
        (
            [timestamp] => 2020-01-17T07:45:04.057Z
            [error_code] => 0
            [error_message] => 
            [elapsed] => 23
            [credit_count] => 1
            [notice] => 
        )

    [data] => stdClass Object
        (
            [id] => 1681
            [symbol] => PZM
            [name] => PRIZM
            [amount] => 1
            [last_updated] => 2020-01-17T07:44:03.000Z
            [quote] => stdClass Object
                (
                    [RUB] => stdClass Object
                        (
                            [price] => 14.58300959865
                            [last_updated] => 2020-01-17T07:44:01.000Z
                        )

                )

        )

)

stdClass Object
(
    [status] => stdClass Object
        (
            [timestamp] => 2020-01-17T07:46:29.902Z
            [error_code] => 0
            [error_message] => 
            [elapsed] => 10
            [credit_count] => 1
            [notice] => 
        )

    [data] => stdClass Object
        (
            [id] => 1681
            [symbol] => PZM
            [name] => PRIZM
            [amount] => 1
            [last_updated] => 2020-01-17T07:45:03.000Z
            [quote] => stdClass Object
                (
                    [RUB] => stdClass Object
                        (
                            [price] => 14.673731505401
                            [last_updated] => 2020-01-17T07:45:02.000Z
                        )

                )

        )

)

stdClass Object
(
    [status] => stdClass Object
        (
            [timestamp] => 2020-01-17T07:47:29.637Z
            [error_code] => 0
            [error_message] => 
            [elapsed] => 7
            [credit_count] => 1
            [notice] => 
        )

    [data] => stdClass Object
        (
            [id] => 1681
            [symbol] => PZM
            [name] => PRIZM
            [amount] => 1
            [last_updated] => 2020-01-17T07:46:01.000Z
            [quote] => stdClass Object
                (
                    [RUB] => stdClass Object
                        (
                            [price] => 14.609098433959
                            [last_updated] => 2020-01-17T07:46:01.000Z
                        )

                )

        )

)

stdClass Object
(
    [status] => stdClass Object
        (
            [timestamp] => 2020-01-17T08:17:44.542Z
            [error_code] => 0
            [error_message] => 
            [elapsed] => 8
            [credit_count] => 1
            [notice] => 
        )

    [data] => stdClass Object
        (
            [id] => 1681
            [symbol] => PZM
            [name] => PRIZM
            [amount] => 1
            [last_updated] => 2020-01-17T08:17:02.000Z
            [quote] => stdClass Object
                (
                    [RUB] => stdClass Object
                        (
                            [price] => 14.642764012017
                            [last_updated] => 2020-01-17T08:17:04.000Z
                        )

                )

        )

)

stdClass Object
(
    [status] => stdClass Object
        (
            [timestamp] => 2020-01-17T08:18:00.882Z
            [error_code] => 0
            [error_message] => 
            [elapsed] => 14
            [credit_count] => 1
            [notice] => 
        )

    [data] => stdClass Object
        (
            [id] => 1681
            [symbol] => PZM
            [name] => PRIZM
            [amount] => 1
            [last_updated] => 2020-01-17T08:17:02.000Z
            [quote] => stdClass Object
                (
                    [RUB] => stdClass Object
                        (
                            [price] => 14.642764012017
                            [last_updated] => 2020-01-17T08:17:04.000Z
                        )

                )

        )

)

stdClass Object
(
    [status] => stdClass Object
        (
            [timestamp] => 2020-01-17T08:18:04.875Z
            [error_code] => 0
            [error_message] => 
            [elapsed] => 14
            [credit_count] => 1
            [notice] => 
        )

    [data] => stdClass Object
        (
            [id] => 1681
            [symbol] => PZM
            [name] => PRIZM
            [amount] => 1
            [last_updated] => 2020-01-17T08:17:02.000Z
            [quote] => stdClass Object
                (
                    [RUB] => stdClass Object
                        (
                            [price] => 14.642764012017
                            [last_updated] => 2020-01-17T08:17:04.000Z
                        )

                )

        )

)

stdClass Object
(
    [status] => stdClass Object
        (
            [timestamp] => 2020-01-17T08:18:08.598Z
            [error_code] => 0
            [error_message] => 
            [elapsed] => 13
            [credit_count] => 1
            [notice] => 
        )

    [data] => stdClass Object
        (
            [id] => 1681
            [symbol] => PZM
            [name] => PRIZM
            [amount] => 1
            [last_updated] => 2020-01-17T08:17:02.000Z
            [quote] => stdClass Object
                (
                    [RUB] => stdClass Object
                        (
                            [price] => 14.642764012017
                            [last_updated] => 2020-01-17T08:17:04.000Z
                        )

                )

        )

)

stdClass Object
(
    [status] => stdClass Object
        (
            [timestamp] => 2020-01-17T08:18:12.250Z
            [error_code] => 0
            [error_message] => 
            [elapsed] => 6
            [credit_count] => 1
            [notice] => 
        )

    [data] => stdClass Object
        (
            [id] => 1681
            [symbol] => PZM
            [name] => PRIZM
            [amount] => 1
            [last_updated] => 2020-01-17T08:17:02.000Z
            [quote] => stdClass Object
                (
                    [RUB] => stdClass Object
                        (
                            [price] => 14.642764012017
                            [last_updated] => 2020-01-17T08:17:04.000Z
                        )

                )

        )

)

stdClass Object
(
    [status] => stdClass Object
        (
            [timestamp] => 2020-01-17T08:18:16.864Z
            [error_code] => 0
            [error_message] => 
            [elapsed] => 8
            [credit_count] => 1
            [notice] => 
        )

    [data] => stdClass Object
        (
            [id] => 1681
            [symbol] => PZM
            [name] => PRIZM
            [amount] => 1
            [last_updated] => 2020-01-17T08:17:02.000Z
            [quote] => stdClass Object
                (
                    [RUB] => stdClass Object
                        (
                            [price] => 14.642764012017
                            [last_updated] => 2020-01-17T08:17:04.000Z
                        )

                )

        )

)

stdClass Object
(
    [status] => stdClass Object
        (
            [timestamp] => 2020-01-17T08:19:55.748Z
            [error_code] => 0
            [error_message] => 
            [elapsed] => 6
            [credit_count] => 1
            [notice] => 
        )

    [data] => stdClass Object
        (
            [id] => 1681
            [symbol] => PZM
            [name] => PRIZM
            [amount] => 1
            [last_updated] => 2020-01-17T08:19:03.000Z
            [quote] => stdClass Object
                (
                    [RUB] => stdClass Object
                        (
                            [price] => 14.648367043302
                            [last_updated] => 2020-01-17T08:19:02.000Z
                        )

                )

        )

)

stdClass Object
(
    [status] => stdClass Object
        (
            [timestamp] => 2020-01-17T08:20:50.405Z
            [error_code] => 0
            [error_message] => 
            [elapsed] => 7
            [credit_count] => 1
            [notice] => 
        )

    [data] => stdClass Object
        (
            [id] => 1681
            [symbol] => PZM
            [name] => PRIZM
            [amount] => 1
            [last_updated] => 2020-01-17T08:20:02.000Z
            [quote] => stdClass Object
                (
                    [RUB] => stdClass Object
                        (
                            [price] => 14.685093340936
                            [last_updated] => 2020-01-17T08:20:02.000Z
                        )

                )

        )

)

stdClass Object
(
    [status] => stdClass Object
        (
            [timestamp] => 2020-01-17T08:21:16.310Z
            [error_code] => 0
            [error_message] => 
            [elapsed] => 13
            [credit_count] => 1
            [notice] => 
        )

    [data] => stdClass Object
        (
            [id] => 1681
            [symbol] => PZM
            [name] => PRIZM
            [amount] => 1
            [last_updated] => 2020-01-17T08:20:02.000Z
            [quote] => stdClass Object
                (
                    [RUB] => stdClass Object
                        (
                            [price] => 14.685093340936
                            [last_updated] => 2020-01-17T08:20:02.000Z
                        )

                )

        )

)

stdClass Object
(
    [status] => stdClass Object
        (
            [timestamp] => 2020-01-17T08:26:04.704Z
            [error_code] => 0
            [error_message] => 
            [elapsed] => 15
            [credit_count] => 1
            [notice] => 
        )

    [data] => stdClass Object
        (
            [id] => 1681
            [symbol] => PZM
            [name] => PRIZM
            [amount] => 1
            [last_updated] => 2020-01-17T08:25:03.000Z
            [quote] => stdClass Object
                (
                    [RUB] => stdClass Object
                        (
                            [price] => 14.615595441944
                            [last_updated] => 2020-01-17T08:25:02.000Z
                        )

                )

        )

)

stdClass Object
(
    [status] => stdClass Object
        (
            [timestamp] => 2020-01-17T08:26:23.536Z
            [error_code] => 0
            [error_message] => 
            [elapsed] => 11
            [credit_count] => 1
            [notice] => 
        )

    [data] => stdClass Object
        (
            [id] => 1681
            [symbol] => PZM
            [name] => PRIZM
            [amount] => 1
            [last_updated] => 2020-01-17T08:25:03.000Z
            [quote] => stdClass Object
                (
                    [RUB] => stdClass Object
                        (
                            [price] => 14.615595441944
                            [last_updated] => 2020-01-17T08:25:02.000Z
                        )

                )

        )

)

stdClass Object
(
    [status] => stdClass Object
        (
            [timestamp] => 2020-01-17T08:26:37.935Z
            [error_code] => 0
            [error_message] => 
            [elapsed] => 7
            [credit_count] => 1
            [notice] => 
        )

    [data] => stdClass Object
        (
            [id] => 1681
            [symbol] => PZM
            [name] => PRIZM
            [amount] => 1
            [last_updated] => 2020-01-17T08:26:02.000Z
            [quote] => stdClass Object
                (
                    [RUB] => stdClass Object
                        (
                            [price] => 14.648584909782
                            [last_updated] => 2020-01-17T08:26:02.000Z
                        )

                )

        )

)

stdClass Object
(
    [status] => stdClass Object
        (
            [timestamp] => 2020-01-17T08:26:47.384Z
            [error_code] => 0
            [error_message] => 
            [elapsed] => 20
            [credit_count] => 1
            [notice] => 
        )

    [data] => stdClass Object
        (
            [id] => 1681
            [symbol] => PZM
            [name] => PRIZM
            [amount] => 1
            [last_updated] => 2020-01-17T08:26:02.000Z
            [quote] => stdClass Object
                (
                    [RUB] => stdClass Object
                        (
                            [price] => 14.648584909782
                            [last_updated] => 2020-01-17T08:26:02.000Z
                        )

                )

        )

)

stdClass Object
(
    [status] => stdClass Object
        (
            [timestamp] => 2020-01-17T08:26:57.949Z
            [error_code] => 0
            [error_message] => 
            [elapsed] => 10
            [credit_count] => 1
            [notice] => 
        )

    [data] => stdClass Object
        (
            [id] => 1681
            [symbol] => PZM
            [name] => PRIZM
            [amount] => 1
            [last_updated] => 2020-01-17T08:26:02.000Z
            [quote] => stdClass Object
                (
                    [RUB] => stdClass Object
                        (
                            [price] => 14.648584909782
                            [last_updated] => 2020-01-17T08:26:02.000Z
                        )

                )

        )

)

stdClass Object
(
    [status] => stdClass Object
        (
            [timestamp] => 2020-01-17T08:31:00.896Z
            [error_code] => 0
            [error_message] => 
            [elapsed] => 14
            [credit_count] => 1
            [notice] => 
        )

    [data] => stdClass Object
        (
            [id] => 1681
            [symbol] => PZM
            [name] => PRIZM
            [amount] => 1
            [last_updated] => 2020-01-17T08:30:04.000Z
            [quote] => stdClass Object
                (
                    [RUB] => stdClass Object
                        (
                            [price] => 14.66825501445
                            [last_updated] => 2020-01-17T08:30:03.000Z
                        )

                )

        )

)

stdClass Object
(
    [status] => stdClass Object
        (
            [timestamp] => 2020-01-17T08:53:25.131Z
            [error_code] => 0
            [error_message] => 
            [elapsed] => 15
            [credit_count] => 1
            [notice] => 
        )

    [data] => stdClass Object
        (
            [id] => 1681
            [symbol] => PZM
            [name] => PRIZM
            [amount] => 1
            [last_updated] => 2020-01-17T08:52:05.000Z
            [quote] => stdClass Object
                (
                    [RUB] => stdClass Object
                        (
                            [price] => 14.66993389108
                            [last_updated] => 2020-01-17T08:52:01.000Z
                        )

                )

        )

)

stdClass Object
(
    [status] => stdClass Object
        (
            [timestamp] => 2020-01-17T08:57:26.755Z
            [error_code] => 0
            [error_message] => 
            [elapsed] => 10
            [credit_count] => 1
            [notice] => 
        )

    [data] => stdClass Object
        (
            [id] => 1681
            [symbol] => PZM
            [name] => PRIZM
            [amount] => 1
            [last_updated] => 2020-01-17T08:56:04.000Z
            [quote] => stdClass Object
                (
                    [RUB] => stdClass Object
                        (
                            [price] => 14.65393396751
                            [last_updated] => 2020-01-17T08:56:03.000Z
                        )

                )

        )

)

stdClass Object
(
    [status] => stdClass Object
        (
            [timestamp] => 2020-01-17T10:03:44.654Z
            [error_code] => 0
            [error_message] => 
            [elapsed] => 13
            [credit_count] => 1
            [notice] => 
        )

    [data] => stdClass Object
        (
            [id] => 1681
            [symbol] => PZM
            [name] => PRIZM
            [amount] => 1
            [last_updated] => 2020-01-17T10:03:03.000Z
            [quote] => stdClass Object
                (
                    [RUB] => stdClass Object
                        (
                            [price] => 14.593971327529
                            [last_updated] => 2020-01-17T10:03:02.000Z
                        )

                )

        )

)

stdClass Object
(
    [status] => stdClass Object
        (
            [timestamp] => 2020-01-17T10:03:57.968Z
            [error_code] => 0
            [error_message] => 
            [elapsed] => 13
            [credit_count] => 1
            [notice] => 
        )

    [data] => stdClass Object
        (
            [id] => 1681
            [symbol] => PZM
            [name] => PRIZM
            [amount] => 1
            [last_updated] => 2020-01-17T10:03:03.000Z
            [quote] => stdClass Object
                (
                    [RUB] => stdClass Object
                        (
                            [price] => 14.593971327529
                            [last_updated] => 2020-01-17T10:03:02.000Z
                        )

                )

        )

)

stdClass Object
(
    [status] => stdClass Object
        (
            [timestamp] => 2020-01-17T10:29:56.503Z
            [error_code] => 0
            [error_message] => 
            [elapsed] => 13
            [credit_count] => 1
            [notice] => 
        )

    [data] => stdClass Object
        (
            [id] => 1681
            [symbol] => PZM
            [name] => PRIZM
            [amount] => 1
            [last_updated] => 2020-01-17T10:29:03.000Z
            [quote] => stdClass Object
                (
                    [RUB] => stdClass Object
                        (
                            [price] => 14.538570625744
                            [last_updated] => 2020-01-17T10:29:05.000Z
                        )

                )

        )

)

stdClass Object
(
    [status] => stdClass Object
        (
            [timestamp] => 2020-01-17T10:30:15.970Z
            [error_code] => 0
            [error_message] => 
            [elapsed] => 14
            [credit_count] => 1
            [notice] => 
        )

    [data] => stdClass Object
        (
            [id] => 1681
            [symbol] => PZM
            [name] => PRIZM
            [amount] => 1
            [last_updated] => 2020-01-17T10:29:03.000Z
            [quote] => stdClass Object
                (
                    [RUB] => stdClass Object
                        (
                            [price] => 14.538570625744
                            [last_updated] => 2020-01-17T10:29:05.000Z
                        )

                )

        )

)

stdClass Object
(
    [status] => stdClass Object
        (
            [timestamp] => 2020-01-17T10:31:04.033Z
            [error_code] => 0
            [error_message] => 
            [elapsed] => 10
            [credit_count] => 1
            [notice] => 
        )

    [data] => stdClass Object
        (
            [id] => 1681
            [symbol] => PZM
            [name] => PRIZM
            [amount] => 1
            [last_updated] => 2020-01-17T10:30:02.000Z
            [quote] => stdClass Object
                (
                    [RUB] => stdClass Object
                        (
                            [price] => 14.52726630064
                            [last_updated] => 2020-01-17T10:30:03.000Z
                        )

                )

        )

)

stdClass Object
(
    [status] => stdClass Object
        (
            [timestamp] => 2020-01-17T10:32:55.773Z
            [error_code] => 0
            [error_message] => 
            [elapsed] => 12
            [credit_count] => 1
            [notice] => 
        )

    [data] => stdClass Object
        (
            [id] => 1681
            [symbol] => PZM
            [name] => PRIZM
            [amount] => 1
            [last_updated] => 2020-01-17T10:32:05.000Z
            [quote] => stdClass Object
                (
                    [RUB] => stdClass Object
                        (
                            [price] => 14.491812228063
                            [last_updated] => 2020-01-17T10:32:01.000Z
                        )

                )

        )

)

stdClass Object
(
    [status] => stdClass Object
        (
            [timestamp] => 2020-01-17T10:38:30.587Z
            [error_code] => 0
            [error_message] => 
            [elapsed] => 12
            [credit_count] => 1
            [notice] => 
        )

    [data] => stdClass Object
        (
            [id] => 1681
            [symbol] => PZM
            [name] => PRIZM
            [amount] => 1
            [last_updated] => 2020-01-17T10:37:03.000Z
            [quote] => stdClass Object
                (
                    [RUB] => stdClass Object
                        (
                            [price] => 14.555316917089
                            [last_updated] => 2020-01-17T10:37:02.000Z
                        )

                )

        )

)

stdClass Object
(
    [status] => stdClass Object
        (
            [timestamp] => 2020-01-17T10:50:29.292Z
            [error_code] => 0
            [error_message] => 
            [elapsed] => 15
            [credit_count] => 1
            [notice] => 
        )

    [data] => stdClass Object
        (
            [id] => 1681
            [symbol] => PZM
            [name] => PRIZM
            [amount] => 1
            [last_updated] => 2020-01-17T10:49:04.000Z
            [quote] => stdClass Object
                (
                    [RUB] => stdClass Object
                        (
                            [price] => 14.492825481329
                            [last_updated] => 2020-01-17T10:49:01.000Z
                        )

                )

        )

)

stdClass Object
(
    [status] => stdClass Object
        (
            [timestamp] => 2020-01-17T10:50:44.748Z
            [error_code] => 0
            [error_message] => 
            [elapsed] => 10
            [credit_count] => 1
            [notice] => 
        )

    [data] => stdClass Object
        (
            [id] => 1681
            [symbol] => PZM
            [name] => PRIZM
            [amount] => 1
            [last_updated] => 2020-01-17T10:50:03.000Z
            [quote] => stdClass Object
                (
                    [RUB] => stdClass Object
                        (
                            [price] => 14.512060661626
                            [last_updated] => 2020-01-17T10:50:02.000Z
                        )

                )

        )

)

stdClass Object
(
    [status] => stdClass Object
        (
            [timestamp] => 2020-01-17T10:51:59.159Z
            [error_code] => 0
            [error_message] => 
            [elapsed] => 7
            [credit_count] => 1
            [notice] => 
        )

    [data] => stdClass Object
        (
            [id] => 1681
            [symbol] => PZM
            [name] => PRIZM
            [amount] => 1
            [last_updated] => 2020-01-17T10:51:04.000Z
            [quote] => stdClass Object
                (
                    [RUB] => stdClass Object
                        (
                            [price] => 14.508403959321
                            [last_updated] => 2020-01-17T10:51:01.000Z
                        )

                )

        )

)

stdClass Object
(
    [status] => stdClass Object
        (
            [timestamp] => 2020-01-17T10:53:57.877Z
            [error_code] => 0
            [error_message] => 
            [elapsed] => 11
            [credit_count] => 1
            [notice] => 
        )

    [data] => stdClass Object
        (
            [id] => 1681
            [symbol] => PZM
            [name] => PRIZM
            [amount] => 1
            [last_updated] => 2020-01-17T10:53:02.000Z
            [quote] => stdClass Object
                (
                    [RUB] => stdClass Object
                        (
                            [price] => 14.468195066911
                            [last_updated] => 2020-01-17T10:53:04.000Z
                        )

                )

        )

)

stdClass Object
(
    [status] => stdClass Object
        (
            [timestamp] => 2020-01-17T10:54:16.734Z
            [error_code] => 0
            [error_message] => 
            [elapsed] => 12
            [credit_count] => 1
            [notice] => 
        )

    [data] => stdClass Object
        (
            [id] => 1681
            [symbol] => PZM
            [name] => PRIZM
            [amount] => 1
            [last_updated] => 2020-01-17T10:53:02.000Z
            [quote] => stdClass Object
                (
                    [RUB] => stdClass Object
                        (
                            [price] => 14.468195066911
                            [last_updated] => 2020-01-17T10:53:04.000Z
                        )

                )

        )

)

stdClass Object
(
    [status] => stdClass Object
        (
            [timestamp] => 2020-01-17T10:56:23.747Z
            [error_code] => 0
            [error_message] => 
            [elapsed] => 8
            [credit_count] => 1
            [notice] => 
        )

    [data] => stdClass Object
        (
            [id] => 1681
            [symbol] => PZM
            [name] => PRIZM
            [amount] => 1
            [last_updated] => 2020-01-17T10:55:02.000Z
            [quote] => stdClass Object
                (
                    [RUB] => stdClass Object
                        (
                            [price] => 14.453099622919
                            [last_updated] => 2020-01-17T10:55:04.000Z
                        )

                )

        )

)

stdClass Object
(
    [status] => stdClass Object
        (
            [timestamp] => 2020-01-17T10:57:57.353Z
            [error_code] => 0
            [error_message] => 
            [elapsed] => 15
            [credit_count] => 1
            [notice] => 
        )

    [data] => stdClass Object
        (
            [id] => 1681
            [symbol] => PZM
            [name] => PRIZM
            [amount] => 1
            [last_updated] => 2020-01-17T10:57:06.000Z
            [quote] => stdClass Object
                (
                    [RUB] => stdClass Object
                        (
                            [price] => 14.450536521389
                            [last_updated] => 2020-01-17T10:57:01.000Z
                        )

                )

        )

)

stdClass Object
(
    [status] => stdClass Object
        (
            [timestamp] => 2020-01-17T10:58:25.187Z
            [error_code] => 0
            [error_message] => 
            [elapsed] => 11
            [credit_count] => 1
            [notice] => 
        )

    [data] => stdClass Object
        (
            [id] => 1681
            [symbol] => PZM
            [name] => PRIZM
            [amount] => 1
            [last_updated] => 2020-01-17T10:57:06.000Z
            [quote] => stdClass Object
                (
                    [RUB] => stdClass Object
                        (
                            [price] => 14.450536521389
                            [last_updated] => 2020-01-17T10:57:01.000Z
                        )

                )

        )

)

stdClass Object
(
    [status] => stdClass Object
        (
            [timestamp] => 2020-01-17T10:59:45.379Z
            [error_code] => 0
            [error_message] => 
            [elapsed] => 11
            [credit_count] => 1
            [notice] => 
        )

    [data] => stdClass Object
        (
            [id] => 1681
            [symbol] => PZM
            [name] => PRIZM
            [amount] => 1
            [last_updated] => 2020-01-17T10:59:03.000Z
            [quote] => stdClass Object
                (
                    [RUB] => stdClass Object
                        (
                            [price] => 14.491091274821
                            [last_updated] => 2020-01-17T10:59:02.000Z
                        )

                )

        )

)

stdClass Object
(
    [status] => stdClass Object
        (
            [timestamp] => 2020-01-17T11:02:37.449Z
            [error_code] => 0
            [error_message] => 
            [elapsed] => 8
            [credit_count] => 1
            [notice] => 
        )

    [data] => stdClass Object
        (
            [id] => 1681
            [symbol] => PZM
            [name] => PRIZM
            [amount] => 1
            [last_updated] => 2020-01-17T11:02:02.000Z
            [quote] => stdClass Object
                (
                    [RUB] => stdClass Object
                        (
                            [price] => 14.445658253588
                            [last_updated] => 2020-01-17T11:02:04.000Z
                        )

                )

        )

)

stdClass Object
(
    [status] => stdClass Object
        (
            [timestamp] => 2020-01-17T11:03:00.558Z
            [error_code] => 0
            [error_message] => 
            [elapsed] => 12
            [credit_count] => 1
            [notice] => 
        )

    [data] => stdClass Object
        (
            [id] => 1681
            [symbol] => PZM
            [name] => PRIZM
            [amount] => 1
            [last_updated] => 2020-01-17T11:02:02.000Z
            [quote] => stdClass Object
                (
                    [RUB] => stdClass Object
                        (
                            [price] => 14.445658253588
                            [last_updated] => 2020-01-17T11:02:04.000Z
                        )

                )

        )

)

stdClass Object
(
    [status] => stdClass Object
        (
            [timestamp] => 2020-01-17T11:03:28.145Z
            [error_code] => 0
            [error_message] => 
            [elapsed] => 10
            [credit_count] => 1
            [notice] => 
        )

    [data] => stdClass Object
        (
            [id] => 1681
            [symbol] => PZM
            [name] => PRIZM
            [amount] => 1
            [last_updated] => 2020-01-17T11:02:02.000Z
            [quote] => stdClass Object
                (
                    [RUB] => stdClass Object
                        (
                            [price] => 14.445658253588
                            [last_updated] => 2020-01-17T11:02:04.000Z
                        )

                )

        )

)

stdClass Object
(
    [status] => stdClass Object
        (
            [timestamp] => 2020-01-17T11:04:01.993Z
            [error_code] => 0
            [error_message] => 
            [elapsed] => 6
            [credit_count] => 1
            [notice] => 
        )

    [data] => stdClass Object
        (
            [id] => 1681
            [symbol] => PZM
            [name] => PRIZM
            [amount] => 1
            [last_updated] => 2020-01-17T11:03:04.000Z
            [quote] => stdClass Object
                (
                    [RUB] => stdClass Object
                        (
                            [price] => 14.50247297553
                            [last_updated] => 2020-01-17T11:03:01.000Z
                        )

                )

        )

)

stdClass Object
(
    [status] => stdClass Object
        (
            [timestamp] => 2020-01-17T11:12:16.775Z
            [error_code] => 0
            [error_message] => 
            [elapsed] => 11
            [credit_count] => 1
            [notice] => 
        )

    [data] => stdClass Object
        (
            [id] => 1681
            [symbol] => PZM
            [name] => PRIZM
            [amount] => 1
            [last_updated] => 2020-01-17T11:11:02.000Z
            [quote] => stdClass Object
                (
                    [RUB] => stdClass Object
                        (
                            [price] => 14.42971501459
                            [last_updated] => 2020-01-17T11:11:04.000Z
                        )

                )

        )

)

stdClass Object
(
    [status] => stdClass Object
        (
            [timestamp] => 2020-01-17T11:12:49.026Z
            [error_code] => 0
            [error_message] => 
            [elapsed] => 14
            [credit_count] => 1
            [notice] => 
        )

    [data] => stdClass Object
        (
            [id] => 1681
            [symbol] => PZM
            [name] => PRIZM
            [amount] => 1
            [last_updated] => 2020-01-17T11:12:02.000Z
            [quote] => stdClass Object
                (
                    [RUB] => stdClass Object
                        (
                            [price] => 14.445789783279
                            [last_updated] => 2020-01-17T11:12:01.000Z
                        )

                )

        )

)

stdClass Object
(
    [status] => stdClass Object
        (
            [timestamp] => 2020-01-17T11:13:50.866Z
            [error_code] => 0
            [error_message] => 
            [elapsed] => 10
            [credit_count] => 1
            [notice] => 
        )

    [data] => stdClass Object
        (
            [id] => 1681
            [symbol] => PZM
            [name] => PRIZM
            [amount] => 1
            [last_updated] => 2020-01-17T11:13:03.000Z
            [quote] => stdClass Object
                (
                    [RUB] => stdClass Object
                        (
                            [price] => 14.445175595691
                            [last_updated] => 2020-01-17T11:13:02.000Z
                        )

                )

        )

)

stdClass Object
(
    [status] => stdClass Object
        (
            [timestamp] => 2020-01-17T11:32:37.152Z
            [error_code] => 0
            [error_message] => 
            [elapsed] => 11
            [credit_count] => 1
            [notice] => 
        )

    [data] => stdClass Object
        (
            [id] => 1681
            [symbol] => PZM
            [name] => PRIZM
            [amount] => 1
            [last_updated] => 2020-01-17T11:32:05.000Z
            [quote] => stdClass Object
                (
                    [RUB] => stdClass Object
                        (
                            [price] => 14.414538178014
                            [last_updated] => 2020-01-17T11:32:02.000Z
                        )

                )

        )

)

stdClass Object
(
    [status] => stdClass Object
        (
            [timestamp] => 2020-01-17T11:35:50.058Z
            [error_code] => 0
            [error_message] => 
            [elapsed] => 10
            [credit_count] => 1
            [notice] => 
        )

    [data] => stdClass Object
        (
            [id] => 1681
            [symbol] => PZM
            [name] => PRIZM
            [amount] => 1
            [last_updated] => 2020-01-17T11:35:03.000Z
            [quote] => stdClass Object
                (
                    [RUB] => stdClass Object
                        (
                            [price] => 14.400163162891
                            [last_updated] => 2020-01-17T11:35:02.000Z
                        )

                )

        )

)

stdClass Object
(
    [status] => stdClass Object
        (
            [timestamp] => 2020-01-17T11:35:53.080Z
            [error_code] => 0
            [error_message] => 
            [elapsed] => 12
            [credit_count] => 1
            [notice] => 
        )

    [data] => stdClass Object
        (
            [id] => 1681
            [symbol] => PZM
            [name] => PRIZM
            [amount] => 1
            [last_updated] => 2020-01-17T11:35:03.000Z
            [quote] => stdClass Object
                (
                    [RUB] => stdClass Object
                        (
                            [price] => 14.400163162891
                            [last_updated] => 2020-01-17T11:35:02.000Z
                        )

                )

        )

)

stdClass Object
(
    [status] => stdClass Object
        (
            [timestamp] => 2020-01-17T11:36:10.653Z
            [error_code] => 0
            [error_message] => 
            [elapsed] => 10
            [credit_count] => 1
            [notice] => 
        )

    [data] => stdClass Object
        (
            [id] => 1681
            [symbol] => PZM
            [name] => PRIZM
            [amount] => 1
            [last_updated] => 2020-01-17T11:35:03.000Z
            [quote] => stdClass Object
                (
                    [RUB] => stdClass Object
                        (
                            [price] => 14.400163162891
                            [last_updated] => 2020-01-17T11:35:02.000Z
                        )

                )

        )

)

stdClass Object
(
    [status] => stdClass Object
        (
            [timestamp] => 2020-01-17T11:36:14.128Z
            [error_code] => 0
            [error_message] => 
            [elapsed] => 11
            [credit_count] => 1
            [notice] => 
        )

    [data] => stdClass Object
        (
            [id] => 1681
            [symbol] => PZM
            [name] => PRIZM
            [amount] => 1
            [last_updated] => 2020-01-17T11:35:03.000Z
            [quote] => stdClass Object
                (
                    [RUB] => stdClass Object
                        (
                            [price] => 14.400163162891
                            [last_updated] => 2020-01-17T11:35:02.000Z
                        )

                )

        )

)

stdClass Object
(
    [status] => stdClass Object
        (
            [timestamp] => 2020-01-17T11:36:23.610Z
            [error_code] => 0
            [error_message] => 
            [elapsed] => 10
            [credit_count] => 1
            [notice] => 
        )

    [data] => stdClass Object
        (
            [id] => 1681
            [symbol] => PZM
            [name] => PRIZM
            [amount] => 1
            [last_updated] => 2020-01-17T11:35:03.000Z
            [quote] => stdClass Object
                (
                    [RUB] => stdClass Object
                        (
                            [price] => 14.400163162891
                            [last_updated] => 2020-01-17T11:35:02.000Z
                        )

                )

        )

)

stdClass Object
(
    [status] => stdClass Object
        (
            [timestamp] => 2020-01-17T11:36:27.736Z
            [error_code] => 0
            [error_message] => 
            [elapsed] => 17
            [credit_count] => 1
            [notice] => 
        )

    [data] => stdClass Object
        (
            [id] => 1681
            [symbol] => PZM
            [name] => PRIZM
            [amount] => 1
            [last_updated] => 2020-01-17T11:35:03.000Z
            [quote] => stdClass Object
                (
                    [RUB] => stdClass Object
                        (
                            [price] => 14.400163162891
                            [last_updated] => 2020-01-17T11:35:02.000Z
                        )

                )

        )

)

stdClass Object
(
    [status] => stdClass Object
        (
            [timestamp] => 2020-01-17T11:37:25.005Z
            [error_code] => 0
            [error_message] => 
            [elapsed] => 15
            [credit_count] => 1
            [notice] => 
        )

    [data] => stdClass Object
        (
            [id] => 1681
            [symbol] => PZM
            [name] => PRIZM
            [amount] => 1
            [last_updated] => 2020-01-17T11:36:02.000Z
            [quote] => stdClass Object
                (
                    [RUB] => stdClass Object
                        (
                            [price] => 14.409624203903
                            [last_updated] => 2020-01-17T11:36:02.000Z
                        )

                )

        )

)

stdClass Object
(
    [status] => stdClass Object
        (
            [timestamp] => 2020-01-17T11:38:04.020Z
            [error_code] => 0
            [error_message] => 
            [elapsed] => 12
            [credit_count] => 1
            [notice] => 
        )

    [data] => stdClass Object
        (
            [id] => 1681
            [symbol] => PZM
            [name] => PRIZM
            [amount] => 1
            [last_updated] => 2020-01-17T11:37:03.000Z
            [quote] => stdClass Object
                (
                    [RUB] => stdClass Object
                        (
                            [price] => 14.380526684144
                            [last_updated] => 2020-01-17T11:37:01.000Z
                        )

                )

        )

)

stdClass Object
(
    [status] => stdClass Object
        (
            [timestamp] => 2020-01-17T11:39:04.772Z
            [error_code] => 0
            [error_message] => 
            [elapsed] => 11
            [credit_count] => 1
            [notice] => 
        )

    [data] => stdClass Object
        (
            [id] => 1681
            [symbol] => PZM
            [name] => PRIZM
            [amount] => 1
            [last_updated] => 2020-01-17T11:38:02.000Z
            [quote] => stdClass Object
                (
                    [RUB] => stdClass Object
                        (
                            [price] => 14.404707850337
                            [last_updated] => 2020-01-17T11:38:02.000Z
                        )

                )

        )

)

stdClass Object
(
    [status] => stdClass Object
        (
            [timestamp] => 2020-01-17T11:42:21.668Z
            [error_code] => 0
            [error_message] => 
            [elapsed] => 11
            [credit_count] => 1
            [notice] => 
        )

    [data] => stdClass Object
        (
            [id] => 1681
            [symbol] => PZM
            [name] => PRIZM
            [amount] => 1
            [last_updated] => 2020-01-17T11:41:03.000Z
            [quote] => stdClass Object
                (
                    [RUB] => stdClass Object
                        (
                            [price] => 14.349229185891
                            [last_updated] => 2020-01-17T11:41:03.000Z
                        )

                )

        )

)

stdClass Object
(
    [status] => stdClass Object
        (
            [timestamp] => 2020-01-17T11:42:42.910Z
            [error_code] => 0
            [error_message] => 
            [elapsed] => 10
            [credit_count] => 1
            [notice] => 
        )

    [data] => stdClass Object
        (
            [id] => 1681
            [symbol] => PZM
            [name] => PRIZM
            [amount] => 1
            [last_updated] => 2020-01-17T11:42:04.000Z
            [quote] => stdClass Object
                (
                    [RUB] => stdClass Object
                        (
                            [price] => 14.275412917472
                            [last_updated] => 2020-01-17T11:42:03.000Z
                        )

                )

        )

)

stdClass Object
(
    [status] => stdClass Object
        (
            [timestamp] => 2020-01-17T11:43:34.413Z
            [error_code] => 0
            [error_message] => 
            [elapsed] => 11
            [credit_count] => 1
            [notice] => 
        )

    [data] => stdClass Object
        (
            [id] => 1681
            [symbol] => PZM
            [name] => PRIZM
            [amount] => 1
            [last_updated] => 2020-01-17T11:43:05.000Z
            [quote] => stdClass Object
                (
                    [RUB] => stdClass Object
                        (
                            [price] => 14.37701104757
                            [last_updated] => 2020-01-17T11:43:04.000Z
                        )

                )

        )

)

stdClass Object
(
    [status] => stdClass Object
        (
            [timestamp] => 2020-01-17T12:05:40.545Z
            [error_code] => 0
            [error_message] => 
            [elapsed] => 10
            [credit_count] => 1
            [notice] => 
        )

    [data] => stdClass Object
        (
            [id] => 1681
            [symbol] => PZM
            [name] => PRIZM
            [amount] => 1
            [last_updated] => 2020-01-17T12:05:03.000Z
            [quote] => stdClass Object
                (
                    [RUB] => stdClass Object
                        (
                            [price] => 14.355002215582
                            [last_updated] => 2020-01-17T12:05:02.000Z
                        )

                )

        )

)

stdClass Object
(
    [status] => stdClass Object
        (
            [timestamp] => 2020-01-17T14:13:22.861Z
            [error_code] => 0
            [error_message] => 
            [elapsed] => 14
            [credit_count] => 1
            [notice] => 
        )

    [data] => stdClass Object
        (
            [id] => 1681
            [symbol] => PZM
            [name] => PRIZM
            [amount] => 1
            [last_updated] => 2020-01-17T14:12:03.000Z
            [quote] => stdClass Object
                (
                    [RUB] => stdClass Object
                        (
                            [price] => 14.498627403914
                            [last_updated] => 2020-01-17T14:12:01.000Z
                        )

                )

        )

)

stdClass Object
(
    [status] => stdClass Object
        (
            [timestamp] => 2020-01-17T14:20:04.755Z
            [error_code] => 0
            [error_message] => 
            [elapsed] => 14
            [credit_count] => 1
            [notice] => 
        )

    [data] => stdClass Object
        (
            [id] => 1681
            [symbol] => PZM
            [name] => PRIZM
            [amount] => 1
            [last_updated] => 2020-01-17T14:19:04.000Z
            [quote] => stdClass Object
                (
                    [RUB] => stdClass Object
                        (
                            [price] => 14.686228161953
                            [last_updated] => 2020-01-17T14:19:01.000Z
                        )

                )

        )

)

stdClass Object
(
    [status] => stdClass Object
        (
            [timestamp] => 2020-01-17T14:20:44.011Z
            [error_code] => 0
            [error_message] => 
            [elapsed] => 11
            [credit_count] => 1
            [notice] => 
        )

    [data] => stdClass Object
        (
            [id] => 1681
            [symbol] => PZM
            [name] => PRIZM
            [amount] => 1
            [last_updated] => 2020-01-17T14:20:03.000Z
            [quote] => stdClass Object
                (
                    [RUB] => stdClass Object
                        (
                            [price] => 14.695717115761
                            [last_updated] => 2020-01-17T14:20:01.000Z
                        )

                )

        )

)

stdClass Object
(
    [status] => stdClass Object
        (
            [timestamp] => 2020-01-17T14:21:09.128Z
            [error_code] => 0
            [error_message] => 
            [elapsed] => 11
            [credit_count] => 1
            [notice] => 
        )

    [data] => stdClass Object
        (
            [id] => 1681
            [symbol] => PZM
            [name] => PRIZM
            [amount] => 1
            [last_updated] => 2020-01-17T14:20:03.000Z
            [quote] => stdClass Object
                (
                    [RUB] => stdClass Object
                        (
                            [price] => 14.695717115761
                            [last_updated] => 2020-01-17T14:20:01.000Z
                        )

                )

        )

)

stdClass Object
(
    [status] => stdClass Object
        (
            [timestamp] => 2020-01-17T14:21:43.059Z
            [error_code] => 0
            [error_message] => 
            [elapsed] => 11
            [credit_count] => 1
            [notice] => 
        )

    [data] => stdClass Object
        (
            [id] => 1681
            [symbol] => PZM
            [name] => PRIZM
            [amount] => 1
            [last_updated] => 2020-01-17T14:21:02.000Z
            [quote] => stdClass Object
                (
                    [RUB] => stdClass Object
                        (
                            [price] => 14.692700682662
                            [last_updated] => 2020-01-17T14:21:01.000Z
                        )

                )

        )

)

