cur_date: 20.03.20; filter: 20.03.20
cur_date: 22.03.20; filter: 20.03.20
cur_date: 27.03.20; filter: 20.03.20
cur_date: 02.04.20; filter: 20.03.20
cur_date: 20-03-20; filter: 20.03.20
cur_date: 22-03-20; filter: 20.03.20
cur_date: 27-03-20; filter: 20.03.20
cur_date: 02-04-20; filter: 20.03.20
cur_date: 20-03-20; filter: 27.03.20
cur_date: 22-03-20; filter: 27.03.20
cur_date: 27-03-20; filter: 27.03.20
cur_date: 02-04-20; filter: 27.03.20
cur_date: 20-03-20; filter: 27.03.20
cur_date: 22-03-20; filter: 27.03.20
cur_date: 27-03-20; filter: 27.03.20
cur_date: 02-04-20; filter: 27.03.20
cur_date: 20-03-20; filter: 20.03.20
cur_date: 22-03-20; filter: 20.03.20
cur_date: 27-03-20; filter: 20.03.20
cur_date: 02-04-20; filter: 20.03.20
cur_date: 1585857800; filter: 20.03.20
cur_date: 1585865000; filter: 20.03.20
cur_date: 1585267200; filter: 20.03.20
cur_date: 1585793060; filter: 20.03.20
cur_date: 02.04.20; filter: 20.03.20
cur_date: 02.04.20; filter: 20.03.20
cur_date: 27.03.20; filter: 20.03.20
cur_date: 02.04.20; filter: 20.03.20
cur_date: 1585857800; filter: 20.03.20
cur_date: 1585865000; filter: 20.03.20
cur_date: 1585267200; filter: 20.03.20
cur_date: 1585793060; filter: 20.03.20
cur_date: 1585857800; filter: 03/20/2020
cur_date: 1585865000; filter: 03/20/2020
cur_date: 1585267200; filter: 03/20/2020
cur_date: 1585793060; filter: 03/20/2020
cur_date: 20.03.20; filter: 03/20/2020
cur_date: 22.03.20; filter: 03/20/2020
cur_date: 27.03.20; filter: 03/20/2020
cur_date: 02.04.20; filter: 03/20/2020
cur_date: 20.03.20; filter: 03/27/2020
cur_date: 22.03.20; filter: 03/27/2020
cur_date: 27.03.20; filter: 03/27/2020
cur_date: 02.04.20; filter: 03/27/2020
cur_date: 20.03.20; filter: 04/02/2020
cur_date: 22.03.20; filter: 04/02/2020
cur_date: 27.03.20; filter: 04/02/2020
cur_date: 02.04.20; filter: 04/02/2020
