post: Array
(
    [Bitcoin] => Array
        (
            [type] => buy
            [acquiring] => 2.5
            [site] => 
            [slav] => 2
            [prizm] => 3
            [alt] => 5
            [Бетон-м450_м³] => 2
            [нефть Urals 1 барель] => 3
        )

    [Услуга 500] => Array
        (
            [type] => buy
            [acquiring] => 2.5
            [site] => 
            [slav] => 2
            [prizm] => 3
            [alt] => 5
            [Бетон-м450_м³] => 2
            [нефть Urals 1 барель] => 3
        )

    [Сталь] => Array
        (
            [type] => sell
            [acquiring] => 2.5
            [site] => 
            [slav] => 2
            [prizm] => 3
            [alt] => 5
            [Бетон-м450_м³] => 2
            [нефть Urals 1 барель] => 3
        )

)

post: Array
(
    [Услуга 500] => Array
        (
            [type] => buy
            [acquiring] => 2.5
            [site] => 
            [slav] => 4
            [prizm] => 3
            [alt] => 2
            [Бетон-м450_м³] => 3
            [нефть Urals 1 барель] => 3
        )

    [Сталь] => Array
        (
            [type] => sell
            [acquiring] => 2.5
            [site] => 
            [slav] => 1
            [prizm] => 5
            [alt] => 7
            [Бетон-м450_м³] => 3
            [нефть Urals 1 барель] => 2
        )

    [Bitcoin] => Array
        (
            [type] => sell
            [acquiring] => 2.5
            [site] => 
            [slav] => 2
            [prizm] => 2
            [alt] => 1
            [Бетон-м450_м³] => 5
            [нефть Urals 1 барель] => 33
        )

)

post: Array
(
    [Услуга 500] => Array
        (
            [type] => buy
            [acquiring] => 2.5
            [site] => 
            [slav] => 4
            [prizm] => 3
            [alt] => 2
            [Бетон-м450_м³] => 3
            [нефть Urals 1 барель] => 3
        )

    [Сталь] => Array
        (
            [type] => sell
            [acquiring] => 2.5
            [site] => 
            [slav] => 1
            [prizm] => 5
            [alt] => 7
            [Бетон-м450_м³] => 3
            [нефть Urals 1 барель] => 2
        )

    [Bitcoin] => Array
        (
            [type] => sell
            [acquiring] => 2.5
            [site] => 
            [slav] => 2
            [prizm] => 2
            [alt] => 1
            [Бетон-м450_м³] => 5
            [нефть Urals 1 барель] => 33
        )

    [Золото 1_г.] => Array
        (
            [type] => buy
            [acquiring] => 2.5
            [site] => 
            [slav] => 4
            [prizm] => 3
            [alt] => 25
            [Бетон-м450_м³] => 3
            [нефть Urals 1 барель] => 3
        )

)

