order:Array
(
    [paymentSystem] => VISA
    [merchantShortName] => slv
    [merchantLogin] => slv
    [approvalCode] => 123456
    [orderNumber] => 8001
    [backUrl] => https://3dsec.sberbank.ru/payment/docsite/finish_modal.html?orderId=b4fc7b26-c4a4-746d-9ee1-7ae75e2dc596&lang=ru
    [failUrl] => https://3dsec.sberbank.ru/payment/docsite/finish_modal.html?orderId=b4fc7b26-c4a4-746d-9ee1-7ae75e2dc596&lang=ru
    [terminalId] => 123456
    [orderDescription] => 
    [merchantFullName] => SLV
    [transDate] => 10.02.2020 19:07:54
    [digest] => 604DC4BC94953AA96BCAA366460942AF6373C8671BF07708BB5EB0BC090B8B89
    [currency] => 643
    [expiry] => 12/2024
    [formattedAmount] => 50.00
    [actionCodeDescription] => 
    [formattedFeeAmount] => 0.00
    [email] => bakip14521@era7mail.com
    [amount] => 5000
    [merchantCode] => 12345678
    [ip] => 188.242.105.111
    [panMasked] => 411111**1111
    [successUrl] => https://3dsec.sberbank.ru/payment/docsite/finish_modal.html?orderId=b4fc7b26-c4a4-746d-9ee1-7ae75e2dc596&lang=ru
    [processingErrorType] => Array
        (
            [value] => NO_ERROR
            [messageCode] => payment.errors.no_error
        )

    [panMasked4digits] => **** **** **** 1111
    [errorTypeName] => SUCCESS
    [feeAmount] => 0
    [orderExpired] => false
    [refNum] => 075999134861
    [finishPageLogin] => sbersafe
    [cardholderName] => CARD HOLDER
    [paymentDate] => 10.02.2020 19:08:00
    [merchantUrl] => http://slv.a99953zd.beget.tech/
    [status] => DEPOSITED
)

_________________________________
sberbank_digest:604DC4BC94953AA96BCAA366460942AF6373C8671BF07708BB5EB0BC090B8B89
checksum_before_hashing:DEPOSITED50.006431234568001411111**111107599913486110.02.2020 19:08:000.00;
hmac_sha256 hash: f1b760e2f025bcac82da2c42cb4c66f7a5763a9412de277977d0b4ad6af664af
usual sha256 hash: b7ad9cdef5b745e9d3be2e5dd53c28eaca4293f4a3ec8e5be26cbed923353c72
_________________________________
order:Array
(
    [paymentSystem] => VISA
    [merchantShortName] => slv
    [merchantLogin] => slv
    [approvalCode] => 123456
    [orderNumber] => 8002
    [backUrl] => https://3dsec.sberbank.ru/payment/docsite/finish_modal.html?orderId=e675bedd-8a0c-7254-b521-73f15e2dc596&lang=ru
    [failUrl] => https://3dsec.sberbank.ru/payment/docsite/finish_modal.html?orderId=e675bedd-8a0c-7254-b521-73f15e2dc596&lang=ru
    [terminalId] => 123456
    [orderDescription] => 
    [merchantFullName] => SLV
    [transDate] => 10.02.2020 19:10:41
    [digest] => 9E03F5E17D1AD0DF1E9DCCCBBA0528124FFD14E8F7F5CFEBF51217977529171F
    [currency] => 643
    [expiry] => 12/2024
    [formattedAmount] => 50.00
    [actionCodeDescription] => 
    [formattedFeeAmount] => 0.00
    [email] => bakip14521@era7mail.com
    [amount] => 5000
    [merchantCode] => 12345678
    [ip] => 188.242.105.111
    [panMasked] => 411111**1111
    [successUrl] => https://3dsec.sberbank.ru/payment/docsite/finish_modal.html?orderId=e675bedd-8a0c-7254-b521-73f15e2dc596&lang=ru
    [processingErrorType] => Array
        (
            [value] => NO_ERROR
            [messageCode] => payment.errors.no_error
        )

    [panMasked4digits] => **** **** **** 1111
    [errorTypeName] => SUCCESS
    [feeAmount] => 0
    [orderExpired] => false
    [refNum] => 595823018526
    [finishPageLogin] => sbersafe
    [cardholderName] => CARD HOLDER
    [paymentDate] => 10.02.2020 19:10:50
    [merchantUrl] => http://slv.a99953zd.beget.tech/
    [status] => DEPOSITED
)

_________________________________
sberbank_digest:9E03F5E17D1AD0DF1E9DCCCBBA0528124FFD14E8F7F5CFEBF51217977529171F
checksum_before_hashing:DEPOSITED50.006431234568002411111**111159582301852610.02.2020 19:10:500.00uaihtrgiuira6q765uh71222j8;
hmac_sha256 hash: 9e03f5e17d1ad0df1e9dcccbba0528124ffd14e8f7f5cfebf51217977529171f
usual sha256 hash: 28733ea004da0c50f728c644b96999ab96e37f9dff2d7beb5ce33cbb5f416b44
_________________________________
sberbank_digest:0383F668FB59F9F831D6F71BD84EC37E00A6F5049D128AABF17FD7DF8EB5B508
checksum_before_hashing:DEPOSITED50.006431234568003411111**111190137443400410.02.2020 19:14:270.00uaihtrgiuira6q765uh71222j8;
hmac_sha256 hash: 0383F668FB59F9F831D6F71BD84EC37E00A6F5049D128AABF17FD7DF8EB5B508
checksum is equal
_________________________________
sberbank_digest:E34056C2F615AFE9A28B20ED82D6DF65B21C4E61BAE4B89D9E300EB46CBDFE28
hmac_sha256 hash: E34056C2F615AFE9A28B20ED82D6DF65B21C4E61BAE4B89D9E300EB46CBDFE28
checksum is equal
_________________________________
sberbank_digest:A97BBC6D18BFF3DC9A874FEC46EE29462B333F9A6CFCAEF0F3E036C2915AF533
hmac_sha256 hash: A97BBC6D18BFF3DC9A874FEC46EE29462B333F9A6CFCAEF0F3E036C2915AF533
checksum is equal
_________________________________
