email: noepinephrine@mail.com; text: 
    <p>Вы или кто то другой зарегистрировались на сайте "МПК СЛАВИЯ" со следующими данными:</p>
    <p>Логин: Test 12</p>
    <p>Пароль: dead9816</p><p>Если это были вы, то подтвердите свою регистрацию перейдя по ссылке ниже:</p>
        <p><a href="http://vnuk2.ev88.fvds.ru/?rcl-confirmdata=WyJUZXN0IDEyIiwiZjQ1N2M1NDVhOWRlZDg4ZjE4ZWNlZTQ3MTQ1YTcyYzAiXQ%3D%3D">http://vnuk2.ev88.fvds.ru/?rcl-confirmdata=WyJUZXN0IDEyIiwiZjQ1N2M1NDVhOWRlZDg4ZjE4ZWNlZTQ3MTQ1YTcyYzAiXQ%3D%3D</a></p>
        <p>Не получается активировать аккаунт?</p>
        <p>Скопируйте текст ссылки ниже, вставьте его в адресную строку браузера и нажмите Enter</p><p>Если это были не вы, то просто проигнорируйте это письмо</p><p><small>-----------------------------------------------------<br/>
    Это сообщение было сформировано автоматически, не надо отвечать на него.<br/>
    "МПК СЛАВИЯ"</small></p>; headers: From: МПК СЛАВИЯ <cms.pkslav@gmail.com>
Reply-To: МПК СЛАВИЯ <cms.pkslav@gmail.com>
Return-Path: МПК СЛАВИЯ <cms.pkslav@gmail.com>

email: noepinephrine@mail.ru; text: 
    <p>Вы или кто то другой зарегистрировались на сайте "МПК СЛАВИЯ" со следующими данными:</p>
    <p>Логин: Test 12</p>
    <p>Пароль: dead9816</p><p>Если это были вы, то подтвердите свою регистрацию перейдя по ссылке ниже:</p>
        <p><a href="http://vnuk2.ev88.fvds.ru/?rcl-confirmdata=WyJUZXN0IDEyIiwiYzBjN2M3NmQzMGJkM2RjYWVmYzk2ZjQwMjc1YmRjMGEiXQ%3D%3D">http://vnuk2.ev88.fvds.ru/?rcl-confirmdata=WyJUZXN0IDEyIiwiYzBjN2M3NmQzMGJkM2RjYWVmYzk2ZjQwMjc1YmRjMGEiXQ%3D%3D</a></p>
        <p>Не получается активировать аккаунт?</p>
        <p>Скопируйте текст ссылки ниже, вставьте его в адресную строку браузера и нажмите Enter</p><p>Если это были не вы, то просто проигнорируйте это письмо</p><p><small>-----------------------------------------------------<br/>
    Это сообщение было сформировано автоматически, не надо отвечать на него.<br/>
    "МПК СЛАВИЯ"</small></p>; headers: From: МПК СЛАВИЯ <cms.pkslav@gmail.com>
Reply-To: МПК СЛАВИЯ <cms.pkslav@gmail.com>
Return-Path: МПК СЛАВИЯ <cms.pkslav@gmail.com>

email: noepinephrine@gmail.com; text: 
    <p>Вы или кто то другой зарегистрировались на сайте "МПК СЛАВИЯ" со следующими данными:</p>
    <p>Логин: dead</p>
    <p>Пароль: dead9816</p><p>Если это были вы, то подтвердите свою регистрацию перейдя по ссылке ниже:</p>
        <p><a href="http://vnuk2.ev88.fvds.ru/?rcl-confirmdata=WyJkZWFkIiwiMjgzODAyM2E3NzhkZmFlY2RjMjEyNzA4ZjcyMWI3ODgiXQ%3D%3D">http://vnuk2.ev88.fvds.ru/?rcl-confirmdata=WyJkZWFkIiwiMjgzODAyM2E3NzhkZmFlY2RjMjEyNzA4ZjcyMWI3ODgiXQ%3D%3D</a></p>
        <p>Не получается активировать аккаунт?</p>
        <p>Скопируйте текст ссылки ниже, вставьте его в адресную строку браузера и нажмите Enter</p><p>Если это были не вы, то просто проигнорируйте это письмо</p><p><small>-----------------------------------------------------<br/>
    Это сообщение было сформировано автоматически, не надо отвечать на него.<br/>
    "МПК СЛАВИЯ"</small></p>; headers: From: МПК СЛАВИЯ <cms.pkslav@gmail.com>
Reply-To: МПК СЛАВИЯ <cms.pkslav@gmail.com>
Return-Path: МПК СЛАВИЯ <cms.pkslav@gmail.com>

email: noepinephrine@gmail.com; text: <p>Ваш профиль был успешно верифицирован и теперь вы сможете совершать операции по обмену.</p><p>Перейдите на сайт vnuk2.ev88.fvds.ru, чтобы начать совершать операции.</p><p><small>-----------------------------------------------------<br/>
    Это сообщение было сформировано автоматически, не надо отвечать на него.<br/>
    "МПК СЛАВИЯ"</small></p>; headers: From: МПК СЛАВИЯ <cms.pkslav@gmail.com>
Reply-To: МПК СЛАВИЯ <cms.pkslav@gmail.com>
Return-Path: МПК СЛАВИЯ <cms.pkslav@gmail.com>

sberbank_digest:09C968C3881BD4774C921076FB450EA63E557CA77DDB43AFB1E553759FE10A57
hmac_sha256 hash: 09C968C3881BD4774C921076FB450EA63E557CA77DDB43AFB1E553759FE10A57
checksum is equal
_________________________________
filename:Акт приема RUB-51-03-11-10-48.pdf
filename:Акт возврата паевого взноса PRIZM-51-03-11-10-48.pdf
