email: jaaayy5ive@gmail.com; text: 
    <p>Вы или кто то другой зарегистрировались на сайте "МПК СЛАВИЯ" со следующими данными:</p>
    <p>Логин: riya elliott</p>
    <p>Пароль: riya elliott</p><p>Если это были вы, то подтвердите свою регистрацию перейдя по ссылке ниже:</p>
        <p><a href="http://vnuk2.ev88.fvds.ru/profile/?rcl-confirmdata=WyJyaXlhIGVsbGlvdHQiLCIwNzc3ZDVjMTdkNDA2NmI4MmFiODZkZmY4YTQ2YWY2ZiJd">http://vnuk2.ev88.fvds.ru/profile/?rcl-confirmdata=WyJyaXlhIGVsbGlvdHQiLCIwNzc3ZDVjMTdkNDA2NmI4MmFiODZkZmY4YTQ2YWY2ZiJd</a></p>
        <p>Не получается активировать аккаунт?</p>
        <p>Скопируйте текст ссылки ниже, вставьте его в адресную строку браузера и нажмите Enter</p><p>Если это были не вы, то просто проигнорируйте это письмо</p><p><small>-----------------------------------------------------<br/>
    Это сообщение было сформировано автоматически, не надо отвечать на него.<br/>
    "МПК СЛАВИЯ"</small></p>; headers: From: МПК СЛАВИЯ <cms.pkslav@gmail.com>
Reply-To: МПК СЛАВИЯ <cms.pkslav@gmail.com>
Return-Path: МПК СЛАВИЯ <cms.pkslav@gmail.com>

email: johnchappell6@gmail.com; text: 
    <p>Вы или кто то другой зарегистрировались на сайте "МПК СЛАВИЯ" со следующими данными:</p>
    <p>Логин: jaylene pennington</p>
    <p>Пароль: jaylene pennington</p><p>Если это были вы, то подтвердите свою регистрацию перейдя по ссылке ниже:</p>
        <p><a href="http://vnuk2.ev88.fvds.ru/profile/?rcl-confirmdata=WyJqYXlsZW5lIHBlbm5pbmd0b24iLCJmYTdjZGZhZDFhNWFhZjgzNzBlYmVkYTQ3YTFmZjFjMyJd">http://vnuk2.ev88.fvds.ru/profile/?rcl-confirmdata=WyJqYXlsZW5lIHBlbm5pbmd0b24iLCJmYTdjZGZhZDFhNWFhZjgzNzBlYmVkYTQ3YTFmZjFjMyJd</a></p>
        <p>Не получается активировать аккаунт?</p>
        <p>Скопируйте текст ссылки ниже, вставьте его в адресную строку браузера и нажмите Enter</p><p>Если это были не вы, то просто проигнорируйте это письмо</p><p><small>-----------------------------------------------------<br/>
    Это сообщение было сформировано автоматически, не надо отвечать на него.<br/>
    "МПК СЛАВИЯ"</small></p>; headers: From: МПК СЛАВИЯ <cms.pkslav@gmail.com>
Reply-To: МПК СЛАВИЯ <cms.pkslav@gmail.com>
Return-Path: МПК СЛАВИЯ <cms.pkslav@gmail.com>

email: salmonneil1@gmail.com; text: 
    <p>Вы или кто то другой зарегистрировались на сайте "МПК СЛАВИЯ" со следующими данными:</p>
    <p>Логин: jayda savage</p>
    <p>Пароль: jayda savage</p><p>Если это были вы, то подтвердите свою регистрацию перейдя по ссылке ниже:</p>
        <p><a href="http://vnuk2.ev88.fvds.ru/profile/?rcl-confirmdata=WyJqYXlkYSBzYXZhZ2UiLCI5NzY2NTI3ZjJiNWQzZTk1ZDRhNzMzZmNmYjc3YmQ3ZSJd">http://vnuk2.ev88.fvds.ru/profile/?rcl-confirmdata=WyJqYXlkYSBzYXZhZ2UiLCI5NzY2NTI3ZjJiNWQzZTk1ZDRhNzMzZmNmYjc3YmQ3ZSJd</a></p>
        <p>Не получается активировать аккаунт?</p>
        <p>Скопируйте текст ссылки ниже, вставьте его в адресную строку браузера и нажмите Enter</p><p>Если это были не вы, то просто проигнорируйте это письмо</p><p><small>-----------------------------------------------------<br/>
    Это сообщение было сформировано автоматически, не надо отвечать на него.<br/>
    "МПК СЛАВИЯ"</small></p>; headers: From: МПК СЛАВИЯ <cms.pkslav@gmail.com>
Reply-To: МПК СЛАВИЯ <cms.pkslav@gmail.com>
Return-Path: МПК СЛАВИЯ <cms.pkslav@gmail.com>

email: jshainer@gmail.com; text: 
    <p>Вы или кто то другой зарегистрировались на сайте "МПК СЛАВИЯ" со следующими данными:</p>
    <p>Логин: carley douglas</p>
    <p>Пароль: carley douglas</p><p>Если это были вы, то подтвердите свою регистрацию перейдя по ссылке ниже:</p>
        <p><a href="http://vnuk2.ev88.fvds.ru/profile/?rcl-confirmdata=WyJjYXJsZXkgZG91Z2xhcyIsIjdlNzc1N2IxZTEyYWJjYjczNmFiOWE3NTRmZmI2MTdhIl0%3D">http://vnuk2.ev88.fvds.ru/profile/?rcl-confirmdata=WyJjYXJsZXkgZG91Z2xhcyIsIjdlNzc1N2IxZTEyYWJjYjczNmFiOWE3NTRmZmI2MTdhIl0%3D</a></p>
        <p>Не получается активировать аккаунт?</p>
        <p>Скопируйте текст ссылки ниже, вставьте его в адресную строку браузера и нажмите Enter</p><p>Если это были не вы, то просто проигнорируйте это письмо</p><p><small>-----------------------------------------------------<br/>
    Это сообщение было сформировано автоматически, не надо отвечать на него.<br/>
    "МПК СЛАВИЯ"</small></p>; headers: From: МПК СЛАВИЯ <cms.pkslav@gmail.com>
Reply-To: МПК СЛАВИЯ <cms.pkslav@gmail.com>
Return-Path: МПК СЛАВИЯ <cms.pkslav@gmail.com>

email: paopao.ceron@icloud.com; text: 
    <p>Вы или кто то другой зарегистрировались на сайте "МПК СЛАВИЯ" со следующими данными:</p>
    <p>Логин: leila savage</p>
    <p>Пароль: leila savage</p><p>Если это были вы, то подтвердите свою регистрацию перейдя по ссылке ниже:</p>
        <p><a href="http://vnuk2.ev88.fvds.ru/profile/?rcl-confirmdata=WyJsZWlsYSBzYXZhZ2UiLCI1ODc4YTdhYjg0ZmI0MzQwMjEwNmM1NzU2NTg0NzJmYSJd">http://vnuk2.ev88.fvds.ru/profile/?rcl-confirmdata=WyJsZWlsYSBzYXZhZ2UiLCI1ODc4YTdhYjg0ZmI0MzQwMjEwNmM1NzU2NTg0NzJmYSJd</a></p>
        <p>Не получается активировать аккаунт?</p>
        <p>Скопируйте текст ссылки ниже, вставьте его в адресную строку браузера и нажмите Enter</p><p>Если это были не вы, то просто проигнорируйте это письмо</p><p><small>-----------------------------------------------------<br/>
    Это сообщение было сформировано автоматически, не надо отвечать на него.<br/>
    "МПК СЛАВИЯ"</small></p>; headers: From: МПК СЛАВИЯ <cms.pkslav@gmail.com>
Reply-To: МПК СЛАВИЯ <cms.pkslav@gmail.com>
Return-Path: МПК СЛАВИЯ <cms.pkslav@gmail.com>

