email: slavia55555@mail.ru; text: 
    <p>Вы или кто то другой зарегистрировались на сайте "МПК СЛАВИЯ" со следующими данными:</p>
    <p>Логин: aaa</p>
    <p>Пароль: aaa</p><p>Если это были вы, то подтвердите свою регистрацию перейдя по ссылке ниже:</p>
        <p><a href="http://vnuk2.ev88.fvds.ru/?rcl-confirmdata=WyJhYWEiLCJhNTc3MWJjZTkzZTIwMGMzNmY3Y2Q5ZGZkMGU1ZGVhYSJd">http://vnuk2.ev88.fvds.ru/?rcl-confirmdata=WyJhYWEiLCJhNTc3MWJjZTkzZTIwMGMzNmY3Y2Q5ZGZkMGU1ZGVhYSJd</a></p>
        <p>Не получается активировать аккаунт?</p>
        <p>Скопируйте текст ссылки ниже, вставьте его в адресную строку браузера и нажмите Enter</p><p>Если это были не вы, то просто проигнорируйте это письмо</p><p><small>-----------------------------------------------------<br/>
    Это сообщение было сформировано автоматически, не надо отвечать на него.<br/>
    "МПК СЛАВИЯ"</small></p>; headers: From: МПК СЛАВИЯ <noreply@vnuk2.ev88.fvds.ru>
Reply-To: МПК СЛАВИЯ <noreply@vnuk2.ev88.fvds.ru>
Return-Path: МПК СЛАВИЯ <noreply@vnuk2.ev88.fvds.ru>

email: aleksandr.zemyan@gmail.com; text: 
    <p>Вы или кто то другой зарегистрировались на сайте "МПК СЛАВИЯ" со следующими данными:</p>
    <p>Логин: aaa</p>
    <p>Пароль: aaa</p><p>Если это были вы, то подтвердите свою регистрацию перейдя по ссылке ниже:</p>
        <p><a href="http://vnuk2.ev88.fvds.ru/?rcl-confirmdata=WyJhYWEiLCJkNjdkOGFiNGY0YzEwYmYyMmFhMzUzZTI3ODc5MTMzYyJd">http://vnuk2.ev88.fvds.ru/?rcl-confirmdata=WyJhYWEiLCJkNjdkOGFiNGY0YzEwYmYyMmFhMzUzZTI3ODc5MTMzYyJd</a></p>
        <p>Не получается активировать аккаунт?</p>
        <p>Скопируйте текст ссылки ниже, вставьте его в адресную строку браузера и нажмите Enter</p><p>Если это были не вы, то просто проигнорируйте это письмо</p><p><small>-----------------------------------------------------<br/>
    Это сообщение было сформировано автоматически, не надо отвечать на него.<br/>
    "МПК СЛАВИЯ"</small></p>; headers: From: МПК СЛАВИЯ <noreply@vnuk2.ev88.fvds.ru>
Reply-To: МПК СЛАВИЯ <noreply@vnuk2.ev88.fvds.ru>
Return-Path: МПК СЛАВИЯ <noreply@vnuk2.ev88.fvds.ru>

email: slavia55555@mail.ru; text: 
    <p>Вы или кто то другой зарегистрировались на сайте "МПК СЛАВИЯ" со следующими данными:</p>
    <p>Логин: aaa</p>
    <p>Пароль: aaa</p><p>Если это были вы, то подтвердите свою регистрацию перейдя по ссылке ниже:</p>
        <p><a href="http://vnuk2.ev88.fvds.ru/?rcl-confirmdata=WyJhYWEiLCJkNjQ1OTIwZTM5NWZlZGFkN2JiYmVkMGVjYTNmZTJlMCJd">http://vnuk2.ev88.fvds.ru/?rcl-confirmdata=WyJhYWEiLCJkNjQ1OTIwZTM5NWZlZGFkN2JiYmVkMGVjYTNmZTJlMCJd</a></p>
        <p>Не получается активировать аккаунт?</p>
        <p>Скопируйте текст ссылки ниже, вставьте его в адресную строку браузера и нажмите Enter</p><p>Если это были не вы, то просто проигнорируйте это письмо</p><p><small>-----------------------------------------------------<br/>
    Это сообщение было сформировано автоматически, не надо отвечать на него.<br/>
    "МПК СЛАВИЯ"</small></p>; headers: From: МПК СЛАВИЯ <mail@vnuk2.ev88.fvds.ru>
Reply-To: МПК СЛАВИЯ <mail@vnuk2.ev88.fvds.ru>
Return-Path: МПК СЛАВИЯ <mail@vnuk2.ev88.fvds.ru>

email: slavia55555@mail.ru; text: 
    <p>Вы или кто то другой зарегистрировались на сайте "МПК СЛАВИЯ" со следующими данными:</p>
    <p>Логин: aaa</p>
    <p>Пароль: aaa</p><p>Если это были вы, то подтвердите свою регистрацию перейдя по ссылке ниже:</p>
        <p><a href="http://vnuk2.ev88.fvds.ru/?rcl-confirmdata=WyJhYWEiLCIzNDE2YTc1ZjRjZWE5MTA5NTA3Y2FjZDhlMmYyYWVmYyJd">http://vnuk2.ev88.fvds.ru/?rcl-confirmdata=WyJhYWEiLCIzNDE2YTc1ZjRjZWE5MTA5NTA3Y2FjZDhlMmYyYWVmYyJd</a></p>
        <p>Не получается активировать аккаунт?</p>
        <p>Скопируйте текст ссылки ниже, вставьте его в адресную строку браузера и нажмите Enter</p><p>Если это были не вы, то просто проигнорируйте это письмо</p><p><small>-----------------------------------------------------<br/>
    Это сообщение было сформировано автоматически, не надо отвечать на него.<br/>
    "МПК СЛАВИЯ"</small></p>; headers: From: МПК СЛАВИЯ <noreply@vnuk2.ev88.fvds.ru>
Reply-To: МПК СЛАВИЯ <noreply@vnuk2.ev88.fvds.ru>
Return-Path: МПК СЛАВИЯ <noreply@vnuk2.ev88.fvds.ru>

email: slavia55555@mail.ru; text: 
    <p>Вы или кто то другой зарегистрировались на сайте "МПК СЛАВИЯ" со следующими данными:</p>
    <p>Логин: aaa</p>
    <p>Пароль: aaa</p><p>Если это были вы, то подтвердите свою регистрацию перейдя по ссылке ниже:</p>
        <p><a href="http://vnuk2.ev88.fvds.ru/?rcl-confirmdata=WyJhYWEiLCJhMWQwYzZlODNmMDI3MzI3ZDg0NjEwNjNmNGFjNThhNiJd">http://vnuk2.ev88.fvds.ru/?rcl-confirmdata=WyJhYWEiLCJhMWQwYzZlODNmMDI3MzI3ZDg0NjEwNjNmNGFjNThhNiJd</a></p>
        <p>Не получается активировать аккаунт?</p>
        <p>Скопируйте текст ссылки ниже, вставьте его в адресную строку браузера и нажмите Enter</p><p>Если это были не вы, то просто проигнорируйте это письмо</p><p><small>-----------------------------------------------------<br/>
    Это сообщение было сформировано автоматически, не надо отвечать на него.<br/>
    "МПК СЛАВИЯ"</small></p>; headers: From: МПК СЛАВИЯ <cms.pkslav@gmail.com>
Reply-To: МПК СЛАВИЯ <cms.pkslav@gmail.com>
Return-Path: МПК СЛАВИЯ <cms.pkslav@gmail.com>

email: aleksandr.zemyan@gmail.com; text: 
    <p>Вы или кто то другой зарегистрировались на сайте "МПК СЛАВИЯ" со следующими данными:</p>
    <p>Логин: aaa</p>
    <p>Пароль: aaa</p><p>Если это были вы, то подтвердите свою регистрацию перейдя по ссылке ниже:</p>
        <p><a href="http://vnuk2.ev88.fvds.ru/?rcl-confirmdata=WyJhYWEiLCIxN2U2MjE2NmZjODU4NmRmYTRkMWJjMGUxNzQyYzA4YiJd">http://vnuk2.ev88.fvds.ru/?rcl-confirmdata=WyJhYWEiLCIxN2U2MjE2NmZjODU4NmRmYTRkMWJjMGUxNzQyYzA4YiJd</a></p>
        <p>Не получается активировать аккаунт?</p>
        <p>Скопируйте текст ссылки ниже, вставьте его в адресную строку браузера и нажмите Enter</p><p>Если это были не вы, то просто проигнорируйте это письмо</p><p><small>-----------------------------------------------------<br/>
    Это сообщение было сформировано автоматически, не надо отвечать на него.<br/>
    "МПК СЛАВИЯ"</small></p>; headers: From: МПК СЛАВИЯ <cms.pkslav@gmail.com>
Reply-To: МПК СЛАВИЯ <cms.pkslav@gmail.com>
Return-Path: МПК СЛАВИЯ <cms.pkslav@gmail.com>

