users: Array
(
    [0] => stdClass Object
        (
            [ID] => 15
        )

    [1] => stdClass Object
        (
            [ID] => 21
        )

    [2] => stdClass Object
        (
            [ID] => 6
        )

    [3] => stdClass Object
        (
            [ID] => 22
        )

    [4] => stdClass Object
        (
            [ID] => 11
        )

    [5] => stdClass Object
        (
            [ID] => 12
        )

    [6] => stdClass Object
        (
            [ID] => 7
        )

)

ref_percent: 0.2
ref_percent: 0.9
ref_percent: 
ref_percent: 
ref_percent: 
ref_percent: 0.1
ref_percent: 
filename:Акт приема PRIZM-25-02-17-07-52.pdf
filename:Акт возврата паевого взноса RUB-25-02-17-07-52.pdf
