asset_rate: 350
field: Array
(
    [type] => custom
    [slug] => user_documents
    [title] => Документы пользователя
    [content] => 
    [value] => Array
        (
            [0] => Array
                (
                    [date] => 05.05.20
                    [filename] => -приема-PRIZM-63-05-05-20-43.pdf
                    [url] => http://vnuk2.ev88.fvds.ru/wp-content/uploads/2020/05/Акт-приема-PRIZM-63-05-05-20-43.pdf
                )

            [1] => Array
                (
                    [date] => 05.05.20
                    [filename] => -возврата-паевого-взноса-RUB-63-05-05-20-43.pdf
                    [url] => http://vnuk2.ev88.fvds.ru/wp-content/uploads/2020/05/Акт-возврата-паевого-взноса-RUB-63-05-05-20-43.pdf
                )

            [6] => Array
                (
                    [date] => 17.05.20 15:29:26
                    [filename] => -возврата-паевого-взноса-RUB-63-05-17-15-29.pdf
                    [url] => http://vnuk2.ev88.fvds.ru/wp-content/uploads/2020/05/Акт-возврата-паевого-взноса-RUB-63-05-17-15-29.pdf
                )

            [3] => Array
                (
                    [date] => 17.05.20 15:46:57
                    [filename] => -приема-Блоки-Bonolit-d500-63-05-17-15-46.pdf
                    [url] => http://vnuk2.ev88.fvds.ru/wp-content/uploads/2020/05/Акт-приема-Блоки-Bonolit-d500-63-05-17-15-46.pdf
                )

        )

)

field: Array
(
    [type] => custom
    [slug] => user_documents
    [title] => Документы пользователя
    [content] => 
    [value] => Array
        (
            [0] => Array
                (
                    [date] => 05.05.20
                    [filename] => -приема-PRIZM-63-05-05-20-43.pdf
                    [url] => http://vnuk2.ev88.fvds.ru/wp-content/uploads/2020/05/Акт-приема-PRIZM-63-05-05-20-43.pdf
                )

            [1] => Array
                (
                    [date] => 05.05.20
                    [filename] => -возврата-паевого-взноса-RUB-63-05-05-20-43.pdf
                    [url] => http://vnuk2.ev88.fvds.ru/wp-content/uploads/2020/05/Акт-возврата-паевого-взноса-RUB-63-05-05-20-43.pdf
                )

            [3] => Array
                (
                    [date] => 17.05.20 15:46:57
                    [filename] => -приема-Блоки-Bonolit-d500-63-05-17-15-46.pdf
                    [url] => http://vnuk2.ev88.fvds.ru/wp-content/uploads/2020/05/Акт-приема-Блоки-Bonolit-d500-63-05-17-15-46.pdf
                )

            [4] => Array
                (
                    [date] => 17.05.20 15:48:13
                    [filename] => -возврата-паевого-взноса-RUB-63-05-17-15-48.pdf
                    [url] => http://vnuk2.ev88.fvds.ru/wp-content/uploads/2020/05/Акт-возврата-паевого-взноса-RUB-63-05-17-15-48.pdf
                )

        )

)

asset_rate: 350
is_deposit: 1
asset_rate: 532
doc_1: Array
(
    [date] => 17.05.20 16:01:14
    [filename] => -приема-Нефть-63-05-17-16-01.pdf
    [url] => http://vnuk2.ev88.fvds.ru/wp-content/uploads/2020/05/Акт-приема-Нефть-63-05-17-16-01.pdf
)

doc_2: 
asset_rate: 532
doc_1: Array
(
    [date] => 17.05.20 16:01:22
    [filename] => -приема-Нефть-63-05-17-16-01-1.pdf
    [url] => http://vnuk2.ev88.fvds.ru/wp-content/uploads/2020/05/Акт-приема-Нефть-63-05-17-16-01-1.pdf
)

doc_2: 
asset_rate: 532
doc_1: Array
(
    [date] => 17.05.20 16:04:30
    [filename] => -приема-Нефть-63-05-17-16-04.pdf
    [url] => http://vnuk2.ev88.fvds.ru/wp-content/uploads/2020/05/Акт-приема-Нефть-63-05-17-16-04.pdf
)

field: Array
(
    [type] => custom
    [slug] => user_documents
    [title] => Документы пользователя
    [content] => 
    [value] => Array
        (
            [0] => Array
                (
                    [date] => 05.05.20
                    [filename] => -приема-PRIZM-63-05-05-20-43.pdf
                    [url] => http://vnuk2.ev88.fvds.ru/wp-content/uploads/2020/05/Акт-приема-PRIZM-63-05-05-20-43.pdf
                )

            [1] => Array
                (
                    [date] => 05.05.20
                    [filename] => -возврата-паевого-взноса-RUB-63-05-05-20-43.pdf
                    [url] => http://vnuk2.ev88.fvds.ru/wp-content/uploads/2020/05/Акт-возврата-паевого-взноса-RUB-63-05-05-20-43.pdf
                )

            [3] => Array
                (
                    [date] => 17.05.20 15:46:57
                    [filename] => -приема-Блоки-Bonolit-d500-63-05-17-15-46.pdf
                    [url] => http://vnuk2.ev88.fvds.ru/wp-content/uploads/2020/05/Акт-приема-Блоки-Bonolit-d500-63-05-17-15-46.pdf
                )

            [4] => Array
                (
                    [date] => 17.05.20 15:48:13
                    [filename] => -возврата-паевого-взноса-RUB-63-05-17-15-48.pdf
                    [url] => http://vnuk2.ev88.fvds.ru/wp-content/uploads/2020/05/Акт-возврата-паевого-взноса-RUB-63-05-17-15-48.pdf
                )

            [5] => Array
                (
                    [date] => 17.05.20 15:50:25
                    [filename] => -возврата-паевого-взноса-RUB-63-05-17-15-50.pdf
                    [url] => http://vnuk2.ev88.fvds.ru/wp-content/uploads/2020/05/Акт-возврата-паевого-взноса-RUB-63-05-17-15-50.pdf
                )

            [6] => Array
                (
                    [date] => 17.05.20 15:54:21
                    [filename] => -возврата-паевого-взноса-RUB-63-05-17-15-54.pdf
                    [url] => http://vnuk2.ev88.fvds.ru/wp-content/uploads/2020/05/Акт-возврата-паевого-взноса-RUB-63-05-17-15-54.pdf
                )

        )

)

asset_rate: 8900
is_deposit: 1
doc_1: Array
(
    [date] => 17.05.20 16:09:42
    [filename] => -приема-BTC-63-05-17-16-09.pdf
    [url] => http://vnuk2.ev88.fvds.ru/wp-content/uploads/2020/05/Акт-приема-BTC-63-05-17-16-09.pdf
)

field: Array
(
    [type] => custom
    [slug] => user_documents
    [title] => Документы пользователя
    [content] => 
    [value] => Array
        (
            [0] => Array
                (
                    [date] => 05.05.20
                    [filename] => -приема-PRIZM-63-05-05-20-43.pdf
                    [url] => http://vnuk2.ev88.fvds.ru/wp-content/uploads/2020/05/Акт-приема-PRIZM-63-05-05-20-43.pdf
                )

            [1] => Array
                (
                    [date] => 05.05.20
                    [filename] => -возврата-паевого-взноса-RUB-63-05-05-20-43.pdf
                    [url] => http://vnuk2.ev88.fvds.ru/wp-content/uploads/2020/05/Акт-возврата-паевого-взноса-RUB-63-05-05-20-43.pdf
                )

            [3] => Array
                (
                    [date] => 17.05.20 15:46:57
                    [filename] => -приема-Блоки-Bonolit-d500-63-05-17-15-46.pdf
                    [url] => http://vnuk2.ev88.fvds.ru/wp-content/uploads/2020/05/Акт-приема-Блоки-Bonolit-d500-63-05-17-15-46.pdf
                )

            [4] => Array
                (
                    [date] => 17.05.20 15:48:13
                    [filename] => -возврата-паевого-взноса-RUB-63-05-17-15-48.pdf
                    [url] => http://vnuk2.ev88.fvds.ru/wp-content/uploads/2020/05/Акт-возврата-паевого-взноса-RUB-63-05-17-15-48.pdf
                )

            [5] => Array
                (
                    [date] => 17.05.20 15:50:25
                    [filename] => -возврата-паевого-взноса-RUB-63-05-17-15-50.pdf
                    [url] => http://vnuk2.ev88.fvds.ru/wp-content/uploads/2020/05/Акт-возврата-паевого-взноса-RUB-63-05-17-15-50.pdf
                )

            [6] => Array
                (
                    [date] => 17.05.20 15:54:21
                    [filename] => -возврата-паевого-взноса-RUB-63-05-17-15-54.pdf
                    [url] => http://vnuk2.ev88.fvds.ru/wp-content/uploads/2020/05/Акт-возврата-паевого-взноса-RUB-63-05-17-15-54.pdf
                )

            [7] => Array
                (
                    [date] => 17.05.20 16:09:42
                    [filename] => -приема-BTC-63-05-17-16-09.pdf
                    [url] => http://vnuk2.ev88.fvds.ru/wp-content/uploads/2020/05/Акт-приема-BTC-63-05-17-16-09.pdf
                )

        )

)

is_deposit: 
doc_1: Array
(
    [date] => 17.05.20 16:11:32
    [filename] => -приема-SLAV-63-05-17-16-11.pdf
    [url] => http://vnuk2.ev88.fvds.ru/wp-content/uploads/2020/05/Акт-приема-SLAV-63-05-17-16-11.pdf
)

field: Array
(
    [type] => custom
    [slug] => user_documents
    [title] => Документы пользователя
    [content] => 
    [value] => Array
        (
            [0] => Array
                (
                    [date] => 05.05.20
                    [filename] => -приема-PRIZM-63-05-05-20-43.pdf
                    [url] => http://vnuk2.ev88.fvds.ru/wp-content/uploads/2020/05/Акт-приема-PRIZM-63-05-05-20-43.pdf
                )

            [1] => Array
                (
                    [date] => 05.05.20
                    [filename] => -возврата-паевого-взноса-RUB-63-05-05-20-43.pdf
                    [url] => http://vnuk2.ev88.fvds.ru/wp-content/uploads/2020/05/Акт-возврата-паевого-взноса-RUB-63-05-05-20-43.pdf
                )

            [3] => Array
                (
                    [date] => 17.05.20 15:46:57
                    [filename] => -приема-Блоки-Bonolit-d500-63-05-17-15-46.pdf
                    [url] => http://vnuk2.ev88.fvds.ru/wp-content/uploads/2020/05/Акт-приема-Блоки-Bonolit-d500-63-05-17-15-46.pdf
                )

            [4] => Array
                (
                    [date] => 17.05.20 15:48:13
                    [filename] => -возврата-паевого-взноса-RUB-63-05-17-15-48.pdf
                    [url] => http://vnuk2.ev88.fvds.ru/wp-content/uploads/2020/05/Акт-возврата-паевого-взноса-RUB-63-05-17-15-48.pdf
                )

            [5] => Array
                (
                    [date] => 17.05.20 15:50:25
                    [filename] => -возврата-паевого-взноса-RUB-63-05-17-15-50.pdf
                    [url] => http://vnuk2.ev88.fvds.ru/wp-content/uploads/2020/05/Акт-возврата-паевого-взноса-RUB-63-05-17-15-50.pdf
                )

            [6] => Array
                (
                    [date] => 17.05.20 15:54:21
                    [filename] => -возврата-паевого-взноса-RUB-63-05-17-15-54.pdf
                    [url] => http://vnuk2.ev88.fvds.ru/wp-content/uploads/2020/05/Акт-возврата-паевого-взноса-RUB-63-05-17-15-54.pdf
                )

            [7] => Array
                (
                    [date] => 17.05.20 16:09:42
                    [filename] => -приема-BTC-63-05-17-16-09.pdf
                    [url] => http://vnuk2.ev88.fvds.ru/wp-content/uploads/2020/05/Акт-приема-BTC-63-05-17-16-09.pdf
                )

            [8] => Array
                (
                    [date] => 17.05.20 16:11:32
                    [filename] => -приема-SLAV-63-05-17-16-11.pdf
                    [url] => http://vnuk2.ev88.fvds.ru/wp-content/uploads/2020/05/Акт-приема-SLAV-63-05-17-16-11.pdf
                )

            [9] => Array
                (
                    [date] => 17.05.20 16:11:32
                    [filename] => -возврата-паевого-взноса-RUB-63-05-17-16-11.pdf
                    [url] => http://vnuk2.ev88.fvds.ru/wp-content/uploads/2020/05/Акт-возврата-паевого-взноса-RUB-63-05-17-16-11.pdf
                )

        )

)

asset_rate: 90010
asset_rate: 4572
asset_rate: 4572
asset_rate: 90010
is_deposit: 
doc_1: Array
(
    [date] => 17.05.20 16:14:20
    [filename] => -приема-Плутоний-63-05-17-16-14.pdf
    [url] => http://vnuk2.ev88.fvds.ru/wp-content/uploads/2020/05/Акт-приема-Плутоний-63-05-17-16-14.pdf
)

field: Array
(
    [type] => custom
    [slug] => user_documents
    [title] => Документы пользователя
    [content] => 
    [value] => Array
        (
            [0] => Array
                (
                    [date] => 05.05.20
                    [filename] => -приема-PRIZM-63-05-05-20-43.pdf
                    [url] => http://vnuk2.ev88.fvds.ru/wp-content/uploads/2020/05/Акт-приема-PRIZM-63-05-05-20-43.pdf
                )

            [1] => Array
                (
                    [date] => 05.05.20
                    [filename] => -возврата-паевого-взноса-RUB-63-05-05-20-43.pdf
                    [url] => http://vnuk2.ev88.fvds.ru/wp-content/uploads/2020/05/Акт-возврата-паевого-взноса-RUB-63-05-05-20-43.pdf
                )

            [3] => Array
                (
                    [date] => 17.05.20 15:46:57
                    [filename] => -приема-Блоки-Bonolit-d500-63-05-17-15-46.pdf
                    [url] => http://vnuk2.ev88.fvds.ru/wp-content/uploads/2020/05/Акт-приема-Блоки-Bonolit-d500-63-05-17-15-46.pdf
                )

            [4] => Array
                (
                    [date] => 17.05.20 15:48:13
                    [filename] => -возврата-паевого-взноса-RUB-63-05-17-15-48.pdf
                    [url] => http://vnuk2.ev88.fvds.ru/wp-content/uploads/2020/05/Акт-возврата-паевого-взноса-RUB-63-05-17-15-48.pdf
                )

            [5] => Array
                (
                    [date] => 17.05.20 15:50:25
                    [filename] => -возврата-паевого-взноса-RUB-63-05-17-15-50.pdf
                    [url] => http://vnuk2.ev88.fvds.ru/wp-content/uploads/2020/05/Акт-возврата-паевого-взноса-RUB-63-05-17-15-50.pdf
                )

            [6] => Array
                (
                    [date] => 17.05.20 15:54:21
                    [filename] => -возврата-паевого-взноса-RUB-63-05-17-15-54.pdf
                    [url] => http://vnuk2.ev88.fvds.ru/wp-content/uploads/2020/05/Акт-возврата-паевого-взноса-RUB-63-05-17-15-54.pdf
                )

            [7] => Array
                (
                    [date] => 17.05.20 16:09:42
                    [filename] => -приема-BTC-63-05-17-16-09.pdf
                    [url] => http://vnuk2.ev88.fvds.ru/wp-content/uploads/2020/05/Акт-приема-BTC-63-05-17-16-09.pdf
                )

            [8] => Array
                (
                    [date] => 17.05.20 16:11:32
                    [filename] => -приема-SLAV-63-05-17-16-11.pdf
                    [url] => http://vnuk2.ev88.fvds.ru/wp-content/uploads/2020/05/Акт-приема-SLAV-63-05-17-16-11.pdf
                )

            [9] => Array
                (
                    [date] => 17.05.20 16:11:32
                    [filename] => -возврата-паевого-взноса-RUB-63-05-17-16-11.pdf
                    [url] => http://vnuk2.ev88.fvds.ru/wp-content/uploads/2020/05/Акт-возврата-паевого-взноса-RUB-63-05-17-16-11.pdf
                )

            [10] => Array
                (
                    [date] => 17.05.20 16:14:20
                    [filename] => -приема-Плутоний-63-05-17-16-14.pdf
                    [url] => http://vnuk2.ev88.fvds.ru/wp-content/uploads/2020/05/Акт-приема-Плутоний-63-05-17-16-14.pdf
                )

            [11] => Array
                (
                    [date] => 17.05.20 16:14:20
                    [filename] => -возврата-паевого-взноса-Медь-63-05-17-16-14.pdf
                    [url] => http://vnuk2.ev88.fvds.ru/wp-content/uploads/2020/05/Акт-возврата-паевого-взноса-Медь-63-05-17-16-14.pdf
                )

        )

)

asset_rate: 8900
is_deposit: 1
doc_1: Array
(
    [date] => 17.05.20 16:15:23
    [filename] => -внесение-целевого-взносаBTC-63-05-17-16-15.pdf
    [url] => http://vnuk2.ev88.fvds.ru/wp-content/uploads/2020/05/Акт-внесение-целевого-взносаBTC-63-05-17-16-15.pdf
)

field: Array
(
    [type] => custom
    [slug] => user_documents
    [title] => Документы пользователя
    [content] => 
    [value] => Array
        (
            [0] => Array
                (
                    [date] => 05.05.20
                    [filename] => -приема-PRIZM-63-05-05-20-43.pdf
                    [url] => http://vnuk2.ev88.fvds.ru/wp-content/uploads/2020/05/Акт-приема-PRIZM-63-05-05-20-43.pdf
                )

            [1] => Array
                (
                    [date] => 05.05.20
                    [filename] => -возврата-паевого-взноса-RUB-63-05-05-20-43.pdf
                    [url] => http://vnuk2.ev88.fvds.ru/wp-content/uploads/2020/05/Акт-возврата-паевого-взноса-RUB-63-05-05-20-43.pdf
                )

            [3] => Array
                (
                    [date] => 17.05.20 15:46:57
                    [filename] => -приема-Блоки-Bonolit-d500-63-05-17-15-46.pdf
                    [url] => http://vnuk2.ev88.fvds.ru/wp-content/uploads/2020/05/Акт-приема-Блоки-Bonolit-d500-63-05-17-15-46.pdf
                )

            [4] => Array
                (
                    [date] => 17.05.20 15:48:13
                    [filename] => -возврата-паевого-взноса-RUB-63-05-17-15-48.pdf
                    [url] => http://vnuk2.ev88.fvds.ru/wp-content/uploads/2020/05/Акт-возврата-паевого-взноса-RUB-63-05-17-15-48.pdf
                )

            [5] => Array
                (
                    [date] => 17.05.20 15:50:25
                    [filename] => -возврата-паевого-взноса-RUB-63-05-17-15-50.pdf
                    [url] => http://vnuk2.ev88.fvds.ru/wp-content/uploads/2020/05/Акт-возврата-паевого-взноса-RUB-63-05-17-15-50.pdf
                )

            [6] => Array
                (
                    [date] => 17.05.20 15:54:21
                    [filename] => -возврата-паевого-взноса-RUB-63-05-17-15-54.pdf
                    [url] => http://vnuk2.ev88.fvds.ru/wp-content/uploads/2020/05/Акт-возврата-паевого-взноса-RUB-63-05-17-15-54.pdf
                )

            [7] => Array
                (
                    [date] => 17.05.20 16:09:42
                    [filename] => -приема-BTC-63-05-17-16-09.pdf
                    [url] => http://vnuk2.ev88.fvds.ru/wp-content/uploads/2020/05/Акт-приема-BTC-63-05-17-16-09.pdf
                )

            [8] => Array
                (
                    [date] => 17.05.20 16:11:32
                    [filename] => -приема-SLAV-63-05-17-16-11.pdf
                    [url] => http://vnuk2.ev88.fvds.ru/wp-content/uploads/2020/05/Акт-приема-SLAV-63-05-17-16-11.pdf
                )

            [9] => Array
                (
                    [date] => 17.05.20 16:11:32
                    [filename] => -возврата-паевого-взноса-RUB-63-05-17-16-11.pdf
                    [url] => http://vnuk2.ev88.fvds.ru/wp-content/uploads/2020/05/Акт-возврата-паевого-взноса-RUB-63-05-17-16-11.pdf
                )

            [10] => Array
                (
                    [date] => 17.05.20 16:14:20
                    [filename] => -приема-Плутоний-63-05-17-16-14.pdf
                    [url] => http://vnuk2.ev88.fvds.ru/wp-content/uploads/2020/05/Акт-приема-Плутоний-63-05-17-16-14.pdf
                )

            [11] => Array
                (
                    [date] => 17.05.20 16:14:20
                    [filename] => -возврата-паевого-взноса-Медь-63-05-17-16-14.pdf
                    [url] => http://vnuk2.ev88.fvds.ru/wp-content/uploads/2020/05/Акт-возврата-паевого-взноса-Медь-63-05-17-16-14.pdf
                )

            [12] => Array
                (
                    [date] => 17.05.20 16:15:23
                    [filename] => -внесение-целевого-взносаBTC-63-05-17-16-15.pdf
                    [url] => http://vnuk2.ev88.fvds.ru/wp-content/uploads/2020/05/Акт-внесение-целевого-взносаBTC-63-05-17-16-15.pdf
                )

        )

)

is_deposit: 
doc_1: Array
(
    [date] => 17.05.20 16:16:07
    [filename] => -приема-PRIZM-63-05-17-16-16.pdf
    [url] => http://vnuk2.ev88.fvds.ru/wp-content/uploads/2020/05/Акт-приема-PRIZM-63-05-17-16-16.pdf
)

field: Array
(
    [type] => custom
    [slug] => user_documents
    [title] => Документы пользователя
    [content] => 
    [value] => Array
        (
            [0] => Array
                (
                    [date] => 05.05.20
                    [filename] => -приема-PRIZM-63-05-05-20-43.pdf
                    [url] => http://vnuk2.ev88.fvds.ru/wp-content/uploads/2020/05/Акт-приема-PRIZM-63-05-05-20-43.pdf
                )

            [1] => Array
                (
                    [date] => 05.05.20
                    [filename] => -возврата-паевого-взноса-RUB-63-05-05-20-43.pdf
                    [url] => http://vnuk2.ev88.fvds.ru/wp-content/uploads/2020/05/Акт-возврата-паевого-взноса-RUB-63-05-05-20-43.pdf
                )

            [3] => Array
                (
                    [date] => 17.05.20 15:46:57
                    [filename] => -приема-Блоки-Bonolit-d500-63-05-17-15-46.pdf
                    [url] => http://vnuk2.ev88.fvds.ru/wp-content/uploads/2020/05/Акт-приема-Блоки-Bonolit-d500-63-05-17-15-46.pdf
                )

            [4] => Array
                (
                    [date] => 17.05.20 15:48:13
                    [filename] => -возврата-паевого-взноса-RUB-63-05-17-15-48.pdf
                    [url] => http://vnuk2.ev88.fvds.ru/wp-content/uploads/2020/05/Акт-возврата-паевого-взноса-RUB-63-05-17-15-48.pdf
                )

            [5] => Array
                (
                    [date] => 17.05.20 15:50:25
                    [filename] => -возврата-паевого-взноса-RUB-63-05-17-15-50.pdf
                    [url] => http://vnuk2.ev88.fvds.ru/wp-content/uploads/2020/05/Акт-возврата-паевого-взноса-RUB-63-05-17-15-50.pdf
                )

            [6] => Array
                (
                    [date] => 17.05.20 15:54:21
                    [filename] => -возврата-паевого-взноса-RUB-63-05-17-15-54.pdf
                    [url] => http://vnuk2.ev88.fvds.ru/wp-content/uploads/2020/05/Акт-возврата-паевого-взноса-RUB-63-05-17-15-54.pdf
                )

            [7] => Array
                (
                    [date] => 17.05.20 16:09:42
                    [filename] => -приема-BTC-63-05-17-16-09.pdf
                    [url] => http://vnuk2.ev88.fvds.ru/wp-content/uploads/2020/05/Акт-приема-BTC-63-05-17-16-09.pdf
                )

            [8] => Array
                (
                    [date] => 17.05.20 16:11:32
                    [filename] => -приема-SLAV-63-05-17-16-11.pdf
                    [url] => http://vnuk2.ev88.fvds.ru/wp-content/uploads/2020/05/Акт-приема-SLAV-63-05-17-16-11.pdf
                )

            [9] => Array
                (
                    [date] => 17.05.20 16:11:32
                    [filename] => -возврата-паевого-взноса-RUB-63-05-17-16-11.pdf
                    [url] => http://vnuk2.ev88.fvds.ru/wp-content/uploads/2020/05/Акт-возврата-паевого-взноса-RUB-63-05-17-16-11.pdf
                )

            [10] => Array
                (
                    [date] => 17.05.20 16:14:20
                    [filename] => -приема-Плутоний-63-05-17-16-14.pdf
                    [url] => http://vnuk2.ev88.fvds.ru/wp-content/uploads/2020/05/Акт-приема-Плутоний-63-05-17-16-14.pdf
                )

            [11] => Array
                (
                    [date] => 17.05.20 16:14:20
                    [filename] => -возврата-паевого-взноса-Медь-63-05-17-16-14.pdf
                    [url] => http://vnuk2.ev88.fvds.ru/wp-content/uploads/2020/05/Акт-возврата-паевого-взноса-Медь-63-05-17-16-14.pdf
                )

            [12] => Array
                (
                    [date] => 17.05.20 16:15:23
                    [filename] => -внесение-целевого-взносаBTC-63-05-17-16-15.pdf
                    [url] => http://vnuk2.ev88.fvds.ru/wp-content/uploads/2020/05/Акт-внесение-целевого-взносаBTC-63-05-17-16-15.pdf
                )

            [13] => Array
                (
                    [date] => 17.05.20 16:16:07
                    [filename] => -приема-PRIZM-63-05-17-16-16.pdf
                    [url] => http://vnuk2.ev88.fvds.ru/wp-content/uploads/2020/05/Акт-приема-PRIZM-63-05-17-16-16.pdf
                )

            [14] => Array
                (
                    [date] => 17.05.20 16:16:07
                    [filename] => -возврата-паевого-взноса-RUB-63-05-17-16-16.pdf
                    [url] => http://vnuk2.ev88.fvds.ru/wp-content/uploads/2020/05/Акт-возврата-паевого-взноса-RUB-63-05-17-16-16.pdf
                )

        )

)

paid==processing
paid==processing
paid==processing
paid==processing
paid==processing
processing==processing
paid==processing
processing==processing
processing==processing
processing==processing
paid==paid
paid==paid
paid==paid
paid==paid
paid==paid
processing==paid
paid==paid
processing==paid
processing==paid
processing==paid
paid==processing
paid==processing
paid==processing
paid==processing
paid==processing
processing==processing
paid==processing
processing==processing
processing==processing
processing==processing
paid==paid
paid==paid
paid==paid
paid==paid
paid==paid
processing==paid
paid==paid
processing==paid
processing==paid
processing==paid
paid==processing
paid==processing
paid==processing
paid==processing
paid==processing
processing==processing
paid==processing
processing==processing
processing==processing
processing==processing
paid==paid
paid==paid
paid==paid
paid==paid
paid==paid
processing==paid
paid==paid
processing==paid
processing==paid
processing==paid
