filename:Акт приема Сталь-79-05-14-19-08.pdf
filename:Акт возврата паевого взноса Медь-79-05-14-19-08.pdf
paid==processing
paid==processing
paid==processing
paid==processing
paid==processing
processing==processing
paid==processing
processing==processing
processing==processing
processing==processing
paid==paid
paid==paid
paid==paid
paid==paid
paid==paid
processing==paid
paid==paid
processing==paid
processing==paid
processing==paid
paid==processing
paid==processing
paid==processing
paid==processing
paid==processing
processing==processing
paid==processing
processing==processing
processing==processing
processing==processing
paid==paid
paid==paid
paid==paid
paid==paid
paid==paid
processing==paid
paid==paid
processing==paid
processing==paid
processing==paid
filename:Акт приема Сталь-53-05-14-19-12.pdf
filename:Акт возврата паевого взноса Услуга-53-05-14-19-12.pdf
filename:Акт приема Бетон-79-05-14-19-28.pdf
filename:Акт возврата паевого взноса -79-05-14-19-28.pdf
filename:Акт приема Бетон-53-05-14-19-30.pdf
filename:Акт возврата паевого взноса -53-05-14-19-30.pdf
filename:Акт приема SLAV-53-05-14-20-11.pdf
filename:Акт возврата паевого взноса -53-05-14-20-11.pdf
