email: kavid58876@ismailgul.net; text: 
    <p>Вы или кто то другой зарегистрировались на сайте "МПК СЛАВИЯ" со следующими данными:</p>
    <p>Логин: aaa</p>
    <p>Пароль: aaa</p><p>Если это были вы, то подтвердите свою регистрацию перейдя по ссылке ниже:</p>
        <p><a href="http://vnuk2.ev88.fvds.ru/?rcl-confirmdata=WyJhYWEiLCI2NmYwNDFlMTZhNjA5MjhiMDVhN2UyMjhhODljMzc5OSJd">http://vnuk2.ev88.fvds.ru/?rcl-confirmdata=WyJhYWEiLCI2NmYwNDFlMTZhNjA5MjhiMDVhN2UyMjhhODljMzc5OSJd</a></p>
        <p>Не получается активировать аккаунт?</p>
        <p>Скопируйте текст ссылки ниже, вставьте его в адресную строку браузера и нажмите Enter</p><p>Если это были не вы, то просто проигнорируйте это письмо</p><p><small>-----------------------------------------------------<br/>
    Это сообщение было сформировано автоматически, не надо отвечать на него.<br/>
    "МПК СЛАВИЯ"</small></p>; headers: From: МПК СЛАВИЯ <cms.pkslav@gmail.com>
Reply-To: МПК СЛАВИЯ <cms.pkslav@gmail.com>
Return-Path: МПК СЛАВИЯ <cms.pkslav@gmail.com>

email: kavid58876@ismailgul.net; text: 
    <p>Вы или кто то другой зарегистрировались на сайте "МПК СЛАВИЯ" со следующими данными:</p>
    <p>Логин: aaa</p>
    <p>Пароль: aaa</p><p>Если это были вы, то подтвердите свою регистрацию перейдя по ссылке ниже:</p>
        <p><a href="http://vnuk2.ev88.fvds.ru/?rcl-confirmdata=WyJhYWEiLCIwOTNmNjVlMDgwYTI5NWY4MDc2YjFjNTcyMmE0NmFhMiJd">http://vnuk2.ev88.fvds.ru/?rcl-confirmdata=WyJhYWEiLCIwOTNmNjVlMDgwYTI5NWY4MDc2YjFjNTcyMmE0NmFhMiJd</a></p>
        <p>Не получается активировать аккаунт?</p>
        <p>Скопируйте текст ссылки ниже, вставьте его в адресную строку браузера и нажмите Enter</p><p>Если это были не вы, то просто проигнорируйте это письмо</p><p><small>-----------------------------------------------------<br/>
    Это сообщение было сформировано автоматически, не надо отвечать на него.<br/>
    "МПК СЛАВИЯ"</small></p>; headers: From: МПК СЛАВИЯ <cms.pkslav@gmail.com>
Reply-To: МПК СЛАВИЯ <cms.pkslav@gmail.com>
Return-Path: МПК СЛАВИЯ <cms.pkslav@gmail.com>

email: kavid58876@ismailgul.net; text: 
    <p>Вы или кто то другой зарегистрировались на сайте "МПК СЛАВИЯ" со следующими данными:</p>
    <p>Логин: aaa</p>
    <p>Пароль: aaa</p><p>Если это были вы, то подтвердите свою регистрацию перейдя по ссылке ниже:</p>
        <p><a href="http://vnuk2.ev88.fvds.ru/?rcl-confirmdata=WyJhYWEiLCIwNzJiMDMwYmExMjZiMmY0YjIzNzRmMzQyYmU5ZWQ0NCJd">http://vnuk2.ev88.fvds.ru/?rcl-confirmdata=WyJhYWEiLCIwNzJiMDMwYmExMjZiMmY0YjIzNzRmMzQyYmU5ZWQ0NCJd</a></p>
        <p>Не получается активировать аккаунт?</p>
        <p>Скопируйте текст ссылки ниже, вставьте его в адресную строку браузера и нажмите Enter</p><p>Если это были не вы, то просто проигнорируйте это письмо</p><p><small>-----------------------------------------------------<br/>
    Это сообщение было сформировано автоматически, не надо отвечать на него.<br/>
    "МПК СЛАВИЯ"</small></p>; headers: From: МПК СЛАВИЯ <cms.pkslav@gmail.com>
Reply-To: МПК СЛАВИЯ <cms.pkslav@gmail.com>
Return-Path: МПК СЛАВИЯ <cms.pkslav@gmail.com>

email: kavid58876@ismailgul.net; text: 
    <p>Вы или кто то другой зарегистрировались на сайте "МПК СЛАВИЯ" со следующими данными:</p>
    <p>Логин: aaa</p>
    <p>Пароль: aaa</p><p>Если это были вы, то подтвердите свою регистрацию перейдя по ссылке ниже:</p>
        <p><a href="http://vnuk2.ev88.fvds.ru/?rcl-confirmdata=WyJhYWEiLCI3ZjM5ZjgzMTdmYmRiMTk4OGVmNGM2MjhlYmEwMjU5MSJd">http://vnuk2.ev88.fvds.ru/?rcl-confirmdata=WyJhYWEiLCI3ZjM5ZjgzMTdmYmRiMTk4OGVmNGM2MjhlYmEwMjU5MSJd</a></p>
        <p>Не получается активировать аккаунт?</p>
        <p>Скопируйте текст ссылки ниже, вставьте его в адресную строку браузера и нажмите Enter</p><p>Если это были не вы, то просто проигнорируйте это письмо</p><p><small>-----------------------------------------------------<br/>
    Это сообщение было сформировано автоматически, не надо отвечать на него.<br/>
    "МПК СЛАВИЯ"</small></p>; headers: From: МПК СЛАВИЯ <cms.pkslav@gmail.com>
Reply-To: МПК СЛАВИЯ <cms.pkslav@gmail.com>
Return-Path: МПК СЛАВИЯ <cms.pkslav@gmail.com>

email: quaspumpum@itiomail.com; text: 
    <p>Вы или кто то другой зарегистрировались на сайте "МПК СЛАВИЯ" со следующими данными:</p>
    <p>Логин: aaa</p>
    <p>Пароль: aaa</p><p>Если это были вы, то подтвердите свою регистрацию перейдя по ссылке ниже:</p>
        <p><a href="http://vnuk2.ev88.fvds.ru/?rcl-confirmdata=WyJhYWEiLCI0NGY2ODNhODQxNjNiMzUyM2FmZTU3YzJlMDA4YmM4YyJd">http://vnuk2.ev88.fvds.ru/?rcl-confirmdata=WyJhYWEiLCI0NGY2ODNhODQxNjNiMzUyM2FmZTU3YzJlMDA4YmM4YyJd</a></p>
        <p>Не получается активировать аккаунт?</p>
        <p>Скопируйте текст ссылки ниже, вставьте его в адресную строку браузера и нажмите Enter</p><p>Если это были не вы, то просто проигнорируйте это письмо</p><p><small>-----------------------------------------------------<br/>
    Это сообщение было сформировано автоматически, не надо отвечать на него.<br/>
    "МПК СЛАВИЯ"</small></p>; headers: From: МПК СЛАВИЯ <cms.pkslav@gmail.com>
Reply-To: МПК СЛАВИЯ <cms.pkslav@gmail.com>
Return-Path: МПК СЛАВИЯ <cms.pkslav@gmail.com>

email: quaspumpum@itiomail.com; text: 
    <p>Вы или кто то другой зарегистрировались на сайте "МПК СЛАВИЯ" со следующими данными:</p>
    <p>Логин: aaa</p>
    <p>Пароль: aaa</p><p>Если это были вы, то подтвердите свою регистрацию перейдя по ссылке ниже:</p>
        <p><a href="http://vnuk2.ev88.fvds.ru/?rcl-confirmdata=WyJhYWEiLCIwM2FmZGJkNjZlNzkyOWIxMjVmODU5NzgzNGZhODNhNCJd">http://vnuk2.ev88.fvds.ru/?rcl-confirmdata=WyJhYWEiLCIwM2FmZGJkNjZlNzkyOWIxMjVmODU5NzgzNGZhODNhNCJd</a></p>
        <p>Не получается активировать аккаунт?</p>
        <p>Скопируйте текст ссылки ниже, вставьте его в адресную строку браузера и нажмите Enter</p><p>Если это были не вы, то просто проигнорируйте это письмо</p><p><small>-----------------------------------------------------<br/>
    Это сообщение было сформировано автоматически, не надо отвечать на него.<br/>
    "МПК СЛАВИЯ"</small></p>; headers: From: МПК СЛАВИЯ <cms.pkslav@gmail.com>
Reply-To: МПК СЛАВИЯ <cms.pkslav@gmail.com>
Return-Path: МПК СЛАВИЯ <cms.pkslav@gmail.com>

date: 20.03.20
date: 20.03.20
date: 20.03.20 16:01:49
date: 22.03.20 10:30:29
date: 20.03.20
date: 22.03.20 10:30:29
date: 27.03.20 15:13:22
date: 22.03.20 10:30:29
date: 27.03.20 15:13:22
date: Array
(
    [prizm_address] => hfdhdghfgh54645656
    [prizm_public_key] => yhgjfhkghfghgfh5645
    [waves_address] => hfjdhfghjfdfhdgsfhgj5645645
    [name] => Петр
    [surname] => Петров
    [last_name] => Петрович
    [passport_number] => 467483563
    [passport_date] => 45745-06-04
    [passport_code] => 57466345347
    [passport_who] => рпрвавовнвапвпва5665645
    [passport_address] => Воронеж, село Красное
    [passport_index] => 134653
    [date] => 14.02.20
    [input_sum] => 283.15 RUB
    [output_sum] => 2.8 SLAV
)

