items: Array
(
    [0] => Array
        (
            [date] => 22.05.20 17:48:36
            [host_name] => Бодункова Ирина Ярославовна
            [host_id] => 84
            [ref_name] => zima zima zima
            [ref_id] => 89
            [award_sum] => 0
            [award_currency] => Prizm
            [status] => processing
            [host_client_num] => 42
        )

    [1] => Array
        (
            [date] => 22.05.20 15:06:08
            [host_name] => aaa
            [host_id] => 63
            [ref_name] => ccc
            [ref_id] => 87
            [award_sum] => 0.07
            [award_currency] => Стандарт плутониевого металла
            [status] => processing
            [host_client_num] => 
        )

    [2] => Array
        (
            [date] => 22.05.20 15:06:24
            [host_name] => aaa
            [host_id] => 63
            [ref_name] => ccc
            [ref_id] => 87
            [award_sum] => 0.07
            [award_currency] => "Бетон-м450"_[м³]
            [status] => processing
            [host_client_num] => 
        )

    [3] => Array
        (
            [date] => 22.05.20 15:58:48
            [host_name] => aaa
            [host_id] => 63
            [ref_name] => ddd
            [ref_id] => 88
            [award_sum] => 0.35
            [award_currency] => Сталь
            [status] => processing
            [host_client_num] => 
        )

)

