email: deannalsmith@gmail.com; text: 
    <p>Вы или кто то другой зарегистрировались на сайте "МПК СЛАВИЯ" со следующими данными:</p>
    <p>Логин: alicia humphrey</p>
    <p>Пароль: alicia humphrey</p><p>Если это были вы, то подтвердите свою регистрацию перейдя по ссылке ниже:</p>
        <p><a href="http://vnuk2.ev88.fvds.ru/profile/?rcl-confirmdata=WyJhbGljaWEgaHVtcGhyZXkiLCIwMjUyMmEyYjI3MjZmYjBhMDNiYjE5ZjJkOGQ5NTI0ZCJd">http://vnuk2.ev88.fvds.ru/profile/?rcl-confirmdata=WyJhbGljaWEgaHVtcGhyZXkiLCIwMjUyMmEyYjI3MjZmYjBhMDNiYjE5ZjJkOGQ5NTI0ZCJd</a></p>
        <p>Не получается активировать аккаунт?</p>
        <p>Скопируйте текст ссылки ниже, вставьте его в адресную строку браузера и нажмите Enter</p><p>Если это были не вы, то просто проигнорируйте это письмо</p><p><small>-----------------------------------------------------<br/>
    Это сообщение было сформировано автоматически, не надо отвечать на него.<br/>
    "МПК СЛАВИЯ"</small></p>; headers: From: МПК СЛАВИЯ <cms.pkslav@gmail.com>
Reply-To: МПК СЛАВИЯ <cms.pkslav@gmail.com>
Return-Path: МПК СЛАВИЯ <cms.pkslav@gmail.com>

email: apn0005@auburn.edu; text: 
    <p>Вы или кто то другой зарегистрировались на сайте "МПК СЛАВИЯ" со следующими данными:</p>
    <p>Логин: reagan michael</p>
    <p>Пароль: reagan michael</p><p>Если это были вы, то подтвердите свою регистрацию перейдя по ссылке ниже:</p>
        <p><a href="http://vnuk2.ev88.fvds.ru/profile/?rcl-confirmdata=WyJyZWFnYW4gbWljaGFlbCIsIjdmMWRlMjllNmRhMTlkMjJiNTFjNjgwMDFlN2UwZTU0Il0%3D">http://vnuk2.ev88.fvds.ru/profile/?rcl-confirmdata=WyJyZWFnYW4gbWljaGFlbCIsIjdmMWRlMjllNmRhMTlkMjJiNTFjNjgwMDFlN2UwZTU0Il0%3D</a></p>
        <p>Не получается активировать аккаунт?</p>
        <p>Скопируйте текст ссылки ниже, вставьте его в адресную строку браузера и нажмите Enter</p><p>Если это были не вы, то просто проигнорируйте это письмо</p><p><small>-----------------------------------------------------<br/>
    Это сообщение было сформировано автоматически, не надо отвечать на него.<br/>
    "МПК СЛАВИЯ"</small></p>; headers: From: МПК СЛАВИЯ <cms.pkslav@gmail.com>
Reply-To: МПК СЛАВИЯ <cms.pkslav@gmail.com>
Return-Path: МПК СЛАВИЯ <cms.pkslav@gmail.com>

email: benisadiku@gmail.com; text: 
    <p>Вы или кто то другой зарегистрировались на сайте "МПК СЛАВИЯ" со следующими данными:</p>
    <p>Логин: reagan li</p>
    <p>Пароль: reagan li</p><p>Если это были вы, то подтвердите свою регистрацию перейдя по ссылке ниже:</p>
        <p><a href="http://vnuk2.ev88.fvds.ru/profile/?rcl-confirmdata=WyJyZWFnYW4gbGkiLCI0MmEwZTE4OGY1MDMzYmM2NWJmOGQ3ODYyMjI3N2M0ZSJd">http://vnuk2.ev88.fvds.ru/profile/?rcl-confirmdata=WyJyZWFnYW4gbGkiLCI0MmEwZTE4OGY1MDMzYmM2NWJmOGQ3ODYyMjI3N2M0ZSJd</a></p>
        <p>Не получается активировать аккаунт?</p>
        <p>Скопируйте текст ссылки ниже, вставьте его в адресную строку браузера и нажмите Enter</p><p>Если это были не вы, то просто проигнорируйте это письмо</p><p><small>-----------------------------------------------------<br/>
    Это сообщение было сформировано автоматически, не надо отвечать на него.<br/>
    "МПК СЛАВИЯ"</small></p>; headers: From: МПК СЛАВИЯ <cms.pkslav@gmail.com>
Reply-To: МПК СЛАВИЯ <cms.pkslav@gmail.com>
Return-Path: МПК СЛАВИЯ <cms.pkslav@gmail.com>

email: bibby.porter@gmail.com; text: 
    <p>Вы или кто то другой зарегистрировались на сайте "МПК СЛАВИЯ" со следующими данными:</p>
    <p>Логин: mary lucero</p>
    <p>Пароль: mary lucero</p><p>Если это были вы, то подтвердите свою регистрацию перейдя по ссылке ниже:</p>
        <p><a href="http://vnuk2.ev88.fvds.ru/profile/?rcl-confirmdata=WyJtYXJ5IGx1Y2VybyIsIjM5ODhjN2Y4OGViY2I1OGM2Y2U5MzJiOTU3YjZmMzMyIl0%3D">http://vnuk2.ev88.fvds.ru/profile/?rcl-confirmdata=WyJtYXJ5IGx1Y2VybyIsIjM5ODhjN2Y4OGViY2I1OGM2Y2U5MzJiOTU3YjZmMzMyIl0%3D</a></p>
        <p>Не получается активировать аккаунт?</p>
        <p>Скопируйте текст ссылки ниже, вставьте его в адресную строку браузера и нажмите Enter</p><p>Если это были не вы, то просто проигнорируйте это письмо</p><p><small>-----------------------------------------------------<br/>
    Это сообщение было сформировано автоматически, не надо отвечать на него.<br/>
    "МПК СЛАВИЯ"</small></p>; headers: From: МПК СЛАВИЯ <cms.pkslav@gmail.com>
Reply-To: МПК СЛАВИЯ <cms.pkslav@gmail.com>
Return-Path: МПК СЛАВИЯ <cms.pkslav@gmail.com>

email: fletcherfunk@msn.com; text: 
    <p>Вы или кто то другой зарегистрировались на сайте "МПК СЛАВИЯ" со следующими данными:</p>
    <p>Логин: rylie shannon</p>
    <p>Пароль: rylie shannon</p><p>Если это были вы, то подтвердите свою регистрацию перейдя по ссылке ниже:</p>
        <p><a href="http://vnuk2.ev88.fvds.ru/profile/?rcl-confirmdata=WyJyeWxpZSBzaGFubm9uIiwiMDEzZDQwNzE2NmVjNGZhNTZlYjFlMWY4Y2JlMTgzYjkiXQ%3D%3D">http://vnuk2.ev88.fvds.ru/profile/?rcl-confirmdata=WyJyeWxpZSBzaGFubm9uIiwiMDEzZDQwNzE2NmVjNGZhNTZlYjFlMWY4Y2JlMTgzYjkiXQ%3D%3D</a></p>
        <p>Не получается активировать аккаунт?</p>
        <p>Скопируйте текст ссылки ниже, вставьте его в адресную строку браузера и нажмите Enter</p><p>Если это были не вы, то просто проигнорируйте это письмо</p><p><small>-----------------------------------------------------<br/>
    Это сообщение было сформировано автоматически, не надо отвечать на него.<br/>
    "МПК СЛАВИЯ"</small></p>; headers: From: МПК СЛАВИЯ <cms.pkslav@gmail.com>
Reply-To: МПК СЛАВИЯ <cms.pkslav@gmail.com>
Return-Path: МПК СЛАВИЯ <cms.pkslav@gmail.com>

EXCHANGE: Array
(
    [input_currency] => Urals 1 барель
    [input_sum] => 1000
    [output_currency] => 
    [output_sum] => 
    [card_num] => 
    [card_name] => 
    [requisites] => 56475456
)

currency name:Urals 1 барель
currency name:
input_currency: Urals 1 барель
input_rate: 2425.5
output_currency: 
output_rate: 
doc_1: Array
(
    [date] => 27.08.20 07:19:52
    [filename] => -приема-Urals-1-барель-Пайщик-№42-Ирина-Бодункова-Ярославна-27-08-07-19.pdf
    [url] => http://vnuk2.ev88.fvds.ru/wp-content/uploads/2020/08/Акт-приема-Urals-1-барель-Пайщик-№42-Ирина-Бодункова-Ярославна-27-08-07-19.pdf
)

EXCHANGE: Array
(
    [input_currency] => Блоки Bonolit d500
    [input_sum] => 100
    [output_currency] => 
    [output_sum] => 
    [card_num] => 
    [card_name] => 
    [requisites] => 3PAM1XRQG4cpvh15evZenJWvXBAcTcC2jjt
)

currency name:Блоки Bonolit d500
currency name:
input_currency: Блоки Bonolit d500
input_rate: 350
output_currency: 
output_rate: 
doc_1: Array
(
    [date] => 27.08.20 07:21:45
    [filename] => -приема-Блоки-Bonolit-d500-Пайщик-№-dfgkjfglkdfghlkfdlhkfdlg-dfgkjfglkdfghlkfdlhkfdlg-dfgkjfglkdfghlkfdlhkfdlg-27-08-07-21.pdf
    [url] => http://vnuk2.ev88.fvds.ru/wp-content/uploads/2020/08/Акт-приема-Блоки-Bonolit-d500-Пайщик-№-dfgkjfglkdfghlkfdlhkfdlg-dfgkjfglkdfghlkfdlhkfdlg-dfgkjfglkdfghlkfdlhkfdlg-27-08-07-21.pdf
)

EXCHANGE: Array
(
    [input_currency] => SLAV
    [input_sum] => 10000
    [output_currency] => 
    [output_sum] => 
    [card_num] => 
    [card_name] => 
    [requisites] => 3PAM1XRQG4cpvh15evZenJWvXBAcTcC2jjt
)

currency name:Блоки Bonolit d500
currency name:
input_currency: Блоки Bonolit d500
input_rate: 350
output_currency: 
output_rate: 
before rubArray
(
    [Блоки Bonolit d500] => Array
        (
            [input_sum] => 200
            [output_sum] => 0
            [exchange_num] => 1
        )

    [] => Array
        (
            [input_sum] => 0
            [output_sum] => 0
            [exchange_num] => 0
        )

    [RUB] => Array
        (
            [sum] => -35000
            [exchange_num] => 1
        )

)

added rubArray
(
    [Блоки Bonolit d500] => Array
        (
            [input_sum] => 200
            [output_sum] => 0
            [exchange_num] => 1
        )

    [] => Array
        (
            [input_sum] => 0
            [output_sum] => 0
            [exchange_num] => 0
        )

    [RUB] => Array
        (
            [sum] => -70000
            [exchange_num] => 2
        )

)

doc_1: Array
(
    [date] => 27.08.20 07:24:00
    [filename] => -приема-Блоки-Bonolit-d500-Пайщик-№-dfgkjfglkdfghlkfdlhkfdlg-dfgkjfglkdfghlkfdlhkfdlg-dfgkjfglkdfghlkfdlhkfdlg-27-08-07-24.pdf
    [url] => http://vnuk2.ev88.fvds.ru/wp-content/uploads/2020/08/Акт-приема-Блоки-Bonolit-d500-Пайщик-№-dfgkjfglkdfghlkfdlhkfdlg-dfgkjfglkdfghlkfdlhkfdlg-dfgkjfglkdfghlkfdlhkfdlg-27-08-07-24.pdf
)

email: gordonjeffersn@gmail.com; text: 
    <p>Вы или кто то другой зарегистрировались на сайте "МПК СЛАВИЯ" со следующими данными:</p>
    <p>Логин: vbzDYFXClGRB</p>
    <p>Пароль: getbaGF2mV97!</p><p>Если это были вы, то подтвердите свою регистрацию перейдя по ссылке ниже:</p>
        <p><a href="http://vnuk2.ev88.fvds.ru/profile/?rcl-confirmdata=WyJ2YnpEWUZYQ2xHUkIiLCJlMDBkYTAzYjY4NWEwZGQxOGZiNmEwOGFmMDkyM2RlMCJd">http://vnuk2.ev88.fvds.ru/profile/?rcl-confirmdata=WyJ2YnpEWUZYQ2xHUkIiLCJlMDBkYTAzYjY4NWEwZGQxOGZiNmEwOGFmMDkyM2RlMCJd</a></p>
        <p>Не получается активировать аккаунт?</p>
        <p>Скопируйте текст ссылки ниже, вставьте его в адресную строку браузера и нажмите Enter</p><p>Если это были не вы, то просто проигнорируйте это письмо</p><p><small>-----------------------------------------------------<br/>
    Это сообщение было сформировано автоматически, не надо отвечать на него.<br/>
    "МПК СЛАВИЯ"</small></p>; headers: From: МПК СЛАВИЯ <cms.pkslav@gmail.com>
Reply-To: МПК СЛАВИЯ <cms.pkslav@gmail.com>
Return-Path: МПК СЛАВИЯ <cms.pkslav@gmail.com>

email: aliciacbthomas@comcast.net; text: 
    <p>Вы или кто то другой зарегистрировались на сайте "МПК СЛАВИЯ" со следующими данными:</p>
    <p>Логин: ally bruce</p>
    <p>Пароль: ally bruce</p><p>Если это были вы, то подтвердите свою регистрацию перейдя по ссылке ниже:</p>
        <p><a href="http://vnuk2.ev88.fvds.ru/profile/?rcl-confirmdata=WyJhbGx5IGJydWNlIiwiMTM4NTk3NGVkNTkwNGE0Mzg2MTZmZjdiZGIzZjc0MzkiXQ%3D%3D">http://vnuk2.ev88.fvds.ru/profile/?rcl-confirmdata=WyJhbGx5IGJydWNlIiwiMTM4NTk3NGVkNTkwNGE0Mzg2MTZmZjdiZGIzZjc0MzkiXQ%3D%3D</a></p>
        <p>Не получается активировать аккаунт?</p>
        <p>Скопируйте текст ссылки ниже, вставьте его в адресную строку браузера и нажмите Enter</p><p>Если это были не вы, то просто проигнорируйте это письмо</p><p><small>-----------------------------------------------------<br/>
    Это сообщение было сформировано автоматически, не надо отвечать на него.<br/>
    "МПК СЛАВИЯ"</small></p>; headers: From: МПК СЛАВИЯ <cms.pkslav@gmail.com>
Reply-To: МПК СЛАВИЯ <cms.pkslav@gmail.com>
Return-Path: МПК СЛАВИЯ <cms.pkslav@gmail.com>

email: douglasoneil501@gmail.com; text: 
    <p>Вы или кто то другой зарегистрировались на сайте "МПК СЛАВИЯ" со следующими данными:</p>
    <p>Логин: zackary li</p>
    <p>Пароль: zackary li</p><p>Если это были вы, то подтвердите свою регистрацию перейдя по ссылке ниже:</p>
        <p><a href="http://vnuk2.ev88.fvds.ru/profile/?rcl-confirmdata=WyJ6YWNrYXJ5IGxpIiwiMGYyOGI1ZDQ5YjMwMjBhZmVlY2Q5NWI0MDA5YWRmNGMiXQ%3D%3D">http://vnuk2.ev88.fvds.ru/profile/?rcl-confirmdata=WyJ6YWNrYXJ5IGxpIiwiMGYyOGI1ZDQ5YjMwMjBhZmVlY2Q5NWI0MDA5YWRmNGMiXQ%3D%3D</a></p>
        <p>Не получается активировать аккаунт?</p>
        <p>Скопируйте текст ссылки ниже, вставьте его в адресную строку браузера и нажмите Enter</p><p>Если это были не вы, то просто проигнорируйте это письмо</p><p><small>-----------------------------------------------------<br/>
    Это сообщение было сформировано автоматически, не надо отвечать на него.<br/>
    "МПК СЛАВИЯ"</small></p>; headers: From: МПК СЛАВИЯ <cms.pkslav@gmail.com>
Reply-To: МПК СЛАВИЯ <cms.pkslav@gmail.com>
Return-Path: МПК СЛАВИЯ <cms.pkslav@gmail.com>

email: juliadallen@yahoo.com; text: 
    <p>Вы или кто то другой зарегистрировались на сайте "МПК СЛАВИЯ" со следующими данными:</p>
    <p>Логин: raelynn harris</p>
    <p>Пароль: raelynn harris</p><p>Если это были вы, то подтвердите свою регистрацию перейдя по ссылке ниже:</p>
        <p><a href="http://vnuk2.ev88.fvds.ru/profile/?rcl-confirmdata=WyJyYWVseW5uIGhhcnJpcyIsImE4YmFhNTY1NTRmOTYzNjlhYjkzZTRmM2JiMDY4YzIyIl0%3D">http://vnuk2.ev88.fvds.ru/profile/?rcl-confirmdata=WyJyYWVseW5uIGhhcnJpcyIsImE4YmFhNTY1NTRmOTYzNjlhYjkzZTRmM2JiMDY4YzIyIl0%3D</a></p>
        <p>Не получается активировать аккаунт?</p>
        <p>Скопируйте текст ссылки ниже, вставьте его в адресную строку браузера и нажмите Enter</p><p>Если это были не вы, то просто проигнорируйте это письмо</p><p><small>-----------------------------------------------------<br/>
    Это сообщение было сформировано автоматически, не надо отвечать на него.<br/>
    "МПК СЛАВИЯ"</small></p>; headers: From: МПК СЛАВИЯ <cms.pkslav@gmail.com>
Reply-To: МПК СЛАВИЯ <cms.pkslav@gmail.com>
Return-Path: МПК СЛАВИЯ <cms.pkslav@gmail.com>

