email: donb@burtwebdesign.com; text: 
    <p>Вы или кто то другой зарегистрировались на сайте "МПК СЛАВИЯ" со следующими данными:</p>
    <p>Логин: riya key</p>
    <p>Пароль: riya key</p><p>Если это были вы, то подтвердите свою регистрацию перейдя по ссылке ниже:</p>
        <p><a href="http://vnuk2.ev88.fvds.ru/profile/?rcl-confirmdata=WyJyaXlhIGtleSIsImViMTYwZGUxZGU4OWQ5MDU4ZmNiMGI5NjhkYmJiZDY4Il0%3D">http://vnuk2.ev88.fvds.ru/profile/?rcl-confirmdata=WyJyaXlhIGtleSIsImViMTYwZGUxZGU4OWQ5MDU4ZmNiMGI5NjhkYmJiZDY4Il0%3D</a></p>
        <p>Не получается активировать аккаунт?</p>
        <p>Скопируйте текст ссылки ниже, вставьте его в адресную строку браузера и нажмите Enter</p><p>Если это были не вы, то просто проигнорируйте это письмо</p><p><small>-----------------------------------------------------<br/>
    Это сообщение было сформировано автоматически, не надо отвечать на него.<br/>
    "МПК СЛАВИЯ"</small></p>; headers: From: МПК СЛАВИЯ <cms.pkslav@gmail.com>
Reply-To: МПК СЛАВИЯ <cms.pkslav@gmail.com>
Return-Path: МПК СЛАВИЯ <cms.pkslav@gmail.com>

email: hawkins.rebecca.t@gmail.com; text: 
    <p>Вы или кто то другой зарегистрировались на сайте "МПК СЛАВИЯ" со следующими данными:</p>
    <p>Логин: jaliyah lucero</p>
    <p>Пароль: jaliyah lucero</p><p>Если это были вы, то подтвердите свою регистрацию перейдя по ссылке ниже:</p>
        <p><a href="http://vnuk2.ev88.fvds.ru/profile/?rcl-confirmdata=WyJqYWxpeWFoIGx1Y2VybyIsIjVlZjA1OTkzOGJhNzk5YWFhODQ1ZTFjMmU4YTc2MmJkIl0%3D">http://vnuk2.ev88.fvds.ru/profile/?rcl-confirmdata=WyJqYWxpeWFoIGx1Y2VybyIsIjVlZjA1OTkzOGJhNzk5YWFhODQ1ZTFjMmU4YTc2MmJkIl0%3D</a></p>
        <p>Не получается активировать аккаунт?</p>
        <p>Скопируйте текст ссылки ниже, вставьте его в адресную строку браузера и нажмите Enter</p><p>Если это были не вы, то просто проигнорируйте это письмо</p><p><small>-----------------------------------------------------<br/>
    Это сообщение было сформировано автоматически, не надо отвечать на него.<br/>
    "МПК СЛАВИЯ"</small></p>; headers: From: МПК СЛАВИЯ <cms.pkslav@gmail.com>
Reply-To: МПК СЛАВИЯ <cms.pkslav@gmail.com>
Return-Path: МПК СЛАВИЯ <cms.pkslav@gmail.com>

email: colby_hollingsworth@cable.comcast.com; text: 
    <p>Вы или кто то другой зарегистрировались на сайте "МПК СЛАВИЯ" со следующими данными:</p>
    <p>Логин: reuben orr</p>
    <p>Пароль: reuben orr</p><p>Если это были вы, то подтвердите свою регистрацию перейдя по ссылке ниже:</p>
        <p><a href="http://vnuk2.ev88.fvds.ru/profile/?rcl-confirmdata=WyJyZXViZW4gb3JyIiwiMDdlMWNkN2RjYTg5YTE2NzgwNDI0NzcxODNiN2FjM2YiXQ%3D%3D">http://vnuk2.ev88.fvds.ru/profile/?rcl-confirmdata=WyJyZXViZW4gb3JyIiwiMDdlMWNkN2RjYTg5YTE2NzgwNDI0NzcxODNiN2FjM2YiXQ%3D%3D</a></p>
        <p>Не получается активировать аккаунт?</p>
        <p>Скопируйте текст ссылки ниже, вставьте его в адресную строку браузера и нажмите Enter</p><p>Если это были не вы, то просто проигнорируйте это письмо</p><p><small>-----------------------------------------------------<br/>
    Это сообщение было сформировано автоматически, не надо отвечать на него.<br/>
    "МПК СЛАВИЯ"</small></p>; headers: From: МПК СЛАВИЯ <cms.pkslav@gmail.com>
Reply-To: МПК СЛАВИЯ <cms.pkslav@gmail.com>
Return-Path: МПК СЛАВИЯ <cms.pkslav@gmail.com>

email: slonenok_2008@icloud.com; text: 
    <p>Вы или кто то другой зарегистрировались на сайте "МПК СЛАВИЯ" со следующими данными:</p>
    <p>Логин: cryptoslonik</p>
    <p>Пароль: Bassenok14-02-2020</p><p>Если это были вы, то подтвердите свою регистрацию перейдя по ссылке ниже:</p>
        <p><a href="http://vnuk2.ev88.fvds.ru/profile/?rcl-confirmdata=WyJjcnlwdG9zbG9uaWsiLCJkYTRmYjVjNmU5M2U3NGQzZGY4NTI3NTk5ZmE2MjY0MiJd">http://vnuk2.ev88.fvds.ru/profile/?rcl-confirmdata=WyJjcnlwdG9zbG9uaWsiLCJkYTRmYjVjNmU5M2U3NGQzZGY4NTI3NTk5ZmE2MjY0MiJd</a></p>
        <p>Не получается активировать аккаунт?</p>
        <p>Скопируйте текст ссылки ниже, вставьте его в адресную строку браузера и нажмите Enter</p><p>Если это были не вы, то просто проигнорируйте это письмо</p><p><small>-----------------------------------------------------<br/>
    Это сообщение было сформировано автоматически, не надо отвечать на него.<br/>
    "МПК СЛАВИЯ"</small></p>; headers: From: МПК СЛАВИЯ <cms.pkslav@gmail.com>
Reply-To: МПК СЛАВИЯ <cms.pkslav@gmail.com>
Return-Path: МПК СЛАВИЯ <cms.pkslav@gmail.com>

