paid==processing
paid==processing
paid==processing
processing==processing
paid==processing
processing==processing
paid==processing
paid==paid
paid==paid
paid==paid
processing==paid
paid==paid
processing==paid
paid==paid
paid==processing
paid==processing
paid==processing
processing==processing
paid==processing
processing==processing
paid==processing
paid==paid
paid==paid
paid==paid
processing==paid
paid==paid
processing==paid
paid==paid
07.05.20 21:55:01==08.05.20 20:38:38
08.05.20 12:00:31==08.05.20 20:38:38
08.05.20 20:36:49==08.05.20 20:38:38
08.05.20 20:38:38==08.05.20 20:38:38
aaa==aaa
ccc==ccc
3.57==3.57
SLAV==SLAV
email: ptan45@yandex.ru; text: <p>Ваш профиль был успешно верифицирован и теперь вы сможете совершать операции по обмену.</p><p>Перейдите на сайт vnuk2.ev88.fvds.ru, чтобы начать совершать операции.</p><p><small>-----------------------------------------------------<br/>
    Это сообщение было сформировано автоматически, не надо отвечать на него.<br/>
    "МПК СЛАВИЯ"</small></p>; headers: From: МПК СЛАВИЯ <cms.pkslav@gmail.com>
Reply-To: МПК СЛАВИЯ <cms.pkslav@gmail.com>
Return-Path: МПК СЛАВИЯ <cms.pkslav@gmail.com>

email: ptan45@yandex.ru; text: <p>Ваш профиль был успешно верифицирован и теперь вы сможете совершать операции по обмену.</p><p>Перейдите на сайт vnuk2.ev88.fvds.ru, чтобы начать совершать операции.</p><p><small>-----------------------------------------------------<br/>
    Это сообщение было сформировано автоматически, не надо отвечать на него.<br/>
    "МПК СЛАВИЯ"</small></p>; headers: From: МПК СЛАВИЯ <cms.pkslav@gmail.com>
Reply-To: МПК СЛАВИЯ <cms.pkslav@gmail.com>
Return-Path: МПК СЛАВИЯ <cms.pkslav@gmail.com>

email: shar.leto88@gmail.com; text: <p>Ваш профиль был успешно верифицирован и теперь вы сможете совершать операции по обмену.</p><p>Перейдите на сайт vnuk2.ev88.fvds.ru, чтобы начать совершать операции.</p><p><small>-----------------------------------------------------<br/>
    Это сообщение было сформировано автоматически, не надо отвечать на него.<br/>
    "МПК СЛАВИЯ"</small></p>; headers: From: МПК СЛАВИЯ <cms.pkslav@gmail.com>
Reply-To: МПК СЛАВИЯ <cms.pkslav@gmail.com>
Return-Path: МПК СЛАВИЯ <cms.pkslav@gmail.com>

email: shar.leto88@gmail.com; text: <p>Ваш профиль был успешно верифицирован и теперь вы сможете совершать операции по обмену.</p><p>Перейдите на сайт vnuk2.ev88.fvds.ru, чтобы начать совершать операции.</p><p><small>-----------------------------------------------------<br/>
    Это сообщение было сформировано автоматически, не надо отвечать на него.<br/>
    "МПК СЛАВИЯ"</small></p>; headers: From: МПК СЛАВИЯ <cms.pkslav@gmail.com>
Reply-To: МПК СЛАВИЯ <cms.pkslav@gmail.com>
Return-Path: МПК СЛАВИЯ <cms.pkslav@gmail.com>

paid==processing
paid==processing
paid==processing
paid==processing
paid==processing
processing==processing
paid==processing
paid==paid
paid==paid
paid==paid
paid==paid
paid==paid
processing==paid
paid==paid
paid==processing
paid==processing
paid==processing
paid==processing
paid==processing
processing==processing
paid==processing
paid==paid
paid==paid
paid==paid
paid==paid
paid==paid
processing==paid
paid==paid
paid==paid
paid==paid
paid==paid
paid==paid
paid==paid
processing==paid
paid==paid
sum: Array
(
    [SLAV] => 8.57
    [PRIZM] => 10.57
)

sum: Array
(
)

paid==processing
paid==processing
paid==processing
paid==processing
paid==processing
processing==processing
paid==processing
sum: Array
(
    [SLAV] => 8.57
    [PRIZM] => 10.57
)

sum: Array
(
)

sum: Array
(
    [SLAV] => 15
)

sum: Array
(
    [PRIZM] => 0.9
)

paid==processing
paid==processing
paid==processing
paid==processing
paid==processing
processing==processing
paid==processing
paid==paid
paid==paid
paid==paid
paid==paid
paid==paid
processing==paid
paid==paid
paid==processing
paid==processing
paid==processing
paid==processing
paid==processing
processing==processing
paid==processing
paid==paid
paid==paid
paid==paid
paid==paid
paid==paid
processing==paid
paid==paid
paid==processing
paid==processing
paid==processing
paid==processing
paid==processing
processing==processing
paid==processing
paid==paid
paid==paid
paid==paid
paid==paid
paid==paid
processing==paid
paid==paid
paid==processing
paid==processing
paid==processing
paid==processing
paid==processing
processing==processing
paid==processing
paid==paid
paid==paid
paid==paid
paid==paid
paid==paid
processing==paid
paid==paid
paid==processing
paid==processing
paid==processing
paid==processing
paid==processing
processing==processing
paid==processing
paid==paid
paid==paid
paid==paid
paid==paid
paid==paid
processing==paid
paid==paid
paid==paid
paid==paid
paid==paid
paid==paid
paid==paid
processing==paid
paid==paid
paid==processing
paid==processing
paid==processing
paid==processing
paid==processing
processing==processing
paid==processing
paid==processing
paid==processing
paid==processing
paid==processing
paid==processing
processing==processing
paid==processing
paid==paid
paid==paid
paid==paid
paid==paid
paid==paid
processing==paid
paid==paid
paid==processing
paid==processing
paid==processing
paid==processing
paid==processing
processing==processing
paid==processing
paid==paid
paid==paid
paid==paid
paid==paid
paid==paid
processing==paid
paid==paid
paid==paid
paid==paid
paid==paid
paid==paid
paid==paid
processing==paid
paid==paid
paid==paid
paid==paid
paid==paid
paid==paid
paid==paid
processing==paid
paid==paid
paid==processing
paid==processing
paid==processing
paid==processing
paid==processing
processing==processing
paid==processing
paid==paid
paid==paid
paid==paid
paid==paid
paid==paid
processing==paid
paid==paid
paid==processing
paid==processing
paid==processing
paid==processing
paid==processing
processing==processing
paid==processing
paid==paid
paid==paid
paid==paid
paid==paid
paid==paid
processing==paid
paid==paid
sum: Array
(
    [SLAV] => 8.57
    [PRIZM] => 10.57
)

sum: Array
(
)

paid==processing
paid==processing
paid==processing
paid==processing
paid==processing
processing==processing
paid==processing
email: shar.leto88@gmail.com; text: 
    <p>Вы или кто то другой зарегистрировались на сайте "МПК СЛАВИЯ" со следующими данными:</p>
    <p>Логин: zima</p>
    <p>Пароль: dead9816</p><p>Если это были вы, то подтвердите свою регистрацию перейдя по ссылке ниже:</p>
        <p><a href="http://vnuk2.ev88.fvds.ru/profile/?rcl-confirmdata=WyJ6aW1hIiwiZjAzM2FiMzdjMzAyMDFmNzNmMTQyNDQ5ZDAzNzAyOGQiXQ%3D%3D">http://vnuk2.ev88.fvds.ru/profile/?rcl-confirmdata=WyJ6aW1hIiwiZjAzM2FiMzdjMzAyMDFmNzNmMTQyNDQ5ZDAzNzAyOGQiXQ%3D%3D</a></p>
        <p>Не получается активировать аккаунт?</p>
        <p>Скопируйте текст ссылки ниже, вставьте его в адресную строку браузера и нажмите Enter</p><p>Если это были не вы, то просто проигнорируйте это письмо</p><p><small>-----------------------------------------------------<br/>
    Это сообщение было сформировано автоматически, не надо отвечать на него.<br/>
    "МПК СЛАВИЯ"</small></p>; headers: From: МПК СЛАВИЯ <cms.pkslav@gmail.com>
Reply-To: МПК СЛАВИЯ <cms.pkslav@gmail.com>
Return-Path: МПК СЛАВИЯ <cms.pkslav@gmail.com>

email: shar.leto88@gmail.com; text: <p>Ваш профиль был успешно верифицирован и теперь вы сможете совершать операции по обмену.</p><p>Перейдите на сайт vnuk2.ev88.fvds.ru, чтобы начать совершать операции.</p><p><small>-----------------------------------------------------<br/>
    Это сообщение было сформировано автоматически, не надо отвечать на него.<br/>
    "МПК СЛАВИЯ"</small></p>; headers: From: МПК СЛАВИЯ <cms.pkslav@gmail.com>
Reply-To: МПК СЛАВИЯ <cms.pkslav@gmail.com>
Return-Path: МПК СЛАВИЯ <cms.pkslav@gmail.com>

email: shar.leto88@gmail.com; text: <p>Ваш профиль был успешно верифицирован и теперь вы сможете совершать операции по обмену.</p><p>Перейдите на сайт vnuk2.ev88.fvds.ru, чтобы начать совершать операции.</p><p><small>-----------------------------------------------------<br/>
    Это сообщение было сформировано автоматически, не надо отвечать на него.<br/>
    "МПК СЛАВИЯ"</small></p>; headers: From: МПК СЛАВИЯ <cms.pkslav@gmail.com>
Reply-To: МПК СЛАВИЯ <cms.pkslav@gmail.com>
Return-Path: МПК СЛАВИЯ <cms.pkslav@gmail.com>

email: shar.leto88@gmail.com; text: 
    <p>Вы или кто то другой зарегистрировались на сайте "МПК СЛАВИЯ" со следующими данными:</p>
    <p>Логин: zima</p>
    <p>Пароль: dead9816</p><p>Если это были вы, то подтвердите свою регистрацию перейдя по ссылке ниже:</p>
        <p><a href="http://vnuk2.ev88.fvds.ru/profile/?rcl-confirmdata=WyJ6aW1hIiwiNDNlYzUxN2Q2OGI2ZWRkMzAxNWIzZWRjOWExMTM2N2IiXQ%3D%3D">http://vnuk2.ev88.fvds.ru/profile/?rcl-confirmdata=WyJ6aW1hIiwiNDNlYzUxN2Q2OGI2ZWRkMzAxNWIzZWRjOWExMTM2N2IiXQ%3D%3D</a></p>
        <p>Не получается активировать аккаунт?</p>
        <p>Скопируйте текст ссылки ниже, вставьте его в адресную строку браузера и нажмите Enter</p><p>Если это были не вы, то просто проигнорируйте это письмо</p><p><small>-----------------------------------------------------<br/>
    Это сообщение было сформировано автоматически, не надо отвечать на него.<br/>
    "МПК СЛАВИЯ"</small></p>; headers: From: МПК СЛАВИЯ <cms.pkslav@gmail.com>
Reply-To: МПК СЛАВИЯ <cms.pkslav@gmail.com>
Return-Path: МПК СЛАВИЯ <cms.pkslav@gmail.com>

paid==processing
paid==processing
paid==processing
paid==processing
paid==processing
processing==processing
paid==processing
paid==paid
paid==paid
paid==paid
paid==paid
paid==paid
processing==paid
paid==paid
paid==processing
paid==processing
paid==processing
paid==processing
paid==processing
processing==processing
paid==processing
paid==paid
paid==paid
paid==paid
paid==paid
paid==paid
processing==paid
paid==paid
paid==paid
paid==paid
paid==paid
paid==paid
paid==paid
processing==paid
paid==paid
email: shar.leto88@gmail.com; text: <p>Ваш профиль был успешно верифицирован и теперь вы сможете совершать операции по обмену.</p><p>Перейдите на сайт vnuk2.ev88.fvds.ru, чтобы начать совершать операции.</p><p><small>-----------------------------------------------------<br/>
    Это сообщение было сформировано автоматически, не надо отвечать на него.<br/>
    "МПК СЛАВИЯ"</small></p>; headers: From: МПК СЛАВИЯ <cms.pkslav@gmail.com>
Reply-To: МПК СЛАВИЯ <cms.pkslav@gmail.com>
Return-Path: МПК СЛАВИЯ <cms.pkslav@gmail.com>

paid==processing
paid==processing
paid==processing
paid==processing
paid==processing
processing==processing
paid==processing
paid==paid
paid==paid
paid==paid
paid==paid
paid==paid
processing==paid
paid==paid
filename:Акт приема SLAV-81-05-12-19-39.pdf
filename:Акт возврата паевого взноса RUB-81-05-12-19-39.pdf
paid==processing
paid==processing
paid==processing
paid==processing
paid==processing
processing==processing
paid==processing
paid==paid
paid==paid
paid==paid
paid==paid
paid==paid
processing==paid
paid==paid
paid==paid
paid==paid
paid==paid
paid==paid
paid==paid
processing==paid
paid==paid
paid==processing
paid==processing
paid==processing
paid==processing
paid==processing
processing==processing
paid==processing
paid==processing
paid==processing
paid==processing
paid==processing
paid==processing
processing==processing
paid==processing
paid==paid
paid==paid
paid==paid
paid==paid
paid==paid
processing==paid
paid==paid
paid==processing
paid==processing
paid==processing
paid==processing
paid==processing
processing==processing
paid==processing
paid==paid
paid==paid
paid==paid
paid==paid
paid==paid
processing==paid
paid==paid
paid==paid
paid==paid
paid==paid
paid==paid
paid==paid
processing==paid
paid==paid
paid==paid
paid==paid
paid==paid
paid==paid
paid==paid
processing==paid
paid==paid
paid==processing
paid==processing
paid==processing
paid==processing
paid==processing
processing==processing
paid==processing
paid==processing
paid==processing
paid==processing
paid==processing
paid==processing
processing==processing
paid==processing
paid==paid
paid==paid
paid==paid
paid==paid
paid==paid
processing==paid
paid==paid
email: sergeyandreevich88@yandex.ru; text: <p>Пользователь zima zima zima с ID 81 только что совершил новую операцию.</p><p>Необходимо выплатить пригласившему его пользователю  с ID NTM=provip вознаграждение в размере 0 SLAV в соответствии с условиями реферальной программы.</p><p><small>-----------------------------------------------------<br/>
    Это сообщение было сформировано автоматически, не надо отвечать на него.<br/>
    "МПК СЛАВИЯ"</small></p>; headers: From: МПК СЛАВИЯ <cms.pkslav@gmail.com>
Reply-To: МПК СЛАВИЯ <cms.pkslav@gmail.com>
Return-Path: МПК СЛАВИЯ <cms.pkslav@gmail.com>

email: sivon59296@mailop7.com; text: <p>Пользователь zima zima zima с ID 81 только что совершил новую операцию.</p><p>Необходимо выплатить пригласившему его пользователю  с ID NTM=provip вознаграждение в размере 0 SLAV в соответствии с условиями реферальной программы.</p><p><small>-----------------------------------------------------<br/>
    Это сообщение было сформировано автоматически, не надо отвечать на него.<br/>
    "МПК СЛАВИЯ"</small></p>; headers: From: МПК СЛАВИЯ <cms.pkslav@gmail.com>
Reply-To: МПК СЛАВИЯ <cms.pkslav@gmail.com>
Return-Path: МПК СЛАВИЯ <cms.pkslav@gmail.com>

email: blablba@mail.ru; text: <p>Пользователь zima zima zima с ID 81 только что совершил новую операцию.</p><p>Необходимо выплатить пригласившему его пользователю  с ID NTM=provip вознаграждение в размере 0 SLAV в соответствии с условиями реферальной программы.</p><p><small>-----------------------------------------------------<br/>
    Это сообщение было сформировано автоматически, не надо отвечать на него.<br/>
    "МПК СЛАВИЯ"</small></p>; headers: From: МПК СЛАВИЯ <cms.pkslav@gmail.com>
Reply-To: МПК СЛАВИЯ <cms.pkslav@gmail.com>
Return-Path: МПК СЛАВИЯ <cms.pkslav@gmail.com>

email: ; text: <p>Приглашенный вами пользователь zima zima zima только что совершил новую операцию.</p><p>Вам причитается вознаграждение в размере 0 SLAV в соответствии с условиями реферальной программы.</p><p><small>-----------------------------------------------------<br/>
    Это сообщение было сформировано автоматически, не надо отвечать на него.<br/>
    "МПК СЛАВИЯ"</small></p>; headers: From: МПК СЛАВИЯ <cms.pkslav@gmail.com>
Reply-To: МПК СЛАВИЯ <cms.pkslav@gmail.com>
Return-Path: МПК СЛАВИЯ <cms.pkslav@gmail.com>

filename:Акт приема SLAV-81-05-12-19-53.pdf
filename:Акт возврата паевого взноса RUB-81-05-12-19-53.pdf
paid==processing
paid==processing
paid==processing
paid==processing
paid==processing
processing==processing
paid==processing
processing==processing
paid==paid
paid==paid
paid==paid
paid==paid
paid==paid
processing==paid
paid==paid
processing==paid
paid==processing
paid==processing
paid==processing
paid==processing
paid==processing
processing==processing
paid==processing
processing==processing
paid==paid
paid==paid
paid==paid
paid==paid
paid==paid
processing==paid
paid==paid
processing==paid
paid==processing
paid==processing
paid==processing
paid==processing
paid==processing
processing==processing
paid==processing
processing==processing
paid==paid
paid==paid
paid==paid
paid==paid
paid==paid
processing==paid
paid==paid
processing==paid
paid==paid
paid==paid
paid==paid
paid==paid
paid==paid
processing==paid
paid==paid
processing==paid
paid==processing
paid==processing
paid==processing
paid==processing
paid==processing
processing==processing
paid==processing
processing==processing
paid==processing
paid==processing
paid==processing
paid==processing
paid==processing
processing==processing
paid==processing
processing==processing
paid==paid
paid==paid
paid==paid
paid==paid
paid==paid
processing==paid
paid==paid
processing==paid
paid==processing
paid==processing
paid==processing
paid==processing
paid==processing
processing==processing
paid==processing
processing==processing
email: sergeyandreevich88@yandex.ru; text: <p>Пользователь zima zima zima с ID 81 только что совершил новую операцию.</p><p>Необходимо выплатить пригласившему его пользователю  с ID NTM=provip вознаграждение в размере 0 BTC в соответствии с условиями реферальной программы.</p><p><small>-----------------------------------------------------<br/>
    Это сообщение было сформировано автоматически, не надо отвечать на него.<br/>
    "МПК СЛАВИЯ"</small></p>; headers: From: МПК СЛАВИЯ <cms.pkslav@gmail.com>
Reply-To: МПК СЛАВИЯ <cms.pkslav@gmail.com>
Return-Path: МПК СЛАВИЯ <cms.pkslav@gmail.com>

email: sivon59296@mailop7.com; text: <p>Пользователь zima zima zima с ID 81 только что совершил новую операцию.</p><p>Необходимо выплатить пригласившему его пользователю  с ID NTM=provip вознаграждение в размере 0 BTC в соответствии с условиями реферальной программы.</p><p><small>-----------------------------------------------------<br/>
    Это сообщение было сформировано автоматически, не надо отвечать на него.<br/>
    "МПК СЛАВИЯ"</small></p>; headers: From: МПК СЛАВИЯ <cms.pkslav@gmail.com>
Reply-To: МПК СЛАВИЯ <cms.pkslav@gmail.com>
Return-Path: МПК СЛАВИЯ <cms.pkslav@gmail.com>

email: blablba@mail.ru; text: <p>Пользователь zima zima zima с ID 81 только что совершил новую операцию.</p><p>Необходимо выплатить пригласившему его пользователю  с ID NTM=provip вознаграждение в размере 0 BTC в соответствии с условиями реферальной программы.</p><p><small>-----------------------------------------------------<br/>
    Это сообщение было сформировано автоматически, не надо отвечать на него.<br/>
    "МПК СЛАВИЯ"</small></p>; headers: From: МПК СЛАВИЯ <cms.pkslav@gmail.com>
Reply-To: МПК СЛАВИЯ <cms.pkslav@gmail.com>
Return-Path: МПК СЛАВИЯ <cms.pkslav@gmail.com>

email: ; text: <p>Приглашенный вами пользователь zima zima zima только что совершил новую операцию.</p><p>Вам причитается вознаграждение в размере 0 BTC в соответствии с условиями реферальной программы.</p><p><small>-----------------------------------------------------<br/>
    Это сообщение было сформировано автоматически, не надо отвечать на него.<br/>
    "МПК СЛАВИЯ"</small></p>; headers: From: МПК СЛАВИЯ <cms.pkslav@gmail.com>
Reply-To: МПК СЛАВИЯ <cms.pkslav@gmail.com>
Return-Path: МПК СЛАВИЯ <cms.pkslav@gmail.com>

paid==processing
paid==processing
paid==processing
paid==processing
paid==processing
processing==processing
paid==processing
processing==processing
processing==processing
paid==paid
paid==paid
paid==paid
paid==paid
paid==paid
processing==paid
paid==paid
processing==paid
processing==paid
filename:Акт приема BTC-81-05-12-20-34.pdf
filename:Акт возврата паевого взноса Блоки Bonolit D500-81-05-12-20-34.pdf
paid==paid
paid==paid
paid==paid
paid==paid
paid==paid
processing==paid
paid==paid
processing==paid
processing==paid
paid==processing
paid==processing
paid==processing
paid==processing
paid==processing
processing==processing
paid==processing
processing==processing
processing==processing
sum: Array
(
)

sum: Array
(
    [SLAV] => 0
    [BTC] => 0
)

paid==processing
paid==processing
paid==processing
paid==processing
paid==processing
processing==processing
paid==processing
processing==processing
processing==processing
paid==paid
paid==paid
paid==paid
paid==paid
paid==paid
processing==paid
paid==paid
processing==paid
processing==paid
paid==processing
paid==processing
paid==processing
paid==processing
paid==processing
processing==processing
paid==processing
processing==processing
processing==processing
paid==paid
paid==paid
paid==paid
paid==paid
paid==paid
processing==paid
paid==paid
processing==paid
processing==paid
email: sergeyandreevich88@yandex.ru; text: <p>Пользователь zima zima zima с ID 81 только что совершил новую операцию.</p><p>Необходимо выплатить пригласившему его пользователю  с ID NTM=provip вознаграждение в размере 0 Сталь в соответствии с условиями реферальной программы.</p><p><small>-----------------------------------------------------<br/>
    Это сообщение было сформировано автоматически, не надо отвечать на него.<br/>
    "МПК СЛАВИЯ"</small></p>; headers: From: МПК СЛАВИЯ <cms.pkslav@gmail.com>
Reply-To: МПК СЛАВИЯ <cms.pkslav@gmail.com>
Return-Path: МПК СЛАВИЯ <cms.pkslav@gmail.com>

email: sivon59296@mailop7.com; text: <p>Пользователь zima zima zima с ID 81 только что совершил новую операцию.</p><p>Необходимо выплатить пригласившему его пользователю  с ID NTM=provip вознаграждение в размере 0 Сталь в соответствии с условиями реферальной программы.</p><p><small>-----------------------------------------------------<br/>
    Это сообщение было сформировано автоматически, не надо отвечать на него.<br/>
    "МПК СЛАВИЯ"</small></p>; headers: From: МПК СЛАВИЯ <cms.pkslav@gmail.com>
Reply-To: МПК СЛАВИЯ <cms.pkslav@gmail.com>
Return-Path: МПК СЛАВИЯ <cms.pkslav@gmail.com>

email: blablba@mail.ru; text: <p>Пользователь zima zima zima с ID 81 только что совершил новую операцию.</p><p>Необходимо выплатить пригласившему его пользователю  с ID NTM=provip вознаграждение в размере 0 Сталь в соответствии с условиями реферальной программы.</p><p><small>-----------------------------------------------------<br/>
    Это сообщение было сформировано автоматически, не надо отвечать на него.<br/>
    "МПК СЛАВИЯ"</small></p>; headers: From: МПК СЛАВИЯ <cms.pkslav@gmail.com>
Reply-To: МПК СЛАВИЯ <cms.pkslav@gmail.com>
Return-Path: МПК СЛАВИЯ <cms.pkslav@gmail.com>

email: ; text: <p>Приглашенный вами пользователь zima zima zima только что совершил новую операцию.</p><p>Вам причитается вознаграждение в размере 0 Сталь в соответствии с условиями реферальной программы.</p><p><small>-----------------------------------------------------<br/>
    Это сообщение было сформировано автоматически, не надо отвечать на него.<br/>
    "МПК СЛАВИЯ"</small></p>; headers: From: МПК СЛАВИЯ <cms.pkslav@gmail.com>
Reply-To: МПК СЛАВИЯ <cms.pkslav@gmail.com>
Return-Path: МПК СЛАВИЯ <cms.pkslav@gmail.com>

filename:Акт приема Сталь-81-05-12-20-41.pdf
filename:Акт возврата паевого взноса Медь-81-05-12-20-41.pdf
paid==processing
paid==processing
paid==processing
paid==processing
paid==processing
processing==processing
paid==processing
processing==processing
processing==processing
processing==processing
paid==paid
paid==paid
paid==paid
paid==paid
paid==paid
processing==paid
paid==paid
processing==paid
processing==paid
processing==paid
paid==processing
paid==processing
paid==processing
paid==processing
paid==processing
processing==processing
paid==processing
processing==processing
processing==processing
processing==processing
paid==paid
paid==paid
paid==paid
paid==paid
paid==paid
processing==paid
paid==paid
processing==paid
processing==paid
processing==paid
paid==processing
paid==processing
paid==processing
paid==processing
paid==processing
processing==processing
paid==processing
processing==processing
processing==processing
processing==processing
paid==paid
paid==paid
paid==paid
paid==paid
paid==paid
processing==paid
paid==paid
processing==paid
processing==paid
processing==paid
paid==processing
paid==processing
paid==processing
paid==processing
paid==processing
processing==processing
paid==processing
processing==processing
processing==processing
processing==processing
paid==paid
paid==paid
paid==paid
paid==paid
paid==paid
processing==paid
paid==paid
processing==paid
processing==paid
processing==paid
paid==processing
paid==processing
paid==processing
paid==processing
paid==processing
processing==processing
paid==processing
processing==processing
processing==processing
processing==processing
paid==paid
paid==paid
paid==paid
paid==paid
paid==paid
processing==paid
paid==paid
processing==paid
processing==paid
processing==paid
paid==processing
paid==processing
paid==processing
paid==processing
paid==processing
processing==processing
paid==processing
processing==processing
processing==processing
processing==processing
paid==paid
paid==paid
paid==paid
paid==paid
paid==paid
processing==paid
paid==paid
processing==paid
processing==paid
processing==paid
