email: kono.koto.miwa@gmail.com; text: 
    <p>Вы или кто то другой зарегистрировались на сайте "МПК СЛАВИЯ" со следующими данными:</p>
    <p>Логин: carley jennings</p>
    <p>Пароль: carley jennings</p><p>Если это были вы, то подтвердите свою регистрацию перейдя по ссылке ниже:</p>
        <p><a href="http://pkslav.com/profile/?rcl-confirmdata=WyJjYXJsZXkgamVubmluZ3MiLCJlYzhjZTZhYmIzZTk1MmE4NWI4NTUxYmE3MjZhMTIyNyJd">http://pkslav.com/profile/?rcl-confirmdata=WyJjYXJsZXkgamVubmluZ3MiLCJlYzhjZTZhYmIzZTk1MmE4NWI4NTUxYmE3MjZhMTIyNyJd</a></p>
        <p>Не получается активировать аккаунт?</p>
        <p>Скопируйте текст ссылки ниже, вставьте его в адресную строку браузера и нажмите Enter</p><p>Если это были не вы, то просто проигнорируйте это письмо</p><p><small>-----------------------------------------------------<br/>
    Это сообщение было сформировано автоматически, не надо отвечать на него.<br/>
    "МПК СЛАВИЯ"</small></p>; headers: From: МПК СЛАВИЯ <cms.pkslav@gmail.com>
Reply-To: МПК СЛАВИЯ <cms.pkslav@gmail.com>
Return-Path: МПК СЛАВИЯ <cms.pkslav@gmail.com>

email: cdonk2017@outlook.com; text: 
    <p>Вы или кто то другой зарегистрировались на сайте "МПК СЛАВИЯ" со следующими данными:</p>
    <p>Логин: reagan green</p>
    <p>Пароль: reagan green</p><p>Если это были вы, то подтвердите свою регистрацию перейдя по ссылке ниже:</p>
        <p><a href="http://pkslav.com/profile/?rcl-confirmdata=WyJyZWFnYW4gZ3JlZW4iLCIwNjBhZDkyNDg5OTQ3ZDQxMGQ4OTc0NzQwNzljMTQ3NyJd">http://pkslav.com/profile/?rcl-confirmdata=WyJyZWFnYW4gZ3JlZW4iLCIwNjBhZDkyNDg5OTQ3ZDQxMGQ4OTc0NzQwNzljMTQ3NyJd</a></p>
        <p>Не получается активировать аккаунт?</p>
        <p>Скопируйте текст ссылки ниже, вставьте его в адресную строку браузера и нажмите Enter</p><p>Если это были не вы, то просто проигнорируйте это письмо</p><p><small>-----------------------------------------------------<br/>
    Это сообщение было сформировано автоматически, не надо отвечать на него.<br/>
    "МПК СЛАВИЯ"</small></p>; headers: From: МПК СЛАВИЯ <cms.pkslav@gmail.com>
Reply-To: МПК СЛАВИЯ <cms.pkslav@gmail.com>
Return-Path: МПК СЛАВИЯ <cms.pkslav@gmail.com>

email: dayte_svoy_jabber@ne.rabotaet.flud; text: 
    <p>Вы или кто то другой зарегистрировались на сайте "МПК СЛАВИЯ" со следующими данными:</p>
    <p>Логин: krystal hale</p>
    <p>Пароль: krystal hale</p><p>Если это были вы, то подтвердите свою регистрацию перейдя по ссылке ниже:</p>
        <p><a href="http://pkslav.com/profile/?rcl-confirmdata=WyJrcnlzdGFsIGhhbGUiLCJiY2JlMzM2NWU2YWM5NWVhMmMwMzQzYTIzOTU4MzRkZCJd">http://pkslav.com/profile/?rcl-confirmdata=WyJrcnlzdGFsIGhhbGUiLCJiY2JlMzM2NWU2YWM5NWVhMmMwMzQzYTIzOTU4MzRkZCJd</a></p>
        <p>Не получается активировать аккаунт?</p>
        <p>Скопируйте текст ссылки ниже, вставьте его в адресную строку браузера и нажмите Enter</p><p>Если это были не вы, то просто проигнорируйте это письмо</p><p><small>-----------------------------------------------------<br/>
    Это сообщение было сформировано автоматически, не надо отвечать на него.<br/>
    "МПК СЛАВИЯ"</small></p>; headers: From: МПК СЛАВИЯ <cms.pkslav@gmail.com>
Reply-To: МПК СЛАВИЯ <cms.pkslav@gmail.com>
Return-Path: МПК СЛАВИЯ <cms.pkslav@gmail.com>

email: info@bravocapital.ee; text: 
    <p>Вы или кто то другой зарегистрировались на сайте "МПК СЛАВИЯ" со следующими данными:</p>
    <p>Логин: averi michael</p>
    <p>Пароль: averi michael</p><p>Если это были вы, то подтвердите свою регистрацию перейдя по ссылке ниже:</p>
        <p><a href="http://pkslav.com/profile/?rcl-confirmdata=WyJhdmVyaSBtaWNoYWVsIiwiMTE1Zjg5NTAzMTM4NDE2YTI0MmY0MGZiN2Q3ZjMzOGUiXQ%3D%3D">http://pkslav.com/profile/?rcl-confirmdata=WyJhdmVyaSBtaWNoYWVsIiwiMTE1Zjg5NTAzMTM4NDE2YTI0MmY0MGZiN2Q3ZjMzOGUiXQ%3D%3D</a></p>
        <p>Не получается активировать аккаунт?</p>
        <p>Скопируйте текст ссылки ниже, вставьте его в адресную строку браузера и нажмите Enter</p><p>Если это были не вы, то просто проигнорируйте это письмо</p><p><small>-----------------------------------------------------<br/>
    Это сообщение было сформировано автоматически, не надо отвечать на него.<br/>
    "МПК СЛАВИЯ"</small></p>; headers: From: МПК СЛАВИЯ <cms.pkslav@gmail.com>
Reply-To: МПК СЛАВИЯ <cms.pkslav@gmail.com>
Return-Path: МПК СЛАВИЯ <cms.pkslav@gmail.com>

deposit: Array
(
    [asset_name] => prizm
    [asset_requisites] => okfghokdoghk
    [asset_rate_rubles] => 
)

deposit: Array
(
    [asset_name] => Блоки Bonolit
    [asset_requisites] => sfhdfhgdh
    [asset_rate_rubles] => 351
)

deposit: true
deposit: true
deposit price: 0.36
deposit: Array
(
    [0] => Array
        (
            [asset_name] => RUB
            [asset_requisites] => аваыпаывп
            [asset_rate_rubles] => 1
        )

)

deposit: Array
(
    [0] => Array
        (
            [asset_name] => prizm
            [asset_requisites] => okfghokdoghk
            [asset_rate_rubles] => 
        )

    [1] => Array
        (
            [asset_name] => Блоки Bonolit
            [asset_requisites] => sfhdfhgdh
            [asset_rate_rubles] => 351
        )

)

deposit: Array
(
    [0] => Array
        (
            [asset_name] => RUB
            [asset_requisites] => аваыпаывп
            [asset_rate_rubles] => 1
        )

)

deposit: Array
(
    [0] => Array
        (
            [asset_name] => prizm
            [asset_requisites] => okfghokdoghk
            [asset_rate_rubles] => 0.36
        )

    [1] => Array
        (
            [asset_name] => Блоки Bonolit
            [asset_requisites] => sfhdfhgdh
            [asset_rate_rubles] => 351
        )

)

EXCHANGE: Array
(
    [input_sum] => 5
    [input_currency] => Бетон
    [deposit_type] => ОСАГО-АвтоСтрахование
    [requisites] => 4шпвшш
)

EXCHANGE: Array
(
    [input_sum] => 10
    [input_currency] => prizm
    [deposit_type] => ПрессСейл FORGING-POOL
    [requisites] => kfdohkd
)

EXCHANGE: Array
(
    [input_sum] => 1000
    [input_currency] => RUB
    [deposit_type] => Спортмастер
    [requisites] => adsdsdsd
)

EXCHANGE: Array
(
    [input_sum] => 1
    [input_currency] => RUB
    [deposit_type] => Кооперативные Карты
    [requisites] => аваыпаывп
)

EXCHANGE: Array
(
    [input_sum] => 1000
    [input_currency] => Prizm
    [deposit_type] => Кооперативные Карты
    [requisites] => /-/-/-/-/-/-/-/-/
)

input_currency: Prizm
input_rate: 0.37
output_currency: 
output_rate: 
before rubArray
(
    [Urals 1 барель] => Array
        (
            [input_sum] => 1000
            [output_sum] => 0
            [exchange_num] => 1
        )

    [] => Array
        (
            [input_sum] => 0
            [output_sum] => 0
            [exchange_num] => 0
        )

    [RUB] => Array
        (
            [sum] => -103431100
            [exchange_num] => 9
        )

    [SLAV] => Array
        (
            [input_sum] => 11600
            [output_sum] => 54600
            [exchange_num] => 4
        )

    [Prizm] => Array
        (
            [input_sum] => 1000
            [output_sum] => 1923.08
            [exchange_num] => 0
        )

    [Сапфиры] => Array
        (
            [input_sum] => 10
            [output_sum] => 0
            [exchange_num] => 1
        )

    [Марка @brend@] => Array
        (
            [input_sum] => 200010
            [output_sum] => 0
            [exchange_num] => 2
        )

    [Prizm 10000 ] => Array
        (
            [input_sum] => 0
            [output_sum] => 10000
            [exchange_num] => 0
        )

    [Сталь 53-59] => Array
        (
            [input_sum] => 100
            [output_sum] => 0
            [exchange_num] => 1
        )

)

added rubArray
(
    [Urals 1 барель] => Array
        (
            [input_sum] => 1000
            [output_sum] => 0
            [exchange_num] => 1
        )

    [] => Array
        (
            [input_sum] => 0
            [output_sum] => 0
            [exchange_num] => 0
        )

    [RUB] => Array
        (
            [sum] => -103431470
            [exchange_num] => 10
        )

    [SLAV] => Array
        (
            [input_sum] => 11600
            [output_sum] => 54600
            [exchange_num] => 4
        )

    [Prizm] => Array
        (
            [input_sum] => 1000
            [output_sum] => 1923.08
            [exchange_num] => 0
        )

    [Сапфиры] => Array
        (
            [input_sum] => 10
            [output_sum] => 0
            [exchange_num] => 1
        )

    [Марка @brend@] => Array
        (
            [input_sum] => 200010
            [output_sum] => 0
            [exchange_num] => 2
        )

    [Prizm 10000 ] => Array
        (
            [input_sum] => 0
            [output_sum] => 10000
            [exchange_num] => 0
        )

    [Сталь 53-59] => Array
        (
            [input_sum] => 100
            [output_sum] => 0
            [exchange_num] => 1
        )

)

doc_fields: Array
(
    [input_fields] => Array
        (
            [doc_num] => 1
            [day] => 9
            [month] => сентября
            [year] => 2020
            [hour] => 21
            [minute] => 47
            [client_num] => 42
            [client_fio] => Ирина Бодункова Ярославна
            [currency] => Prizm
            [other_currency] => 
            [amount] => 1000
            [currency_rate] => 0.37
            [sum] => 370
            [public_key] => se6f54swgf4w5rfg4wef6a54fa6+54fas54few54fw6e54fs6e5f
            [doc_type] => deposit
            [deposit_type] => Кооперативные Карты
            [prizm_address] => Prizm-dfwef588-5454-4542fd-fdsf
            [slav_address] => Slav-546541546465465s65f4s6d54f6s54f65s
        )

    [is_deposit] => 1
)

doc_1: Array
(
    [date] => 09.09.20 21:47:48
    [filename] => -внесение-целевого-взносаPrizm-Пайщик-№42-Ирина-Бодункова-Ярославна-09-09-21-47.pdf
    [url] => http://pkslav.com/wp-content/uploads/2020/09/Акт-внесение-целевого-взносаPrizm-Пайщик-№42-Ирина-Бодункова-Ярославна-09-09-21-47.pdf
)

EXCHANGE: Array
(
    [is_personal_deposit] => yes
    [section] => Услуга
    [input_amount] => 35
    [input_currency] => hfhghd
    [rate] => 35
    [is_public] => on
)

exchange other:Array
(
    [input_sum] => 35
    [input_currency] => hfhghd
    [output_sum] => 
    [output_currency] => 
    [is_public] => 1
    [is_reserve] => 
    [is_save] => 
    [requisites] => 
    [date] => 09.09.20 21:48:58
    [status] => personal_deposit
)

EXCHANGE: Array
(
    [input_currency] => SLAV
    [input_sum] => 100000
    [output_currency] => Золото 1_г.
    [output_sum] => 24.75
    [card_num] => 
    [card_name] => 
    [requisites] => 3PAM1XRQG4cpvh15evZenJWvXBAcTcC2jjt
)

EXCHANGE: Array
(
    [input_sum] => 5
    [input_currency] => prizm
    [deposit_type] => Спортмастер
    [requisites] => okfghokdoghk
)

