json_order_data:{\"paymentSystem\":\"VISA\",\"merchantShortName\":\"slv\",\"merchantLogin\":\"slv\",\"approvalCode\":\"123456\",\"orderNumber\":\"2016\",\"backUrl\":\"https://3dsec.sberbank.ru/payment/docsite/finish_modal.html?orderId=3da63883-299a-743e-a8fe-a91a5e2dc596&lang=ru\",\"failUrl\":\"https://3dsec.sberbank.ru/payment/docsite/finish_modal.html?orderId=3da63883-299a-743e-a8fe-a91a5e2dc596&lang=ru\",\"terminalId\":\"123456\",\"orderDescription\":\"\",\"merchantFullName\":\"SLV\",\"transDate\":\"28.01.2020 17:20:15\",\"currency\":\"643\",\"expiry\":\"12/2024\",\"formattedAmount\":\"50.00\",\"actionCodeDescription\":\"\",\"formattedFeeAmount\":\"0.00\",\"email\":\"kepopo7118@mailrunner.net\",\"amount\":\"5000\",\"merchantCode\":\"12345678\",\"ip\":\"188.242.105.111\",\"panMasked\":\"411111**1111\",\"successUrl\":\"https://3dsec.sberbank.ru/payment/docsite/finish_modal.html?orderId=3da63883-299a-743e-a8fe-a91a5e2dc596&lang=ru\",\"processingErrorType\":{\"value\":\"NO_ERROR\",\"messageCode\":\"payment.errors.no_error\"},\"panMasked4digits\":\"**** **** **** 1111\",\"errorTypeName\":\"SUCCESS\",\"feeAmount\":\"0\",\"orderParams\":{},\"orderExpired\":false,\"refNum\":\"672479766090\",\"finishPageLogin\":\"sbersafe\",\"cardholderName\":\"CARD HOLDER\",\"paymentDate\":\"28.01.2020 17:20:21\",\"merchantUrl\":\"http://slv.a99953zd.beget.tech/\",\"status\":\"DEPOSITED\"}
decode_order_data:
json_order_data:Array
decode_order_data:
json_order_data:Array
(
    [paymentSystem] => VISA
    [merchantShortName] => slv
    [merchantLogin] => slv
    [approvalCode] => 123456
    [orderNumber] => 2022
    [backUrl] => https://3dsec.sberbank.ru/payment/docsite/finish_modal.html?orderId=d06151b3-e175-7067-9ca2-f7665e2dc596&lang=ru
    [failUrl] => https://3dsec.sberbank.ru/payment/docsite/finish_modal.html?orderId=d06151b3-e175-7067-9ca2-f7665e2dc596&lang=ru
    [terminalId] => 123456
    [orderDescription] => 
    [merchantFullName] => SLV
    [transDate] => 28.01.2020 17:43:40
    [currency] => 643
    [expiry] => 12/2024
    [formattedAmount] => 50.00
    [actionCodeDescription] => 
    [formattedFeeAmount] => 0.00
    [email] => kepopo7118@mailrunner.net
    [amount] => 5000
    [merchantCode] => 12345678
    [ip] => 188.242.105.111
    [panMasked] => 411111**1111
    [successUrl] => https://3dsec.sberbank.ru/payment/docsite/finish_modal.html?orderId=d06151b3-e175-7067-9ca2-f7665e2dc596&lang=ru
    [processingErrorType] => Array
        (
            [value] => NO_ERROR
            [messageCode] => payment.errors.no_error
        )

    [panMasked4digits] => **** **** **** 1111
    [errorTypeName] => SUCCESS
    [feeAmount] => 0
    [orderExpired] => false
    [refNum] => 980571973400
    [finishPageLogin] => sbersafe
    [cardholderName] => CARD HOLDER
    [paymentDate] => 28.01.2020 17:43:46
    [merchantUrl] => http://slv.a99953zd.beget.tech/
    [status] => DEPOSITED
)

