search:Array
(
    [type] => date
    [datatype] => exchange_requests
    [val] => 01/22/2020
)

search:Array
(
    [type] => date
    [datatype] => exchange_requests
    [val] => 01/16/2020
)

search:Array
(
    [type] => date
    [datatype] => exchange_requests
    [val] => 01/13/2020
)

new_filter:01.01.20
date_value:25.01.20
------------------------------
new_filter:01.01.20
date_value:25.01.20
------------------------------
new_filter:01.01.20
date_value:25.01.20
------------------------------
new_filter:01.01.20
date_value:25.01.20
------------------------------
new_filter:01.01.20
date_value:25.01.20
------------------------------
new_filter:01.01.20
date_value:25.01.20
------------------------------
new_filter:01.01.20
date_value:25.01.20
------------------------------
new_filter:01.01.20
date_value:25.01.20
------------------------------
new_filter:01.01.20
date_value:25.01.20
------------------------------
new_filter:01.01.20
date_value:25.01.20
------------------------------
new_filter:01.01.20
date_value:25.01.20
------------------------------
new_filter:01.01.20
date_value:28.01.20
------------------------------
new_filter:01.01.20
date_value:29.01.20
------------------------------
new_filter:01.01.20
date_value:29.01.20
------------------------------
new_filter:01.01.20
date_value:29.01.20
------------------------------
11:11:58 Fatal Error: syntax error, unexpected end of file in /home/a/a99953zd/slv/public_html/wp-content/plugins/wp-recall/add-on/profile_slavia/index.php:1814
