email: rita@rcrnet.net; text: 
    <p>Вы или кто то другой зарегистрировались на сайте "МПК СЛАВИЯ" со следующими данными:</p>
    <p>Логин: madyson humphrey</p>
    <p>Пароль: madyson humphrey</p><p>Если это были вы, то подтвердите свою регистрацию перейдя по ссылке ниже:</p>
        <p><a href="http://pkslav.com/profile/?rcl-confirmdata=WyJtYWR5c29uIGh1bXBocmV5IiwiMzY2NjBlNTk4NTZiNGRlNThhMjE5YmNmNGUyN2ViYTMiXQ%3D%3D">http://pkslav.com/profile/?rcl-confirmdata=WyJtYWR5c29uIGh1bXBocmV5IiwiMzY2NjBlNTk4NTZiNGRlNThhMjE5YmNmNGUyN2ViYTMiXQ%3D%3D</a></p>
        <p>Не получается активировать аккаунт?</p>
        <p>Скопируйте текст ссылки ниже, вставьте его в адресную строку браузера и нажмите Enter</p><p>Если это были не вы, то просто проигнорируйте это письмо</p><p><small>-----------------------------------------------------<br/>
    Это сообщение было сформировано автоматически, не надо отвечать на него.<br/>
    "МПК СЛАВИЯ"</small></p>; headers: From: МПК СЛАВИЯ <cms.pkslav@gmail.com>
Reply-To: МПК СЛАВИЯ <cms.pkslav@gmail.com>
Return-Path: МПК СЛАВИЯ <cms.pkslav@gmail.com>

email: debradavis4614@gmail.com; text: 
    <p>Вы или кто то другой зарегистрировались на сайте "МПК СЛАВИЯ" со следующими данными:</p>
    <p>Логин: PsAMdaJrOti</p>
    <p>Пароль: m5nvyRDNxT0z!</p><p>Если это были вы, то подтвердите свою регистрацию перейдя по ссылке ниже:</p>
        <p><a href="http://pkslav.com/profile/?rcl-confirmdata=WyJQc0FNZGFKck90aSIsIjhjMTlmNTcxZTI1MWU2MWNiOGRkMzYxMmYyNmQ1ZWNmIl0%3D">http://pkslav.com/profile/?rcl-confirmdata=WyJQc0FNZGFKck90aSIsIjhjMTlmNTcxZTI1MWU2MWNiOGRkMzYxMmYyNmQ1ZWNmIl0%3D</a></p>
        <p>Не получается активировать аккаунт?</p>
        <p>Скопируйте текст ссылки ниже, вставьте его в адресную строку браузера и нажмите Enter</p><p>Если это были не вы, то просто проигнорируйте это письмо</p><p><small>-----------------------------------------------------<br/>
    Это сообщение было сформировано автоматически, не надо отвечать на него.<br/>
    "МПК СЛАВИЯ"</small></p>; headers: From: МПК СЛАВИЯ <cms.pkslav@gmail.com>
Reply-To: МПК СЛАВИЯ <cms.pkslav@gmail.com>
Return-Path: МПК СЛАВИЯ <cms.pkslav@gmail.com>

email: sepayne@ptd.net; text: 
    <p>Вы или кто то другой зарегистрировались на сайте "МПК СЛАВИЯ" со следующими данными:</p>
    <p>Логин: maritza short</p>
    <p>Пароль: maritza short</p><p>Если это были вы, то подтвердите свою регистрацию перейдя по ссылке ниже:</p>
        <p><a href="http://pkslav.com/profile/?rcl-confirmdata=WyJtYXJpdHphIHNob3J0IiwiZDZiYWY2NWUwYjI0MGNlMTc3Y2Y3MGRhMTQ2YzhkYzgiXQ%3D%3D">http://pkslav.com/profile/?rcl-confirmdata=WyJtYXJpdHphIHNob3J0IiwiZDZiYWY2NWUwYjI0MGNlMTc3Y2Y3MGRhMTQ2YzhkYzgiXQ%3D%3D</a></p>
        <p>Не получается активировать аккаунт?</p>
        <p>Скопируйте текст ссылки ниже, вставьте его в адресную строку браузера и нажмите Enter</p><p>Если это были не вы, то просто проигнорируйте это письмо</p><p><small>-----------------------------------------------------<br/>
    Это сообщение было сформировано автоматически, не надо отвечать на него.<br/>
    "МПК СЛАВИЯ"</small></p>; headers: From: МПК СЛАВИЯ <cms.pkslav@gmail.com>
Reply-To: МПК СЛАВИЯ <cms.pkslav@gmail.com>
Return-Path: МПК СЛАВИЯ <cms.pkslav@gmail.com>

email: redu.shitu@yahoo.com; text: 
    <p>Вы или кто то другой зарегистрировались на сайте "МПК СЛАВИЯ" со следующими данными:</p>
    <p>Логин: esme bruce</p>
    <p>Пароль: esme bruce</p><p>Если это были вы, то подтвердите свою регистрацию перейдя по ссылке ниже:</p>
        <p><a href="http://pkslav.com/profile/?rcl-confirmdata=WyJlc21lIGJydWNlIiwiZTU2OTU0YjRmNjM0N2U4OTdmOTU0NDk1ZWFiMTZhODgiXQ%3D%3D">http://pkslav.com/profile/?rcl-confirmdata=WyJlc21lIGJydWNlIiwiZTU2OTU0YjRmNjM0N2U4OTdmOTU0NDk1ZWFiMTZhODgiXQ%3D%3D</a></p>
        <p>Не получается активировать аккаунт?</p>
        <p>Скопируйте текст ссылки ниже, вставьте его в адресную строку браузера и нажмите Enter</p><p>Если это были не вы, то просто проигнорируйте это письмо</p><p><small>-----------------------------------------------------<br/>
    Это сообщение было сформировано автоматически, не надо отвечать на него.<br/>
    "МПК СЛАВИЯ"</small></p>; headers: From: МПК СЛАВИЯ <cms.pkslav@gmail.com>
Reply-To: МПК СЛАВИЯ <cms.pkslav@gmail.com>
Return-Path: МПК СЛАВИЯ <cms.pkslav@gmail.com>

