07.05.20 21:55:01==08.05.20 12:00:31
08.05.20 12:00:31==08.05.20 12:00:31
aaa==aaa
ccc==ccc
7==7
07.05.20 13:04:27==08.05.20 12:00:31
07.05.20 21:52:53==08.05.20 12:00:31
08.05.20 12:02:59==08.05.20 12:00:31
items: Array
(
    [63] => Array
        (
            [7] => Array
                (
                    [date] => 07.05.20 21:55:01
                    [host_name] => aaa
                    [ref_name] => ccc
                    [award_sum] => 5
                    [award_currency] => SLAV
                    [status] => paid
                )

            [9] => Array
                (
                    [date] => 08.05.20 12:00:31
                    [host_name] => aaa
                    [ref_name] => ccc
                    [award_sum] => 7
                    [award_currency] => PRIZM
                    [status] => processing
                )

        )

    [76] => Array
        (
            [3] => Array
                (
                    [date] => 07.05.20 13:04:27
                    [host_name] => ccc
                    [ref_name] => ggg
                    [award_sum] => 0
                    [award_currency] => SLAV
                    [status] => paid
                )

            [5] => Array
                (
                    [date] => 07.05.20 21:52:53
                    [host_name] => ccc
                    [ref_name] => ggg
                    [award_sum] => 0.9
                    [award_currency] => PRIZM
                    [status] => processing
                )

            [6] => Array
                (
                    [date] => 08.05.20 12:02:59
                    [host_name] => ccc
                    [ref_name] => ggg
                    [award_sum] => 15
                    [award_currency] => SLAV
                    [status] => paid
                    [host_id] => 76
                )

        )

)

fields: Array
(
    [status] => processing
)

paid==processing
processing==processing
paid==processing
processing==processing
paid==processing
items: Array
(
    [63] => Array
        (
            [7] => Array
                (
                    [date] => 07.05.20 21:55:01
                    [host_name] => aaa
                    [ref_name] => ccc
                    [award_sum] => 5
                    [award_currency] => SLAV
                    [status] => paid
                )

            [9] => Array
                (
                    [date] => 08.05.20 12:00:31
                    [host_name] => aaa
                    [ref_name] => ccc
                    [award_sum] => 7
                    [award_currency] => PRIZM
                    [status] => processing
                )

        )

    [76] => Array
        (
            [3] => Array
                (
                    [date] => 07.05.20 13:04:27
                    [host_name] => ccc
                    [ref_name] => ggg
                    [award_sum] => 0
                    [award_currency] => SLAV
                    [status] => paid
                )

            [5] => Array
                (
                    [date] => 07.05.20 21:52:53
                    [host_name] => ccc
                    [ref_name] => ggg
                    [award_sum] => 0.9
                    [award_currency] => PRIZM
                    [status] => processing
                )

            [6] => Array
                (
                    [date] => 08.05.20 12:02:59
                    [host_name] => ccc
                    [ref_name] => ggg
                    [award_sum] => 15
                    [award_currency] => SLAV
                    [status] => paid
                    [host_id] => 76
                )

        )

)

fields: Array
(
    [status] => paid
)

paid==paid
processing==paid
paid==paid
processing==paid
paid==paid
items: Array
(
    [63] => Array
        (
            [7] => Array
                (
                    [date] => 07.05.20 21:55:01
                    [host_name] => aaa
                    [ref_name] => ccc
                    [award_sum] => 5
                    [award_currency] => SLAV
                    [status] => paid
                )

            [9] => Array
                (
                    [date] => 08.05.20 12:00:31
                    [host_name] => aaa
                    [ref_name] => ccc
                    [award_sum] => 7
                    [award_currency] => PRIZM
                    [status] => processing
                )

        )

    [76] => Array
        (
            [3] => Array
                (
                    [date] => 07.05.20 13:04:27
                    [host_name] => ccc
                    [ref_name] => ggg
                    [award_sum] => 0
                    [award_currency] => SLAV
                    [status] => paid
                )

            [5] => Array
                (
                    [date] => 07.05.20 21:52:53
                    [host_name] => ccc
                    [ref_name] => ggg
                    [award_sum] => 0.9
                    [award_currency] => PRIZM
                    [status] => processing
                )

            [6] => Array
                (
                    [date] => 08.05.20 12:02:59
                    [host_name] => ccc
                    [ref_name] => ggg
                    [award_sum] => 15
                    [award_currency] => SLAV
                    [status] => paid
                    [host_id] => 76
                )

        )

)

fields: Array
(
    [date] => 08.05.20 12:00:31
    [host_name] => aaa
    [ref_name] => ccc
    [award_sum] => 7
    [award_currency] => PRIZM
)

07.05.20 21:55:01==08.05.20 12:00:31
08.05.20 12:00:31==08.05.20 12:00:31
aaa==aaa
ccc==ccc
7==7
07.05.20 13:04:27==08.05.20 12:00:31
07.05.20 21:52:53==08.05.20 12:00:31
08.05.20 12:02:59==08.05.20 12:00:31
items: Array
(
    [63] => Array
        (
            [7] => Array
                (
                    [date] => 07.05.20 21:55:01
                    [host_name] => aaa
                    [ref_name] => ccc
                    [award_sum] => 5
                    [award_currency] => SLAV
                    [status] => paid
                )

            [9] => Array
                (
                    [date] => 08.05.20 12:00:31
                    [host_name] => aaa
                    [ref_name] => ccc
                    [award_sum] => 7
                    [award_currency] => PRIZM
                    [status] => processing
                )

        )

    [76] => Array
        (
            [3] => Array
                (
                    [date] => 07.05.20 13:04:27
                    [host_name] => ccc
                    [ref_name] => ggg
                    [award_sum] => 0
                    [award_currency] => SLAV
                    [status] => paid
                )

            [5] => Array
                (
                    [date] => 07.05.20 21:52:53
                    [host_name] => ccc
                    [ref_name] => ggg
                    [award_sum] => 0.9
                    [award_currency] => PRIZM
                    [status] => processing
                )

            [6] => Array
                (
                    [date] => 08.05.20 12:02:59
                    [host_name] => ccc
                    [ref_name] => ggg
                    [award_sum] => 15
                    [award_currency] => SLAV
                    [status] => paid
                    [host_id] => 76
                )

        )

)

fields: Array
(
    [status] => processing
)

paid==processing
processing==processing
paid==processing
processing==processing
paid==processing
items: Array
(
    [63] => Array
        (
            [7] => Array
                (
                    [date] => 07.05.20 21:55:01
                    [host_name] => aaa
                    [ref_name] => ccc
                    [award_sum] => 5
                    [award_currency] => SLAV
                    [status] => paid
                )

            [9] => Array
                (
                    [date] => 08.05.20 12:00:31
                    [host_name] => aaa
                    [ref_name] => ccc
                    [award_sum] => 7
                    [award_currency] => PRIZM
                    [status] => processing
                )

        )

    [76] => Array
        (
            [3] => Array
                (
                    [date] => 07.05.20 13:04:27
                    [host_name] => ccc
                    [ref_name] => ggg
                    [award_sum] => 0
                    [award_currency] => SLAV
                    [status] => paid
                )

            [5] => Array
                (
                    [date] => 07.05.20 21:52:53
                    [host_name] => ccc
                    [ref_name] => ggg
                    [award_sum] => 0.9
                    [award_currency] => PRIZM
                    [status] => processing
                )

            [6] => Array
                (
                    [date] => 08.05.20 12:02:59
                    [host_name] => ccc
                    [ref_name] => ggg
                    [award_sum] => 15
                    [award_currency] => SLAV
                    [status] => paid
                    [host_id] => 76
                )

        )

)

fields: Array
(
    [status] => paid
)

paid==paid
processing==paid
paid==paid
processing==paid
paid==paid
items: Array
(
    [63] => Array
        (
            [7] => Array
                (
                    [date] => 07.05.20 21:55:01
                    [host_name] => aaa
                    [ref_name] => ccc
                    [award_sum] => 5
                    [award_currency] => SLAV
                    [status] => paid
                )

            [9] => Array
                (
                    [date] => 08.05.20 12:00:31
                    [host_name] => aaa
                    [ref_name] => ccc
                    [award_sum] => 7
                    [award_currency] => PRIZM
                    [status] => processing
                )

        )

    [76] => Array
        (
            [3] => Array
                (
                    [date] => 07.05.20 13:04:27
                    [host_name] => ccc
                    [ref_name] => ggg
                    [award_sum] => 0
                    [award_currency] => SLAV
                    [status] => paid
                )

            [5] => Array
                (
                    [date] => 07.05.20 21:52:53
                    [host_name] => ccc
                    [ref_name] => ggg
                    [award_sum] => 0.9
                    [award_currency] => PRIZM
                    [status] => processing
                )

            [6] => Array
                (
                    [date] => 08.05.20 12:02:59
                    [host_name] => ccc
                    [ref_name] => ggg
                    [award_sum] => 15
                    [award_currency] => SLAV
                    [status] => paid
                    [host_id] => 76
                )

        )

)

fields: Array
(
    [status] => paid
)

paid==paid
processing==paid
paid==paid
processing==paid
paid==paid
items: Array
(
    [63] => Array
        (
            [7] => Array
                (
                    [date] => 07.05.20 21:55:01
                    [host_name] => aaa
                    [ref_name] => ccc
                    [award_sum] => 5
                    [award_currency] => SLAV
                    [status] => paid
                )

            [9] => Array
                (
                    [date] => 08.05.20 12:00:31
                    [host_name] => aaa
                    [ref_name] => ccc
                    [award_sum] => 7
                    [award_currency] => PRIZM
                    [status] => processing
                )

        )

    [76] => Array
        (
            [3] => Array
                (
                    [date] => 07.05.20 13:04:27
                    [host_name] => ccc
                    [ref_name] => ggg
                    [award_sum] => 0
                    [award_currency] => SLAV
                    [status] => paid
                )

            [5] => Array
                (
                    [date] => 07.05.20 21:52:53
                    [host_name] => ccc
                    [ref_name] => ggg
                    [award_sum] => 0.9
                    [award_currency] => PRIZM
                    [status] => processing
                )

            [6] => Array
                (
                    [date] => 08.05.20 12:02:59
                    [host_name] => ccc
                    [ref_name] => ggg
                    [award_sum] => 15
                    [award_currency] => SLAV
                    [status] => paid
                    [host_id] => 76
                )

        )

)

fields: Array
(
    [status] => processing
)

paid==processing
processing==processing
paid==processing
processing==processing
paid==processing
items: Array
(
    [63] => Array
        (
            [7] => Array
                (
                    [date] => 07.05.20 21:55:01
                    [host_name] => aaa
                    [ref_name] => ccc
                    [award_sum] => 5
                    [award_currency] => SLAV
                    [status] => paid
                )

            [9] => Array
                (
                    [date] => 08.05.20 12:00:31
                    [host_name] => aaa
                    [ref_name] => ccc
                    [award_sum] => 7
                    [award_currency] => PRIZM
                    [status] => processing
                )

        )

    [76] => Array
        (
            [3] => Array
                (
                    [date] => 07.05.20 13:04:27
                    [host_name] => ccc
                    [ref_name] => ggg
                    [award_sum] => 0
                    [award_currency] => SLAV
                    [status] => paid
                )

            [5] => Array
                (
                    [date] => 07.05.20 21:52:53
                    [host_name] => ccc
                    [ref_name] => ggg
                    [award_sum] => 0.9
                    [award_currency] => PRIZM
                    [status] => processing
                )

            [6] => Array
                (
                    [date] => 08.05.20 12:02:59
                    [host_name] => ccc
                    [ref_name] => ggg
                    [award_sum] => 15
                    [award_currency] => SLAV
                    [status] => paid
                    [host_id] => 76
                )

        )

)

fields: Array
(
    [date] => 08.05.20 12:00:31
    [host_name] => aaa
    [ref_name] => ccc
    [award_sum] => 7
    [award_currency] => PRIZM
)

07.05.20 21:55:01==08.05.20 12:00:31
08.05.20 12:00:31==08.05.20 12:00:31
aaa==aaa
ccc==ccc
7==7
07.05.20 13:04:27==08.05.20 12:00:31
07.05.20 21:52:53==08.05.20 12:00:31
08.05.20 12:02:59==08.05.20 12:00:31
items: Array
(
    [63] => Array
        (
            [7] => Array
                (
                    [date] => 07.05.20 21:55:01
                    [host_name] => aaa
                    [ref_name] => ccc
                    [award_sum] => 5
                    [award_currency] => SLAV
                    [status] => paid
                )

            [9] => Array
                (
                    [date] => 08.05.20 12:00:31
                    [host_name] => aaa
                    [ref_name] => ccc
                    [award_sum] => 7
                    [award_currency] => PRIZM
                    [status] => processing
                )

        )

    [76] => Array
        (
            [3] => Array
                (
                    [date] => 07.05.20 13:04:27
                    [host_name] => ccc
                    [ref_name] => ggg
                    [award_sum] => 0
                    [award_currency] => SLAV
                    [status] => paid
                )

            [5] => Array
                (
                    [date] => 07.05.20 21:52:53
                    [host_name] => ccc
                    [ref_name] => ggg
                    [award_sum] => 0.9
                    [award_currency] => PRIZM
                    [status] => processing
                )

            [6] => Array
                (
                    [date] => 08.05.20 12:02:59
                    [host_name] => ccc
                    [ref_name] => ggg
                    [award_sum] => 15
                    [award_currency] => SLAV
                    [status] => paid
                    [host_id] => 76
                )

        )

)

fields: Array
(
    [status] => processing
)

paid==processing
processing==processing
paid==processing
processing==processing
paid==processing
items: Array
(
    [63] => Array
        (
            [7] => Array
                (
                    [date] => 07.05.20 21:55:01
                    [host_name] => aaa
                    [ref_name] => ccc
                    [award_sum] => 5
                    [award_currency] => SLAV
                    [status] => paid
                )

            [9] => Array
                (
                    [date] => 08.05.20 12:00:31
                    [host_name] => aaa
                    [ref_name] => ccc
                    [award_sum] => 7
                    [award_currency] => PRIZM
                    [status] => processing
                )

        )

    [76] => Array
        (
            [3] => Array
                (
                    [date] => 07.05.20 13:04:27
                    [host_name] => ccc
                    [ref_name] => ggg
                    [award_sum] => 0
                    [award_currency] => SLAV
                    [status] => paid
                )

            [5] => Array
                (
                    [date] => 07.05.20 21:52:53
                    [host_name] => ccc
                    [ref_name] => ggg
                    [award_sum] => 0.9
                    [award_currency] => PRIZM
                    [status] => processing
                )

            [6] => Array
                (
                    [date] => 08.05.20 12:02:59
                    [host_name] => ccc
                    [ref_name] => ggg
                    [award_sum] => 15
                    [award_currency] => SLAV
                    [status] => paid
                    [host_id] => 76
                )

        )

)

fields: Array
(
    [status] => paid
)

paid==paid
processing==paid
paid==paid
processing==paid
paid==paid
items: Array
(
    [63] => Array
        (
            [7] => Array
                (
                    [date] => 07.05.20 21:55:01
                    [host_name] => aaa
                    [ref_name] => ccc
                    [award_sum] => 5
                    [award_currency] => SLAV
                    [status] => paid
                )

            [9] => Array
                (
                    [date] => 08.05.20 12:00:31
                    [host_name] => aaa
                    [ref_name] => ccc
                    [award_sum] => 7
                    [award_currency] => PRIZM
                    [status] => processing
                )

        )

    [76] => Array
        (
            [3] => Array
                (
                    [date] => 07.05.20 13:04:27
                    [host_name] => ccc
                    [ref_name] => ggg
                    [award_sum] => 0
                    [award_currency] => SLAV
                    [status] => paid
                )

            [5] => Array
                (
                    [date] => 07.05.20 21:52:53
                    [host_name] => ccc
                    [ref_name] => ggg
                    [award_sum] => 0.9
                    [award_currency] => PRIZM
                    [status] => processing
                )

            [6] => Array
                (
                    [date] => 08.05.20 12:02:59
                    [host_name] => ccc
                    [ref_name] => ggg
                    [award_sum] => 15
                    [award_currency] => SLAV
                    [status] => paid
                    [host_id] => 76
                )

        )

)

fields: Array
(
    [date] => 08.05.20 12:00:31
    [host_name] => aaa
    [ref_name] => ccc
    [award_sum] => 7
    [award_currency] => PRIZM
)

07.05.20 21:55:01==08.05.20 12:00:31
08.05.20 12:00:31==08.05.20 12:00:31
aaa==aaa
ccc==ccc
7==7
07.05.20 13:04:27==08.05.20 12:00:31
07.05.20 21:52:53==08.05.20 12:00:31
08.05.20 12:02:59==08.05.20 12:00:31
items: Array
(
    [63] => Array
        (
            [7] => Array
                (
                    [date] => 07.05.20 21:55:01
                    [host_name] => aaa
                    [ref_name] => ccc
                    [award_sum] => 5
                    [award_currency] => SLAV
                    [status] => paid
                )

            [9] => Array
                (
                    [date] => 08.05.20 12:00:31
                    [host_name] => aaa
                    [ref_name] => ccc
                    [award_sum] => 7
                    [award_currency] => PRIZM
                    [status] => processing
                )

        )

    [76] => Array
        (
            [3] => Array
                (
                    [date] => 07.05.20 13:04:27
                    [host_name] => ccc
                    [ref_name] => ggg
                    [award_sum] => 0
                    [award_currency] => SLAV
                    [status] => paid
                )

            [5] => Array
                (
                    [date] => 07.05.20 21:52:53
                    [host_name] => ccc
                    [ref_name] => ggg
                    [award_sum] => 0.9
                    [award_currency] => PRIZM
                    [status] => processing
                )

            [6] => Array
                (
                    [date] => 08.05.20 12:02:59
                    [host_name] => ccc
                    [ref_name] => ggg
                    [award_sum] => 15
                    [award_currency] => SLAV
                    [status] => paid
                    [host_id] => 76
                )

        )

)

fields: Array
(
    [date] => 08.05.20 12:00:31
    [host_name] => aaa
    [ref_name] => ccc
    [award_sum] => 7
    [award_currency] => PRIZM
)

07.05.20 21:55:01==08.05.20 12:00:31
08.05.20 12:00:31==08.05.20 12:00:31
aaa==aaa
ccc==ccc
7==7
07.05.20 13:04:27==08.05.20 12:00:31
07.05.20 21:52:53==08.05.20 12:00:31
08.05.20 12:02:59==08.05.20 12:00:31





result_items: Array
(
    [0] => Array
        (
            [date] => 08.05.20 12:00:31
            [host_name] => aaa
            [ref_name] => ccc
            [award_sum] => 7
            [award_currency] => PRIZM
            [status] => processing
            [host_id] => 63
        )

    [1] => Array
        (
            [date] => 07.05.20 21:52:53
            [host_name] => ccc
            [ref_name] => ggg
            [award_sum] => 0.9
            [award_currency] => PRIZM
            [status] => processing
            [host_id] => 76
        )

)






result_items: Array
(
    [0] => Array
        (
            [date] => 07.05.20 21:55:01
            [host_name] => aaa
            [ref_name] => ccc
            [award_sum] => 5
            [award_currency] => SLAV
            [status] => paid
            [host_id] => 63
        )

    [1] => Array
        (
            [date] => 07.05.20 13:04:27
            [host_name] => ccc
            [ref_name] => ggg
            [award_sum] => 0
            [award_currency] => SLAV
            [status] => paid
            [host_id] => 76
        )

    [2] => Array
        (
            [date] => 08.05.20 12:02:59
            [host_name] => ccc
            [ref_name] => ggg
            [award_sum] => 15
            [award_currency] => SLAV
            [status] => paid
            [host_id] => 76
        )

)









result_items: Array
(
)









result_items: Array
(
)

07.05.20 21:55:01==08.05.20 12:00:31
08.05.20 12:00:31==08.05.20 12:00:31
aaa==aaa
ccc==ccc
7==7
07.05.20 13:04:27==08.05.20 12:00:31
07.05.20 21:52:53==08.05.20 12:00:31
08.05.20 12:02:59==08.05.20 12:00:31
result_items: Array
(
)

paid==processing
processing==processing
paid==processing
processing==processing
paid==processing
paid==paid
processing==paid
paid==paid
processing==paid
paid==paid
07.05.20 21:55:01==08.05.20 12:00:31
08.05.20 12:00:31==08.05.20 12:00:31
aaa==aaa
ccc==ccc
7==7
PRIZM==PRIZM
paid==paid
paid==paid
paid==paid
processing==paid
paid==paid
email: sergeyandreevich88@yandex.ru; text: <p>Пользователь ccc с ID 76 только что совершил новую операцию.</p><p>Необходимо выплатить пригласившему его пользователю aaa с ID 63 вознаграждение в размере 3.57 PRIZM в соответствии с условиями реферальной программы.</p><p><small>-----------------------------------------------------<br/>
    Это сообщение было сформировано автоматически, не надо отвечать на него.<br/>
    "МПК СЛАВИЯ"</small></p>; headers: From: МПК СЛАВИЯ <cms.pkslav@gmail.com>
Reply-To: МПК СЛАВИЯ <cms.pkslav@gmail.com>
Return-Path: МПК СЛАВИЯ <cms.pkslav@gmail.com>

email: sivon59296@mailop7.com; text: <p>Пользователь ccc с ID 76 только что совершил новую операцию.</p><p>Необходимо выплатить пригласившему его пользователю aaa с ID 63 вознаграждение в размере 3.57 PRIZM в соответствии с условиями реферальной программы.</p><p><small>-----------------------------------------------------<br/>
    Это сообщение было сформировано автоматически, не надо отвечать на него.<br/>
    "МПК СЛАВИЯ"</small></p>; headers: From: МПК СЛАВИЯ <cms.pkslav@gmail.com>
Reply-To: МПК СЛАВИЯ <cms.pkslav@gmail.com>
Return-Path: МПК СЛАВИЯ <cms.pkslav@gmail.com>

email: blablba@mail.ru; text: <p>Пользователь ccc с ID 76 только что совершил новую операцию.</p><p>Необходимо выплатить пригласившему его пользователю aaa с ID 63 вознаграждение в размере 3.57 PRIZM в соответствии с условиями реферальной программы.</p><p><small>-----------------------------------------------------<br/>
    Это сообщение было сформировано автоматически, не надо отвечать на него.<br/>
    "МПК СЛАВИЯ"</small></p>; headers: From: МПК СЛАВИЯ <cms.pkslav@gmail.com>
Reply-To: МПК СЛАВИЯ <cms.pkslav@gmail.com>
Return-Path: МПК СЛАВИЯ <cms.pkslav@gmail.com>

email: aleksandr-zemyan@rambler.ru; text: <p>Приглашенный вами пользователь ccc только что совершил новую операцию.</p><p>Вам причитается вознаграждение в размере 3.57 PRIZM в соответствии с условиями реферальной программы.</p><p><small>-----------------------------------------------------<br/>
    Это сообщение было сформировано автоматически, не надо отвечать на него.<br/>
    "МПК СЛАВИЯ"</small></p>; headers: From: МПК СЛАВИЯ <cms.pkslav@gmail.com>
Reply-To: МПК СЛАВИЯ <cms.pkslav@gmail.com>
Return-Path: МПК СЛАВИЯ <cms.pkslav@gmail.com>

filename:Акт приема PRIZM-76-05-08-20-36.pdf
filename:Акт возврата паевого взноса RUB-76-05-08-20-36.pdf
email: sergeyandreevich88@yandex.ru; text: <p>Пользователь ccc с ID 76 только что совершил новую операцию.</p><p>Необходимо выплатить пригласившему его пользователю aaa с ID 63 вознаграждение в размере 0.35 Плутоний в соответствии с условиями реферальной программы.</p><p><small>-----------------------------------------------------<br/>
    Это сообщение было сформировано автоматически, не надо отвечать на него.<br/>
    "МПК СЛАВИЯ"</small></p>; headers: From: МПК СЛАВИЯ <cms.pkslav@gmail.com>
Reply-To: МПК СЛАВИЯ <cms.pkslav@gmail.com>
Return-Path: МПК СЛАВИЯ <cms.pkslav@gmail.com>

email: sivon59296@mailop7.com; text: <p>Пользователь ccc с ID 76 только что совершил новую операцию.</p><p>Необходимо выплатить пригласившему его пользователю aaa с ID 63 вознаграждение в размере 0.35 Плутоний в соответствии с условиями реферальной программы.</p><p><small>-----------------------------------------------------<br/>
    Это сообщение было сформировано автоматически, не надо отвечать на него.<br/>
    "МПК СЛАВИЯ"</small></p>; headers: From: МПК СЛАВИЯ <cms.pkslav@gmail.com>
Reply-To: МПК СЛАВИЯ <cms.pkslav@gmail.com>
Return-Path: МПК СЛАВИЯ <cms.pkslav@gmail.com>

email: blablba@mail.ru; text: <p>Пользователь ccc с ID 76 только что совершил новую операцию.</p><p>Необходимо выплатить пригласившему его пользователю aaa с ID 63 вознаграждение в размере 0.35 Плутоний в соответствии с условиями реферальной программы.</p><p><small>-----------------------------------------------------<br/>
    Это сообщение было сформировано автоматически, не надо отвечать на него.<br/>
    "МПК СЛАВИЯ"</small></p>; headers: From: МПК СЛАВИЯ <cms.pkslav@gmail.com>
Reply-To: МПК СЛАВИЯ <cms.pkslav@gmail.com>
Return-Path: МПК СЛАВИЯ <cms.pkslav@gmail.com>

email: aleksandr-zemyan@rambler.ru; text: <p>Приглашенный вами пользователь ccc только что совершил новую операцию.</p><p>Вам причитается вознаграждение в размере 0.35 Плутоний в соответствии с условиями реферальной программы.</p><p><small>-----------------------------------------------------<br/>
    Это сообщение было сформировано автоматически, не надо отвечать на него.<br/>
    "МПК СЛАВИЯ"</small></p>; headers: From: МПК СЛАВИЯ <cms.pkslav@gmail.com>
Reply-To: МПК СЛАВИЯ <cms.pkslav@gmail.com>
Return-Path: МПК СЛАВИЯ <cms.pkslav@gmail.com>

filename:Акт приема Плутоний-76-05-08-20-37.pdf
filename:Акт возврата паевого взноса Золото-76-05-08-20-37.pdf
paid==processing
paid==processing
processing==processing
processing==processing
paid==processing
processing==processing
paid==processing
paid==paid
paid==paid
processing==paid
processing==paid
paid==paid
processing==paid
paid==paid
07.05.20 21:55:01==08.05.20 20:36:56
08.05.20 12:00:31==08.05.20 20:36:56
08.05.20 20:36:49==08.05.20 20:36:56
08.05.20 20:36:56==08.05.20 20:36:56
aaa==aaa
ccc==ccc
0.35==0.35
Плутоний==Плутоний
paid==paid
paid==paid
processing==paid
paid==paid
paid==paid
processing==paid
paid==paid
07.05.20 21:55:01==08.05.20 20:36:56
08.05.20 12:00:31==08.05.20 20:36:56
08.05.20 20:36:49==08.05.20 20:36:56
08.05.20 20:36:56==08.05.20 20:36:56
aaa==aaa
ccc==ccc
0.35==0.35
Плутоний==Плутоний
paid==processing
paid==processing
processing==processing
paid==processing
processing==processing
paid==processing
paid==paid
paid==paid
processing==paid
paid==paid
processing==paid
paid==paid
paid==paid
paid==paid
processing==paid
paid==paid
processing==paid
paid==paid
paid==processing
paid==processing
processing==processing
paid==processing
processing==processing
paid==processing
07.05.20 21:55:01==08.05.20 20:36:49
08.05.20 12:00:31==08.05.20 20:36:49
08.05.20 20:36:49==08.05.20 20:36:49
aaa==aaa
ccc==ccc
3.57==3.57
PRIZM==PRIZM
paid==paid
paid==paid
paid==paid
paid==paid
processing==paid
paid==paid
email: sergeyandreevich88@yandex.ru; text: <p>Пользователь ccc с ID 76 только что совершил новую операцию.</p><p>Необходимо выплатить пригласившему его пользователю aaa с ID 63 вознаграждение в размере 3.57 SLAV в соответствии с условиями реферальной программы.</p><p><small>-----------------------------------------------------<br/>
    Это сообщение было сформировано автоматически, не надо отвечать на него.<br/>
    "МПК СЛАВИЯ"</small></p>; headers: From: МПК СЛАВИЯ <cms.pkslav@gmail.com>
Reply-To: МПК СЛАВИЯ <cms.pkslav@gmail.com>
Return-Path: МПК СЛАВИЯ <cms.pkslav@gmail.com>

email: sivon59296@mailop7.com; text: <p>Пользователь ccc с ID 76 только что совершил новую операцию.</p><p>Необходимо выплатить пригласившему его пользователю aaa с ID 63 вознаграждение в размере 3.57 SLAV в соответствии с условиями реферальной программы.</p><p><small>-----------------------------------------------------<br/>
    Это сообщение было сформировано автоматически, не надо отвечать на него.<br/>
    "МПК СЛАВИЯ"</small></p>; headers: From: МПК СЛАВИЯ <cms.pkslav@gmail.com>
Reply-To: МПК СЛАВИЯ <cms.pkslav@gmail.com>
Return-Path: МПК СЛАВИЯ <cms.pkslav@gmail.com>

email: blablba@mail.ru; text: <p>Пользователь ccc с ID 76 только что совершил новую операцию.</p><p>Необходимо выплатить пригласившему его пользователю aaa с ID 63 вознаграждение в размере 3.57 SLAV в соответствии с условиями реферальной программы.</p><p><small>-----------------------------------------------------<br/>
    Это сообщение было сформировано автоматически, не надо отвечать на него.<br/>
    "МПК СЛАВИЯ"</small></p>; headers: From: МПК СЛАВИЯ <cms.pkslav@gmail.com>
Reply-To: МПК СЛАВИЯ <cms.pkslav@gmail.com>
Return-Path: МПК СЛАВИЯ <cms.pkslav@gmail.com>

email: aleksandr-zemyan@rambler.ru; text: <p>Приглашенный вами пользователь ccc только что совершил новую операцию.</p><p>Вам причитается вознаграждение в размере 3.57 SLAV в соответствии с условиями реферальной программы.</p><p><small>-----------------------------------------------------<br/>
    Это сообщение было сформировано автоматически, не надо отвечать на него.<br/>
    "МПК СЛАВИЯ"</small></p>; headers: From: МПК СЛАВИЯ <cms.pkslav@gmail.com>
Reply-To: МПК СЛАВИЯ <cms.pkslav@gmail.com>
Return-Path: МПК СЛАВИЯ <cms.pkslav@gmail.com>

filename:Акт приема SLAV-76-05-08-20-38.pdf
filename:Акт возврата паевого взноса RUB-76-05-08-20-38.pdf
paid==processing
paid==processing
paid==processing
processing==processing
paid==processing
processing==processing
paid==processing
paid==paid
paid==paid
paid==paid
processing==paid
paid==paid
processing==paid
paid==paid
paid==paid
paid==paid
paid==paid
processing==paid
paid==paid
processing==paid
paid==paid
sum: Array
(
    [SLAV] => 5
    [PRIZM] => 10.57
)

sum: Array
(
    [SLAV] => 3.57
)

