email: johnfranta@hotmail.com; text: 
    <p>Вы или кто то другой зарегистрировались на сайте "МПК СЛАВИЯ" со следующими данными:</p>
    <p>Логин: riya navarro</p>
    <p>Пароль: riya navarro</p><p>Если это были вы, то подтвердите свою регистрацию перейдя по ссылке ниже:</p>
        <p><a href="http://vnuk2.ev88.fvds.ru/profile/?rcl-confirmdata=WyJyaXlhIG5hdmFycm8iLCI2YzRiNzYxYTI4YjczNGZlOTM4MzFlM2ZiNDAwY2U4NyJd">http://vnuk2.ev88.fvds.ru/profile/?rcl-confirmdata=WyJyaXlhIG5hdmFycm8iLCI2YzRiNzYxYTI4YjczNGZlOTM4MzFlM2ZiNDAwY2U4NyJd</a></p>
        <p>Не получается активировать аккаунт?</p>
        <p>Скопируйте текст ссылки ниже, вставьте его в адресную строку браузера и нажмите Enter</p><p>Если это были не вы, то просто проигнорируйте это письмо</p><p><small>-----------------------------------------------------<br/>
    Это сообщение было сформировано автоматически, не надо отвечать на него.<br/>
    "МПК СЛАВИЯ"</small></p>; headers: From: МПК СЛАВИЯ <cms.pkslav@gmail.com>
Reply-To: МПК СЛАВИЯ <cms.pkslav@gmail.com>
Return-Path: МПК СЛАВИЯ <cms.pkslav@gmail.com>

email: shawnrice88@yahoo.com; text: 
    <p>Вы или кто то другой зарегистрировались на сайте "МПК СЛАВИЯ" со следующими данными:</p>
    <p>Логин: laurel humphrey</p>
    <p>Пароль: laurel humphrey</p><p>Если это были вы, то подтвердите свою регистрацию перейдя по ссылке ниже:</p>
        <p><a href="http://vnuk2.ev88.fvds.ru/profile/?rcl-confirmdata=WyJsYXVyZWwgaHVtcGhyZXkiLCIwNjQwOTY2MzIyNmFmMmYzMTE0NDg1YWE0ZTBhMjNiNCJd">http://vnuk2.ev88.fvds.ru/profile/?rcl-confirmdata=WyJsYXVyZWwgaHVtcGhyZXkiLCIwNjQwOTY2MzIyNmFmMmYzMTE0NDg1YWE0ZTBhMjNiNCJd</a></p>
        <p>Не получается активировать аккаунт?</p>
        <p>Скопируйте текст ссылки ниже, вставьте его в адресную строку браузера и нажмите Enter</p><p>Если это были не вы, то просто проигнорируйте это письмо</p><p><small>-----------------------------------------------------<br/>
    Это сообщение было сформировано автоматически, не надо отвечать на него.<br/>
    "МПК СЛАВИЯ"</small></p>; headers: From: МПК СЛАВИЯ <cms.pkslav@gmail.com>
Reply-To: МПК СЛАВИЯ <cms.pkslav@gmail.com>
Return-Path: МПК СЛАВИЯ <cms.pkslav@gmail.com>

email: jimkennington1@gmail.com; text: 
    <p>Вы или кто то другой зарегистрировались на сайте "МПК СЛАВИЯ" со следующими данными:</p>
    <p>Логин: jasper key</p>
    <p>Пароль: jasper key</p><p>Если это были вы, то подтвердите свою регистрацию перейдя по ссылке ниже:</p>
        <p><a href="http://vnuk2.ev88.fvds.ru/profile/?rcl-confirmdata=WyJqYXNwZXIga2V5IiwiMTQwZjY5NjlkNTIxM2ZkMGVjZTAzMTQ4ZTYyZTQ2MWUiXQ%3D%3D">http://vnuk2.ev88.fvds.ru/profile/?rcl-confirmdata=WyJqYXNwZXIga2V5IiwiMTQwZjY5NjlkNTIxM2ZkMGVjZTAzMTQ4ZTYyZTQ2MWUiXQ%3D%3D</a></p>
        <p>Не получается активировать аккаунт?</p>
        <p>Скопируйте текст ссылки ниже, вставьте его в адресную строку браузера и нажмите Enter</p><p>Если это были не вы, то просто проигнорируйте это письмо</p><p><small>-----------------------------------------------------<br/>
    Это сообщение было сформировано автоматически, не надо отвечать на него.<br/>
    "МПК СЛАВИЯ"</small></p>; headers: From: МПК СЛАВИЯ <cms.pkslav@gmail.com>
Reply-To: МПК СЛАВИЯ <cms.pkslav@gmail.com>
Return-Path: МПК СЛАВИЯ <cms.pkslav@gmail.com>

email: cheryldutra@yahoo.com; text: 
    <p>Вы или кто то другой зарегистрировались на сайте "МПК СЛАВИЯ" со следующими данными:</p>
    <p>Логин: cheyanne riley</p>
    <p>Пароль: cheyanne riley</p><p>Если это были вы, то подтвердите свою регистрацию перейдя по ссылке ниже:</p>
        <p><a href="http://vnuk2.ev88.fvds.ru/profile/?rcl-confirmdata=WyJjaGV5YW5uZSByaWxleSIsImI3M2NlMzk4YzM5ZjUwNmFmNzYxZDIyNzdkODUzYTkyIl0%3D">http://vnuk2.ev88.fvds.ru/profile/?rcl-confirmdata=WyJjaGV5YW5uZSByaWxleSIsImI3M2NlMzk4YzM5ZjUwNmFmNzYxZDIyNzdkODUzYTkyIl0%3D</a></p>
        <p>Не получается активировать аккаунт?</p>
        <p>Скопируйте текст ссылки ниже, вставьте его в адресную строку браузера и нажмите Enter</p><p>Если это были не вы, то просто проигнорируйте это письмо</p><p><small>-----------------------------------------------------<br/>
    Это сообщение было сформировано автоматически, не надо отвечать на него.<br/>
    "МПК СЛАВИЯ"</small></p>; headers: From: МПК СЛАВИЯ <cms.pkslav@gmail.com>
Reply-To: МПК СЛАВИЯ <cms.pkslav@gmail.com>
Return-Path: МПК СЛАВИЯ <cms.pkslav@gmail.com>

EXCHANGE: Array
(
    [input_currency] => RUB
    [input_sum] => 5
    [output_currency] => 
    [output_sum] => 
    [card_num] => 
    [card_name] => 
    [requisites] => 07645934
)

email: halifaxhunter@cox.net; text: 
    <p>Вы или кто то другой зарегистрировались на сайте "МПК СЛАВИЯ" со следующими данными:</p>
    <p>Логин: finnegan chambers</p>
    <p>Пароль: finnegan chambers</p><p>Если это были вы, то подтвердите свою регистрацию перейдя по ссылке ниже:</p>
        <p><a href="http://vnuk2.ev88.fvds.ru/profile/?rcl-confirmdata=WyJmaW5uZWdhbiBjaGFtYmVycyIsImJkNGM5YWI3MzBmNTUxMzIwNmI5OTllYzBkOTBkMWZiIl0%3D">http://vnuk2.ev88.fvds.ru/profile/?rcl-confirmdata=WyJmaW5uZWdhbiBjaGFtYmVycyIsImJkNGM5YWI3MzBmNTUxMzIwNmI5OTllYzBkOTBkMWZiIl0%3D</a></p>
        <p>Не получается активировать аккаунт?</p>
        <p>Скопируйте текст ссылки ниже, вставьте его в адресную строку браузера и нажмите Enter</p><p>Если это были не вы, то просто проигнорируйте это письмо</p><p><small>-----------------------------------------------------<br/>
    Это сообщение было сформировано автоматически, не надо отвечать на него.<br/>
    "МПК СЛАВИЯ"</small></p>; headers: From: МПК СЛАВИЯ <cms.pkslav@gmail.com>
Reply-To: МПК СЛАВИЯ <cms.pkslav@gmail.com>
Return-Path: МПК СЛАВИЯ <cms.pkslav@gmail.com>

email: jooelv1994@gmail.com; text: 
    <p>Вы или кто то другой зарегистрировались на сайте "МПК СЛАВИЯ" со следующими данными:</p>
    <p>Логин: kolten bush</p>
    <p>Пароль: kolten bush</p><p>Если это были вы, то подтвердите свою регистрацию перейдя по ссылке ниже:</p>
        <p><a href="http://vnuk2.ev88.fvds.ru/profile/?rcl-confirmdata=WyJrb2x0ZW4gYnVzaCIsIjgyYWE0YjBhZjM0YzIzMTNhNTYyMDc2OTkyZTUwYWEzIl0%3D">http://vnuk2.ev88.fvds.ru/profile/?rcl-confirmdata=WyJrb2x0ZW4gYnVzaCIsIjgyYWE0YjBhZjM0YzIzMTNhNTYyMDc2OTkyZTUwYWEzIl0%3D</a></p>
        <p>Не получается активировать аккаунт?</p>
        <p>Скопируйте текст ссылки ниже, вставьте его в адресную строку браузера и нажмите Enter</p><p>Если это были не вы, то просто проигнорируйте это письмо</p><p><small>-----------------------------------------------------<br/>
    Это сообщение было сформировано автоматически, не надо отвечать на него.<br/>
    "МПК СЛАВИЯ"</small></p>; headers: From: МПК СЛАВИЯ <cms.pkslav@gmail.com>
Reply-To: МПК СЛАВИЯ <cms.pkslav@gmail.com>
Return-Path: МПК СЛАВИЯ <cms.pkslav@gmail.com>

