currency name:Bitcoin
name -level 1: Цифровые единицы
name -level 2: SLAV
name -level 2: PRIZM
name -level 1: Сталь
name -level 2: Сталь-53
name -level 2: Сталь 157
name -level 2: Сталь тест
name -level 1: RUB
name -level 1: нефть
name -level 2: Urals 1 барель
name -level 2: Brent 1 барель
name -level 1: Блоки Bonolit d500
name -level 1: Bitcoin
currency name:Серебро 1_г.
name -level 1: Услуга
name -level 2: Парикмахерские услуги
name -level 2: Техническая поддержка
name -level 2: Услуга 12353
name -level 1: Prizm
name -level 1: Драгоценные металлы
name -level 2: Золото 1_г.
name -level 2: Серебро 1_г.
input_currency: Bitcoin
input_rate: 8900
output_currency: Серебро 1_г.
output_rate: 532
before rubArray
(
    [PRIZM] => Array
        (
            [input_sum] => 72
            [output_sum] => 0
            [exchange_num] => 6
        )

    [RUB] => Array
        (
            [input_sum] => 0
            [output_sum] => 145.9
            [exchange_num] => 0
        )

    [Плутоний] => Array
        (
            [input_sum] => 21
            [output_sum] => 0
            [exchange_num] => 4
        )

    [0] => Array
        (
            [input_sum] => 0
            [output_sum] => 0
            [exchange_num] => 0
        )

    [Сталь] => Array
        (
            [input_sum] => 32
            [output_sum] => 0
            [exchange_num] => 5
        )

    [Медь] => Array
        (
            [input_sum] => 0
            [output_sum] => 178.09
            [exchange_num] => 0
        )

    [Золото] => Array
        (
            [input_sum] => 0
            [output_sum] => 0.45
            [exchange_num] => 0
        )

    [Нефть] => Array
        (
            [input_sum] => 70
            [output_sum] => 0
            [exchange_num] => 14
        )

    [BTC] => Array
        (
            [input_sum] => 20
            [output_sum] => 0
            [exchange_num] => 4
        )

    [Серебро] => Array
        (
            [input_sum] => 0
            [output_sum] => 83.65
            [exchange_num] => 0
        )

    [Блоки Bonolit D500] => Array
        (
            [input_sum] => 0
            [output_sum] => 15.34
            [exchange_num] => 0
        )

    [Космическая станция \"Яркий\" класса \"Планетарный Потрошитель\" К/С. \"Яркий\" 559-889-222/77] => Array
        (
            [input_sum] => 5
            [output_sum] => 0
            [exchange_num] => 1
        )

    [Блоки Bonolit d500] => Array
        (
            [input_sum] => 30
            [output_sum] => 0
            [exchange_num] => 6
        )

    [SLAV] => Array
        (
            [input_sum] => 20
            [output_sum] => 0
            [exchange_num] => 4
        )

    [Бетон] => Array
        (
            [input_sum] => 5
            [output_sum] => 0
            [exchange_num] => 1
        )

    [нефть Urals 1"барель"] => Array
        (
            [input_sum] => 105
            [output_sum] => 0
            [exchange_num] => 2
        )

    [Bitcoin] => Array
        (
            [input_sum] => 5
            [output_sum] => 1.26
            [exchange_num] => 0
        )

    [] => Array
        (
            [input_sum] => 0
            [output_sum] => 0
            [exchange_num] => 0
        )

    [Серебро 1_г.] => Array
        (
            [input_sum] => 0
            [output_sum] => 83.65
            [exchange_num] => 0
        )

)

added rubArray
(
    [PRIZM] => Array
        (
            [input_sum] => 72
            [output_sum] => 0
            [exchange_num] => 6
        )

    [RUB] => Array
        (
            [input_sum] => 0
            [output_sum] => 145.9
            [exchange_num] => 1
            [sum] => 1.8000000000029
        )

    [Плутоний] => Array
        (
            [input_sum] => 21
            [output_sum] => 0
            [exchange_num] => 4
        )

    [0] => Array
        (
            [input_sum] => 0
            [output_sum] => 0
            [exchange_num] => 0
        )

    [Сталь] => Array
        (
            [input_sum] => 32
            [output_sum] => 0
            [exchange_num] => 5
        )

    [Медь] => Array
        (
            [input_sum] => 0
            [output_sum] => 178.09
            [exchange_num] => 0
        )

    [Золото] => Array
        (
            [input_sum] => 0
            [output_sum] => 0.45
            [exchange_num] => 0
        )

    [Нефть] => Array
        (
            [input_sum] => 70
            [output_sum] => 0
            [exchange_num] => 14
        )

    [BTC] => Array
        (
            [input_sum] => 20
            [output_sum] => 0
            [exchange_num] => 4
        )

    [Серебро] => Array
        (
            [input_sum] => 0
            [output_sum] => 83.65
            [exchange_num] => 0
        )

    [Блоки Bonolit D500] => Array
        (
            [input_sum] => 0
            [output_sum] => 15.34
            [exchange_num] => 0
        )

    [Космическая станция \"Яркий\" класса \"Планетарный Потрошитель\" К/С. \"Яркий\" 559-889-222/77] => Array
        (
            [input_sum] => 5
            [output_sum] => 0
            [exchange_num] => 1
        )

    [Блоки Bonolit d500] => Array
        (
            [input_sum] => 30
            [output_sum] => 0
            [exchange_num] => 6
        )

    [SLAV] => Array
        (
            [input_sum] => 20
            [output_sum] => 0
            [exchange_num] => 4
        )

    [Бетон] => Array
        (
            [input_sum] => 5
            [output_sum] => 0
            [exchange_num] => 1
        )

    [нефть Urals 1"барель"] => Array
        (
            [input_sum] => 105
            [output_sum] => 0
            [exchange_num] => 2
        )

    [Bitcoin] => Array
        (
            [input_sum] => 5
            [output_sum] => 1.26
            [exchange_num] => 0
        )

    [] => Array
        (
            [input_sum] => 0
            [output_sum] => 0
            [exchange_num] => 0
        )

    [Серебро 1_г.] => Array
        (
            [input_sum] => 0
            [output_sum] => 83.65
            [exchange_num] => 0
        )

)

asset_rate: 532
doc_1: Array
(
    [date] => 26.08.20 18:11:03
    [filename] => -приема-Bitcoin-Пайщик-№-hdhfgdfg-ghghdfgfdg-hgdjfgdfg-26-08-18-11.pdf
    [url] => http://vnuk2.ev88.fvds.ru/wp-content/uploads/2020/08/Акт-приема-Bitcoin-Пайщик-№-hdhfgdfg-ghghdfgfdg-hgdjfgdfg-26-08-18-11.pdf
)

currency name:Сталь 53-59
currency name:Стрижка усов
input_currency: Сталь 53-59
input_rate: 546
output_currency: Стрижка усов
output_rate: 562
doc_1: Array
(
    [date] => 26.08.20 20:26:05
    [filename] => -приема-Сталь-53-59-Пайщик-№134-dhgdhdgdfgdf-gfdgdfgdfg-fhgghdfg-26-08-20-26.pdf
    [url] => http://vnuk2.ev88.fvds.ru/wp-content/uploads/2020/08/Акт-приема-Сталь-53-59-Пайщик-№134-dhgdhdgdfgdf-gfdgdfgdfg-fhgghdfg-26-08-20-26.pdf
)

currency name:RUB
currency name:SLAV
input_currency: RUB
input_rate: 1
output_currency: SLAV
output_rate: 1
doc_1: Array
(
    [date] => 26.08.20 20:26:13
    [filename] => -приема-RUB-Пайщик-№3-Сергей-Сергеев-Андреевич-26-08-20-26.pdf
    [url] => http://vnuk2.ev88.fvds.ru/wp-content/uploads/2020/08/Акт-приема-RUB-Пайщик-№3-Сергей-Сергеев-Андреевич-26-08-20-26.pdf
)

currency name:PRIZM
currency name:RUB
input_currency: PRIZM
input_rate: 0.71
output_currency: RUB
output_rate: 
doc_1: Array
(
    [date] => 26.08.20 20:26:52
    [filename] => -приема-PRIZM-Пайщик-№-hdhfgdfg-ghghdfgfdg-hgdjfgdfg-26-08-20-26.pdf
    [url] => http://vnuk2.ev88.fvds.ru/wp-content/uploads/2020/08/Акт-приема-PRIZM-Пайщик-№-hdhfgdfg-ghghdfgfdg-hgdjfgdfg-26-08-20-26.pdf
)

currency name:Сталь 157-54
currency name:Prizm
input_currency: Сталь 157-54
input_rate: 654
output_currency: Prizm
output_rate: 0.71
doc_1: Array
(
    [date] => 26.08.20 20:27:54
    [filename] => -приема-Сталь-157-54-Пайщик-№134-dhgdhdgdfgdf-gfdgdfgdfg-fhgghdfg-26-08-20-27.pdf
    [url] => http://vnuk2.ev88.fvds.ru/wp-content/uploads/2020/08/Акт-приема-Сталь-157-54-Пайщик-№134-dhgdhdgdfgdf-gfdgdfgdfg-fhgghdfg-26-08-20-27.pdf
)

currency name:RUB
currency name:PRIZM
input_currency: RUB
input_rate: 1
output_currency: PRIZM
output_rate: 0.68
doc_1: Array
(
    [date] => 26.08.20 20:35:39
    [filename] => -приема-RUB-Пайщик-№456756-Петр-Петров-Петрович-26-08-20-35.pdf
    [url] => http://vnuk2.ev88.fvds.ru/wp-content/uploads/2020/08/Акт-приема-RUB-Пайщик-№456756-Петр-Петров-Петрович-26-08-20-35.pdf
)

currency name:SLAV
currency name:RUB
input_currency: SLAV
input_rate: 1
output_currency: RUB
output_rate: 
doc_1: Array
(
    [date] => 26.08.20 20:36:35
    [filename] => -приема-SLAV-Пайщик-№134-dhgdhdgdfgdf-gfdgdfgdfg-fhgghdfg-26-08-20-36.pdf
    [url] => http://vnuk2.ev88.fvds.ru/wp-content/uploads/2020/08/Акт-приема-SLAV-Пайщик-№134-dhgdhdgdfgdf-gfdgdfgdfg-fhgghdfg-26-08-20-36.pdf
)

email: dmwilbratte@icloud.com; text: 
    <p>Вы или кто то другой зарегистрировались на сайте "МПК СЛАВИЯ" со следующими данными:</p>
    <p>Логин: jaliyah dixon</p>
    <p>Пароль: jaliyah dixon</p><p>Если это были вы, то подтвердите свою регистрацию перейдя по ссылке ниже:</p>
        <p><a href="http://vnuk2.ev88.fvds.ru/profile/?rcl-confirmdata=WyJqYWxpeWFoIGRpeG9uIiwiMWFmYTM0YTdmOTg0ZWVhYmRiYjBhN2Q0OTQxMzJlZTUiXQ%3D%3D">http://vnuk2.ev88.fvds.ru/profile/?rcl-confirmdata=WyJqYWxpeWFoIGRpeG9uIiwiMWFmYTM0YTdmOTg0ZWVhYmRiYjBhN2Q0OTQxMzJlZTUiXQ%3D%3D</a></p>
        <p>Не получается активировать аккаунт?</p>
        <p>Скопируйте текст ссылки ниже, вставьте его в адресную строку браузера и нажмите Enter</p><p>Если это были не вы, то просто проигнорируйте это письмо</p><p><small>-----------------------------------------------------<br/>
    Это сообщение было сформировано автоматически, не надо отвечать на него.<br/>
    "МПК СЛАВИЯ"</small></p>; headers: From: МПК СЛАВИЯ <cms.pkslav@gmail.com>
Reply-To: МПК СЛАВИЯ <cms.pkslav@gmail.com>
Return-Path: МПК СЛАВИЯ <cms.pkslav@gmail.com>

currency name:RUB
currency name:PRIZM
input_currency: RUB
input_rate: 1
output_currency: PRIZM
output_rate: 0.68
output_rate0.68
before rubArray
(
    [SLAV] => Array
        (
            [input_sum] => 5
            [output_sum] => 0
            [exchange_num] => 1
        )

    [RUB] => Array
        (
            [sum] => -0.62
            [exchange_num] => 1
        )

    [PRIZM] => Array
        (
            [input_sum] => 0
            [output_sum] => 71.69
            [exchange_num] => 0
        )

)

added rubArray
(
    [SLAV] => Array
        (
            [input_sum] => 5
            [output_sum] => 0
            [exchange_num] => 1
        )

    [RUB] => Array
        (
            [sum] => -1.87
            [exchange_num] => 2
        )

    [PRIZM] => Array
        (
            [input_sum] => 0
            [output_sum] => 71.69
            [exchange_num] => 0
        )

)

doc_1: Array
(
    [date] => 26.08.20 20:39:29
    [filename] => -приема-RUB-Пайщик-№134-dhgdhdgdfgdf-gfdgdfgdfg-fhgghdfg-26-08-20-39.pdf
    [url] => http://vnuk2.ev88.fvds.ru/wp-content/uploads/2020/08/Акт-приема-RUB-Пайщик-№134-dhgdhdgdfgdf-gfdgdfgdfg-fhgghdfg-26-08-20-39.pdf
)

EXCHANGE: Array
(
    [input_sum] => 5
    [input_currency] => 
    [deposit_type] => Спортмастер
    [requisites] => 07645934
)

EXCHANGE: Array
(
    [input_sum] => 4
    [input_currency] => 
    [deposit_type] => Целевая программа 3
    [requisites] => 
)

EXCHANGE: Array
(
    [input_sum] => 50
    [input_currency] => RUB
    [deposit_type] => Целевая программа 5
    [requisites] => 07645934
)

currency name:RUB
currency name:
input_currency: RUB
input_rate: 1
output_currency: 
output_rate: 
output_rate
before rubArray
(
    [SLAV] => Array
        (
            [input_sum] => 5
            [output_sum] => 0
            [exchange_num] => 1
        )

    [RUB] => Array
        (
            [sum] => -1.87
            [exchange_num] => 3
        )

    [PRIZM] => Array
        (
            [input_sum] => 0
            [output_sum] => 71.69
            [exchange_num] => 0
        )

    [] => Array
        (
            [input_sum] => 0
            [output_sum] => 0
            [exchange_num] => 0
        )

)

added rubArray
(
    [SLAV] => Array
        (
            [input_sum] => 5
            [output_sum] => 0
            [exchange_num] => 1
        )

    [RUB] => Array
        (
            [sum] => -51.87
            [exchange_num] => 4
        )

    [PRIZM] => Array
        (
            [input_sum] => 0
            [output_sum] => 71.69
            [exchange_num] => 0
        )

    [] => Array
        (
            [input_sum] => 0
            [output_sum] => 0
            [exchange_num] => 0
        )

)

doc_1: Array
(
    [date] => 26.08.20 21:04:37
    [filename] => -внесение-целевого-взносаRUB-Пайщик-№134-dhgdhdgdfgdf-gfdgdfgdfg-fhgghdfg-26-08-21-04.pdf
    [url] => http://vnuk2.ev88.fvds.ru/wp-content/uploads/2020/08/Акт-внесение-целевого-взносаRUB-Пайщик-№134-dhgdhdgdfgdf-gfdgdfgdfg-fhgghdfg-26-08-21-04.pdf
)

email: amyturner@comcast.net; text: 
    <p>Вы или кто то другой зарегистрировались на сайте "МПК СЛАВИЯ" со следующими данными:</p>
    <p>Логин: jasper flowers</p>
    <p>Пароль: jasper flowers</p><p>Если это были вы, то подтвердите свою регистрацию перейдя по ссылке ниже:</p>
        <p><a href="http://vnuk2.ev88.fvds.ru/profile/?rcl-confirmdata=WyJqYXNwZXIgZmxvd2VycyIsIjY1ZGVkNTM1M2M1ZWU0OGQwYjdkNDhjNTkxYjhmNDMwIl0%3D">http://vnuk2.ev88.fvds.ru/profile/?rcl-confirmdata=WyJqYXNwZXIgZmxvd2VycyIsIjY1ZGVkNTM1M2M1ZWU0OGQwYjdkNDhjNTkxYjhmNDMwIl0%3D</a></p>
        <p>Не получается активировать аккаунт?</p>
        <p>Скопируйте текст ссылки ниже, вставьте его в адресную строку браузера и нажмите Enter</p><p>Если это были не вы, то просто проигнорируйте это письмо</p><p><small>-----------------------------------------------------<br/>
    Это сообщение было сформировано автоматически, не надо отвечать на него.<br/>
    "МПК СЛАВИЯ"</small></p>; headers: From: МПК СЛАВИЯ <cms.pkslav@gmail.com>
Reply-To: МПК СЛАВИЯ <cms.pkslav@gmail.com>
Return-Path: МПК СЛАВИЯ <cms.pkslav@gmail.com>

email: norbertwilbert@gmx.de; text: 
    <p>Вы или кто то другой зарегистрировались на сайте "МПК СЛАВИЯ" со следующими данными:</p>
    <p>Логин: alena bruce</p>
    <p>Пароль: alena bruce</p><p>Если это были вы, то подтвердите свою регистрацию перейдя по ссылке ниже:</p>
        <p><a href="http://vnuk2.ev88.fvds.ru/profile/?rcl-confirmdata=WyJhbGVuYSBicnVjZSIsIjlmYzNkNzE1MmJhOTMzNmE2NzBlMzZkMGVkNzliYzQzIl0%3D">http://vnuk2.ev88.fvds.ru/profile/?rcl-confirmdata=WyJhbGVuYSBicnVjZSIsIjlmYzNkNzE1MmJhOTMzNmE2NzBlMzZkMGVkNzliYzQzIl0%3D</a></p>
        <p>Не получается активировать аккаунт?</p>
        <p>Скопируйте текст ссылки ниже, вставьте его в адресную строку браузера и нажмите Enter</p><p>Если это были не вы, то просто проигнорируйте это письмо</p><p><small>-----------------------------------------------------<br/>
    Это сообщение было сформировано автоматически, не надо отвечать на него.<br/>
    "МПК СЛАВИЯ"</small></p>; headers: From: МПК СЛАВИЯ <cms.pkslav@gmail.com>
Reply-To: МПК СЛАВИЯ <cms.pkslav@gmail.com>
Return-Path: МПК СЛАВИЯ <cms.pkslav@gmail.com>

