email: suhaila-1991@hotmail.com; text: 
    <p>Вы или кто то другой зарегистрировались на сайте "МПК СЛАВИЯ" со следующими данными:</p>
    <p>Логин: roselyn page</p>
    <p>Пароль: roselyn page</p><p>Если это были вы, то подтвердите свою регистрацию перейдя по ссылке ниже:</p>
        <p><a href="http://vnuk2.ev88.fvds.ru/profile/?rcl-confirmdata=WyJyb3NlbHluIHBhZ2UiLCIwOTFkNTg0ZmNlZDMwMWI0NDI2NTRkZDhjMjNiM2ZjOSJd">http://vnuk2.ev88.fvds.ru/profile/?rcl-confirmdata=WyJyb3NlbHluIHBhZ2UiLCIwOTFkNTg0ZmNlZDMwMWI0NDI2NTRkZDhjMjNiM2ZjOSJd</a></p>
        <p>Не получается активировать аккаунт?</p>
        <p>Скопируйте текст ссылки ниже, вставьте его в адресную строку браузера и нажмите Enter</p><p>Если это были не вы, то просто проигнорируйте это письмо</p><p><small>-----------------------------------------------------<br/>
    Это сообщение было сформировано автоматически, не надо отвечать на него.<br/>
    "МПК СЛАВИЯ"</small></p>; headers: From: МПК СЛАВИЯ <cms.pkslav@gmail.com>
Reply-To: МПК СЛАВИЯ <cms.pkslav@gmail.com>
Return-Path: МПК СЛАВИЯ <cms.pkslav@gmail.com>

is date in range: false:
is date in range: false:
is date in range: false:
is date in range: false:
is date in range: false:
email: jebellahairstudio@gmail.com; text: 
    <p>Вы или кто то другой зарегистрировались на сайте "МПК СЛАВИЯ" со следующими данными:</p>
    <p>Логин: julianne elliott</p>
    <p>Пароль: julianne elliott</p><p>Если это были вы, то подтвердите свою регистрацию перейдя по ссылке ниже:</p>
        <p><a href="http://vnuk2.ev88.fvds.ru/profile/?rcl-confirmdata=WyJqdWxpYW5uZSBlbGxpb3R0IiwiYjFkMTBlN2JhZmE0NDIxMjE4YTUxYjFlMWYxYjBiYTIiXQ%3D%3D">http://vnuk2.ev88.fvds.ru/profile/?rcl-confirmdata=WyJqdWxpYW5uZSBlbGxpb3R0IiwiYjFkMTBlN2JhZmE0NDIxMjE4YTUxYjFlMWYxYjBiYTIiXQ%3D%3D</a></p>
        <p>Не получается активировать аккаунт?</p>
        <p>Скопируйте текст ссылки ниже, вставьте его в адресную строку браузера и нажмите Enter</p><p>Если это были не вы, то просто проигнорируйте это письмо</p><p><small>-----------------------------------------------------<br/>
    Это сообщение было сформировано автоматически, не надо отвечать на него.<br/>
    "МПК СЛАВИЯ"</small></p>; headers: From: МПК СЛАВИЯ <cms.pkslav@gmail.com>
Reply-To: МПК СЛАВИЯ <cms.pkslav@gmail.com>
Return-Path: МПК СЛАВИЯ <cms.pkslav@gmail.com>

email: sor0kinmixail@yandex.com; text: 
    <p>Вы или кто то другой зарегистрировались на сайте "МПК СЛАВИЯ" со следующими данными:</p>
    <p>Логин: Eugenefus</p>
    <p>Пароль: Iza9&kgg14Y</p><p>Если это были вы, то подтвердите свою регистрацию перейдя по ссылке ниже:</p>
        <p><a href="http://vnuk2.ev88.fvds.ru/profile/?rcl-confirmdata=WyJFdWdlbmVmdXMiLCI2ZjNlZjc3YWMwZTM2MTllOTgxNTllOWI2ZmViZjU1NyJd">http://vnuk2.ev88.fvds.ru/profile/?rcl-confirmdata=WyJFdWdlbmVmdXMiLCI2ZjNlZjc3YWMwZTM2MTllOTgxNTllOWI2ZmViZjU1NyJd</a></p>
        <p>Не получается активировать аккаунт?</p>
        <p>Скопируйте текст ссылки ниже, вставьте его в адресную строку браузера и нажмите Enter</p><p>Если это были не вы, то просто проигнорируйте это письмо</p><p><small>-----------------------------------------------------<br/>
    Это сообщение было сформировано автоматически, не надо отвечать на него.<br/>
    "МПК СЛАВИЯ"</small></p>; headers: From: МПК СЛАВИЯ <cms.pkslav@gmail.com>
Reply-To: МПК СЛАВИЯ <cms.pkslav@gmail.com>
Return-Path: МПК СЛАВИЯ <cms.pkslav@gmail.com>

